[2013-06-14 17:40] [/makeshop] akos971/Charles_Mardel did make shop id 1 with type 8
[2013-06-26 10:08] [/makeshop] akos971/Charles_Mardel did make shop id 1 with type 8
[2013-06-27 09:15] [/makeshop] akos971/Charles_Mardel did make shop id 2 with type 8
[2013-06-27 11:52] [/makeshop] akos971/Charles_Mardel did make shop id 3 with type 8
[2013-07-07 23:13] [/GLUE] akos971/Charles_Mardel glued to #-28 - 444
[2013-07-30 18:03] [/makeshop] akos971/Charles_Mardel did make shop id 3 with type 1
[2013-07-30 18:24] [/GLUE] george/George_Mardel hozzá lett erősítve ehhez a járműhöz: #9(dbid) - 578
[2013-07-30 18:26] [/GLUE] george/George_Mardel hozzá lett erősítve ehhez a járműhöz: #9(dbid) - 578
[2013-07-30 18:33] [/GLUE] george/George_Mardel hozzá lett erősítve ehhez a járműhöz: #-2(dbid) - 563
[2013-08-13 09:02] [/GLUE] akos971/Charles_Mardel hozzá lett erősítve ehhez a járműhöz: #-5(dbid) - 507
[2013-08-13 17:55] [/makeshop] akos971/Charles_Mardel did make shop id 4 with type 8
[2013-08-20 13:22] [/makeshop] akos971/Charles_Mardel did make shop id 5 with type 4
[2013-08-20 13:29] [/makeshop] akos971/Charles_Mardel lerakott egy boltot, ID: 6 Típus: 5
[2013-08-20 13:44] [/makeshop] akos971/Charles_Mardel lerakott egy boltot, ID: 7 Típus: 7
[2013-08-20 14:01] [/makeshop] akos971/Charles_Mardel lerakott egy boltot, ID: 8 Típus: 8
[2013-08-27 22:11] [/GLUE] akos971/Charles_Mardel hozzá lett erősítve ehhez a járműhöz: #-1(dbid) - 563
[2013-08-27 22:11] [/GLUE] akos971/Charles_Mardel hozzá lett erősítve ehhez a járműhöz: #-1(dbid) - 563
[2013-08-27 22:14] [/GLUE] akos971/Charles_Mardel hozzá lett erősítve ehhez a járműhöz: #-1(dbid) - 563
[2013-08-27 22:15] [/GLUE] akos971/Charles_Mardel hozzá lett erősítve ehhez a járműhöz: #-1(dbid) - 563
[2013-08-27 22:44] [/GLUE] akos971/Charles_Mardel hozzá lett erősítve ehhez a járműhöz: #-3(dbid) - 507
[2013-08-29 14:54] [/GLUE] darkmaic/Hank_Schrader hozzá lett erősítve ehhez a járműhöz: #-3(dbid) - 503
[2013-08-29 17:26] [/GLUE] Fornel/Fornel_Mardel hozzá lett erősítve ehhez a járműhöz: #38(dbid) - 578
[2013-08-29 17:30] [/GLUE] Lord_Gera/Steven_Gomez hozzá lett erősítve ehhez a járműhöz: #38(dbid) - 578
[2013-08-29 18:56] [/GLUE] akos971/Charles_Mardel hozzá lett erősítve ehhez a járműhöz: #41(dbid) - 507
[2013-08-30 16:34] [/SETINTERIORPRICE] darkmaic/Hank_Schrader set the interiorprice of 8 to 1555
[2013-08-30 17:18] [/makeshop] akos971/Charles_Mardel lerakott egy boltot, ID: 16 Típus: 8
[2013-08-30 17:54] [/makeshop] akos971/Charles_Mardel lerakott egy boltot, ID: 17 Típus: 2
[2013-08-30 18:28] [/GLUE] Lord_Gera/Steven_Gomez hozzá lett erősítve ehhez a járműhöz: #-59(dbid) - 503
[2013-08-30 18:36] [/GLUE] Lord_Gera/Steven_Gomez hozzá lett erősítve ehhez a járműhöz: #-60(dbid) - 520
[2013-08-30 18:37] [/GLUE] Lord_Gera/Steven_Gomez hozzá lett erősítve ehhez a járműhöz: #-61(dbid) - 513
[2013-08-30 18:39] [/GLUE] Lord_Gera/Steven_Gomez hozzá lett erősítve ehhez a járműhöz: #-61(dbid) - 513
[2013-08-30 18:41] [/GLUE] Lord_Gera/Steven_Gomez hozzá lett erősítve ehhez a járműhöz: #-62(dbid) - 519
[2013-08-30 18:44] [/GLUE] darkmaic/Hank_Schrader hozzá lett erősítve ehhez a járműhöz: #-62(dbid) - 519
[2013-08-30 18:45] [/makeshop] darkmaic/Hank_Schrader lerakott egy boltot, ID: 18 Típus: 2
[2013-08-30 18:48] [/GLUE] Lord_Gera/Steven_Gomez hozzá lett erősítve ehhez a járműhöz: #-63(dbid) - 513
[2013-08-30 18:51] [/makeshop] darkmaic/Hank_Schrader lerakott egy boltot, ID: 19 Típus: 2
[2013-08-30 19:05] [/makeshop] darkmaic/Hank_Schrader lerakott egy boltot, ID: 20 Típus: 2
[2013-08-30 19:49] [/makeshop] darkmaic/Hank_Schrader lerakott egy boltot, ID: 21 Típus: 2
[2013-08-30 21:05] [/GLUE] akos971/Charles_Mardel hozzá lett erősítve ehhez a járműhöz: #-3(dbid) - 503
[2013-08-30 21:35] [/GLUE] akos971/Charles_Mardel hozzá lett erősítve ehhez a járműhöz: #70(dbid) - 596
[2013-08-31 11:23] [/makeshop] darkmaic/Hank_Schrader lerakott egy boltot, ID: 22 Típus: 1
[2013-08-31 11:24] [/makeshop] darkmaic/Hank_Schrader lerakott egy boltot, ID: 23 Típus: 8
[2013-08-31 12:30] [/GLUE] Lord_Gera/Steven_Gomez hozzá lett erősítve ehhez a járműhöz: #50(dbid) - 507
[2013-08-31 13:08] [/GLUE] Lord_Gera/Steven_Gomez hozzá lett erősítve ehhez a járműhöz: #-28(dbid) - 432
[2013-08-31 13:19] [/makeshop] akos971/Charles_Mardel lerakott egy boltot, ID: 24 Típus: 1
[2013-08-31 14:17] [/GLUE] adamku7/Eduard_Gastone hozzá lett erősítve ehhez a járműhöz: #-6(dbid) - 473
[2013-08-31 14:23] [/GLUE] adamku7/Eduard_Gastone hozzá lett erősítve ehhez a járműhöz: #-6(dbid) - 473
[2013-08-31 14:27] [/GLUE] adamku7/Eduard_Gastone hozzá lett erősítve ehhez a járműhöz: #-6(dbid) - 473
[2013-08-31 14:28] [/GLUE] akos971/Charles_Mardel hozzá lett erősítve ehhez a járműhöz: #-7(dbid) - 493
[2013-08-31 18:23] [/GLUE] Lord_Gera/Steven_Gomez hozzá lett erősítve ehhez a járműhöz: #-37(dbid) - 493
[2013-09-01 12:26] [/GLUE] dwight223/Dwight_Vince hozzá lett erősítve ehhez a járműhöz: #-13(dbid) - 563
[2013-09-01 12:26] [/GLUE] dwight223/Dwight_Vince hozzá lett erősítve ehhez a járműhöz: #-13(dbid) - 563
[2013-09-01 13:31] [/GLUE] Lord_Gera/Steven_Gomez hozzá lett erősítve ehhez a járműhöz: #-26(dbid) - 563
[2013-09-01 13:32] [/GLUE] Lord_Gera/Steven_Gomez hozzá lett erősítve ehhez a járműhöz: #-26(dbid) - 563
[2013-09-01 13:37] [/GLUE] Lord_Gera/Steven_Gomez hozzá lett erősítve ehhez a járműhöz: #-26(dbid) - 563
[2013-09-04 19:03] [/GLUE] akos971/Charles_Mardel hozzá lett erősítve ehhez a járműhöz: #83(dbid) - 507
[2013-09-04 19:34] [/GLUE] benjamen/Kazuyoshi_Benjiro hozzá lett erősítve ehhez a járműhöz: #84(dbid) - 578
[2013-10-03 15:04] [/GLUE] Pistaa/Pete_Patrik hozzá lett erősítve ehhez a járműhöz: #559(dbid) - 587
[2013-10-03 16:36] [/GLUE] Milan Fernandez/Milan_Fernandez hozzá lett erősítve ehhez a járműhöz: #515(dbid) - 426
[2013-10-03 18:49] [/GLUE] Kálmán Krisztián/Kalman_Krisztian hozzá lett erősítve ehhez a járműhöz: #581(dbid) - 541
[2013-10-03 18:53] [/GLUE] Bloodfang/Johhny_Fallen hozzá lett erősítve ehhez a járműhöz: #581(dbid) - 541
[2013-10-03 22:52] [/GLUE] walker/Jim_Beam hozzá lett erősítve ehhez a járműhöz: #581(dbid) - 541
[2013-10-03 23:11] [/GLUE] Don Boheme/George_Richarde hozzá lett erősítve ehhez a járműhöz: #587(dbid) - 480
[2013-10-03 23:16] [/makeshop] szikidani/Sziki_Morrison did make shop id 125 with type 15
[2013-10-03 23:19] [/makeshop] szikidani/Sziki_Morrison did make shop id 126 with type 15
[2013-10-03 23:28] [/GLUE] walker/Jim_Beam hozzá lett erősítve ehhez a járműhöz: #558(dbid) - 546
[2013-10-04 00:36] [/GLUE] Pistaa/Pete_Patrik hozzá lett erősítve ehhez a járműhöz: #407(dbid) - 579
[2013-10-04 14:15] [/GLUE] henry_domelson/Henry_Domelson hozzá lett erősítve ehhez a járműhöz: #366(dbid) - 596
[2013-10-04 14:17] [/GLUE] henry_domelson/Henry_Domelson hozzá lett erősítve ehhez a járműhöz: #366(dbid) - 596
[2013-10-04 14:24] [/GLUE] henry_domelson/Henry_Domelson hozzá lett erősítve ehhez a járműhöz: #366(dbid) - 596
[2013-10-04 14:32] [/GLUE] henry_domelson/Henry_Domelson hozzá lett erősítve ehhez a járműhöz: #366(dbid) - 596
[2013-10-04 15:57] [/GLUE] henry_domelson/Henry_Domelson hozzá lett erősítve ehhez a járműhöz: #391(dbid) - 541
[2013-10-04 16:02] [/GLUE] henry_domelson/Henry_Domelson hozzá lett erősítve ehhez a járműhöz: #391(dbid) - 541
[2013-10-04 16:28] [/GLUE] sato012/Staszejnka_Lajcsi hozzá lett erősítve ehhez a járműhöz: #36(dbid) - 420
[2013-10-04 16:31] [/GLUE] sato012/Staszejnka_Lajcsi hozzá lett erősítve ehhez a járműhöz: #36(dbid) - 420
[2013-10-04 17:55] [/GLUE] Konicsek/George_Lucas hozzá lett erősítve ehhez a járműhöz: #168(dbid) - 405
[2013-10-04 20:49] [/GLUE] Bloodkiller56/Jason_Klebitz hozzá lett erősítve ehhez a járműhöz: #467(dbid) - 477
[2013-10-04 23:29] [/GLUE] parazity/Giorgio_Armando hozzá lett erősítve ehhez a járműhöz: #506(dbid) - 541
[2013-10-05 01:16] [/GLUE] Don Boheme/George_Richarde hozzá lett erősítve ehhez a járműhöz: #561(dbid) - 546
[2013-10-05 01:37] [/makeshop] szikidani/Sziki_Morrison did make shop id 127 with type 9
[2013-10-05 01:43] [/makeshop] szikidani/Sziki_Morrison did make shop id 128 with type 3
[2013-10-05 11:10] [/GLUE] davidka240900/Mikhail_Kalashnikov hozzá lett erősítve ehhez a járműhöz: #565(dbid) - 445
[2013-10-05 11:11] [/GLUE] davidka240900/Mikhail_Kalashnikov hozzá lett erősítve ehhez a járműhöz: #565(dbid) - 445
[2013-10-05 11:49] [/GLUE] olcsa123/Tornyosi_Oliver hozzá lett erősítve ehhez a járműhöz: #467(dbid) - 477
[2013-10-05 12:24] [/GLUE] rikione/Nagy_Kristof hozzá lett erősítve ehhez a járműhöz: #102(dbid) - 413
[2013-10-05 14:17] [/GLUE] henry_domelson/Henry_Domelson hozzá lett erősítve ehhez a járműhöz: #366(dbid) - 596
[2013-10-05 16:20] [/GLUE] walker/Jim_Beam hozzá lett erősítve ehhez a járműhöz: #241(dbid) - 470
[2013-10-05 16:36] [/GLUE] Kálmán Krisztián/Kalman_Krisztian hozzá lett erősítve ehhez a járműhöz: #581(dbid) - 541
[2013-10-05 20:37] [/SETINTERIORPRICE] szikidani/Sziki_Morrison set the interiorprice of 527 to 350000000
[2013-10-05 20:46] [/GLUE] KicsikeMacheta/Jeferson_Overy hozzá lett erősítve ehhez a járműhöz: #66(dbid) - 422
[2013-10-05 20:55] [/GLUE] Mikel Andreas/William_G_Rodriguez hozzá lett erősítve ehhez a járműhöz: #466(dbid) - 546
[2013-10-05 21:26] [/GLUE] Daniel Provenzano/Daniel_Soprano hozzá lett erősítve ehhez a járműhöz: #111(dbid) - 587
[2013-10-05 22:19] [/GLUE] walker/Jim_Beam hozzá lett erősítve ehhez a járműhöz: #142(dbid) - 405
[2013-10-05 22:37] [/GLUE] Aurelio-Drago/Aurelio_Dragovics hozzá lett erősítve ehhez a járműhöz: #170(dbid) - 599
[2013-10-05 23:02] [/GLUE] Daniel Provenzano/Daniel_Soprano hozzá lett erősítve ehhez a járműhöz: #581(dbid) - 541
[2013-10-05 23:10] [/GLUE] Daniel Provenzano/Daniel_Soprano hozzá lett erősítve ehhez a járműhöz: #558(dbid) - 546
[2013-10-06 00:21] [/GLUE] wEED2k13/Taylor_Kurt hozzá lett erősítve ehhez a járműhöz: #254(dbid) - 480
[2013-10-06 01:11] [/GLUE] koko134/Chris_Darbin hozzá lett erősítve ehhez a járműhöz: #-15(dbid) - 504
[2013-10-06 01:32] [/GLUE] walker/Jim_Beam hozzá lett erősítve ehhez a járműhöz: #559(dbid) - 587
[2013-10-06 01:32] [/GLUE] Kálmán Krisztián/Kalman_Krisztian hozzá lett erősítve ehhez a járműhöz: #124(dbid) - 587
[2013-10-06 01:36] [/GLUE] walker/Jim_Beam hozzá lett erősítve ehhez a járműhöz: #559(dbid) - 587
[2013-10-06 01:41] [/GLUE] koko134/Chris_Darbin hozzá lett erősítve ehhez a járműhöz: #-37(dbid) - 571
[2013-10-06 01:55] [/GLUE] koko134/Chris_Darbin hozzá lett erősítve ehhez a járműhöz: #-41(dbid) - 571
[2013-10-06 01:56] [/GLUE] walker/Jim_Beam hozzá lett erősítve ehhez a járműhöz: #559(dbid) - 587
[2013-10-06 01:56] [/GLUE] piteman/Big_Steve hozzá lett erősítve ehhez a járműhöz: #559(dbid) - 587
[2013-10-06 01:57] [/GLUE] walker/Jim_Beam hozzá lett erősítve ehhez a járműhöz: #124(dbid) - 587
[2013-10-06 01:57] [/GLUE] Kálmán Krisztián/Kalman_Krisztian hozzá lett erősítve ehhez a járműhöz: #124(dbid) - 587
[2013-10-06 02:02] [/GLUE] Kálmán Krisztián/Kalman_Krisztian hozzá lett erősítve ehhez a járműhöz: #124(dbid) - 587
[2013-10-06 02:04] [/GLUE] Kálmán Krisztián/Kalman_Krisztian hozzá lett erősítve ehhez a járműhöz: #124(dbid) - 587
[2013-10-06 02:05] [/GLUE] walker/Jim_Beam hozzá lett erősítve ehhez a járműhöz: #124(dbid) - 587
[2013-10-06 02:06] [/GLUE] walker/Jim_Beam hozzá lett erősítve ehhez a járműhöz: #124(dbid) - 587
[2013-10-06 02:06] [/GLUE] Kálmán Krisztián/Kalman_Krisztian hozzá lett erősítve ehhez a járműhöz: #124(dbid) - 587
[2013-10-06 02:07] [/GLUE] walker/Jim_Beam hozzá lett erősítve ehhez a járműhöz: #124(dbid) - 587
[2013-10-06 02:08] [/GLUE] Kálmán Krisztián/Kalman_Krisztian hozzá lett erősítve ehhez a járműhöz: #124(dbid) - 587
[2013-10-06 11:47] [/GLUE] Mikel Andreas/William_G_Rodriguez hozzá lett erősítve ehhez a járműhöz: #467(dbid) - 477
[2013-10-06 12:25] [/GLUE] gyerek/Kajtor_Daviid hozzá lett erősítve ehhez a járműhöz: #66(dbid) - 422
[2013-10-06 13:22] [/GLUE] KicsikeMacheta/Jeferson_Overy hozzá lett erősítve ehhez a járműhöz: #66(dbid) - 422
[2013-10-06 13:29] [/GLUE] SleecK/Frutto_Walker hozzá lett erősítve ehhez a járműhöz: #560(dbid) - 587
[2013-10-06 13:33] [/GLUE] KicsikeMacheta/Jeferson_Overy hozzá lett erősítve ehhez a járműhöz: #66(dbid) - 422
[2013-10-06 13:34] [/GLUE] Gabor/Kiss_Gabor hozzá lett erősítve ehhez a járműhöz: #66(dbid) - 422
[2013-10-06 13:54] [/GLUE] KicsikeMacheta/Jeferson_Overy hozzá lett erősítve ehhez a járműhöz: #66(dbid) - 422
[2013-10-06 14:03] [/GLUE] KicsikeMacheta/Jeferson_Overy hozzá lett erősítve ehhez a járműhöz: #66(dbid) - 422
[2013-10-06 14:03] [/GLUE] DeadKitten47/Daniel_Wrigther hozzá lett erősítve ehhez a járműhöz: #66(dbid) - 422
[2013-10-06 14:22] [/makeshop] szikidani/Daniel_Soprano did make shop id 129 with type 3
[2013-10-06 14:33] [/GLUE] Curtis/Curtis_Vercetti hozzá lett erősítve ehhez a járműhöz: #587(dbid) - 480
[2013-10-06 15:59] [/GLUE] sirockenb/Brian_Taylor hozzá lett erősítve ehhez a járműhöz: #155(dbid) - 589
[2013-10-06 16:52] [/GLUE] KicsikeMacheta/Jeferson_Overy hozzá lett erősítve ehhez a járműhöz: #66(dbid) - 422
[2013-10-06 17:02] [/GLUE] KicsikeMacheta/Jeferson_Overy hozzá lett erősítve ehhez a járműhöz: #66(dbid) - 422
[2013-10-06 17:19] [/GLUE] krisztian/Jonhy_Brown hozzá lett erősítve ehhez a járműhöz: #13(dbid) - 416
[2013-10-06 17:19] [/GLUE] krisztian/Jonhy_Brown hozzá lett erősítve ehhez a járműhöz: #13(dbid) - 416
[2013-10-06 17:31] [/GLUE] viragmark2/Marko_Sanchez hozzá lett erősítve ehhez a járműhöz: #605(dbid) - 480
[2013-10-06 17:46] [/GLUE] KicsikeMacheta/Jeferson_Overy hozzá lett erősítve ehhez a járműhöz: #66(dbid) - 422
[2013-10-06 17:58] [/GLUE] KicsikeMacheta/Jeferson_Overy hozzá lett erősítve ehhez a járműhöz: #66(dbid) - 422
[2013-10-06 18:42] [/GLUE] zsozso/Horvath_Zsolt hozzá lett erősítve ehhez a járműhöz: #66(dbid) - 422
[2013-10-06 18:42] [/GLUE] KicsikeMacheta/Jeferson_Overy hozzá lett erősítve ehhez a járműhöz: #66(dbid) - 422
[2013-10-06 19:50] [/GLUE] erikhidi/Hernandez_Erik hozzá lett erősítve ehhez a járműhöz: #124(dbid) - 587
[2013-10-06 19:52] [/GLUE] erikhidi/Hernandez_Erik hozzá lett erősítve ehhez a járműhöz: #124(dbid) - 587
[2013-10-06 20:24] [/GLUE] Pistaa/Pete_Patrik hozzá lett erősítve ehhez a járműhöz: #313(dbid) - 463
[2013-10-06 22:13] [/GLUE] potyka22/Aaron_Smith hozzá lett erősítve ehhez a járműhöz: #84(dbid) - 431
[2013-10-06 22:19] [/GLUE] potyka22/Aaron_Smith hozzá lett erősítve ehhez a járműhöz: #84(dbid) - 431
[2013-10-06 22:20] [/GLUE] potyka22/Aaron_Smith hozzá lett erősítve ehhez a járműhöz: #84(dbid) - 431
[2013-10-06 22:20] [/GLUE] potyka22/Aaron_Smith hozzá lett erősítve ehhez a járműhöz: #84(dbid) - 431
[2013-10-06 22:21] [/GLUE] potyka22/Aaron_Smith hozzá lett erősítve ehhez a járműhöz: #84(dbid) - 431
[2013-10-06 22:23] [/GLUE] potyka22/Aaron_Smith hozzá lett erősítve ehhez a járműhöz: #84(dbid) - 431
[2013-10-06 22:24] [/GLUE] potyka22/Aaron_Smith hozzá lett erősítve ehhez a járműhöz: #84(dbid) - 431
[2013-10-06 22:47] [/GLUE] piteman/Big_Steve hozzá lett erősítve ehhez a járműhöz: #313(dbid) - 463
[2013-10-06 22:53] [/GLUE] costa1997/Alex_Costa hozzá lett erősítve ehhez a járműhöz: #313(dbid) - 463
[2013-10-07 09:39] [/GLUE] Jonny Clein/Jonny_Clein hozzá lett erősítve ehhez a járműhöz: #293(dbid) - 439
[2013-10-07 14:39] [/GLUE] SW|Ozzy/Jamrik_Ozzy hozzá lett erősítve ehhez a járműhöz: #456(dbid) - 445
[2013-10-07 17:30] [/GLUE] Curtis/Curtis_Vercetti hozzá lett erősítve ehhez a járműhöz: #593(dbid) - 411
[2013-10-07 18:32] [/GLUE] ButtHead07/Frutto_Scott hozzá lett erősítve ehhez a járműhöz: #43(dbid) - 436
[2013-10-07 18:37] [/GLUE] Szabo Marton/Szabo_Marton hozzá lett erősítve ehhez a járműhöz: #465(dbid) - 599
[2013-10-07 18:37] [/GLUE] Kálmán Krisztián/Kalman_Krisztian hozzá lett erősítve ehhez a járműhöz: #465(dbid) - 599
[2013-10-07 18:57] [/GLUE] piteman/Big_Steve hozzá lett erősítve ehhez a járműhöz: #313(dbid) - 463
[2013-10-07 19:17] [/GLUE] damien/Damien_Costello hozzá lett erősítve ehhez a járműhöz: #618(dbid) - 415
[2013-10-07 19:21] [/GLUE] killerbridge/Lucas_Hes hozzá lett erősítve ehhez a járműhöz: #66(dbid) - 422
[2013-10-07 19:26] [/GLUE] geri01/Zack_Smith hozzá lett erősítve ehhez a járműhöz: #66(dbid) - 422
[2013-10-07 19:40] [/GLUE] barni/Fabricio_Garcia hozzá lett erősítve ehhez a járműhöz: #66(dbid) - 422
[2013-10-07 19:40] [/GLUE] Gabor/Kiss_Gabor hozzá lett erősítve ehhez a járműhöz: #66(dbid) - 422
[2013-10-07 22:29] [/GLUE] wEED2k13/Taylor_Kurt hozzá lett erősítve ehhez a járműhöz: #494(dbid) - 422
[2013-10-07 22:29] [/GLUE] walker/Jim_Beam hozzá lett erősítve ehhez a járműhöz: #494(dbid) - 422
[2013-10-07 22:29] [/GLUE] walker/Jim_Beam hozzá lett erősítve ehhez a járműhöz: #494(dbid) - 422
[2013-10-07 22:29] [/GLUE] Robert97/Robert_Harison hozzá lett erősítve ehhez a járműhöz: #494(dbid) - 422
[2013-10-07 22:30] [/GLUE] walker/Jim_Beam hozzá lett erősítve ehhez a járműhöz: #494(dbid) - 422
[2013-10-07 22:30] [/GLUE] Robert97/Robert_Harison hozzá lett erősítve ehhez a járműhöz: #494(dbid) - 422
[2013-10-07 22:31] [/GLUE] costa1997/Alex_Costa hozzá lett erősítve ehhez a járműhöz: #494(dbid) - 422
[2013-10-07 22:34] [/GLUE] piteman/Big_Steve hozzá lett erősítve ehhez a járműhöz: #494(dbid) - 422
[2013-10-08 11:22] [/GLUE] paradicsom123/Endy_Clarkson hozzá lett erősítve ehhez a járműhöz: #608(dbid) - 415
[2013-10-08 14:56] [/GLUE] walker/Jim_Beam hozzá lett erősítve ehhez a járműhöz: #218(dbid) - 451
[2013-10-08 15:05] [/GLUE] wEED2k13/Taylor_Kurt hozzá lett erősítve ehhez a járműhöz: #218(dbid) - 451
[2013-10-08 15:59] [/GLUE] rikione/Nagy_Kristof hozzá lett erősítve ehhez a járműhöz: #467(dbid) - 477
[2013-10-08 16:05] [/GLUE] Daniel Provenzano/Daniel_Soprano hozzá lett erősítve ehhez a járműhöz: #466(dbid) - 546
[2013-10-08 16:06] [/GLUE] vajdi99/Vajda_Daniel hozzá lett erősítve ehhez a járműhöz: #466(dbid) - 546
[2013-10-08 17:00] [/GLUE] vajdi99/Vajda_Daniel hozzá lett erősítve ehhez a járműhöz: #341(dbid) - 541
[2013-10-08 17:01] [/GLUE] vajdi99/Vajda_Daniel hozzá lett erősítve ehhez a járműhöz: #341(dbid) - 541
[2013-10-08 17:05] [/GLUE] vajdi99/Vajda_Daniel hozzá lett erősítve ehhez a járműhöz: #341(dbid) - 541
[2013-10-08 21:59] [/GLUE] henry_domelson/Henry_Domelson hozzá lett erősítve ehhez a járműhöz: #-9(dbid) - 493
[2013-10-08 22:19] [/GLUE] hatosvillamos/Kolompar_Jozsef hozzá lett erősítve ehhez a járműhöz: #483(dbid) - 451
[2013-10-08 22:20] [/GLUE] hatosvillamos/Kolompar_Jozsef hozzá lett erősítve ehhez a járműhöz: #483(dbid) - 451
[2013-10-08 22:22] [/GLUE] hatosvillamos/Kolompar_Jozsef hozzá lett erősítve ehhez a járműhöz: #483(dbid) - 451
[2013-10-09 14:05] [/GLUE] rikione/Nagy_Kristof hozzá lett erősítve ehhez a járműhöz: #444(dbid) - 475
[2013-10-09 14:14] [/GLUE] Szabo Marton/Szabo_Marton hozzá lett erősítve ehhez a járműhöz: #512(dbid) - 445
[2013-10-09 15:22] [/GLUE] Pistaa/Pete_Patrik hozzá lett erősítve ehhez a járműhöz: #483(dbid) - 451
[2013-10-09 16:57] [/GLUE] SW|Ozzy/Jamrik_Ozzy hozzá lett erősítve ehhez a járműhöz: #66(dbid) - 422
[2013-10-09 16:58] [/GLUE] SW|Ozzy/Jamrik_Ozzy hozzá lett erősítve ehhez a járműhöz: #66(dbid) - 422
[2013-10-09 17:18] [/GLUE] stixxasd/Mester_Benjamin hozzá lett erősítve ehhez a járműhöz: #218(dbid) - 451
[2013-10-09 17:26] [/GLUE] stixxasd/Mester_Benjamin hozzá lett erősítve ehhez a járműhöz: #218(dbid) - 451
[2013-10-09 23:42] [/makeshop] szikidani/Sziki_Morrison did make shop id 130 with type 14
[2013-10-09 23:55] [/makeshop] szikidani/Sziki_Morrison did make shop id 131 with type 14
[2013-10-10 00:59] [/makeshop] szikidani/Sziki_Morrison did make shop id 132 with type 1
[2013-10-10 12:05] [/GLUE] stixxasd/Mester_Benjamin hozzá lett erősítve ehhez a járműhöz: #632(dbid) - 470
[2013-10-10 12:05] [/GLUE] stixxasd/Mester_Benjamin hozzá lett erősítve ehhez a járműhöz: #632(dbid) - 470
[2013-10-10 15:39] [/GLUE] costa1997/Owen_Shaw hozzá lett erősítve ehhez a járműhöz: #431(dbid) - 541
[2013-10-10 16:57] [/GLUE] killerbridge/Lucas_Hes hozzá lett erősítve ehhez a járműhöz: #88(dbid) - 431
[2013-10-10 16:58] [/GLUE] killerbridge/Lucas_Hes hozzá lett erősítve ehhez a járműhöz: #88(dbid) - 431
[2013-10-10 19:40] [/GLUE] dzsino666/Hartmann_Dzsino_Daniel hozzá lett erősítve ehhez a járműhöz: #218(dbid) - 451
[2013-10-10 19:46] [/GLUE] lupin2/Gyori_Laszlo hozzá lett erősítve ehhez a járműhöz: #218(dbid) - 451
[2013-10-10 20:23] [/GLUE] piteman/Big_Steve hozzá lett erősítve ehhez a járműhöz: #561(dbid) - 546
[2013-10-10 21:13] [/GLUE] Zachi04/Roberts_Akos hozzá lett erősítve ehhez a járműhöz: #465(dbid) - 599
[2013-10-11 13:34] [/GLUE] Mikel Andreas/Daniel_Mcoy hozzá lett erősítve ehhez a járműhöz: #226(dbid) - 587
[2013-10-11 17:17] [/GLUE] SW|Ozzy/Jamrik_Ozzy hozzá lett erősítve ehhez a járműhöz: #66(dbid) - 422
[2013-10-11 17:20] [/GLUE] SW|Ozzy/Jamrik_Ozzy hozzá lett erősítve ehhez a járműhöz: #66(dbid) - 422
[2013-10-11 17:24] [/GLUE] SW|Ozzy/Jamrik_Ozzy hozzá lett erősítve ehhez a járműhöz: #66(dbid) - 422
[2013-10-11 17:34] [/GLUE] SW|Ozzy/Jamrik_Ozzy hozzá lett erősítve ehhez a járműhöz: #66(dbid) - 422
[2013-10-11 17:35] [/GLUE] SW|Ozzy/Jamrik_Ozzy hozzá lett erősítve ehhez a járműhöz: #66(dbid) - 422
[2013-10-11 17:52] [/GLUE] SW|Ozzy/Jamrik_Ozzy hozzá lett erősítve ehhez a járműhöz: #66(dbid) - 422
[2013-10-11 17:55] [/GLUE] SW|Ozzy/Jamrik_Ozzy hozzá lett erősítve ehhez a járműhöz: #66(dbid) - 422
[2013-10-11 17:59] [/GLUE] dagobert1/Dagobert_Tarnai hozzá lett erősítve ehhez a járműhöz: #66(dbid) - 422
[2013-10-11 18:01] [/GLUE] dagobert1/Dagobert_Tarnai hozzá lett erősítve ehhez a járműhöz: #66(dbid) - 422
[2013-10-11 18:01] [/GLUE] SW|Ozzy/Jamrik_Ozzy hozzá lett erősítve ehhez a járműhöz: #66(dbid) - 422
[2013-10-11 18:03] [/GLUE] dagobert1/Dagobert_Tarnai hozzá lett erősítve ehhez a járműhöz: #66(dbid) - 422
[2013-10-11 18:56] [/GLUE] stixxasd/Mester_Benjamin hozzá lett erősítve ehhez a járműhöz: #559(dbid) - 587
[2013-10-11 18:56] [/GLUE] boldi2002/Tray_Rooney hozzá lett erősítve ehhez a járműhöz: #559(dbid) - 587
[2013-10-11 20:41] [/GLUE] PixarD/Marco_Drago hozzá lett erősítve ehhez a járműhöz: #80(dbid) - 482
[2013-10-11 20:49] [/GLUE] edward/Jason_Statham hozzá lett erősítve ehhez a járműhöz: #252(dbid) - 426
[2013-10-11 20:58] [/GLUE] stixxasd/Mester_Benjamin hozzá lett erősítve ehhez a járműhöz: #252(dbid) - 426
[2013-10-11 21:24] [/GLUE] ButtHead07/Frutto_Scott hozzá lett erősítve ehhez a járműhöz: #410(dbid) - 415
[2013-10-12 07:38] [/GLUE] SW|Ozzy/Jamrik_Ozzy hozzá lett erősítve ehhez a járműhöz: #65(dbid) - 567
[2013-10-12 07:43] [/GLUE] SW|Ozzy/Jamrik_Ozzy hozzá lett erősítve ehhez a járműhöz: #66(dbid) - 422
[2013-10-12 07:47] [/GLUE] SW|Ozzy/Jamrik_Ozzy hozzá lett erősítve ehhez a járműhöz: #66(dbid) - 422
[2013-10-12 07:50] [/GLUE] SW|Ozzy/Jamrik_Ozzy hozzá lett erősítve ehhez a járműhöz: #66(dbid) - 422
[2013-10-12 12:19] [/GLUE] patrik10/David_Backhem hozzá lett erősítve ehhez a járműhöz: #511(dbid) - 445
[2013-10-12 14:10] [/GLUE] ChrisW/Chris_Waynee hozzá lett erősítve ehhez a járműhöz: #20(dbid) - 578
[2013-10-12 14:14] [/GLUE] Pet Gabeee/Edward_Collin hozzá lett erősítve ehhez a járműhöz: #20(dbid) - 578
[2013-10-12 14:17] [/GLUE] SW|Ozzy/Jamrik_Ozzy hozzá lett erősítve ehhez a járműhöz: #87(dbid) - 431
[2013-10-12 14:18] [/GLUE] SW|Ozzy/Jamrik_Ozzy hozzá lett erősítve ehhez a járműhöz: #87(dbid) - 431
[2013-10-12 14:19] [/GLUE] killerbridge/Lucas_Hes hozzá lett erősítve ehhez a járműhöz: #87(dbid) - 431
[2013-10-12 14:19] [/GLUE] ricsi9851/Johnny_CreW hozzá lett erősítve ehhez a járműhöz: #-4(dbid) - 451
[2013-10-12 14:24] [/GLUE] SW|Ozzy/Jamrik_Ozzy hozzá lett erősítve ehhez a járműhöz: #87(dbid) - 431
[2013-10-12 16:09] [/GLUE] Konicsek/George_Lucas hozzá lett erősítve ehhez a járműhöz: #609(dbid) - 411
[2013-10-12 16:31] [/GLUE] patrik10/David_Backhem hozzá lett erősítve ehhez a járműhöz: #609(dbid) - 411
[2013-10-12 16:31] [/GLUE] Konicsek/George_Lucas hozzá lett erősítve ehhez a járműhöz: #609(dbid) - 411
[2013-10-12 16:33] [/GLUE] patrik10/David_Backhem hozzá lett erősítve ehhez a járműhöz: #609(dbid) - 411
[2013-10-12 16:34] [/GLUE] patrik10/David_Backhem hozzá lett erősítve ehhez a járműhöz: #609(dbid) - 411
[2013-10-12 16:35] [/GLUE] Konicsek/George_Lucas hozzá lett erősítve ehhez a járműhöz: #609(dbid) - 411
[2013-10-12 18:21] [/SETINTERIORPRICE] pityu/Vin_Diesel set the interiorprice of 527 to 0
[2013-10-12 18:48] [/makeshop] pityu/Vin_Diesel did make shop id 133 with type 12
[2013-10-12 19:42] [/GLUE] Bikfic/Lakk_Hugo hozzá lett erősítve ehhez a járműhöz: #218(dbid) - 451
[2013-10-12 20:49] [/GLUE] koza14/Joe_Papa hozzá lett erősítve ehhez a járműhöz: #112(dbid) - 579
[2013-10-12 20:59] [/GLUE] lacika123/John_Trevor hozzá lett erősítve ehhez a járműhöz: #650(dbid) - 400
[2013-10-12 21:07] [/GLUE] Beni123/Benjamin_Derand hozzá lett erősítve ehhez a járműhöz: #575(dbid) - 587
[2013-10-12 21:08] [/GLUE] Koponya779HUN/Adam_Brockk hozzá lett erősítve ehhez a járműhöz: #667(dbid) - 445
[2013-10-12 21:11] [/GLUE] ricsi9851/Johnny_CreW hozzá lett erősítve ehhez a járműhöz: #410(dbid) - 415
[2013-10-12 21:13] [/GLUE] Beni123/Benjamin_Derand hozzá lett erősítve ehhez a járműhöz: #575(dbid) - 587
[2013-10-12 21:13] [/GLUE] ricsi9851/Johnny_CreW hozzá lett erősítve ehhez a járműhöz: #410(dbid) - 415
[2013-10-12 21:25] [/GLUE] ricsi9851/Johnny_CreW hozzá lett erősítve ehhez a járműhöz: #410(dbid) - 415
[2013-10-12 21:25] [/GLUE] stixxasd/Mester_Benjamin hozzá lett erősítve ehhez a járműhöz: #59(dbid) - 409
[2013-10-12 21:40] [/GLUE] stixxasd/Mester_Benjamin hozzá lett erősítve ehhez a járműhöz: #651(dbid) - 429
[2013-10-13 08:44] [/GLUE] koza14/Joe_Papa hozzá lett erősítve ehhez a járműhöz: #431(dbid) - 541
[2013-10-13 09:11] [/GLUE] Zachi04/Roberts_Akos hozzá lett erősítve ehhez a járműhöz: #431(dbid) - 541
[2013-10-13 09:11] [/GLUE] Zachi04/Roberts_Akos hozzá lett erősítve ehhez a járműhöz: #431(dbid) - 541
[2013-10-13 09:22] [/GLUE] Zachi04/Roberts_Akos hozzá lett erősítve ehhez a járműhöz: #501(dbid) - 587
[2013-10-13 09:51] [/GLUE] patrik10/David_Backhem hozzá lett erősítve ehhez a járműhöz: #609(dbid) - 411
[2013-10-13 11:57] [/makeshop] Maxi1986/Kyosuke_Hirino did make shop id 134 with type 2
[2013-10-13 12:13] [/makeshop] pityu/Vin_Diesel did make shop id 135 with type 16
[2013-10-13 12:17] [/makeshop] pityu/Vin_Diesel did make shop id 136 with type 12
[2013-10-13 12:26] [/makeshop] pityu/Vin_Diesel did make shop id 137 with type 12
[2013-10-13 12:26] [/makeshop] pityu/Vin_Diesel did make shop id 138 with type 16
[2013-10-13 12:30] [/makeshop] pityu/Vin_Diesel did make shop id 139 with type 16
[2013-10-13 12:34] [/makeshop] pityu/Vin_Diesel did make shop id 140 with type 15
[2013-10-13 12:44] [/makeshop] pityu/Vin_Diesel did make shop id 141 with type 15
[2013-10-13 13:49] [/GLUE] pro5880/Richard_Bailey hozzá lett erősítve ehhez a járműhöz: #-22(dbid) - 406
[2013-10-13 14:03] [/GLUE] pro5880/Richard_Bailey hozzá lett erősítve ehhez a járműhöz: #430(dbid) - 565
[2013-10-13 14:04] [/GLUE] pro5880/Richard_Bailey hozzá lett erősítve ehhez a járműhöz: #430(dbid) - 565
[2013-10-13 14:46] [/GLUE] Bendzsi/Molnar_Benjamin hozzá lett erősítve ehhez a járműhöz: #86(dbid) - 431
[2013-10-13 14:48] [/GLUE] Bendzsi/Molnar_Benjamin hozzá lett erősítve ehhez a járműhöz: #86(dbid) - 431
[2013-10-13 15:08] [/GLUE] ChrisW/Chris_Waynee hozzá lett erősítve ehhez a járműhöz: #322(dbid) - 405
[2013-10-13 15:52] [/GLUE] Bikfic/Lakk_Hugo hozzá lett erősítve ehhez a járműhöz: #218(dbid) - 451
[2013-10-13 16:12] [/GLUE] wEED2k13/Taylor_Kurt hozzá lett erősítve ehhez a járműhöz: #218(dbid) - 451
[2013-10-13 16:28] [/makeshop] Attilaaa/William_Hunt did make shop id 142 with type 2
[2013-10-13 16:35] [/makeshop] Attilaaa/William_Hunt did make shop id 143 with type 15
[2013-10-13 18:13] [/GLUE] lupin2/Gyori_Laszlo hozzá lett erősítve ehhez a járműhöz: #142(dbid) - 405
[2013-10-13 18:25] [/GLUE] alex0098/Jason_Separd hozzá lett erősítve ehhez a járműhöz: #218(dbid) - 451
[2013-10-13 18:25] [/GLUE] Bikfic/Lakk_Hugo hozzá lett erősítve ehhez a járműhöz: #218(dbid) - 451
[2013-10-13 18:25] [/GLUE] Hamika/Trevalt_Hamika hozzá lett erősítve ehhez a járműhöz: #218(dbid) - 451
[2013-10-13 18:33] [/GLUE] alex0098/Jason_Separd hozzá lett erősítve ehhez a járműhöz: #559(dbid) - 587
[2013-10-13 18:34] [/GLUE] Bikfic/Lakk_Hugo hozzá lett erősítve ehhez a járműhöz: #254(dbid) - 480
[2013-10-13 19:20] [/makeshop] Dominic Toretto/Dominic_Toretto did make shop id 144 with type 12
[2013-10-13 19:23] [/makeshop] Dominic Toretto/Dominic_Toretto did make shop id 145 with type 15
[2013-10-13 19:48] [/makeshop] Dominic Toretto/Dominic_Toretto did make shop id 146 with type 9
[2013-10-13 20:00] [/GLUE] Hamika/Trevalt_Hamika hozzá lett erősítve ehhez a járműhöz: #560(dbid) - 587
[2013-10-13 20:01] [/GLUE] Hamika/Trevalt_Hamika hozzá lett erősítve ehhez a járműhöz: #560(dbid) - 587
[2013-10-13 20:02] [/GLUE] Hamika/Trevalt_Hamika hozzá lett erősítve ehhez a járműhöz: #560(dbid) - 587
[2013-10-13 21:35] [/GLUE] lacika123/John_Trevor hozzá lett erősítve ehhez a járműhöz: #233(dbid) - 413
[2013-10-13 21:40] [/GLUE] alex0098/Jason_Separd hozzá lett erősítve ehhez a járműhöz: #254(dbid) - 480
[2013-10-13 21:52] [/GLUE] Zachi04/Roberts_Akos hozzá lett erősítve ehhez a járműhöz: #198(dbid) - 415
[2013-10-13 21:53] [/GLUE] Konicsek/George_Lucas hozzá lett erősítve ehhez a járműhöz: #198(dbid) - 415
[2013-10-13 21:54] [/GLUE] Konicsek/George_Lucas hozzá lett erősítve ehhez a járműhöz: #198(dbid) - 415
[2013-10-13 21:55] [/GLUE] Zachi04/Roberts_Akos hozzá lett erősítve ehhez a járműhöz: #198(dbid) - 415
[2013-10-13 21:55] [/GLUE] Konicsek/George_Lucas hozzá lett erősítve ehhez a járműhöz: #198(dbid) - 415
[2013-10-13 22:27] [/GLUE] walker/Jim_Beam hozzá lett erősítve ehhez a járműhöz: #144(dbid) - 475
[2013-10-13 22:28] [/GLUE] walker/Jim_Beam hozzá lett erősítve ehhez a járműhöz: #144(dbid) - 475
[2013-10-13 22:29] [/GLUE] walker/Jim_Beam hozzá lett erősítve ehhez a járműhöz: #607(dbid) - 588
[2013-10-14 11:01] [/GLUE] BahilPatrik/Bahil_Patrik hozzá lett erősítve ehhez a járműhöz: #218(dbid) - 451
[2013-10-14 11:03] [/GLUE] lacika123/John_Trevor hozzá lett erősítve ehhez a járműhöz: #218(dbid) - 451
[2013-10-14 18:28] [/GLUE] Diego_Gregori/Diego_Gregori hozzá lett erősítve ehhez a járműhöz: #432(dbid) - 546
[2013-10-14 18:28] [/GLUE] Diego_Gregori/Diego_Gregori hozzá lett erősítve ehhez a járműhöz: #432(dbid) - 546
[2013-10-14 18:28] [/GLUE] Diego_Gregori/Diego_Gregori hozzá lett erősítve ehhez a járműhöz: #432(dbid) - 546
[2013-10-14 20:52] [/GLUE] Diego_Gregori/Diego_Gregori hozzá lett erősítve ehhez a járműhöz: #380(dbid) - 535
[2013-10-14 20:52] [/GLUE] ricsi9851/Johnny_CreW hozzá lett erősítve ehhez a járműhöz: #380(dbid) - 535
[2013-10-14 21:30] [/GLUE] hellhell55/David_Miliano hozzá lett erősítve ehhez a járműhöz: #210(dbid) - 541
[2013-10-14 21:33] [/GLUE] hellhell55/David_Miliano hozzá lett erősítve ehhez a járműhöz: #210(dbid) - 541
