[2013-07-07 23:23] [CAR-LOCK] car #-38 was locked by Melvin_Anyadpicsaja
[2013-07-07 23:23] [CAR-UNLOCK] car #-38 was unlocked by Melvin_Anyadpicsaja
[2013-08-29 16:57] [CAR-LOCK] car #-1 was locked by Fornel_Mardel
[2013-08-29 16:57] [CAR-UNLOCK] car #-1 was unlocked by Fornel_Mardel
[2013-08-29 16:57] [CAR-LOCK] car #-1 was locked by Fornel_Mardel
[2013-08-29 17:01] [CAR-LOCK] car #-4 was locked by Fornel_Mardel
[2013-08-29 17:06] [CAR-UNLOCK] car #-4 was unlocked by Fornel_Mardel
[2013-08-29 17:06] [CAR-LOCK] car #-4 was locked by Fornel_Mardel
[2013-08-29 17:06] [CAR-UNLOCK] car #-4 was unlocked by Fornel_Mardel
[2013-08-29 17:07] [CAR-LOCK] car #-4 was locked by Fornel_Mardel
[2013-08-29 17:08] [CAR-UNLOCK] car #-4 was unlocked by Fornel_Mardel
[2013-08-29 18:02] [CAR-UNLOCK] car #41 was unlocked by Charles_Mardel
[2013-08-29 18:03] [CAR-LOCK] car #41 was locked by Charles_Mardel
[2013-08-29 18:05] [CAR-UNLOCK] car #41 was unlocked by Charles_Mardel
[2013-08-29 18:05] [CAR-LOCK] car #41 was locked by Charles_Mardel
[2013-08-29 19:27] [CAR-UNLOCK] car #-12 was unlocked by Charles_Mardel
[2013-08-29 20:32] [CAR-LOCK] car #-21 was locked by Fornel_Mardel
[2013-08-29 20:32] [CAR-UNLOCK] car #-21 was unlocked by Fornel_Mardel
[2013-08-29 20:32] [CAR-LOCK] car #-21 was locked by Fornel_Mardel
[2013-08-29 20:33] [CAR-UNLOCK] car #-21 was unlocked by Fornel_Mardel
[2013-08-29 20:36] [CAR-LOCK] car #-21 was locked by Fornel_Mardel
[2013-08-29 20:36] [CAR-UNLOCK] car #-21 was unlocked by Fornel_Mardel
[2013-08-29 20:53] [CAR-LOCK] car #-21 was locked by Fornel_Mardel
[2013-08-29 20:54] [CAR-UNLOCK] car #-21 was unlocked by Fornel_Mardel
[2013-08-30 18:10] [CAR-UNLOCK] car #52 was unlocked by Steven_Gomez
[2013-08-30 18:26] [CAR-LOCK] car #-58 was locked by Steven_Gomez
[2013-08-30 18:27] [CAR-UNLOCK] car #-58 was unlocked by Steven_Gomez
[2013-08-30 19:14] [CAR-UNLOCK] car #56 was unlocked by Steven_Gomez
[2013-08-30 21:34] [CAR-UNLOCK] car #70 was unlocked by Steven_Gomez
[2013-08-31 00:43] [CAR-UNLOCK] car #41 was unlocked by Steven_Gomez
[2013-08-31 14:50] [CAR-LOCK] car #-13 was locked by Charles_Mardel
[2013-08-31 14:50] [CAR-UNLOCK] car #-13 was unlocked by Steven_Gomez
[2013-08-31 14:50] [CAR-LOCK] car #-13 was locked by Steven_Gomez
[2013-08-31 14:50] [CAR-UNLOCK] car #-13 was unlocked by Steven_Gomez
[2013-08-31 14:50] [CAR-LOCK] car #-14 was locked by Charles_Mardel
[2013-08-31 14:50] [CAR-UNLOCK] car #-14 was unlocked by Steven_Gomez
[2013-08-31 14:51] [CAR-LOCK] car #-7 was locked by Steven_Gomez
[2013-08-31 14:51] [CAR-UNLOCK] car #-7 was unlocked by Steven_Gomez
[2013-08-31 14:51] [CAR-LOCK] car #-7 was locked by Steven_Gomez
[2013-08-31 15:01] [CAR-LOCK] car #-19 was locked by Charles_Mardel
[2013-08-31 15:01] [CAR-UNLOCK] car #-19 was unlocked by Charles_Mardel
[2013-10-03 10:58] [CAR-UNLOCK] car #1 was unlocked by William_Escobar
[2013-10-03 11:34] [CAR-UNLOCK] car #381 was unlocked by William_Escobar
[2013-10-03 11:37] [CAR-UNLOCK] car #157 was unlocked by William_Escobar
[2013-10-03 13:55] [CAR-LOCK] car #40 was locked by Endy_Clarkson
[2013-10-03 13:55] [CAR-UNLOCK] car #40 was unlocked by Endy_Clarkson
[2013-10-03 14:05] [CAR-UNLOCK] car #537 was unlocked by Endy_Clarkson
[2013-10-03 14:34] [CAR-UNLOCK] car #319 was unlocked by Endy_Clarkson
[2013-10-03 15:05] [CAR-UNLOCK] car #403 was unlocked by Endy_Clarkson
[2013-10-03 15:12] [CAR-LOCK] car #403 was locked by Endy_Clarkson
[2013-10-03 16:50] [CAR-UNLOCK] car #547 was unlocked by Endy_Clarkson
[2013-10-03 16:52] [CAR-UNLOCK] car #523 was unlocked by Endy_Clarkson
[2013-10-03 17:10] [CAR-LOCK] car #375 was locked by Vin_Diesel
[2013-10-03 17:10] [CAR-UNLOCK] car #375 was unlocked by Vin_Diesel
[2013-10-03 17:19] [CAR-UNLOCK] car #88 was unlocked by Giorgio_Armando
[2013-10-03 19:05] [CAR-UNLOCK] car #357 was unlocked by Curtis_Vercetti
[2013-10-03 19:08] [CAR-LOCK] car #513 was locked by Henry_Domelson
[2013-10-03 19:13] [CAR-UNLOCK] car #86 was unlocked by Adam_Hauward
[2013-10-03 19:41] [CAR-UNLOCK] car #526 was unlocked by Henry_Domelson
[2013-10-03 19:41] [CAR-LOCK] car #526 was locked by Henry_Domelson
[2013-10-03 19:52] [CAR-UNLOCK] car #583 was unlocked by Henry_Domelson
[2013-10-03 19:52] [CAR-LOCK] car #583 was locked by Henry_Domelson
[2013-10-03 19:53] [CAR-UNLOCK] car #529 was unlocked by Henry_Domelson
[2013-10-03 19:53] [CAR-UNLOCK] car #529 was unlocked by Henry_Domelson
[2013-10-03 19:53] [CAR-LOCK] car #529 was locked by Henry_Domelson
[2013-10-03 19:53] [CAR-UNLOCK] car #529 was unlocked by Henry_Domelson
[2013-10-03 21:57] [CAR-UNLOCK] car #448 was unlocked by Endy_Clarkson
[2013-10-03 22:09] [CAR-UNLOCK] car #407 was unlocked by Sziki_Morrison
[2013-10-03 22:44] [CAR-UNLOCK] car #211 was unlocked by Sziki_Morrison
[2013-10-03 22:48] [CAR-UNLOCK] car #587 was unlocked by Endy_Clarkson
[2013-10-04 01:35] [CAR-UNLOCK] car #7 was unlocked by Sziki_Morrison
[2013-10-04 14:11] [CAR-UNLOCK] car #438 was unlocked by Curtis_Vercetti
[2013-10-04 14:11] [CAR-UNLOCK] car #120 was unlocked by Curtis_Vercetti
[2013-10-04 14:12] [CAR-LOCK] car #120 was locked by Curtis_Vercetti
[2013-10-04 14:12] [CAR-LOCK] car #438 was locked by Curtis_Vercetti
[2013-10-04 15:18] [CAR-LOCK] car #264 was locked by Milan_Fernandez
[2013-10-04 15:19] [CAR-LOCK] car #179 was locked by Henry_Domelson
[2013-10-04 15:39] [CAR-UNLOCK] car #279 was unlocked by Endy_Clarkson
[2013-10-04 15:55] [CAR-LOCK] car #523 was locked by Henry_Domelson
[2013-10-04 16:01] [CAR-LOCK] car #391 was locked by Henry_Domelson
[2013-10-04 16:01] [CAR-UNLOCK] car #391 was unlocked by Henry_Domelson
[2013-10-04 16:02] [CAR-LOCK] car #391 was locked by Henry_Domelson
[2013-10-04 16:42] [CAR-LOCK] car #440 was locked by Henry_Domelson
[2013-10-04 16:47] [CAR-UNLOCK] car #391 was unlocked by Ryan_Lewis
[2013-10-04 16:54] [CAR-UNLOCK] car #549 was unlocked by William_Escobar
[2013-10-04 16:54] [CAR-LOCK] car #549 was locked by William_Escobar
[2013-10-04 17:00] [CAR-UNLOCK] car #449 was unlocked by William_Escobar
[2013-10-04 17:37] [CAR-UNLOCK] car #179 was unlocked by Milan_Fernandez
[2013-10-04 17:37] [CAR-LOCK] car #179 was locked by Milan_Fernandez
[2013-10-04 17:46] [CAR-LOCK] car #147 was locked by Henry_Domelson
[2013-10-04 17:54] [CAR-LOCK] car #574 was locked by Henry_Domelson
[2013-10-04 18:06] [CAR-UNLOCK] car #505 was unlocked by Henry_Domelson
[2013-10-04 19:31] [CAR-UNLOCK] car #403 was unlocked by Ryan_Lewis
[2013-10-04 19:37] [CAR-LOCK] car #403 was locked by Endy_Clarkson
[2013-10-04 19:54] [CAR-LOCK] car #205 was locked by Giorgio_Armando
[2013-10-04 20:06] [CAR-UNLOCK] car #274 was unlocked by Endy_Clarkson
[2013-10-04 20:43] [CAR-UNLOCK] car #452 was unlocked by Giorgio_Armando
[2013-10-04 22:20] [CAR-UNLOCK] car #-3 was unlocked by Curtis_Vercetti
[2013-10-04 22:23] [CAR-LOCK] car #-3 was locked by Jack_G_Cassini
[2013-10-04 22:23] [CAR-UNLOCK] car #-3 was unlocked by Jack_G_Cassini
[2013-10-04 23:43] [CAR-LOCK] car #411 was locked by Giorgio_Armando
[2013-10-04 23:55] [CAR-UNLOCK] car #403 was unlocked by Endy_Clarkson
[2013-10-05 00:12] [CAR-LOCK] car #391 was locked by Giorgio_Armando
[2013-10-05 00:18] [CAR-UNLOCK] car #411 was unlocked by Giorgio_Armando
[2013-10-05 00:20] [CAR-LOCK] car #411 was locked by Giorgio_Armando
[2013-10-05 00:25] [CAR-UNLOCK] car #411 was unlocked by Giorgio_Armando
[2013-10-05 00:26] [CAR-UNLOCK] car #391 was unlocked by Giorgio_Armando
[2013-10-05 00:29] [CAR-LOCK] car #411 was locked by Giorgio_Armando
[2013-10-05 00:30] [CAR-UNLOCK] car #411 was unlocked by Giorgio_Armando
[2013-10-05 00:54] [CAR-UNLOCK] car #254 was unlocked by Giorgio_Armando
[2013-10-05 00:55] [CAR-UNLOCK] car #103 was unlocked by Giorgio_Armando
[2013-10-05 08:36] [CAR-UNLOCK] car #87 was unlocked by Henry_Domelson
[2013-10-05 09:24] [CAR-UNLOCK] car #410 was unlocked by Henry_Domelson
[2013-10-05 09:27] [CAR-UNLOCK] car #592 was unlocked by Henry_Domelson
[2013-10-05 09:51] [CAR-UNLOCK] car #561 was unlocked by Endy_Clarkson
[2013-10-05 09:53] [CAR-UNLOCK] car #596 was unlocked by Endy_Clarkson
[2013-10-05 09:53] [CAR-LOCK] car #596 was locked by Endy_Clarkson
[2013-10-05 09:54] [CAR-LOCK] car #86 was locked by Adam_Hauward
[2013-10-05 09:54] [CAR-UNLOCK] car #86 was unlocked by Adam_Hauward
[2013-10-05 10:15] [CAR-LOCK] car #84 was locked by Adam_Hauward
[2013-10-05 10:15] [CAR-UNLOCK] car #84 was unlocked by Adam_Hauward
[2013-10-05 10:57] [CAR-UNLOCK] car #217 was unlocked by Henry_Domelson
[2013-10-05 10:58] [CAR-LOCK] car #217 was locked by Henry_Domelson
[2013-10-05 11:10] [CAR-UNLOCK] car #590 was unlocked by Adam_Hauward
[2013-10-05 11:27] [CAR-LOCK] car #87 was locked by Adam_Hauward
[2013-10-05 11:27] [CAR-UNLOCK] car #87 was unlocked by Adam_Hauward
[2013-10-05 11:40] [CAR-UNLOCK] car #370 was unlocked by Curtis_Vercetti
[2013-10-05 12:02] [CAR-UNLOCK] car #596 was unlocked by William_Escobar
[2013-10-05 12:16] [CAR-LOCK] car #596 was locked by Henry_Domelson
[2013-10-05 12:16] [CAR-UNLOCK] car #153 was unlocked by Henry_Domelson
[2013-10-05 12:16] [CAR-LOCK] car #153 was locked by Henry_Domelson
[2013-10-05 12:16] [CAR-LOCK] car #329 was locked by Henry_Domelson
[2013-10-05 12:16] [CAR-UNLOCK] car #329 was unlocked by Henry_Domelson
[2013-10-05 12:16] [CAR-LOCK] car #329 was locked by Henry_Domelson
[2013-10-05 12:16] [CAR-UNLOCK] car #587 was unlocked by Henry_Domelson
[2013-10-05 12:17] [CAR-LOCK] car #587 was locked by Henry_Domelson
[2013-10-05 12:17] [CAR-UNLOCK] car #483 was unlocked by Henry_Domelson
[2013-10-05 12:17] [CAR-LOCK] car #483 was locked by Henry_Domelson
[2013-10-05 12:17] [CAR-LOCK] car #270 was locked by Henry_Domelson
[2013-10-05 12:17] [CAR-UNLOCK] car #270 was unlocked by Henry_Domelson
[2013-10-05 12:17] [CAR-LOCK] car #270 was locked by Henry_Domelson
[2013-10-05 13:34] [CAR-UNLOCK] car #578 was unlocked by William_Escobar
[2013-10-05 13:35] [CAR-UNLOCK] car #157 was unlocked by William_Escobar
[2013-10-05 13:35] [CAR-LOCK] car #157 was locked by William_Escobar
[2013-10-05 14:21] [CAR-LOCK] car #442 was locked by Henry_Domelson
[2013-10-05 14:24] [CAR-LOCK] car #403 was locked by Endy_Clarkson
[2013-10-05 15:02] [CAR-UNLOCK] car #147 was unlocked by Endy_Clarkson
[2013-10-05 15:03] [CAR-LOCK] car #225 was locked by Endy_Clarkson
[2013-10-05 15:03] [CAR-UNLOCK] car #225 was unlocked by Adam_Hauward
[2013-10-05 15:40] [CAR-UNLOCK] car #335 was unlocked by Henry_Domelson
[2013-10-05 15:40] [CAR-UNLOCK] car #335 was unlocked by Henry_Domelson
[2013-10-05 15:41] [CAR-UNLOCK] car #483 was unlocked by Jhony_Alvarez
[2013-10-05 15:41] [CAR-LOCK] car #483 was locked by Jhony_Alvarez
[2013-10-05 15:41] [CAR-UNLOCK] car #483 was unlocked by Jhony_Alvarez
[2013-10-05 15:42] [CAR-LOCK] car #329 was locked by Jhony_Alvarez
[2013-10-05 15:42] [CAR-UNLOCK] car #329 was unlocked by Jhony_Alvarez
[2013-10-05 15:42] [CAR-LOCK] car #329 was locked by Jhony_Alvarez
[2013-10-05 15:44] [CAR-LOCK] car #593 was locked by Jhony_Alvarez
[2013-10-05 15:44] [CAR-UNLOCK] car #593 was unlocked by Jhony_Alvarez
[2013-10-05 16:28] [CAR-LOCK] car #125 was locked by Milan_Fernandez
[2013-10-05 16:47] [CAR-UNLOCK] car #369 was unlocked by Milan_Fernandez
[2013-10-05 16:48] [CAR-LOCK] car #369 was locked by Milan_Fernandez
[2013-10-05 17:11] [CAR-UNLOCK] car #135 was unlocked by Henry_Domelson
[2013-10-05 17:14] [CAR-LOCK] car #135 was locked by Henry_Domelson
[2013-10-05 17:14] [CAR-UNLOCK] car #310 was unlocked by Henry_Domelson
[2013-10-05 17:14] [CAR-LOCK] car #310 was locked by Henry_Domelson
[2013-10-05 18:57] [CAR-UNLOCK] car #403 was unlocked by Endy_Clarkson
[2013-10-05 19:01] [CAR-UNLOCK] car #593 was unlocked by Jhony_Alvarez
[2013-10-05 19:04] [CAR-LOCK] car #593 was locked by Endy_Clarkson
[2013-10-05 19:04] [CAR-LOCK] car #403 was locked by Endy_Clarkson
[2013-10-05 19:08] [CAR-UNLOCK] car #403 was unlocked by Endy_Clarkson
[2013-10-05 19:23] [CAR-LOCK] car #403 was locked by Endy_Clarkson
[2013-10-05 19:45] [CAR-UNLOCK] car #297 was unlocked by Endy_Clarkson
[2013-10-05 19:51] [CAR-UNLOCK] car #475 was unlocked by Curtis_Vercetti
[2013-10-05 19:52] [CAR-LOCK] car #475 was locked by Curtis_Vercetti
[2013-10-05 20:35] [CAR-UNLOCK] car #381 was unlocked by Jhony_Alvarez
[2013-10-05 21:04] [CAR-UNLOCK] car #571 was unlocked by Jhony_Alvarez
[2013-10-05 21:51] [CAR-UNLOCK] car #580 was unlocked by Endy_Clarkson
[2013-10-05 22:34] [CAR-UNLOCK] car #403 was unlocked by Giorgio_Armando
[2013-10-05 22:41] [CAR-UNLOCK] car #579 was unlocked by Giorgio_Armando
[2013-10-05 22:41] [CAR-UNLOCK] car #587 was unlocked by Giorgio_Armando
[2013-10-05 23:01] [CAR-UNLOCK] car #456 was unlocked by Giorgio_Armando
[2013-10-05 23:01] [CAR-LOCK] car #456 was locked by Giorgio_Armando
[2013-10-05 23:01] [CAR-UNLOCK] car #456 was unlocked by Giorgio_Armando
[2013-10-05 23:02] [CAR-LOCK] car #456 was locked by Giorgio_Armando
[2013-10-05 23:09] [CAR-LOCK] car #566 was locked by Henry_Domelson
[2013-10-05 23:14] [CAR-UNLOCK] car #505 was unlocked by Henry_Domelson
[2013-10-05 23:14] [CAR-LOCK] car #505 was locked by Henry_Domelson
[2013-10-05 23:49] [CAR-LOCK] car #-8 was locked by Henry_Domelson
[2013-10-05 23:49] [CAR-UNLOCK] car #-8 was unlocked by Henry_Domelson
[2013-10-05 23:49] [CAR-LOCK] car #-8 was locked by Henry_Domelson
[2013-10-05 23:49] [CAR-UNLOCK] car #-8 was unlocked by Henry_Domelson
[2013-10-06 01:16] [CAR-LOCK] car #-22 was locked by Danieel_Craig
[2013-10-06 01:25] [CAR-UNLOCK] car #-21 was unlocked by Curtis_Vercetti
[2013-10-06 01:26] [CAR-UNLOCK] car #-19 was unlocked by Curtis_Vercetti
[2013-10-06 01:27] [CAR-UNLOCK] car #-21 was unlocked by Curtis_Vercetti
[2013-10-06 01:27] [CAR-UNLOCK] car #-21 was unlocked by Curtis_Vercetti
[2013-10-06 03:15] [CAR-UNLOCK] car #157 was unlocked by Csak_Janos
[2013-10-06 03:15] [CAR-LOCK] car #157 was locked by Csak_Janos
[2013-10-06 10:42] [CAR-UNLOCK] car #549 was unlocked by Henry_Domelson
[2013-10-06 10:43] [CAR-LOCK] car #549 was locked by Henry_Domelson
[2013-10-06 10:48] [CAR-LOCK] car #-83 was locked by Danieel_Craig
[2013-10-06 10:49] [CAR-UNLOCK] car #549 was unlocked by Henry_Domelson
[2013-10-06 10:51] [CAR-LOCK] car #549 was locked by Endy_Clarkson
[2013-10-06 10:51] [CAR-UNLOCK] car #92 was unlocked by Endy_Clarkson
[2013-10-06 10:52] [CAR-UNLOCK] car #92 was unlocked by Endy_Clarkson
[2013-10-06 10:54] [CAR-UNLOCK] car #554 was unlocked by Endy_Clarkson
[2013-10-06 11:04] [CAR-UNLOCK] car #376 was unlocked by Danieel_Craig
[2013-10-06 11:04] [CAR-LOCK] car #376 was locked by Danieel_Craig
[2013-10-06 11:13] [CAR-UNLOCK] car #596 was unlocked by Henry_Domelson
[2013-10-06 11:15] [CAR-LOCK] car #-84 was locked by Danieel_Craig
[2013-10-06 11:15] [CAR-UNLOCK] car #596 was unlocked by Danieel_Craig
[2013-10-06 11:20] [CAR-LOCK] car #147 was locked by Henry_Domelson
[2013-10-06 11:25] [CAR-LOCK] car #596 was locked by Henry_Domelson
[2013-10-06 11:40] [CAR-UNLOCK] car #596 was unlocked by Henry_Domelson
[2013-10-06 11:41] [CAR-LOCK] car #596 was locked by Henry_Domelson
[2013-10-06 11:43] [CAR-UNLOCK] car #596 was unlocked by Henry_Domelson
[2013-10-06 11:44] [CAR-LOCK] car #596 was locked by Henry_Domelson
[2013-10-06 11:47] [CAR-UNLOCK] car #596 was unlocked by Henry_Domelson
[2013-10-06 11:48] [CAR-LOCK] car #596 was locked by Henry_Domelson
[2013-10-06 11:52] [CAR-UNLOCK] car #596 was unlocked by Henry_Domelson
[2013-10-06 11:54] [CAR-LOCK] car #596 was locked by Henry_Domelson
[2013-10-06 11:57] [CAR-LOCK] car #598 was locked by Henry_Domelson
[2013-10-06 11:58] [CAR-UNLOCK] car #596 was unlocked by Henry_Domelson
[2013-10-06 11:58] [CAR-LOCK] car #596 was locked by Henry_Domelson
[2013-10-06 12:06] [CAR-UNLOCK] car #596 was unlocked by Henry_Domelson
[2013-10-06 12:06] [CAR-LOCK] car #596 was locked by Henry_Domelson
[2013-10-06 12:07] [CAR-LOCK] car #-87 was locked by Jack_G_Cassini
[2013-10-06 12:07] [CAR-UNLOCK] car #-87 was unlocked by Jack_G_Cassini
[2013-10-06 12:07] [CAR-UNLOCK] car #588 was unlocked by Henry_Domelson
[2013-10-06 12:07] [CAR-LOCK] car #588 was locked by Henry_Domelson
[2013-10-06 12:12] [CAR-UNLOCK] car #596 was unlocked by Henry_Domelson
[2013-10-06 12:14] [CAR-LOCK] car #596 was locked by Henry_Domelson
[2013-10-06 12:25] [CAR-UNLOCK] car #147 was unlocked by Endy_Clarkson
[2013-10-06 12:25] [CAR-LOCK] car #147 was locked by Endy_Clarkson
[2013-10-06 12:25] [CAR-UNLOCK] car #147 was unlocked by Endy_Clarkson
[2013-10-06 13:01] [CAR-UNLOCK] car #432 was unlocked by Endy_Clarkson
[2013-10-06 13:43] [CAR-UNLOCK] car #276 was unlocked by Endy_Clarkson
[2013-10-06 14:27] [CAR-UNLOCK] car #428 was unlocked by Endy_Clarkson
[2013-10-06 14:28] [CAR-UNLOCK] car #492 was unlocked by Endy_Clarkson
[2013-10-06 14:28] [CAR-LOCK] car #558 was locked by Endy_Clarkson
[2013-10-06 14:28] [CAR-UNLOCK] car #558 was unlocked by Endy_Clarkson
[2013-10-06 14:28] [CAR-LOCK] car #385 was locked by Endy_Clarkson
[2013-10-06 14:28] [CAR-UNLOCK] car #385 was unlocked by Endy_Clarkson
[2013-10-06 14:28] [CAR-LOCK] car #384 was locked by Endy_Clarkson
[2013-10-06 14:28] [CAR-UNLOCK] car #384 was unlocked by Endy_Clarkson
[2013-10-06 14:29] [CAR-UNLOCK] car #493 was unlocked by Endy_Clarkson
[2013-10-06 14:31] [CAR-UNLOCK] car #386 was unlocked by Endy_Clarkson
[2013-10-06 14:31] [CAR-UNLOCK] car #461 was unlocked by Endy_Clarkson
[2013-10-06 14:40] [CAR-LOCK] car #387 was locked by Endy_Clarkson
[2013-10-06 15:06] [CAR-UNLOCK] car #594 was unlocked by Endy_Clarkson
[2013-10-06 15:10] [CAR-UNLOCK] car #125 was unlocked by Endy_Clarkson
[2013-10-06 17:29] [CAR-UNLOCK] car #605 was unlocked by Henry_Domelson
[2013-10-06 17:52] [CAR-UNLOCK] car #131 was unlocked by Danieel_Craig
[2013-10-06 17:52] [CAR-LOCK] car #131 was locked by Danieel_Craig
[2013-10-06 17:55] [CAR-LOCK] car #358 was locked by Sziki_Morrison
[2013-10-06 17:56] [CAR-UNLOCK] car #358 was unlocked by Sziki_Morrison
[2013-10-06 18:02] [CAR-LOCK] car #420 was locked by Danieel_Craig
[2013-10-06 18:18] [CAR-UNLOCK] car #609 was unlocked by James_Cover
[2013-10-06 18:21] [CAR-UNLOCK] car #431 was unlocked by Freds_Dukma
[2013-10-06 18:25] [CAR-UNLOCK] car #432 was unlocked by Freds_Dukma
[2013-10-06 18:25] [CAR-LOCK] car #432 was locked by Freds_Dukma
[2013-10-06 18:29] [CAR-UNLOCK] car #607 was unlocked by Endy_Clarkson
[2013-10-06 18:40] [CAR-UNLOCK] car #500 was unlocked by Freds_Dukma
[2013-10-06 18:41] [CAR-UNLOCK] car #500 was unlocked by Freds_Dukma
[2013-10-06 18:45] [CAR-UNLOCK] car #233 was unlocked by Freds_Dukma
[2013-10-06 18:45] [CAR-LOCK] car #233 was locked by Freds_Dukma
[2013-10-06 18:47] [CAR-UNLOCK] car #450 was unlocked by Freds_Dukma
[2013-10-06 18:48] [CAR-UNLOCK] car #510 was unlocked by Freds_Dukma
[2013-10-06 18:49] [CAR-LOCK] car #365 was locked by Freds_Dukma
[2013-10-06 18:49] [CAR-UNLOCK] car #365 was unlocked by Freds_Dukma
[2013-10-06 18:50] [CAR-LOCK] car #167 was locked by Freds_Dukma
[2013-10-06 18:50] [CAR-UNLOCK] car #167 was unlocked by Freds_Dukma
[2013-10-06 18:50] [CAR-UNLOCK] car #294 was unlocked by Freds_Dukma
[2013-10-06 18:51] [CAR-LOCK] car #588 was locked by Endy_Clarkson
[2013-10-06 18:54] [CAR-UNLOCK] car #435 was unlocked by Freds_Dukma
[2013-10-06 18:55] [CAR-UNLOCK] car #571 was unlocked by Freds_Dukma
[2013-10-06 19:02] [CAR-UNLOCK] car #407 was unlocked by Henry_Domelson
[2013-10-06 19:02] [CAR-LOCK] car #225 was locked by Curtis_Vercetti
[2013-10-06 19:03] [CAR-UNLOCK] car #225 was unlocked by Curtis_Vercetti
[2013-10-06 19:03] [CAR-LOCK] car #42 was locked by Orlando_Capreto
[2013-10-06 19:07] [CAR-UNLOCK] car #540 was unlocked by Freds_Dukma
[2013-10-06 19:07] [CAR-LOCK] car #38 was locked by Johnny_CreW
[2013-10-06 19:07] [CAR-UNLOCK] car #38 was unlocked by Johnny_CreW
[2013-10-06 19:09] [CAR-UNLOCK] car #323 was unlocked by Orlando_Capreto
[2013-10-06 19:10] [CAR-UNLOCK] car #179 was unlocked by Freds_Dukma
[2013-10-06 19:24] [CAR-UNLOCK] car #436 was unlocked by Freds_Dukma
[2013-10-06 19:26] [CAR-UNLOCK] car #606 was unlocked by Freds_Dukma
[2013-10-06 19:31] [CAR-UNLOCK] car #608 was unlocked by Orlando_Capreto
[2013-10-06 19:32] [CAR-UNLOCK] car #550 was unlocked by Freds_Dukma
[2013-10-06 19:32] [CAR-LOCK] car #608 was locked by Orlando_Capreto
[2013-10-06 19:35] [CAR-UNLOCK] car #130 was unlocked by Freds_Dukma
[2013-10-06 19:37] [CAR-UNLOCK] car #539 was unlocked by Freds_Dukma
[2013-10-06 19:38] [CAR-UNLOCK] car #609 was unlocked by Jhony_Alvarez
[2013-10-06 19:40] [CAR-LOCK] car #147 was locked by Henry_Domelson
[2013-10-06 19:41] [CAR-UNLOCK] car #224 was unlocked by Orlando_Capreto
[2013-10-06 19:42] [CAR-UNLOCK] car #538 was unlocked by Curtis_Vercetti
[2013-10-06 19:42] [CAR-LOCK] car #538 was locked by Curtis_Vercetti
[2013-10-06 19:42] [CAR-UNLOCK] car #538 was unlocked by Curtis_Vercetti
[2013-10-06 19:43] [CAR-UNLOCK] car #607 was unlocked by Edward_Collin
[2013-10-06 19:43] [CAR-LOCK] car #607 was locked by Edward_Collin
[2013-10-06 19:46] [CAR-LOCK] car #451 was locked by Orlando_Capreto
[2013-10-06 20:33] [CAR-UNLOCK] car #609 was unlocked by Edward_Collin
[2013-10-06 20:33] [CAR-LOCK] car #609 was locked by Edward_Collin
[2013-10-06 20:33] [CAR-UNLOCK] car #609 was unlocked by Edward_Collin
[2013-10-06 20:33] [CAR-LOCK] car #609 was locked by Edward_Collin
[2013-10-06 20:33] [CAR-UNLOCK] car #609 was unlocked by Edward_Collin
[2013-10-06 20:36] [CAR-LOCK] car #9 was locked by James_Cover
[2013-10-06 20:36] [CAR-UNLOCK] car #9 was unlocked by James_Cover
[2013-10-06 20:39] [CAR-UNLOCK] car #444 was unlocked by Edward_Collin
[2013-10-06 20:55] [CAR-UNLOCK] car #226 was unlocked by Edward_Collin
[2013-10-06 21:05] [CAR-UNLOCK] car #502 was unlocked by James_Cover
[2013-10-06 21:39] [CAR-UNLOCK] car #9 was unlocked by Zack_Morrison
[2013-10-06 21:39] [CAR-LOCK] car #9 was locked by Zack_Morrison
[2013-10-06 21:42] [CAR-UNLOCK] car #519 was unlocked by Edward_Collin
[2013-10-06 21:43] [CAR-UNLOCK] car #86 was unlocked by Zack_Morrison
[2013-10-06 21:56] [CAR-LOCK] car #506 was locked by Curtis_Vercetti
[2013-10-06 22:06] [CAR-UNLOCK] car #596 was unlocked by Henry_Domelson
[2013-10-06 22:06] [CAR-LOCK] car #596 was locked by Henry_Domelson
[2013-10-06 22:08] [CAR-UNLOCK] car #142 was unlocked by Zack_Morrison
[2013-10-06 22:09] [CAR-UNLOCK] car #437 was unlocked by Endy_Clarkson
[2013-10-06 22:16] [CAR-UNLOCK] car #483 was unlocked by Endy_Clarkson
[2013-10-07 00:05] [CAR-UNLOCK] car #295 was unlocked by Csak_Janos
[2013-10-07 00:06] [CAR-UNLOCK] car #295 was unlocked by Csak_Janos
[2013-10-07 00:15] [CAR-UNLOCK] car #329 was unlocked by Csak_Janos
[2013-10-07 09:42] [CAR-LOCK] car #293 was locked by Chris_Darbin
[2013-10-07 09:42] [CAR-UNLOCK] car #504 was unlocked by Chris_Darbin
[2013-10-07 09:42] [CAR-LOCK] car #504 was locked by Chris_Darbin
[2013-10-07 09:43] [CAR-UNLOCK] car #293 was unlocked by Chris_Darbin
[2013-10-07 09:45] [CAR-LOCK] car #293 was locked by Chris_Darbin
[2013-10-07 11:37] [CAR-UNLOCK] car #554 was unlocked by Milan_Fernandez
[2013-10-07 11:37] [CAR-LOCK] car #554 was locked by Milan_Fernandez
[2013-10-07 11:56] [CAR-UNLOCK] car #516 was unlocked by Milan_Fernandez
[2013-10-07 13:13] [CAR-LOCK] car #85 was locked by Zack_Morrison
[2013-10-07 13:13] [CAR-UNLOCK] car #85 was unlocked by Zack_Morrison
[2013-10-07 14:39] [CAR-LOCK] car #84 was locked by Adam_Hauward
[2013-10-07 14:40] [CAR-UNLOCK] car #84 was unlocked by Adam_Hauward
[2013-10-07 14:47] [CAR-LOCK] car #87 was locked by Adam_Hauward
[2013-10-07 14:47] [CAR-UNLOCK] car #87 was unlocked by Adam_Hauward
[2013-10-07 15:10] [CAR-UNLOCK] car #608 was unlocked by Henry_Domelson
[2013-10-07 15:10] [CAR-UNLOCK] car #609 was unlocked by Henry_Domelson
[2013-10-07 15:19] [CAR-UNLOCK] car #614 was unlocked by Henry_Domelson
[2013-10-07 15:57] [CAR-UNLOCK] car #-118 was unlocked by Sziki_Morrison
[2013-10-07 16:46] [CAR-LOCK] car #502 was locked by Adam_Hauward
[2013-10-07 16:46] [CAR-UNLOCK] car #502 was unlocked by Adam_Hauward
[2013-10-07 17:13] [CAR-LOCK] car #560 was locked by Danieel_Craig
[2013-10-07 17:13] [CAR-UNLOCK] car #560 was unlocked by Danieel_Craig
[2013-10-07 17:20] [CAR-UNLOCK] car #608 was unlocked by Danieel_Craig
[2013-10-07 18:07] [CAR-UNLOCK] car #356 was unlocked by Edward_Collin
[2013-10-07 18:34] [CAR-UNLOCK] car #619 was unlocked by Danieel_Craig
[2013-10-07 19:18] [CAR-LOCK] car #-2 was locked by Jack_G_Cassini
[2013-10-07 20:11] [CAR-LOCK] car #556 was locked by Csak_Janos
[2013-10-07 20:14] [CAR-UNLOCK] car #606 was unlocked by Henry_Domelson
[2013-10-07 20:14] [CAR-LOCK] car #606 was locked by Henry_Domelson
[2013-10-07 20:15] [CAR-UNLOCK] car #606 was unlocked by Henry_Domelson
[2013-10-07 20:46] [CAR-UNLOCK] car #515 was unlocked by Zack_Morrison
[2013-10-07 20:46] [CAR-LOCK] car #515 was locked by Zack_Morrison
[2013-10-07 20:51] [CAR-UNLOCK] car #633 was unlocked by Henry_Domelson
[2013-10-07 20:59] [CAR-UNLOCK] car #533 was unlocked by Jhony_Alvarez
[2013-10-07 20:59] [CAR-UNLOCK] car #623 was unlocked by Henry_Domelson
[2013-10-07 20:59] [CAR-LOCK] car #623 was locked by Henry_Domelson
[2013-10-07 21:03] [CAR-UNLOCK] car #629 was unlocked by Henry_Domelson
[2013-10-07 21:03] [CAR-UNLOCK] car #627 was unlocked by Henry_Domelson
[2013-10-07 21:03] [CAR-UNLOCK] car #628 was unlocked by Henry_Domelson
[2013-10-07 21:04] [CAR-UNLOCK] car #632 was unlocked by Henry_Domelson
[2013-10-07 21:05] [CAR-UNLOCK] car #633 was unlocked by Henry_Domelson
[2013-10-07 21:07] [CAR-UNLOCK] car #634 was unlocked by Henry_Domelson
[2013-10-07 21:08] [CAR-UNLOCK] car #619 was unlocked by Henry_Domelson
[2013-10-07 21:18] [CAR-LOCK] car #619 was locked by Henry_Domelson
[2013-10-07 22:47] [CAR-UNLOCK] car #88 was unlocked by Zack_Morrison
[2013-10-07 22:47] [CAR-LOCK] car #86 was locked by Zack_Morrison
[2013-10-07 22:47] [CAR-UNLOCK] car #86 was unlocked by Zack_Morrison
[2013-10-07 23:13] [CAR-LOCK] car #200 was locked by Zack_Morrison
[2013-10-07 23:13] [CAR-UNLOCK] car #200 was unlocked by Zack_Morrison
[2013-10-07 23:40] [CAR-UNLOCK] car #636 was unlocked by Csak_Janos
[2013-10-07 23:40] [CAR-UNLOCK] car #636 was unlocked by Csak_Janos
[2013-10-08 06:37] [CAR-UNLOCK] car #619 was unlocked by Kyosuke_Hirino
[2013-10-08 10:47] [CAR-UNLOCK] car #268 was unlocked by Endy_Clarkson
[2013-10-08 10:48] [CAR-LOCK] car #268 was locked by Endy_Clarkson
[2013-10-08 10:48] [CAR-LOCK] car #608 was locked by Endy_Clarkson
[2013-10-08 10:48] [CAR-UNLOCK] car #608 was unlocked by Endy_Clarkson
[2013-10-08 11:19] [CAR-LOCK] car #630 was locked by Endy_Clarkson
[2013-10-08 11:19] [CAR-UNLOCK] car #630 was unlocked by Endy_Clarkson
[2013-10-08 13:39] [CAR-LOCK] car #521 was locked by Henry_Domelson
[2013-10-08 13:39] [CAR-UNLOCK] car #521 was unlocked by Henry_Domelson
[2013-10-08 13:39] [CAR-LOCK] car #521 was locked by Henry_Domelson
[2013-10-08 13:41] [CAR-UNLOCK] car #599 was unlocked by Milan_Fernandez
[2013-10-08 13:41] [CAR-LOCK] car #599 was locked by Milan_Fernandez
[2013-10-08 13:48] [CAR-UNLOCK] car #607 was unlocked by Milan_Fernandez
[2013-10-08 13:49] [CAR-UNLOCK] car #594 was unlocked by Henry_Domelson
[2013-10-08 13:49] [CAR-UNLOCK] car #594 was unlocked by Henry_Domelson
[2013-10-08 14:07] [CAR-LOCK] car #210 was locked by Milan_Fernandez
[2013-10-08 14:26] [CAR-UNLOCK] car #324 was unlocked by Henry_Domelson
[2013-10-08 14:34] [CAR-UNLOCK] car #626 was unlocked by Milan_Fernandez
[2013-10-08 14:35] [CAR-LOCK] car #626 was locked by Milan_Fernandez
[2013-10-08 15:27] [CAR-UNLOCK] car #614 was unlocked by Henry_Domelson
[2013-10-08 15:27] [CAR-LOCK] car #614 was locked by Henry_Domelson
[2013-10-08 15:42] [CAR-UNLOCK] car #153 was unlocked by Danieel_Craig
[2013-10-08 16:00] [CAR-UNLOCK] car #86 was unlocked by Adam_Hauward
[2013-10-08 16:01] [CAR-UNLOCK] car #628 was unlocked by William_Escobar
[2013-10-08 16:31] [CAR-UNLOCK] car #489 was unlocked by Adam_Hauward
[2013-10-08 17:13] [CAR-LOCK] car #225 was locked by Henry_Domelson
[2013-10-08 17:13] [CAR-UNLOCK] car #225 was unlocked by Henry_Domelson
[2013-10-08 17:13] [CAR-LOCK] car #225 was locked by Henry_Domelson
[2013-10-08 17:53] [CAR-UNLOCK] car #-3 was unlocked by Henry_Domelson
[2013-10-08 17:53] [CAR-LOCK] car #-3 was locked by Henry_Domelson
[2013-10-08 17:53] [CAR-UNLOCK] car #-3 was unlocked by Henry_Domelson
[2013-10-08 17:56] [CAR-LOCK] car #319 was locked by Henry_Domelson
[2013-10-08 18:02] [CAR-UNLOCK] car #290 was unlocked by Giorgio_Armando
[2013-10-08 18:08] [CAR-LOCK] car #290 was locked by Giorgio_Armando
[2013-10-08 18:12] [CAR-UNLOCK] car #290 was unlocked by Giorgio_Armando
[2013-10-08 18:17] [CAR-LOCK] car #290 was locked by Giorgio_Armando
[2013-10-08 18:21] [CAR-UNLOCK] car #290 was unlocked by Giorgio_Armando
[2013-10-08 18:22] [CAR-UNLOCK] car #608 was unlocked by Jack_G_Cassini
[2013-10-08 18:22] [CAR-LOCK] car #608 was locked by Jack_G_Cassini
[2013-10-08 18:25] [CAR-LOCK] car #290 was locked by Giorgio_Armando
[2013-10-08 18:25] [CAR-UNLOCK] car #290 was unlocked by Giorgio_Armando
[2013-10-08 18:27] [CAR-LOCK] car #-7 was locked by Henry_Domelson
[2013-10-08 18:37] [CAR-UNLOCK] car #639 was unlocked by Zack_Morrison
[2013-10-08 19:27] [CAR-UNLOCK] car #606 was unlocked by Jason_Statham
[2013-10-08 19:59] [CAR-UNLOCK] car #571 was unlocked by Jason_Statham
[2013-10-08 20:17] [CAR-LOCK] car #290 was locked by Giorgio_Armando
[2013-10-08 20:17] [CAR-UNLOCK] car #290 was unlocked by Giorgio_Armando
[2013-10-08 20:18] [CAR-LOCK] car #290 was locked by Giorgio_Armando
[2013-10-08 20:20] [CAR-LOCK] car #571 was locked by Jason_Statham
[2013-10-08 20:20] [CAR-UNLOCK] car #571 was unlocked by Jason_Statham
[2013-10-08 20:24] [CAR-UNLOCK] car #571 was unlocked by Jason_Statham
[2013-10-08 20:26] [CAR-LOCK] car #-2 was locked by Henry_Domelson
[2013-10-08 21:07] [CAR-UNLOCK] car #-2 was unlocked by Henry_Domelson
[2013-10-08 21:28] [CAR-UNLOCK] car #225 was unlocked by Edward_Collin
[2013-10-08 21:32] [CAR-LOCK] car #512 was locked by Jason_Statham
[2013-10-08 21:32] [CAR-UNLOCK] car #512 was unlocked by Jason_Statham
[2013-10-08 21:37] [CAR-UNLOCK] car #631 was unlocked by Jack_G_Cassini
[2013-10-08 21:47] [CAR-UNLOCK] car #526 was unlocked by Jason_Statham
[2013-10-08 21:47] [CAR-LOCK] car #526 was locked by Jason_Statham
[2013-10-08 21:47] [CAR-UNLOCK] car #526 was unlocked by Jason_Statham
[2013-10-08 21:49] [CAR-UNLOCK] car #618 was unlocked by Jason_Statham
[2013-10-08 21:55] [CAR-UNLOCK] car #-7 was unlocked by Jack_G_Cassini
[2013-10-08 21:55] [CAR-UNLOCK] car #-7 was unlocked by Jack_G_Cassini
[2013-10-08 22:11] [CAR-LOCK] car #-10 was locked by Henry_Domelson
[2013-10-08 22:11] [CAR-UNLOCK] car #488 was unlocked by Henry_Domelson
[2013-10-08 22:11] [CAR-LOCK] car #488 was locked by Henry_Domelson
[2013-10-08 22:22] [CAR-UNLOCK] car #292 was unlocked by Curtis_Vercetti
[2013-10-09 00:47] [CAR-UNLOCK] car #444 was unlocked by Endy_Clarkson
[2013-10-09 00:58] [CAR-UNLOCK] car #198 was unlocked by Csak_Janos
[2013-10-09 14:13] [CAR-UNLOCK] car #349 was unlocked by Milan_Fernandez
[2013-10-09 14:13] [CAR-UNLOCK] car #512 was unlocked by Jason_Statham
[2013-10-09 15:01] [CAR-UNLOCK] car #582 was unlocked by Ryan_Lewis
[2013-10-09 15:03] [CAR-LOCK] car #506 was locked by Jason_Statham
[2013-10-09 15:03] [CAR-UNLOCK] car #506 was unlocked by Jason_Statham
[2013-10-09 15:39] [CAR-UNLOCK] car #304 was unlocked by Jason_Statham
[2013-10-09 15:45] [CAR-UNLOCK] car #451 was unlocked by Jason_Statham
[2013-10-09 15:45] [CAR-LOCK] car #451 was locked by Jason_Statham
[2013-10-09 15:47] [CAR-LOCK] car #292 was locked by Milan_Fernandez
[2013-10-09 15:48] [CAR-UNLOCK] car #442 was unlocked by Milan_Fernandez
[2013-10-09 15:50] [CAR-UNLOCK] car #583 was unlocked by Milan_Fernandez
[2013-10-09 15:50] [CAR-LOCK] car #583 was locked by Milan_Fernandez
[2013-10-09 15:51] [CAR-UNLOCK] car #292 was unlocked by Ryan_Lewis
[2013-10-09 15:55] [CAR-UNLOCK] car #242 was unlocked by Milan_Fernandez
[2013-10-09 15:56] [CAR-UNLOCK] car #411 was unlocked by Curtis_Vercetti
[2013-10-09 15:56] [CAR-LOCK] car #411 was locked by Curtis_Vercetti
[2013-10-09 15:56] [CAR-UNLOCK] car #411 was unlocked by Curtis_Vercetti
[2013-10-09 15:57] [CAR-LOCK] car #411 was locked by Curtis_Vercetti
[2013-10-09 15:57] [CAR-UNLOCK] car #411 was unlocked by Milan_Fernandez
[2013-10-09 15:57] [CAR-LOCK] car #411 was locked by Milan_Fernandez
[2013-10-09 16:07] [CAR-UNLOCK] car #264 was unlocked by Milan_Fernandez
[2013-10-09 16:43] [CAR-LOCK] car #597 was locked by Chris_Waynee
[2013-10-09 16:44] [CAR-LOCK] car #513 was locked by Chris_Waynee
[2013-10-09 16:44] [CAR-LOCK] car #264 was locked by Chris_Waynee
[2013-10-09 17:03] [CAR-UNLOCK] car #395 was unlocked by Chris_Waynee
[2013-10-09 18:08] [CAR-UNLOCK] car #144 was unlocked by Edward_Collin
[2013-10-09 18:08] [CAR-LOCK] car #144 was locked by Edward_Collin
[2013-10-09 18:08] [CAR-UNLOCK] car #144 was unlocked by Edward_Collin
[2013-10-09 18:08] [CAR-LOCK] car #144 was locked by Edward_Collin
[2013-10-09 18:23] [CAR-UNLOCK] car #421 was unlocked by Endy_Clarkson
[2013-10-09 18:33] [CAR-UNLOCK] car #587 was unlocked by Henry_Domelson
[2013-10-09 18:33] [CAR-LOCK] car #587 was locked by Henry_Domelson
[2013-10-09 18:33] [CAR-LOCK] car #483 was locked by Henry_Domelson
[2013-10-09 18:33] [CAR-UNLOCK] car #483 was unlocked by Henry_Domelson
[2013-10-09 18:33] [CAR-LOCK] car #483 was locked by Henry_Domelson
[2013-10-09 18:40] [CAR-UNLOCK] car #459 was unlocked by Edward_Collin
[2013-10-09 18:42] [CAR-UNLOCK] car #291 was unlocked by Edward_Collin
[2013-10-09 19:09] [CAR-LOCK] car #13 was locked by Henry_Domelson
[2013-10-09 19:09] [CAR-UNLOCK] car #13 was unlocked by Henry_Domelson
[2013-10-09 19:09] [CAR-UNLOCK] car #618 was unlocked by Henry_Domelson
[2013-10-09 19:09] [CAR-LOCK] car #618 was locked by Henry_Domelson
[2013-10-09 19:09] [CAR-UNLOCK] car #618 was unlocked by Henry_Domelson
[2013-10-09 19:10] [CAR-LOCK] car #618 was locked by Henry_Domelson
[2013-10-09 21:38] [CAR-UNLOCK] car #583 was unlocked by Csak_Janos
[2013-10-09 21:38] [CAR-LOCK] car #583 was locked by Csak_Janos
[2013-10-09 21:40] [CAR-UNLOCK] car #618 was unlocked by William_Escobar
[2013-10-09 22:27] [CAR-UNLOCK] car #155 was unlocked by Dominic_Toretto
[2013-10-09 22:27] [CAR-LOCK] car #155 was locked by Dominic_Toretto
[2013-10-09 22:28] [CAR-UNLOCK] car #205 was unlocked by Dominic_Toretto
[2013-10-09 22:28] [CAR-LOCK] car #205 was locked by Dominic_Toretto
[2013-10-09 22:29] [CAR-UNLOCK] car #103 was unlocked by Dominic_Toretto
[2013-10-09 22:29] [CAR-LOCK] car #103 was locked by Dominic_Toretto
[2013-10-09 22:46] [CAR-LOCK] car #506 was locked by Dominic_Toretto
[2013-10-10 00:47] [CAR-UNLOCK] car #618 was unlocked by Sziki_Morrison
[2013-10-10 00:49] [CAR-UNLOCK] car #310 was unlocked by Sziki_Morrison
[2013-10-10 00:56] [CAR-LOCK] car #548 was locked by Sziki_Morrison
[2013-10-10 01:58] [CAR-LOCK] car #618 was locked by Sziki_Morrison
[2013-10-10 02:00] [CAR-LOCK] car #618 was locked by Sziki_Morrison
[2013-10-10 02:00] [CAR-UNLOCK] car #618 was unlocked by Sziki_Morrison
[2013-10-10 13:24] [CAR-UNLOCK] car #583 was unlocked by Zack_Morrison
[2013-10-10 13:24] [CAR-UNLOCK] car #487 was unlocked by Zack_Morrison
[2013-10-10 13:25] [CAR-LOCK] car #487 was locked by Zack_Morrison
[2013-10-10 13:56] [CAR-LOCK] car #583 was locked by Zack_Morrison
[2013-10-10 13:56] [CAR-UNLOCK] car #583 was unlocked by Zack_Morrison
[2013-10-10 13:57] [CAR-LOCK] car #583 was locked by Zack_Morrison
[2013-10-10 13:57] [CAR-UNLOCK] car #530 was unlocked by Zack_Morrison
[2013-10-10 13:57] [CAR-LOCK] car #530 was locked by Zack_Morrison
[2013-10-10 15:02] [CAR-UNLOCK] car #556 was unlocked by Danieel_Craig
[2013-10-10 15:03] [CAR-LOCK] car #556 was locked by Danieel_Craig
[2013-10-10 15:03] [CAR-UNLOCK] car #651 was unlocked by Danieel_Craig
[2013-10-10 15:03] [CAR-LOCK] car #651 was locked by Danieel_Craig
[2013-10-10 15:04] [CAR-LOCK] car #638 was locked by Danieel_Craig
[2013-10-10 15:04] [CAR-UNLOCK] car #638 was unlocked by Danieel_Craig
[2013-10-10 15:04] [CAR-LOCK] car #638 was locked by Danieel_Craig
[2013-10-10 15:04] [CAR-LOCK] car #410 was locked by Danieel_Craig
[2013-10-10 15:04] [CAR-UNLOCK] car #410 was unlocked by Danieel_Craig
[2013-10-10 15:05] [CAR-LOCK] car #410 was locked by Danieel_Craig
[2013-10-10 15:06] [CAR-UNLOCK] car #652 was unlocked by Danieel_Craig
[2013-10-10 15:06] [CAR-LOCK] car #652 was locked by Danieel_Craig
[2013-10-10 15:08] [CAR-UNLOCK] car #639 was unlocked by Danieel_Craig
[2013-10-10 15:08] [CAR-LOCK] car #639 was locked by Danieel_Craig
[2013-10-10 15:29] [CAR-UNLOCK] car #248 was unlocked by Ryan_Lewis
[2013-10-10 16:43] [CAR-UNLOCK] car #618 was unlocked by Henry_Domelson
[2013-10-10 16:48] [CAR-LOCK] car #125 was locked by Jason_Statham
[2013-10-10 16:48] [CAR-UNLOCK] car #125 was unlocked by Jason_Statham
[2013-10-10 17:06] [CAR-LOCK] car #213 was locked by Henry_Domelson
[2013-10-10 17:06] [CAR-UNLOCK] car #438 was unlocked by Henry_Domelson
[2013-10-10 17:06] [CAR-LOCK] car #438 was locked by Henry_Domelson
[2013-10-10 17:06] [CAR-UNLOCK] car #438 was unlocked by Henry_Domelson
[2013-10-10 17:06] [CAR-LOCK] car #438 was locked by Henry_Domelson
[2013-10-10 17:06] [CAR-UNLOCK] car #537 was unlocked by Henry_Domelson
[2013-10-10 17:06] [CAR-LOCK] car #537 was locked by Henry_Domelson
[2013-10-10 17:10] [CAR-UNLOCK] car #87 was unlocked by Adam_Hauward
[2013-10-10 17:19] [CAR-UNLOCK] car #-11 was unlocked by Jack_G_Cassini
[2013-10-10 17:20] [CAR-LOCK] car #-10 was locked by Chris_Waynee
[2013-10-10 17:22] [CAR-UNLOCK] car #-10 was unlocked by Chris_Waynee
[2013-10-10 18:18] [CAR-UNLOCK] car #644 was unlocked by Chris_Waynee
[2013-10-10 18:18] [CAR-LOCK] car #644 was locked by Chris_Waynee
[2013-10-10 18:33] [CAR-UNLOCK] car #582 was unlocked by Henry_Domelson
[2013-10-10 18:36] [CAR-UNLOCK] car #315 was unlocked by Jason_Statham
[2013-10-10 18:36] [CAR-LOCK] car #315 was locked by Jason_Statham
[2013-10-10 18:42] [CAR-LOCK] car #198 was locked by Henry_Domelson
[2013-10-10 18:42] [CAR-LOCK] car #198 was locked by Henry_Domelson
[2013-10-10 18:42] [CAR-UNLOCK] car #198 was unlocked by Henry_Domelson
[2013-10-10 18:43] [CAR-UNLOCK] car #583 was unlocked by Henry_Domelson
[2013-10-10 18:43] [CAR-LOCK] car #583 was locked by Henry_Domelson
[2013-10-10 18:46] [CAR-UNLOCK] car #315 was unlocked by Jason_Statham
[2013-10-10 18:46] [CAR-LOCK] car #315 was locked by Jason_Statham
[2013-10-10 18:46] [CAR-UNLOCK] car #264 was unlocked by Jason_Statham
[2013-10-10 18:50] [CAR-LOCK] car #264 was locked by Jason_Statham
[2013-10-10 19:30] [CAR-LOCK] car #125 was locked by Jason_Statham
[2013-10-10 19:30] [CAR-UNLOCK] car #125 was unlocked by Jason_Statham
[2013-10-10 21:06] [CAR-LOCK] car #135 was locked by Henry_Domelson
[2013-10-10 21:34] [CAR-UNLOCK] car #653 was unlocked by Milan_Fernandez
[2013-10-10 21:36] [CAR-UNLOCK] car #557 was unlocked by Curtis_Vercetti
[2013-10-10 21:36] [CAR-LOCK] car #557 was locked by Curtis_Vercetti
[2013-10-10 21:54] [CAR-LOCK] car #651 was locked by Henry_Domelson
[2013-10-10 22:10] [CAR-UNLOCK] car #651 was unlocked by Henry_Domelson
[2013-10-10 22:10] [CAR-UNLOCK] car #651 was unlocked by Henry_Domelson
[2013-10-11 12:19] [CAR-LOCK] car #304 was locked by Jason_Statham
[2013-10-11 12:19] [CAR-UNLOCK] car #304 was unlocked by Jason_Statham
[2013-10-11 13:52] [CAR-LOCK] car #569 was locked by Jason_Statham
[2013-10-11 13:58] [CAR-UNLOCK] car #624 was unlocked by Edward_Collin
[2013-10-11 13:59] [CAR-UNLOCK] car #448 was unlocked by Jason_Statham
[2013-10-11 14:09] [CAR-UNLOCK] car #438 was unlocked by Edward_Collin
[2013-10-11 14:32] [CAR-UNLOCK] car #592 was unlocked by Edward_Collin
[2013-10-11 14:32] [CAR-UNLOCK] car #444 was unlocked by Edward_Collin
[2013-10-11 14:33] [CAR-UNLOCK] car #-8 was unlocked by Jack_G_Cassini
[2013-10-11 14:33] [CAR-LOCK] car #225 was locked by Edward_Collin
[2013-10-11 14:33] [CAR-UNLOCK] car #225 was unlocked by Edward_Collin
[2013-10-11 14:35] [CAR-UNLOCK] car #157 was unlocked by Edward_Collin
[2013-10-11 15:03] [CAR-UNLOCK] car #574 was unlocked by Edward_Collin
[2013-10-11 15:04] [CAR-UNLOCK] car #324 was unlocked by Edward_Collin
[2013-10-11 15:13] [CAR-UNLOCK] car #324 was unlocked by Edward_Collin
[2013-10-11 15:14] [CAR-UNLOCK] car #324 was unlocked by Edward_Collin
[2013-10-11 15:16] [CAR-UNLOCK] car #637 was unlocked by Edward_Collin
[2013-10-11 16:42] [CAR-UNLOCK] car #515 was unlocked by Henry_Domelson
[2013-10-11 16:42] [CAR-LOCK] car #515 was locked by Henry_Domelson
[2013-10-11 17:13] [CAR-LOCK] car #369 was locked by Henry_Domelson
[2013-10-11 17:20] [CAR-UNLOCK] car #266 was unlocked by William_Escobar
[2013-10-11 17:20] [CAR-LOCK] car #266 was locked by William_Escobar
[2013-10-11 17:21] [CAR-UNLOCK] car #325 was unlocked by William_Escobar
[2013-10-11 17:21] [CAR-LOCK] car #325 was locked by William_Escobar
[2013-10-11 17:22] [CAR-UNLOCK] car #325 was unlocked by William_Escobar
[2013-10-11 18:08] [CAR-LOCK] car #17 was locked by William_Escobar
[2013-10-11 18:39] [CAR-UNLOCK] car #573 was unlocked by Chris_Waynee
[2013-10-11 18:40] [CAR-LOCK] car #573 was locked by Chris_Waynee
[2013-10-11 18:42] [CAR-LOCK] car #606 was locked by Chris_Waynee
[2013-10-11 18:42] [CAR-UNLOCK] car #654 was unlocked by Chris_Waynee
[2013-10-11 18:42] [CAR-LOCK] car #654 was locked by Chris_Waynee
[2013-10-11 19:29] [CAR-LOCK] car #291 was locked by Henry_Domelson
[2013-10-11 19:29] [CAR-UNLOCK] car #291 was unlocked by Henry_Domelson
[2013-10-11 19:29] [CAR-LOCK] car #291 was locked by Henry_Domelson
[2013-10-11 19:52] [CAR-UNLOCK] car #515 was unlocked by Henry_Domelson
[2013-10-11 19:53] [CAR-LOCK] car #515 was locked by Henry_Domelson
[2013-10-11 19:53] [CAR-UNLOCK] car #654 was unlocked by Henry_Domelson
[2013-10-11 19:53] [CAR-LOCK] car #654 was locked by Henry_Domelson
[2013-10-11 19:55] [CAR-LOCK] car #464 was locked by Henry_Domelson
[2013-10-11 19:55] [CAR-UNLOCK] car #495 was unlocked by Henry_Domelson
[2013-10-11 19:55] [CAR-LOCK] car #495 was locked by Henry_Domelson
[2013-10-11 19:56] [CAR-UNLOCK] car #453 was unlocked by Henry_Domelson
[2013-10-11 19:57] [CAR-LOCK] car #453 was locked by Henry_Domelson
[2013-10-11 19:57] [CAR-UNLOCK] car #516 was unlocked by Henry_Domelson
[2013-10-11 19:59] [CAR-LOCK] car #516 was locked by Henry_Domelson
[2013-10-11 20:00] [CAR-UNLOCK] car #260 was unlocked by Henry_Domelson
[2013-10-11 20:01] [CAR-LOCK] car #260 was locked by Henry_Domelson
[2013-10-11 20:02] [CAR-UNLOCK] car #458 was unlocked by Henry_Domelson
[2013-10-11 20:03] [CAR-LOCK] car #458 was locked by Henry_Domelson
[2013-10-11 20:03] [CAR-UNLOCK] car #505 was unlocked by Henry_Domelson
[2013-10-11 20:04] [CAR-LOCK] car #505 was locked by Henry_Domelson
[2013-10-11 20:04] [CAR-UNLOCK] car #188 was unlocked by Henry_Domelson
[2013-10-11 20:04] [CAR-LOCK] car #188 was locked by Henry_Domelson
[2013-10-11 20:53] [CAR-UNLOCK] car #86 was unlocked by Adam_Hauward
[2013-10-11 21:04] [CAR-LOCK] car #329 was locked by Jason_Statham
[2013-10-11 21:04] [CAR-UNLOCK] car #329 was unlocked by Jason_Statham
[2013-10-11 21:05] [CAR-LOCK] car #329 was locked by Jason_Statham
[2013-10-11 21:05] [CAR-UNLOCK] car #329 was unlocked by Jason_Statham
[2013-10-11 21:06] [CAR-LOCK] car #296 was locked by Diego_Gregori
[2013-10-11 21:06] [CAR-UNLOCK] car #296 was unlocked by Diego_Gregori
[2013-10-11 21:07] [CAR-UNLOCK] car #651 was unlocked by Diego_Gregori
[2013-10-11 23:26] [CAR-UNLOCK] car #195 was unlocked by Csak_Janos
[2013-10-12 02:14] [CAR-LOCK] car #423 was locked by Chris_Darbin
[2013-10-12 02:14] [CAR-UNLOCK] car #423 was unlocked by Chris_Darbin
[2013-10-12 02:14] [CAR-LOCK] car #423 was locked by Chris_Darbin
[2013-10-12 09:23] [CAR-UNLOCK] car #200 was unlocked by Ryan_Lewis
[2013-10-12 09:37] [CAR-LOCK] car #200 was locked by Ryan_Lewis
[2013-10-12 09:37] [CAR-UNLOCK] car #638 was unlocked by Ryan_Lewis
[2013-10-12 09:38] [CAR-LOCK] car #638 was locked by Ryan_Lewis
[2013-10-12 11:44] [CAR-LOCK] car #92 was locked by Zack_Morrison
[2013-10-12 11:44] [CAR-UNLOCK] car #92 was unlocked by Zack_Morrison
[2013-10-12 11:44] [CAR-LOCK] car #92 was locked by Zack_Morrison
[2013-10-12 12:52] [CAR-UNLOCK] car #-4 was unlocked by Chris_Waynee
[2013-10-12 13:11] [CAR-LOCK] car #-4 was locked by Chris_Waynee
[2013-10-12 13:15] [CAR-UNLOCK] car #-4 was unlocked by Chris_Waynee
[2013-10-12 13:15] [CAR-LOCK] car #-4 was locked by Chris_Waynee
[2013-10-12 13:22] [CAR-UNLOCK] car #539 was unlocked by Edward_Collin
[2013-10-12 13:51] [CAR-UNLOCK] car #-4 was unlocked by Chris_Waynee
[2013-10-12 13:56] [CAR-UNLOCK] car #515 was unlocked by Henry_Domelson
[2013-10-12 13:59] [CAR-LOCK] car #210 was locked by Henry_Domelson
[2013-10-12 13:59] [CAR-LOCK] car #-4 was locked by Chris_Waynee
[2013-10-12 14:00] [CAR-UNLOCK] car #210 was unlocked by Henry_Domelson
[2013-10-12 14:01] [CAR-UNLOCK] car #654 was unlocked by Henry_Domelson
[2013-10-12 14:03] [CAR-UNLOCK] car #666 was unlocked by Henry_Domelson
[2013-10-12 14:03] [CAR-LOCK] car #666 was locked by Henry_Domelson
[2013-10-12 14:06] [CAR-UNLOCK] car #-4 was unlocked by Chris_Waynee
[2013-10-12 14:12] [CAR-UNLOCK] car #59 was unlocked by Edward_Collin
[2013-10-12 14:13] [CAR-UNLOCK] car #20 was unlocked by Edward_Collin
[2013-10-12 14:17] [CAR-UNLOCK] car #652 was unlocked by Henry_Domelson
[2013-10-12 14:18] [CAR-UNLOCK] car #229 was unlocked by Henry_Domelson
[2013-10-12 14:18] [CAR-LOCK] car #229 was locked by Henry_Domelson
[2013-10-12 14:18] [CAR-LOCK] car #515 was locked by Henry_Domelson
[2013-10-12 14:18] [CAR-UNLOCK] car #515 was unlocked by Henry_Domelson
[2013-10-12 14:18] [CAR-LOCK] car #515 was locked by Henry_Domelson
[2013-10-12 14:19] [CAR-LOCK] car #652 was locked by Henry_Domelson
[2013-10-12 14:30] [CAR-UNLOCK] car #-4 was unlocked by Edward_Collin
[2013-10-12 14:31] [CAR-LOCK] car #192 was locked by Jason_Statham
[2013-10-12 14:31] [CAR-UNLOCK] car #192 was unlocked by Jason_Statham
[2013-10-12 14:42] [CAR-UNLOCK] car #583 was unlocked by Zack_Morrison
[2013-10-12 14:43] [CAR-LOCK] car #583 was locked by Zack_Morrison
[2013-10-12 14:43] [CAR-UNLOCK] car #530 was unlocked by Zack_Morrison
[2013-10-12 14:46] [CAR-LOCK] car #-4 was locked by Edward_Collin
[2013-10-12 14:52] [CAR-UNLOCK] car #441 was unlocked by Johnny_CreW
[2013-10-12 14:52] [CAR-UNLOCK] car #623 was unlocked by William_Escobar
[2013-10-12 14:53] [CAR-LOCK] car #623 was locked by William_Escobar
[2013-10-12 14:53] [CAR-LOCK] car #477 was locked by William_Escobar
[2013-10-12 16:14] [CAR-LOCK] car #88 was locked by Adam_Hauward
[2013-10-12 16:14] [CAR-UNLOCK] car #88 was unlocked by Adam_Hauward
[2013-10-12 16:19] [CAR-LOCK] car #-6 was locked by Chris_Waynee
[2013-10-12 16:28] [CAR-UNLOCK] car #-6 was unlocked by Chris_Waynee
[2013-10-12 16:29] [CAR-UNLOCK] car #666 was unlocked by Kyosuke_Hirino
[2013-10-12 17:10] [CAR-UNLOCK] car #-6 was unlocked by Chris_Waynee
[2013-10-12 17:10] [CAR-LOCK] car #-6 was locked by Chris_Waynee
[2013-10-12 17:11] [CAR-UNLOCK] car #-6 was unlocked by Chris_Waynee
[2013-10-12 17:18] [CAR-LOCK] car #-6 was locked by Chris_Waynee
[2013-10-12 17:18] [CAR-UNLOCK] car #-6 was unlocked by Chris_Waynee
[2013-10-12 17:22] [CAR-LOCK] car #-6 was locked by Chris_Waynee
[2013-10-12 17:47] [CAR-UNLOCK] car #-6 was unlocked by Chris_Waynee
[2013-10-12 17:50] [CAR-LOCK] car #-6 was locked by Chris_Waynee
[2013-10-12 17:59] [CAR-UNLOCK] car #-6 was unlocked by Chris_Waynee
[2013-10-12 18:07] [CAR-LOCK] car #-7 was locked by Zack_Morrison
[2013-10-12 18:07] [CAR-UNLOCK] car #-7 was unlocked by Zack_Morrison
[2013-10-12 18:09] [CAR-LOCK] car #-7 was locked by Zack_Morrison
[2013-10-12 18:09] [CAR-UNLOCK] car #-7 was unlocked by Zack_Morrison
[2013-10-12 18:12] [CAR-LOCK] car #-6 was locked by Chris_Waynee
[2013-10-12 18:12] [CAR-UNLOCK] car #-6 was unlocked by Chris_Waynee
[2013-10-12 18:26] [CAR-UNLOCK] car #225 was unlocked by Csak_Janos
[2013-10-12 18:27] [CAR-LOCK] car #225 was locked by Csak_Janos
[2013-10-12 18:27] [CAR-UNLOCK] car #225 was unlocked by Csak_Janos
[2013-10-12 19:55] [CAR-UNLOCK] car #651 was unlocked by Henry_Domelson
[2013-10-12 19:59] [CAR-UNLOCK] car #159 was unlocked by Jason_Statham
[2013-10-12 20:03] [CAR-LOCK] car #638 was locked by Henry_Domelson
[2013-10-12 21:15] [CAR-UNLOCK] car #529 was unlocked by Jason_Statham
[2013-10-12 21:15] [CAR-LOCK] car #529 was locked by Jason_Statham
[2013-10-12 21:38] [CAR-UNLOCK] car #198 was unlocked by Johnny_CreW
[2013-10-12 22:06] [CAR-UNLOCK] car #548 was unlocked by Curtis_Vercetti
[2013-10-12 22:07] [CAR-LOCK] car #548 was locked by Curtis_Vercetti
[2013-10-12 22:07] [CAR-LOCK] car #594 was locked by Curtis_Vercetti
[2013-10-12 22:07] [CAR-UNLOCK] car #421 was unlocked by Curtis_Vercetti
[2013-10-12 22:07] [CAR-LOCK] car #421 was locked by Curtis_Vercetti
[2013-10-12 22:08] [CAR-UNLOCK] car #557 was unlocked by Curtis_Vercetti
[2013-10-12 22:08] [CAR-LOCK] car #557 was locked by Curtis_Vercetti
[2013-10-12 22:19] [CAR-LOCK] car #530 was locked by Zack_Morrison
[2013-10-12 22:19] [CAR-UNLOCK] car #530 was unlocked by Zack_Morrison
[2013-10-12 22:20] [CAR-LOCK] car #530 was locked by Zack_Morrison
[2013-10-12 22:24] [CAR-LOCK] car #282 was locked by Brian_Oconnel
[2013-10-12 22:26] [CAR-UNLOCK] car #240 was unlocked by Brian_Oconnel
[2013-10-12 22:28] [CAR-LOCK] car #240 was locked by Brian_Oconnel
[2013-10-13 00:22] [CAR-UNLOCK] car #609 was unlocked by Edward_Collin
[2013-10-13 00:34] [CAR-UNLOCK] car #336 was unlocked by Edward_Collin
[2013-10-13 10:14] [CAR-LOCK] car #452 was locked by Danieel_Craig
[2013-10-13 11:21] [CAR-LOCK] car #666 was locked by Henry_Domelson
[2013-10-13 11:47] [CAR-UNLOCK] car #664 was unlocked by Henry_Domelson
[2013-10-13 11:47] [CAR-LOCK] car #664 was locked by Henry_Domelson
[2013-10-13 11:48] [CAR-UNLOCK] car #606 was unlocked by Henry_Domelson
[2013-10-13 11:48] [CAR-LOCK] car #606 was locked by Henry_Domelson
[2013-10-13 11:57] [CAR-UNLOCK] car #213 was unlocked by William_Escobar
[2013-10-13 11:59] [CAR-UNLOCK] car #599 was unlocked by Henry_Domelson
[2013-10-13 12:00] [CAR-LOCK] car #599 was locked by Henry_Domelson
[2013-10-13 12:25] [CAR-UNLOCK] car #609 was unlocked by Henry_Domelson
[2013-10-13 12:25] [CAR-LOCK] car #609 was locked by Henry_Domelson
[2013-10-13 12:39] [CAR-UNLOCK] car #638 was unlocked by Chris_Waynee
[2013-10-13 12:50] [CAR-UNLOCK] car #638 was unlocked by Edward_Collin
[2013-10-13 12:50] [CAR-UNLOCK] car #638 was unlocked by Edward_Collin
[2013-10-13 12:50] [CAR-LOCK] car #638 was locked by Chris_Waynee
[2013-10-13 12:50] [CAR-UNLOCK] car #638 was unlocked by Edward_Collin
[2013-10-13 12:50] [CAR-UNLOCK] car #638 was unlocked by Chris_Waynee
[2013-10-13 12:50] [CAR-UNLOCK] car #638 was unlocked by Chris_Waynee
[2013-10-13 13:13] [CAR-UNLOCK] car #291 was unlocked by Jason_Statham
[2013-10-13 13:34] [CAR-UNLOCK] car #566 was unlocked by Edward_Collin
[2013-10-13 13:42] [CAR-LOCK] car #-20 was locked by Chris_Waynee
[2013-10-13 13:42] [CAR-UNLOCK] car #-20 was unlocked by Chris_Waynee
[2013-10-13 13:58] [CAR-UNLOCK] car #641 was unlocked by Jason_Statham
[2013-10-13 14:04] [CAR-LOCK] car #640 was locked by Jason_Statham
[2013-10-13 14:10] [CAR-UNLOCK] car #76 was unlocked by Edward_Collin
[2013-10-13 14:39] [CAR-UNLOCK] car #87 was unlocked by Adam_Hauward
[2013-10-13 14:40] [CAR-UNLOCK] car #282 was unlocked by Dominic_Toretto
[2013-10-13 14:48] [CAR-UNLOCK] car #571 was unlocked by Henry_Domelson
[2013-10-13 14:52] [CAR-UNLOCK] car #516 was unlocked by Henry_Domelson
[2013-10-13 14:52] [CAR-LOCK] car #516 was locked by Henry_Domelson
[2013-10-13 15:01] [CAR-UNLOCK] car #500 was unlocked by Henry_Domelson
[2013-10-13 15:01] [CAR-LOCK] car #500 was locked by Henry_Domelson
[2013-10-13 15:43] [CAR-LOCK] car #85 was locked by Adam_Hauward
[2013-10-13 15:43] [CAR-UNLOCK] car #85 was unlocked by Adam_Hauward
[2013-10-13 15:44] [CAR-LOCK] car #84 was locked by Adam_Hauward
[2013-10-13 15:44] [CAR-UNLOCK] car #84 was unlocked by Adam_Hauward
[2013-10-13 15:46] [CAR-LOCK] car #88 was locked by Adam_Hauward
[2013-10-13 15:46] [CAR-UNLOCK] car #88 was unlocked by Adam_Hauward
[2013-10-13 16:37] [CAR-UNLOCK] car #681 was unlocked by Kyosuke_Hirino
[2013-10-13 16:40] [CAR-UNLOCK] car #428 was unlocked by Jason_Statham
[2013-10-13 16:41] [CAR-LOCK] car #428 was locked by Jason_Statham
[2013-10-13 17:37] [CAR-UNLOCK] car #625 was unlocked by Johnny_CreW
[2013-10-13 17:37] [CAR-UNLOCK] car #491 was unlocked by Jhony_Alvarez
[2013-10-13 17:38] [CAR-UNLOCK] car #414 was unlocked by Johnny_CreW
[2013-10-13 17:39] [CAR-LOCK] car #134 was locked by Johnny_CreW
[2013-10-13 17:39] [CAR-LOCK] car #446 was locked by Johnny_CreW
[2013-10-13 17:44] [CAR-LOCK] car #286 was locked by Johnny_CreW
[2013-10-13 17:45] [CAR-LOCK] car #331 was locked by Johnny_CreW
[2013-10-13 17:46] [CAR-UNLOCK] car #488 was unlocked by Dominic_Toretto
[2013-10-13 17:46] [CAR-LOCK] car #488 was locked by Dominic_Toretto
[2013-10-13 17:50] [CAR-UNLOCK] car #583 was unlocked by Zack_Morrison
[2013-10-13 17:51] [CAR-LOCK] car #583 was locked by Zack_Morrison
[2013-10-13 17:51] [CAR-UNLOCK] car #583 was unlocked by Zack_Morrison
[2013-10-13 17:51] [CAR-LOCK] car #583 was locked by Zack_Morrison
[2013-10-13 18:07] [CAR-UNLOCK] car #296 was unlocked by Johnny_CreW
[2013-10-13 18:18] [CAR-UNLOCK] car #603 was unlocked by Jhony_Alvarez
[2013-10-13 18:18] [CAR-LOCK] car #603 was locked by Edward_Collin
[2013-10-13 18:18] [CAR-UNLOCK] car #603 was unlocked by Edward_Collin
[2013-10-13 18:18] [CAR-LOCK] car #603 was locked by Edward_Collin
[2013-10-13 18:18] [CAR-UNLOCK] car #603 was unlocked by Edward_Collin
[2013-10-13 18:18] [CAR-LOCK] car #603 was locked by Edward_Collin
[2013-10-13 18:18] [CAR-UNLOCK] car #603 was unlocked by Edward_Collin
[2013-10-13 18:18] [CAR-LOCK] car #603 was locked by Edward_Collin
[2013-10-13 18:18] [CAR-UNLOCK] car #603 was unlocked by Edward_Collin
[2013-10-13 18:18] [CAR-LOCK] car #603 was locked by Edward_Collin
[2013-10-13 18:18] [CAR-UNLOCK] car #603 was unlocked by Edward_Collin
[2013-10-13 18:18] [CAR-LOCK] car #603 was locked by Edward_Collin
[2013-10-13 18:18] [CAR-UNLOCK] car #603 was unlocked by Edward_Collin
[2013-10-13 18:18] [CAR-LOCK] car #603 was locked by Edward_Collin
[2013-10-13 18:18] [CAR-UNLOCK] car #603 was unlocked by Edward_Collin
[2013-10-13 18:19] [CAR-UNLOCK] car #504 was unlocked by Johnny_CreW
[2013-10-13 18:19] [CAR-LOCK] car #603 was locked by Edward_Collin
[2013-10-13 18:19] [CAR-UNLOCK] car #603 was unlocked by Edward_Collin
[2013-10-13 18:19] [CAR-LOCK] car #603 was locked by Edward_Collin
[2013-10-13 18:19] [CAR-UNLOCK] car #603 was unlocked by Edward_Collin
[2013-10-13 18:19] [CAR-LOCK] car #603 was locked by Edward_Collin
[2013-10-13 18:19] [CAR-UNLOCK] car #603 was unlocked by Edward_Collin
[2013-10-13 18:19] [CAR-LOCK] car #603 was locked by Edward_Collin
[2013-10-13 18:19] [CAR-UNLOCK] car #603 was unlocked by Edward_Collin
[2013-10-13 18:19] [CAR-LOCK] car #603 was locked by Edward_Collin
[2013-10-13 18:19] [CAR-UNLOCK] car #603 was unlocked by Edward_Collin
[2013-10-13 18:19] [CAR-LOCK] car #603 was locked by Edward_Collin
[2013-10-13 18:19] [CAR-UNLOCK] car #603 was unlocked by Johnny_CreW
[2013-10-13 18:19] [CAR-LOCK] car #603 was locked by Jhony_Alvarez
[2013-10-13 18:19] [CAR-UNLOCK] car #603 was unlocked by Jhony_Alvarez
[2013-10-13 18:20] [CAR-LOCK] car #603 was locked by Jhony_Alvarez
[2013-10-13 18:20] [CAR-UNLOCK] car #603 was unlocked by Jhony_Alvarez
[2013-10-13 18:20] [CAR-LOCK] car #603 was locked by Jhony_Alvarez
[2013-10-13 18:20] [CAR-UNLOCK] car #603 was unlocked by Jhony_Alvarez
[2013-10-13 18:20] [CAR-LOCK] car #603 was locked by Jhony_Alvarez
[2013-10-13 18:20] [CAR-UNLOCK] car #603 was unlocked by Jhony_Alvarez
[2013-10-13 18:20] [CAR-LOCK] car #603 was locked by Jhony_Alvarez
[2013-10-13 18:21] [CAR-UNLOCK] car #603 was unlocked by Jhony_Alvarez
[2013-10-13 18:22] [CAR-UNLOCK] car #516 was unlocked by Jhony_Alvarez
[2013-10-13 18:23] [CAR-LOCK] car #603 was locked by Jhony_Alvarez
[2013-10-13 18:24] [CAR-UNLOCK] car #603 was unlocked by Jhony_Alvarez
[2013-10-13 18:24] [CAR-UNLOCK] car #118 was unlocked by Jhony_Alvarez
[2013-10-13 18:24] [CAR-LOCK] car #118 was locked by Johnny_CreW
[2013-10-13 18:24] [CAR-UNLOCK] car #118 was unlocked by Johnny_CreW
[2013-10-13 18:29] [CAR-LOCK] car #504 was locked by Jhony_Alvarez
[2013-10-13 18:52] [CAR-LOCK] car #86 was locked by Dominic_Toretto
[2013-10-13 18:52] [CAR-UNLOCK] car #86 was unlocked by Dominic_Toretto
[2013-10-13 18:56] [CAR-UNLOCK] car #662 was unlocked by Edward_Collin
[2013-10-13 18:56] [CAR-UNLOCK] car #229 was unlocked by Edward_Collin
[2013-10-13 20:24] [CAR-UNLOCK] car #126 was unlocked by Dominic_Toretto
[2013-10-13 20:24] [CAR-LOCK] car #126 was locked by Dominic_Toretto
[2013-10-13 21:42] [CAR-UNLOCK] car #448 was unlocked by Jason_Statham
[2013-10-13 22:23] [CAR-UNLOCK] car #222 was unlocked by Jason_Statham
[2013-10-14 15:45] [CAR-LOCK] car #671 was locked by Thomas_Smecker
[2013-10-14 15:46] [CAR-UNLOCK] car #671 was unlocked by Thomas_Smecker
[2013-10-14 16:25] [CAR-UNLOCK] car #671 was unlocked by Thomas_Smecker
[2013-10-14 18:15] [CAR-UNLOCK] car #-3 was unlocked by Edward_Collin
[2013-10-14 18:22] [CAR-LOCK] car #432 was locked by Diego_Gregori
[2013-10-14 18:22] [CAR-UNLOCK] car #432 was unlocked by Diego_Gregori
[2013-10-14 18:30] [CAR-LOCK] car #431 was locked by Zack_Morrison
[2013-10-14 19:28] [CAR-UNLOCK] car #88 was unlocked by Dominic_Toretto
[2013-10-14 19:35] [CAR-UNLOCK] car #205 was unlocked by Dominic_Toretto
[2013-10-14 19:35] [CAR-LOCK] car #205 was locked by Dominic_Toretto
[2013-10-14 19:36] [CAR-UNLOCK] car #103 was unlocked by Dominic_Toretto
[2013-10-14 19:36] [CAR-LOCK] car #103 was locked by Dominic_Toretto
[2013-10-14 19:36] [CAR-LOCK] car #375 was locked by Henry_Domelson
[2013-10-14 19:39] [CAR-UNLOCK] car #226 was unlocked by Pablo_Escobar
[2013-10-14 19:40] [CAR-UNLOCK] car #577 was unlocked by Pablo_Escobar
[2013-10-14 19:42] [CAR-UNLOCK] car #375 was unlocked by Curtis_Vercetti
[2013-10-14 19:45] [CAR-LOCK] car #222 was locked by Henry_Domelson
[2013-10-14 20:06] [CAR-UNLOCK] car #428 was unlocked by Johnny_CreW
[2013-10-14 20:16] [CAR-UNLOCK] car #647 was unlocked by Johnny_CreW
[2013-10-14 20:32] [CAR-UNLOCK] car #255 was unlocked by Diego_Gregori
[2013-10-14 20:51] [CAR-LOCK] car #386 was locked by Diego_Gregori
[2013-10-14 20:51] [CAR-UNLOCK] car #386 was unlocked by Diego_Gregori
[2013-10-14 20:51] [CAR-LOCK] car #380 was locked by Diego_Gregori
[2013-10-14 20:51] [CAR-LOCK] car #494 was locked by Diego_Gregori
[2013-10-14 20:51] [CAR-LOCK] car #561 was locked by Diego_Gregori
[2013-10-14 20:51] [CAR-LOCK] car #385 was locked by Diego_Gregori
[2013-10-14 20:51] [CAR-LOCK] car #387 was locked by Diego_Gregori
[2013-10-14 21:30] [CAR-UNLOCK] car #61 was unlocked by Endy_Clarkson
[2013-10-14 21:37] [CAR-UNLOCK] car #273 was unlocked by Endy_Clarkson
[2013-10-14 21:57] [CAR-LOCK] car #607 was locked by Jason_Statham
[2013-10-14 21:57] [CAR-UNLOCK] car #607 was unlocked by Jason_Statham
[2013-10-14 21:58] [CAR-LOCK] car #607 was locked by Jason_Statham
[2013-10-14 22:02] [CAR-UNLOCK] car #437 was unlocked by Henry_Domelson
[2013-10-14 22:02] [CAR-LOCK] car #437 was locked by Henry_Domelson
[2013-10-14 22:03] [CAR-UNLOCK] car #674 was unlocked by Henry_Domelson
[2013-10-14 22:03] [CAR-LOCK] car #674 was locked by Henry_Domelson
[2013-10-14 22:03] [CAR-LOCK] car #436 was locked by Henry_Domelson
[2013-10-14 22:03] [CAR-UNLOCK] car #436 was unlocked by Henry_Domelson
[2013-10-14 22:10] [CAR-LOCK] car #436 was locked by Henry_Domelson
[2013-10-14 23:33] [CAR-UNLOCK] car #278 was unlocked by Daniel_Vincenzo
[2013-10-14 23:41] [CAR-LOCK] car #196 was locked by Daniel_Vincenzo
[2013-10-15 10:06] [CAR-UNLOCK] car #196 was unlocked by Daniel_Vincenzo
