[2013-10-03 12:31] : A Los Santos Vagos Football Club Tagokat Keres És Mindenkit Szívesen Vár! ((TS3)).. ((Carloz Andrew Martino))
[2013-10-03 13:35] : X6-ost veszek olcsón sok km-eset 880052.. ((Zack Morrison))
[2013-10-03 13:36] : X6-ost veszek olcsón sok km-eset 880052.. ((Zack Morrison))
[2013-10-03 13:42] : X6-ost veszek olcsón sok km-eset 880052.. ((Zack Morrison))
[2013-10-03 13:50] : X6-ost veszek olcsón sok km-eset 880052.. ((Zack Morrison))
[2013-10-03 14:19] : X6-ost veszek olcsón sok km-eset 880052.. ((Zack Morrison))
[2013-10-03 14:41] : Quad eladó.. ((Johnny CreW))
[2013-10-03 14:45] : Első tűzparancs kiadva!.. ((Johnny CreW))
[2013-10-03 14:59] : Ház eladó.. ((Johnny CreW))
[2013-10-03 14:59] : X6-ost veszek olcsón sok km-eset 880052.. ((Zack Morrison))
[2013-10-03 15:00] : 659152 Camarot veszek.. ((Ton Jones))
[2013-10-03 15:02] : 659152 Camarot veszek.. ((Ton Jones))
[2013-10-03 15:07] : 659152 Camarot veszek.. ((Ton Jones))
[2013-10-03 15:08] : Toyota Eladó Délin 3.5m.. ((Jim Beam))
[2013-10-03 15:09] : Ház eladó.. ((Johnny CreW))
[2013-10-03 15:10] : 659152 Camarot veszek.. ((Ton Jones))
[2013-10-03 15:12] : Camarot veszek.. ((Ton Jones))
[2013-10-03 15:16] : X6-ost veszek olcsón sok km-eset 880052.. ((Zack Morrison))
[2013-10-03 15:17] : m3 és fiat eladó 880052.. ((Zack Morrison))
[2013-10-03 15:17] : m3 és fiat eladó 880052.. ((Zack Morrison))
[2013-10-03 15:22] : Chopper eladó városházán megtekinthető!.. ((Daniel Cortez))
[2013-10-03 15:23] : m3 és fiat eladó 880052.. ((Zack Morrison))
[2013-10-03 15:23] : Choper eladó! Városházán megtekinthető.. ((Daniel Cortez))
[2013-10-03 15:28] : Chopper eladó! olcsón városházán megtekinthető.. ((Daniel Cortez))
[2013-10-03 15:30] : m3 és fiat eladó 880052.. ((Zack Morrison))
[2013-10-03 15:30] : Chopper eladó! Olcsón városházán megtekinthető.. ((Daniel Cortez))
[2013-10-03 15:30] : m3 és fiat eladó 880052.. ((Zack Morrison))
[2013-10-03 15:33] : m3 és fiat eladó 880052.. ((Zack Morrison))
[2013-10-03 15:35] : m3 és fiat eladó 880052.. ((Zack Morrison))
[2013-10-03 15:35] : m3 és fiat eladó 880052.. ((Zack Morrison))
[2013-10-03 15:37] : Toyota Eladó Délin 3.5m.. ((Jim Beam))
[2013-10-03 15:42] : Ház eladó.. ((Johnny CreW))
[2013-10-03 15:42] : 659152 Camarot vagy Mustangot veszek.. ((Ton Jones))
[2013-10-03 15:44] : BMW 540I Eladó!Hibátlan!.. ((Szabo Marton))
[2013-10-03 15:44] : m3 és fiat eladó 880052.. ((Zack Morrison))
[2013-10-03 15:45] : m3 és fiat eladó 880052.. ((Zack Morrison))
[2013-10-03 15:46] : BMW540I ELADó! Törésmentes!.. ((Szabo Marton))
[2013-10-03 15:46] : a Japán étterem felvételt tart ((yaku TGF szoba)).. ((Hartmann Dzsino Daniel))
[2013-10-03 15:46] : m3 és fiat eladó 880052.. ((Zack Morrison))
[2013-10-03 15:49] : m3 és fiat eladó 880052.. ((Zack Morrison))
[2013-10-03 15:50] : 659152 Camrot vagy Mustangot veszek.. ((Ton Jones))
[2013-10-03 15:52] : Chopper és Burito eladó! városházán emgtekinthető.. ((Daniel Cortez))
[2013-10-03 15:53] : m3 és fiat eladó 880052.. ((Zack Morrison))
[2013-10-03 15:55] : m3 és fiat eladó 880052.. ((Zack Morrison))
[2013-10-03 15:55] : Autókat veszek!.. ((Daniel Cortez))
[2013-10-03 16:01] : Ház eladó.. ((Johnny CreW))
[2013-10-03 16:15] : Autókat veszek!.. ((Daniel Cortez))
[2013-10-03 16:16] : Autókat veszek!.. ((Daniel Cortez))
[2013-10-03 16:18] : Autókat veszek!.. ((Daniel Cortez))
[2013-10-03 16:33] : Autostalálkozo van a Skateparkba!.. ((Kelly Belic))
[2013-10-03 16:35] : Autostalálkozo van Sktaparkba! Mindenki jöjön!.. ((Kelly Belic))
[2013-10-03 19:00] : Quad eladó.. ((Johnny CreW))
[2013-10-03 19:01] : Ház eladó.. ((Johnny CreW))
[2013-10-03 19:04] : Kis ház eladó.. ((Johnny CreW))
[2013-10-03 19:06] : Quad eladó.. ((Johnny CreW))
[2013-10-03 19:09] : kis ház eladó.. ((Johnny CreW))
[2013-10-03 19:16] : Kis ház eladó.. ((Johnny CreW))
[2013-10-03 19:30] : Kis ház eladó.. ((Johnny CreW))
[2013-10-03 20:12] : eladó csopper.545032.. ((Georg Wilhelm))
[2013-10-03 20:26] : mazda eladó.. ((Vajda Daniel))
[2013-10-03 20:28] : mazda eladó.. ((Vajda Daniel))
[2013-10-03 20:31] : mazda eladó.. ((Vajda Daniel))
[2013-10-03 20:48] : Dodge elado.. ((Huan Paulo Alexander))
[2013-10-03 20:49] : Házak eladok.. ((Huan Paulo Alexander))
[2013-10-03 21:20] : x6-os vezsek olcsón 880052.. ((Zack Morrison))
[2013-10-03 21:24] : Eladom/cserélem audi a6-osomat.. ((Barney Ross))
[2013-10-03 21:25] : Autot vagy FCR-t veszek olcsón.. ((Taylor Kurt))
[2013-10-03 21:27] : ELAdom/cserélem AUDI a6 omat.. ((Barney Ross))
[2013-10-03 21:28] : Charger eladó.. ((John Crookers))
[2013-10-03 21:31] : dodge charger eladó.. ((John Crookers))
[2013-10-03 21:31] : cserélem audi a6-osom egy mbw m3-asra.. ((Barney Ross))
[2013-10-03 21:33] : audi a6-om cserélem.. ((Barney Ross))
[2013-10-03 21:36] : Dodge Charger eladó.. ((John Crookers))
[2013-10-03 21:36] : hol van a közfenttartók kocsija Tel: 516436.. ((Alex Bodnar))
[2013-10-03 21:57] : Érdekel changer.467263.. ((Jason Black))
[2013-10-03 22:05] : Autót És Házat Vennék!.. ((Nigel Taylor))
[2013-10-03 22:08] : Házat Fűszert vennék!.. ((Nigel Taylor))
[2013-10-03 22:09] : Ház És Fűszer Érdekel!.. ((Nigel Taylor))
[2013-10-03 22:27] : Fűszert És AirSoftot vennék!.. ((Nigel Taylor))
[2013-10-03 22:34] : Autó És HÁz Érdekel.. ((Nigel Taylor))
[2013-10-04 13:46] : Autó És Ház Érdekel!.. ((Nigel Taylor))
[2013-10-04 14:09] : Toyota Eladó Délin 3.5m.. ((Jim Beam))
[2013-10-04 15:45] : Suzuki motort vennék((NRG-500)).. ((Milan Fernandez))
[2013-10-04 15:51] : Suzuki morot vennék ! ((NRG-500)).. ((Milan Fernandez))
[2013-10-04 15:55] : Suzuki motort vennék!! ((NRG-500)).. ((Milan Fernandez))
[2013-10-04 16:01] : Suzuki motort vennék!! ((NRG-500)).. ((Milan Fernandez))
[2013-10-04 16:26] : Suzuki motort vennék!! ((NRG-500)).. ((Milan Fernandez))
[2013-10-04 16:30] : Suzuki motort vennék!! ((NRG-500)).. ((Milan Fernandez))
[2013-10-04 16:35] : Suzuki motort vennék!! ((NRG-500)).. ((Milan Fernandez))
[2013-10-04 16:36] : Ladát veszek.. ((John Hancock))
[2013-10-04 16:39] : Suzuki motort vennék!! ((NRG-500)).. ((Milan Fernandez))
[2013-10-04 16:48] : Suzuki motort vennék!! ((NRG-500)).. ((Milan Fernandez))
[2013-10-04 16:51] : Suzuki motort vennék!! ((NRG-500)).. ((Milan Fernandez))
[2013-10-04 17:07] : Kis ház eladó.. ((Johnny CreW))
[2013-10-04 17:15] : Eladó Ferari Tel:717757.. ((Giorgio Armando))
[2013-10-04 17:17] : Ház eladó!.. ((Milan Fernandez))
[2013-10-04 17:17] : Eladó Ferari Tel:717757.. ((Giorgio Armando))
[2013-10-04 17:17] : Ház eladó!.. ((Milan Fernandez))
[2013-10-04 17:18] : Suzuki motort vennék !! ((NRG-500)).. ((Milan Fernandez))
[2013-10-04 17:20] : Suzuki motort vennék !! ((NRG-500)).. ((Milan Fernandez))
[2013-10-04 17:23] : Eladó M3/Dodge tel756282.. ((Molnar Benjamin))
[2013-10-04 17:23] : Suzuki motort vennék !! ((NRG-500)).. ((Milan Fernandez))
[2013-10-04 17:23] : Kis ház eladó.. ((Johnny CreW))
[2013-10-04 17:24] : Quad eladó.. ((Johnny CreW))
[2013-10-04 17:27] : Kish áz eladó.. ((Johnny CreW))
[2013-10-04 17:27] : Suzuki motort vennék !! ((NRG-500)).. ((Milan Fernandez))
[2013-10-04 17:28] : Fűszert És Airsoftot vennék!.. ((Nigel Taylor))
[2013-10-04 17:29] : Suzuki motort vennék !! ((NRG-500)).. ((Milan Fernandez))
[2013-10-04 17:32] : Kis ház eladó.. ((Johnny CreW))
[2013-10-04 17:33] : Toyota Eladó Délin 3.5m.. ((Jim Beam))
[2013-10-04 17:33] : Airsoft Érdekel! ((M4 AK MP5 DEAGLE!)).. ((Nigel Taylor))
[2013-10-04 18:16] : Burrito eladó.. ((Marcus Rollin))
[2013-10-04 19:05] : Toyota Eladó Vh-n.. ((Jim Beam))
[2013-10-04 19:12] : Toyota Eladó Vh-n.. ((Jim Beam))
[2013-10-04 19:14] : Felmosó rongyot veszek.. ((Endy Clarkson))
[2013-10-04 19:23] : eladó csopper.545032.. ((Georg Wilhelm))
[2013-10-04 19:25] : 659152 Lerobbant kocsi? Defektes kerék? Törött szélvédő? Hívja a Kyouska autószervízt!.. ((Ton Jones))
[2013-10-04 19:52] : Ház eladó.. ((Endy Clarkson))
[2013-10-04 20:07] : A6 ot veszek! Tuningosat.. ((Morris Monroe))
[2013-10-04 20:08] : 732254 gmc terepjáró tökéletes állapotú 55km-el olcsón!.. ((Edlman Martin))
[2013-10-04 20:32] : Ház eladó!.. ((Roberts Akos))
[2013-10-04 20:36] : Ház eladó!.. ((Roberts Akos))
[2013-10-04 20:36] : Ház eladó!.. ((Roberts Akos))
[2013-10-04 20:47] : Ház eladó!.. ((Roberts Akos))
[2013-10-04 20:54] : Ház eladó!.. ((Roberts Akos))
[2013-10-04 20:55] : Ház eladó!.. ((Roberts Akos))
[2013-10-04 20:57] : Toyota Eladó Vh-n.. ((Jim Beam))
[2013-10-04 21:06] : Ház eladó!.. ((Roberts Akos))
[2013-10-04 21:07] : Ház eladó!.. ((Roberts Akos))
[2013-10-04 21:12] : Ház eladó!.. ((Roberts Akos))
[2013-10-04 21:14] : Kis ház eladó.. ((Johnny CreW))
[2013-10-04 21:15] : Ház eladó!.. ((Roberts Akos))
[2013-10-04 21:16] : Eladó Tuning lada!.. ((Morris Monroe))
[2013-10-04 21:17] : Ház eladó!.. ((Roberts Akos))
[2013-10-04 21:37] : Eladó kocsi érd. 435540.. ((Jim Tom))
[2013-10-04 21:39] : Eladó kocsi érd. 435540.. ((Jim Tom))
[2013-10-04 21:42] : A6 veszek!.. ((Morris Monroe))
[2013-10-04 21:53] : ferrari érdekel.. ((Thomas Ramsey))
[2013-10-04 22:00] : ferrari érdekel.. ((Thomas Ramsey))
[2013-10-04 22:02] : ferrari érdekel.. ((Thomas Ramsey))
[2013-10-04 22:13] : ferrarit veszek.. ((Thomas Ramsey))
[2013-10-04 22:17] : ferrarit, vagy olcsó házat veszek.. ((Thomas Ramsey))
[2013-10-04 22:24] : ferrarit veszek.. ((Thomas Ramsey))
[2013-10-04 22:27] : 2 milkába kocsit veszek.. ((Vajda Daniel))
[2013-10-04 22:32] : 2m-be járművet veszek.. ((Vajda Daniel))
[2013-10-04 22:33] : Lada eladó.. ((Mikhail Kalashnikov))
[2013-10-04 22:35] : club-ot veszek.. ((Nagy Attila))
[2013-10-04 22:35] : járművet veszek 2m-be.. ((Vajda Daniel))
[2013-10-04 22:37] : Lada eladó!.. ((Mikhail Kalashnikov))
[2013-10-04 22:37] : ((Nagy Attila hívjon fel 392175)).. ((Ryan Carson))
[2013-10-04 22:47] : Skeat-parkban Tuning találkozó! Mindenkit szeretettel várunk! Belépés: 5000 FT.. ((Vander John))
[2013-10-04 22:57] : Skeat-parkban tuningtalálkozó! belépés: 5000 FT.. ((Vander John))
[2013-10-04 23:01] : X6-ot veszek jó áron.. ((Nico Bellic))
[2013-10-04 23:28] : járművet veszek 2 m-be.. ((Vajda Daniel))
[2013-10-04 23:28] : Eladó tuning lada! A6 érdekel!.. ((Morris Monroe))
[2013-10-04 23:31] : autót veszek.. ((Vajda Daniel))
[2013-10-04 23:48] : Taxit Kérnék a bankhoz.. ((Kazinci Betti))
[2013-10-05 07:59] : Eladó autok 782933.. ((Nick Denis))
[2013-10-05 09:16] : BMW-t veszek 1,1 Millioba!.. ((Szabo Marton))
[2013-10-05 09:17] : Ház eladó olcsó,jó kevés adó nagy hej tel:381969.. ((George Lucas))
[2013-10-05 09:35] : mclaren, suzuki motor eladó ferrari érdekel.. ((Thomas Ramsey))
[2013-10-05 09:37] : mclraren, suzuki motor eladó ferrari érdekel.. ((Thomas Ramsey))
[2013-10-05 09:47] : Ház eladó kevés adó nagy hej Tel:381969.. ((George Lucas))
[2013-10-05 10:04] : peugeot eladó.. ((Hernandez Erik))
[2013-10-05 10:10] : peugeot eladó.. ((Hernandez Erik))
[2013-10-05 10:22] : 659152 NRG-500 ast veszek.. ((Ton Jones))
[2013-10-05 10:49] : Lada eladó.. ((Mikhail Kalashnikov))
[2013-10-05 10:55] : Camaró eladó! Érd 598691.. ((Vander John))
[2013-10-05 10:58] : Lada eladó.. ((Mikhail Kalashnikov))
[2013-10-05 11:00] : Lada eladó.. ((Mikhail Kalashnikov))
[2013-10-05 11:02] : Lada Eladó! A6-ot veszek!.. ((Morris Monroe))
[2013-10-05 11:07] : Lada olcsón!.. ((Morris Monroe))
[2013-10-05 11:10] : Déli benzinkut mellett elado ingatlan 7 misi.. ((Taylor Kurt))
[2013-10-05 11:16] : Elaó vagy csere autoim 782933.. ((Nick Denis))
[2013-10-05 11:51] : Autot vennék 1 millioért!.. ((Szabo Marton))
[2013-10-05 11:58] : 600 ezer-ig vennék jármüvet.. ((Jeferson Overy))
[2013-10-05 12:02] : Millioig vennék kocsit!TEl:436251.. ((Szabo Marton))
[2013-10-05 13:30] : Felmosó eladó.. ((Endy Clarkson))
[2013-10-05 13:36] : Ház eladó.. ((Mikhail Kalashnikov))
[2013-10-05 13:37] : Ház eladó.. ((Mikhail Kalashnikov))
[2013-10-05 13:40] : Ház eladó.. ((Mikhail Kalashnikov))
[2013-10-05 13:47] : Ház eladó.. ((Mikhail Kalashnikov))
[2013-10-05 13:51] : Elado kocsik és ház Tel:717757.. ((Giorgio Armando))
[2013-10-05 13:56] : Ház eladó.. ((Mikhail Kalashnikov))
[2013-10-05 13:58] : Eladó G.negy, ház, Lada!.. ((Morris Monroe))
[2013-10-05 13:59] : Eladó Gazdag negyedi 7szobás ház olcsón!.. ((Morris Monroe))
[2013-10-05 14:00] : ElaódLada.. ((Morris Monroe))
[2013-10-05 14:36] : Toyota Eladó Vh-n.. ((Jim Beam))
[2013-10-05 14:52] : Toyotát veszek tel: 407938.. ((Nagy Attila))
[2013-10-05 15:05] : Szebbnél Szebb kocsik eladó!.. ((Endy Clarkson))
[2013-10-05 15:08] : Munkát adok.. ((Fabricio Garcia))
[2013-10-05 15:08] : Szebbnél Szebb kocsi eladó.. ((Endy Clarkson))
[2013-10-05 15:10] : Luxus kocsik eladók.. ((Endy Clarkson))
[2013-10-05 15:12] : Ferrarit veszek.. ((Jhony Alvarez))
[2013-10-05 15:13] : Dodge eladó 756282.. ((Molnar Benjamin))
[2013-10-05 15:16] : Luxus kocsi eladó.. ((Endy Clarkson))
[2013-10-05 15:27] : Ferrarit veszek.. ((Jhony Alvarez))
[2013-10-05 15:28] : Ferrarit veszek.. ((Jhony Alvarez))
[2013-10-05 15:29] : ferrarit veszek.. ((Jhony Alvarez))
[2013-10-05 15:30] : Dodge Chargert vennék!.. ((Curtis Vercetti))
[2013-10-05 15:34] : BMW M3-at vennék!.. ((Curtis Vercetti))
[2013-10-05 15:47] : BMW 540it veszek.. ((Mikhail Kalashnikov))
[2013-10-05 15:50] : Eladó olcsón: Lada, Gazdagnegyedi ház!.. ((Morris Monroe))
[2013-10-05 16:14] : Audi A6 veszek!.. ((Morris Monroe))
[2013-10-05 16:15] : BMW 540it veszek.. ((Mikhail Kalashnikov))
[2013-10-05 16:25] : Suzuki motort vennék !! ((NRG-500)).. ((Milan Fernandez))
[2013-10-05 16:27] : Suzuki motort vennék !! ((NRG-500)).. ((Milan Fernandez))
[2013-10-05 16:29] : Suzuki motort vennék !! ((NRG-500)).. ((Milan Fernandez))
[2013-10-05 16:29] : EladóG.N. ház.. ((Morris Monroe))
[2013-10-05 16:31] : Ház Eladó.. ((Mikhail Kalashnikov))
[2013-10-05 16:33] : Ház Eladó.. ((Mikhail Kalashnikov))
[2013-10-05 16:42] : Eladó gazdag negyedi ház olcsón!.. ((Morris Monroe))
[2013-10-05 17:11] : 2db NRG-t veszek!.. ((Morris Monroe))
[2013-10-05 17:11] : Taxizást válalok olcson 684009!!.. ((Arnold Lincoln))
[2013-10-05 17:13] : Taxizást válalok olcson 684009!!.. ((Arnold Lincoln))
[2013-10-05 17:16] : Gazdag negyedi ház eladó.. ((Nico Bellic))
[2013-10-05 17:17] : Gazdag negyedi ház eladó.. ((Nico Bellic))
[2013-10-05 17:32] : NRG-t veszek.. ((Nico Bellic))
[2013-10-05 17:38] : NRG-t veszek.. ((Nico Bellic))
[2013-10-05 18:50] : Toyota&BMWM3 Eladó Vh-n.. ((Jim Beam))
[2013-10-05 18:52] : Toyota&BMWM3 Eladó Vh-n.. ((Jim Beam))
[2013-10-05 19:01] : Eladó ház 782933.. ((Nick Denis))
[2013-10-05 19:04] : Kocsit veszek 5misiig!.. ((Morris Monroe))
[2013-10-05 19:15] : Eladó nagy ház 782933.. ((Nick Denis))
[2013-10-05 19:30] : A6 veszek!.. ((Morris Monroe))
[2013-10-05 19:43] : Eladó Gazdagnegyedi ház!.. ((Morris Monroe))
[2013-10-05 19:45] : Suzuki motort veszek.. ((Nico Bellic))
[2013-10-05 19:46] : NRG-t veszek!.. ((Morris Monroe))
[2013-10-05 19:47] : NRG-900-at veszek.. ((Nico Bellic))
[2013-10-05 20:18] : Eladó ház 782933.. ((Nick Denis))
[2013-10-05 20:43] : Ferrarit veszek.. ((Jhony Alvarez))
[2013-10-05 20:45] : Ferrarit veszek.. ((Jhony Alvarez))
[2013-10-05 21:00] : Mustang BMW NRG Eladó! Érd telefonon.. ((Curtis Vercetti))
[2013-10-05 21:00] : astron martint cserélek camara +ráfizetek!.. ((Nagy Kristof))
[2013-10-05 21:04] : BMW Mustang eladó! érd telefonon.. ((Curtis Vercetti))
[2013-10-05 21:11] : BMW, MUSTANG Eladó!.. ((Curtis Vercetti))
[2013-10-05 21:11] : Ház,Dodge elado.. ((Huan Paulo Alexander))
[2013-10-05 21:14] : Eladó GMC Furgon és Fiat 500-as.. ((Kordik Zsolt))
[2013-10-05 21:21] : Dodge,Ház elado.. ((Huan Paulo Alexander))
[2013-10-05 21:23] : BMW M3 eladó! Érd telefonon!.. ((Curtis Vercetti))
[2013-10-05 21:25] : Dodge,Ház elado.. ((Huan Paulo Alexander))
[2013-10-05 21:26] : Eladó Furgon és Fiat-500 as!!!.. ((Kordik Zsolt))
[2013-10-05 21:26] : Eladó robogo kevés km-el.. ((Barney Ross))
[2013-10-05 21:27] : BMW M3 ELadó! Érd Telefonon.. ((Curtis Vercetti))
[2013-10-05 21:33] : kocsit veszek tel 516436.. ((Alex Bodnar))
[2013-10-05 21:37] : Dodge,Ház elado.. ((Huan Paulo Alexander))
[2013-10-05 21:41] : kocsit veszek 800 k ba tel 516436.. ((Alex Bodnar))
[2013-10-05 21:42] : Ház eladó 5m.. ((Endy Clarkson))
[2013-10-05 21:42] : kocsit veszek tel 516436.. ((Alex Bodnar))
[2013-10-05 21:43] : kocsit veszek.. ((Alex Bodnar))
[2013-10-05 21:47] : Bmw 540 i ELADO/CSERE.. ((Kaffai Andras))
[2013-10-05 21:48] : BMW M3 Eladó! Érd Telefonon.. ((Curtis Vercetti))
[2013-10-05 21:50] : Audi A6 ost veszek Tel 381969.. ((George Lucas))
[2013-10-05 21:52] : 1,2Millioig kocsit veszek TEl:436251.. ((Szabo Marton))
[2013-10-05 21:56] : BMW M3 Eladó! Érd Telefonon.. ((Curtis Vercetti))
[2013-10-05 22:00] : Kocsit veszek.. ((Fabricio Garcia))
[2013-10-05 22:04] : Kocsit veszek.. ((Fabricio Garcia))
[2013-10-05 22:05] : bmw-t veszek tel 516436.. ((Alex Bodnar))
[2013-10-05 22:07] : bmw kell.. ((Alex Bodnar))
[2013-10-05 22:12] : Kocsit veszek.. ((Fabricio Garcia))
[2013-10-05 22:29] : kocsit veszek!.. ((Alex Bodnar))
[2013-10-05 22:37] : haz eladó 5m.. ((Endy Clarkson))
[2013-10-05 22:39] : Ház eladó tel:381969.. ((George Lucas))
[2013-10-05 22:41] : Házat veszek.. ((Fabricio Garcia))
[2013-10-05 22:45] : Ház/kocsi eladó.. ((Endy Clarkson))
[2013-10-05 22:46] : Haz/kocsi eladó.. ((Endy Clarkson))
[2013-10-05 22:48] : Ház/kocsi eladó.. ((Endy Clarkson))
[2013-10-05 22:49] : Házat veszek olcsón.. ((Fabricio Garcia))
[2013-10-05 22:50] : Házat veszek olcsón.. ((Fabricio Garcia))
[2013-10-05 22:50] : motort veszek.. ((Vajda Daniel))
[2013-10-05 22:51] : Házat veszek.. ((Fabricio Garcia))
[2013-10-05 22:52] : motort veszek.. ((Vajda Daniel))
[2013-10-05 22:54] : Ház/kocsi ELADÓ!!.. ((Endy Clarkson))
[2013-10-05 22:54] : motort veszek.. ((Vajda Daniel))
[2013-10-05 23:00] : Ház/Kocsi Eladó.. ((Endy Clarkson))
[2013-10-05 23:00] : motort veszek.. ((Vajda Daniel))
[2013-10-05 23:03] : Ház/kocsi eladó.. ((Endy Clarkson))
[2013-10-05 23:03] : Dodge,Ház elado.. ((Huan Paulo Alexander))
[2013-10-05 23:10] : Ház,Dodge elado.. ((Huan Paulo Alexander))
[2013-10-05 23:14] : Házat veszek.. ((Fabricio Garcia))
[2013-10-05 23:17] : Kocsi/Ház eladó.. ((Endy Clarkson))
[2013-10-05 23:17] : J.. ((Fabricio Garcia))
[2013-10-05 23:25] : BMW M3 eladó! Érd telefonon.. ((Curtis Vercetti))
[2013-10-05 23:28] : BMW M3 Eladó! Érd. Telefonon!.. ((Curtis Vercetti))
[2013-10-05 23:30] : Kocsi/Ház eladó.. ((Endy Clarkson))
[2013-10-05 23:33] : Házat veszek.. ((Fabricio Garcia))
[2013-10-05 23:33] : Ház/Kocsi eladó.. ((Endy Clarkson))
[2013-10-05 23:35] : Házat veszek.. ((Fabricio Garcia))
[2013-10-05 23:36] : 1,2 Millioig autot vennék! Tel:436251.. ((Szabo Marton))
[2013-10-06 08:55] : GSF Kosárcsapata TGF-et Hirdet ((TS TGF ROOM)).. ((Fabricio Garcia))
[2013-10-06 10:31] : Lada Eladó!!.. ((Gabriel Anderson))
[2013-10-06 10:31] : vizipisztoly eladó 782933.. ((Nick Denis))
[2013-10-06 10:32] : Lada Eladó 778658.. ((Gabriel Anderson))
[2013-10-06 10:34] : Lada Eladó 778658.. ((Gabriel Anderson))
[2013-10-06 10:42] : LADA Eladó 778658.. ((Gabriel Anderson))
[2013-10-06 11:01] : Ladát veszek!.. ((Daniel Wrigther))
[2013-10-06 11:06] : Ház/Kocsi ELADÓ.. ((Endy Clarkson))
[2013-10-06 11:07] : Ház/KOcsi ELADÓ.. ((Endy Clarkson))
[2013-10-06 11:20] : Egy Bmw 540 i full tuningos kocsit cserélek renault tuningosra érd városházán.. ((Tyson Mountain))
[2013-10-06 11:22] : Eladó hotdog városháza.. ((Kolompar Jozsef))
[2013-10-06 11:22] : Burrito,Chopper,Opel eladó!.. ((Daniel Cortez))
[2013-10-06 11:23] : Burrito,Chopper,Opel eladó!.. ((Daniel Cortez))
[2013-10-06 11:26] : HotDog eladó városházán!.. ((Johnny CreW))
[2013-10-06 11:27] : Burrito,Chopper,Opel eladó!.. ((Daniel Cortez))
[2013-10-06 11:31] : Burrito,Chopper,Opel eladó!.. ((Daniel Cortez))
[2013-10-06 11:31] : Burrito,Chopper,Opel eladó!.. ((Daniel Cortez))
[2013-10-06 11:33] : Burrito,Chopper,Opel eladó!.. ((Daniel Cortez))
[2013-10-06 11:35] : Burrito,Chopper,Opel eladó!.. ((Daniel Cortez))
[2013-10-06 11:36] : Burrito,Chopper,Opel eladó!.. ((Daniel Cortez))
[2013-10-06 11:41] : Burrito,Chopper,Opel eladó!.. ((Daniel Cortez))
[2013-10-06 11:45] : HotDog eladó városházánál.. ((Johnny CreW))
[2013-10-06 11:49] : Burrito,Chopper,Opel eladó! Olcsó autókereskedő mellet emgtekinthető.. ((Daniel Cortez))
[2013-10-06 11:51] : Burrito,Chopper,Opel eladó!Olcsó autókereskedő mellet emgtekinthető.. ((Daniel Cortez))
[2013-10-06 11:56] : Eladó zsiguli és faggiop.. ((Daniel Wrigther))
[2013-10-06 11:58] : Lada eladó.. ((Daniel Wrigther))
[2013-10-06 11:59] : faggio eladó.. ((Daniel Wrigther))
[2013-10-06 12:19] : Faggio eladÓ.. ((Daniel Wrigther))
[2013-10-06 12:20] : Elado BMW M3 Érd Város Háza.. ((Kevin Cortez))
[2013-10-06 12:21] : BMW M3 fehér,kék lámpával, Tuning felnivel eladó.. ((Alex Costa))
[2013-10-06 12:24] : Lada és faggio eladó 750 k ért.. ((Daniel Wrigther))
[2013-10-06 12:26] : Ferrari eladó 20M.. ((Endy Clarkson))
[2013-10-06 12:27] : Faggio eladó.. ((Daniel Wrigther))
[2013-10-06 12:27] : Ferrari eladó 20M.. ((Endy Clarkson))
[2013-10-06 12:29] : Ferrari eladó 20M.. ((Endy Clarkson))
[2013-10-06 12:31] : Ferrari eladó 20M.. ((Endy Clarkson))
[2013-10-06 12:32] : Ferrari eladó 20M.. ((Endy Clarkson))
[2013-10-06 12:36] : BMW M3 eladó.. ((Alex Costa))
[2013-10-06 12:36] : BMW M3 eladó.. ((Alex Costa))
[2013-10-06 12:38] : Ferrari eladó 20M.. ((Endy Clarkson))
[2013-10-06 12:44] : Ferrari/Kocsik/Ház Eladó.. ((Endy Clarkson))
[2013-10-06 12:50] : Ferrari/Kocsik/Ház eladó.. ((Endy Clarkson))
[2013-10-06 12:51] : Ladát veszek : 813033.. ((Matthew D Dawis))
[2013-10-06 12:51] : Ferrari/Kocsik/Ház eladó.. ((Endy Clarkson))
[2013-10-06 12:53] : Ladát Veszek 813033.. ((Matthew D Dawis))
[2013-10-06 12:56] : Ferrari/Kocsi/Ház eladó.. ((Endy Clarkson))
[2013-10-06 13:04] : Kocsi elado (olcso)!.. ((Taylor Kurt))
[2013-10-06 13:31] : Los Surenos kézilabda csapad felvételt hirdet.. ((Alex Costa))
[2013-10-06 13:32] : Los Surenos kézilabda csapad felvételt hirdet.. ((Alex Costa))
[2013-10-06 14:10] : Los Surenos Kosaras csapat felvételt hirdet Délinél.. ((Alex Costa))
[2013-10-06 14:12] : Los Surenos Kosaras csapat felvételt hirdet délinél.. ((Alex Costa))
[2013-10-06 14:50] : Camaro tuningolt eladó!Érd:598691.. ((Vander John))
[2013-10-06 15:03] : Astron Martin elado! olcson!.. ((Nagy Kristof))
[2013-10-06 15:43] : Astron Martin Elado olcson.. ((Nagy Kristof))
[2013-10-06 15:43] : Ház/Kocsi Eladó.. ((Endy Clarkson))
[2013-10-06 15:45] : Eladó ház!Tel:488334.. ((Biro Peter))
[2013-10-06 15:46] : Astron Martin elado!.. ((Nagy Kristof))
[2013-10-06 15:53] : Ház eladó!.. ((Biro Peter))
[2013-10-06 17:07] : 659152 Fűszer és só eladó!.. ((Ton Jones))
[2013-10-06 17:07] : Ház eladó!.. ((Roberts Akos))
[2013-10-06 17:10] : 659152 Fűszer és só eladó.. ((Ton Jones))
[2013-10-06 17:13] : Ház eladó!.. ((Roberts Akos))
[2013-10-06 17:14] : Los Surenos Kosár csapat felvételt hirdet Pizzahutnál.. ((Alex Costa))
[2013-10-06 17:16] : Ház eladó!.. ((Roberts Akos))
[2013-10-06 17:18] : Ház eladó!.. ((Roberts Akos))
[2013-10-06 17:20] : Toyota&BMWM3 Eladó Vh-n.. ((Jim Beam))
[2013-10-06 17:20] : Ház eladó!.. ((Roberts Akos))
[2013-10-06 17:30] : Ház eladó!.. ((Roberts Akos))
[2013-10-06 17:38] : Ház eladó!.. ((Roberts Akos))
[2013-10-06 17:39] : Ház eladó!.. ((Roberts Akos))
[2013-10-06 17:40] : Ház eladó!.. ((Roberts Akos))
[2013-10-06 17:41] : Ház eladó!.. ((Roberts Akos))
[2013-10-06 17:46] : Ház eladó.. ((Roberts Akos))
[2013-10-06 17:59] : Az olasz étterem pincéreket keres jó fizetéssel! Honlap:((TS3)).. ((Danieel Craig))
[2013-10-06 18:04] : Ház eladó!.. ((Roberts Akos))
[2013-10-06 18:51] : motort veszek.. ((Vajda Daniel))
[2013-10-06 18:56] : Lada Eladó.. ((John Clarkson))
[2013-10-06 19:08] : Peugeot vásárolnék #639525.. ((Benacs Milan))
[2013-10-06 19:10] : Városháza elött eladó friss helybensült hotdog jöjjenek.. ((Rudolf Hess))
[2013-10-06 19:21] : VH előt finom hot-dog van! ár 1500 FT.. ((Vander John))
[2013-10-06 20:06] : Ház/KOcsi eladó.. ((Endy Clarkson))
[2013-10-06 20:06] : Vh előtt Hotdgo eladó!!!!!!!.. ((Kordik Zsolt))
[2013-10-06 20:09] : Kocs/ház eladó.. ((Endy Clarkson))
[2013-10-06 20:12] : Hát/Kocsi eladó.. ((Endy Clarkson))
[2013-10-06 20:17] : Kocsi/Ház eladó.. ((Endy Clarkson))
[2013-10-06 20:25] : Kocsi/Ház eladó.. ((Endy Clarkson))
[2013-10-06 20:26] : Kocsi/Ház eladó.. ((Endy Clarkson))
[2013-10-06 20:28] : lada eladó!.. ((Hudak Patrik))
[2013-10-06 20:41] : Ladát veszek.. ((John Hancock))
[2013-10-06 20:44] : 2 Ladát veszek.. ((Cserep Martin))
[2013-10-06 20:44] : lada eladó.. ((Hudak Patrik))
[2013-10-06 21:06] : Városháza elött Hotdog eladó!!.. ((Henry Domelson))
[2013-10-06 21:27] : Hot Dog eladó VH-n házhoz is szállitok csak hivjon.. ((Fabricio Garcia))
[2013-10-06 21:39] : Lada eladó!.. ((John Hancock))
[2013-10-06 21:45] : Lada eladó!.. ((Cserep Martin))
[2013-10-06 21:54] : 2 Mercedes eladó!.. ((Henry Domelson))
[2013-10-06 21:57] : Lada eladó.. ((Cserep Martin))
[2013-10-06 21:57] : Lada Eladó!.. ((Cserep Martin))
[2013-10-06 21:59] : Lada eladó Városházán.. ((John Hancock))
[2013-10-06 22:12] : Kocs/Ház eladó.. ((Endy Clarkson))
[2013-10-06 22:19] : Lada eladó.. ((John Hancock))
[2013-10-07 11:45] : Eladó NRG-500.. ((Morris Monroe))
[2013-10-07 12:19] : Segélyosztás a rendőrség elött!.. ((Desimir Romanovic))
[2013-10-07 13:39] : Opel eladó olcsón !.. ((Milan Fernandez))
[2013-10-07 13:41] : Opel eladó olcsón !.. ((Milan Fernandez))
[2013-10-07 14:06] : Az olasz étterem pincéreket keres jó fizetéssel! honlap : ((TS3)).. ((Danieel Craig))
[2013-10-07 14:12] : Ház eladó !.. ((Milan Fernandez))
[2013-10-07 14:19] : Ház eladó !.. ((Milan Fernandez))
[2013-10-07 14:27] : Luxus haz olcsón + NRG 500 eladó!.. ((Morris Monroe))
[2013-10-07 14:43] : Luxus ház+NRG500 ELadó.. ((Morris Monroe))
[2013-10-07 15:18] : 659152 Régi fajta NRG-500 at veszek.. ((Ton Jones))
[2013-10-07 15:37] : Los Surenos Kosár csapat felvételt hirdet déli benzinkúton.. ((Alex Costa))
[2013-10-07 15:40] : Mercedes C350 eladó.. ((Jeferson Overy))
[2013-10-07 15:48] : Toyota&BMWM3 Eladó Vh-n.. ((Jim Beam))
[2013-10-07 16:02] : ingatlan ház eladó olcsón! Érd:598691.. ((Vander John))
[2013-10-07 16:14] : Toyotát veszek városháza elött.. ((Gabor Kyosuke))
[2013-10-07 16:15] : eladó lada.. ((Kolompar Jozsef))
[2013-10-07 16:17] : Toyotát veszek városháza elött.. ((Gabor Kyosuke))
[2013-10-07 16:18] : Sargareti Jozsef hivj.. ((Kertesz Balint))
[2013-10-07 16:18] : FCR-t veszek.. ((Hernandez Erik))
[2013-10-07 16:19] : Toyotát veszek városháza elött 469724.. ((Gabor Kyosuke))
[2013-10-07 16:21] : Sargareti Jozsef hivj Telefonszám 580512.. ((Kertesz Balint))
[2013-10-07 16:21] : motort veszek.. ((Hernandez Erik))
[2013-10-07 16:39] : Lada eladó.. ((John Hancock))
[2013-10-07 16:43] : Lada és Robogó ELADÓ!.. ((Cserep Martin))
[2013-10-07 16:53] : motort veszek.. ((Hernandez Erik))
[2013-10-07 16:57] : Lada eladó.. ((John Hancock))
[2013-10-07 16:59] : Olasz étterem pincéreket keres!! jó fiz honlap : ((ts3)).. ((Danieel Craig))
[2013-10-07 17:02] : Los Surenos Kosár csapat felvételt hirdet a déli benzinkúton.. ((Alex Costa))
[2013-10-07 17:03] : Kecó Eladó.. ((Jeferson Overy))
[2013-10-07 17:04] : Kecó eladó Déli mellet.. ((Jeferson Overy))
[2013-10-07 17:05] : Eladó Kecó.. ((Jeferson Overy))
[2013-10-07 17:06] : Gazdagnegyedi ház eladó.. ((Nico Bellic))
[2013-10-07 17:07] : Gazdagnegyedi ház eladó.. ((Nico Bellic))
[2013-10-07 17:09] : pcj 600 vesz.. ((Tornyosi Oliver))
[2013-10-07 17:15] : HotDog kocsi eladó.. ((Fabricio Garcia))
[2013-10-07 17:18] : Toyotát veszek tel.:469724.. ((Gabor Kyosuke))
[2013-10-07 17:19] : Lada eladó.. ((John Hancock))
[2013-10-07 17:19] : Luxus ház és NRG500 eladó!.. ((Morris Monroe))
[2013-10-07 17:32] : Lada eladó.. ((John Hancock))
[2013-10-07 18:11] : Olasz étterem pincéreket ekres!! honlap:((ts3)).. ((Danieel Craig))
[2013-10-07 19:02] : Dogden eladó!.. ((Marko Sanchez))
[2013-10-07 19:02] : Tel:356048 Dogden eladó!.. ((Marko Sanchez))
[2013-10-07 19:24] : tuningolt lada eladó.. ((Hudak Patrik))
[2013-10-07 19:44] : Luxus ház és NRG500 eladó!.. ((Morris Monroe))
[2013-10-07 20:03] : Toyota kocsit cserélek városházán.. ((Tyson Mountain))
[2013-10-07 20:18] : Eladó Luxus ház és NRG500!.. ((Morris Monroe))
[2013-10-07 20:50] : Ferrarit veszek.. ((Jason Statham))
[2013-10-07 20:55] : Ferrarit veszek!.. ((Jason Statham))
[2013-10-07 21:03] : Los Surenos kosár csapat felvételt hírdet Városházán.. ((Alex Costa))
[2013-10-07 21:05] : Lada Faggio eladó.. ((Daniel Wrigther))
[2013-10-07 21:09] : Lada Faggio eladó.. ((Daniel Wrigther))
[2013-10-07 21:10] : Los Surenos kosár csapat felvételt tart városházán((+TS)).. ((Alex Costa))
[2013-10-07 21:12] : Lada Faggio eladó.. ((Daniel Wrigther))
[2013-10-07 21:16] : Mercédesz C350 Eladó.. ((Jeferson Overy))
[2013-10-07 21:20] : 659152 BMW m3 csere Chopper.. ((Ton Jones))
[2013-10-07 21:22] : 659152 BMW m3 csere Chopper.. ((Ton Jones))
[2013-10-07 21:25] : Los Surenos kosár csapat felvételt hírdet városházán((+TS)).. ((Alex Costa))
[2013-10-08 13:58] : Camaro Elad.. ((Tornyosi Oliver))
[2013-10-08 14:04] : Pcj vesz.. ((Tornyosi Oliver))
[2013-10-08 14:20] : a városházánál frissen sült hotdogot lehet kapni olcson.. ((Kalman Krisztian))
[2013-10-08 14:25] : Vh-n hotdog eladó!!.. ((Henry Domelson))
[2013-10-08 14:25] : Elado 1 toyota 700ezerét csak ma városházán!!.. ((Tyson Mountain))
[2013-10-08 14:32] : Ház eladó.. ((Milan Fernandez))
[2013-10-08 14:35] : Ház eladó.. ((Milan Fernandez))
[2013-10-08 14:49] : Ház eladó !.. ((Milan Fernandez))
[2013-10-08 14:58] : airsoft érdekel.. ((Thomas Ramsey))
[2013-10-08 15:01] : Ház eladó !.. ((Milan Fernandez))
[2013-10-08 15:12] : kocsit veszek Olcsón.. ((Hartmann Dzsino Daniel))
[2013-10-08 15:14] : kocsikat veszek olcsón.. ((Hartmann Dzsino Daniel))
[2013-10-08 15:15] : Ház eladó !.. ((Milan Fernandez))
[2013-10-08 15:16] : kocsit veszek.. ((Hartmann Dzsino Daniel))
[2013-10-08 15:43] : Ház eladó !.. ((Milan Fernandez))
[2013-10-08 16:03] : Ingatlan ház eladó!Érd:665114.. ((Vander John))
[2013-10-08 16:12] : olcsó kocsit keresek bmw540i és lada nem érdekel kórház előtt vagyok.. ((Giorgio Ferrari))
[2013-10-08 16:15] : Az olasz étterem pincéreket keres jú fizetéssel! Honlap : ((ts3)).. ((Danieel Craig))
[2013-10-08 16:17] : A La Cosa Nostra "LCN TGF et tart mindenkinek!.. ((William Escobar))
[2013-10-08 16:27] : Cukor eladó.. ((Mikhail Kalashnikov))
[2013-10-08 16:59] : Ferrairt/Labot veszek . Mustan (4-5Mi.) X6(9-10MI) Eladó!.. ((Jason Statham))
[2013-10-08 17:02] : PCJ 600-at veszek.. ((Tornyosi Oliver))
[2013-10-08 17:10] : Pcj vesz.. ((Tornyosi Oliver))
[2013-10-08 17:11] : Sok Km-es NRG-t Veszek.. ((Tornyosi Oliver))
[2013-10-08 17:12] : motort veszek.. ((Vajda Daniel))
[2013-10-08 17:13] : motort veszek.. ((Vajda Daniel))
[2013-10-08 17:14] : NRG Vesz.. ((Tornyosi Oliver))
[2013-10-08 17:15] : Los Surenos kosár csapat felvételt tart városházán.. ((Alex Costa))
[2013-10-08 17:16] : Motort Veszek.. ((Tornyosi Oliver))
[2013-10-08 17:19] : Nrg-t Veszek.. ((Tornyosi Oliver))
[2013-10-08 17:49] : NRG-t Veszek.. ((Tornyosi Oliver))
[2013-10-08 18:02] : maggie füszer eladó.. ((Vajda Daniel))
[2013-10-08 18:06] : 2db merci eladó.. ((Mikhail Kalashnikov))
[2013-10-08 18:06] : Maggie füszer eladó.. ((Vajda Daniel))
[2013-10-08 18:11] : maggi fűszer eladó.. ((Hernandez Erik))
[2013-10-08 18:17] : NRG vesz.. ((Tornyosi Oliver))
[2013-10-08 18:23] : Los Surenos kosár csapat felvételt hírdet Városháza előtt.. ((Alex Costa))
[2013-10-08 18:25] : 2 merci eladó 2misi.. ((Mikhail Kalashnikov))
[2013-10-08 18:30] : NRG Vesz.. ((Tornyosi Oliver))
[2013-10-08 18:35] : maggi fűszer eladó.. ((Hernandez Erik))
[2013-10-08 18:37] : Luxus ház + NRG500 eladó!.. ((Morris Monroe))
[2013-10-08 19:11] : Motort veszek.. ((Tornyosi Oliver))
[2013-10-08 19:38] : Tuningolt LAda eladó 715275.. ((John Trevor))
[2013-10-08 19:40] : Tuningolt Lada eladó!! 715275.. ((John Trevor))
[2013-10-08 19:47] : Tuningolt Lada eladó!!! 715275.. ((John Trevor))
[2013-10-08 19:48] : Maggi fűszere Eladó.. ((Tornyosi Oliver))
[2013-10-08 19:55] : 715275 Lada eladó tuningolt!!!.. ((John Trevor))
[2013-10-08 20:23] : Porsche veszek!.. ((Taylor Kurt))
[2013-10-08 20:27] : Lada eladó.. ((John Hancock))
[2013-10-08 20:31] : PCJ-t Veszek.. ((Tornyosi Oliver))
[2013-10-08 20:50] : Lambo-t veszek.467263.. ((Jason Black))
[2013-10-08 21:39] : Olasz étterem Felvételt hirdet pincéreknek ((Ts TGF szoba)).. ((Pete Patrik))
[2013-10-08 21:44] : Szerelő hívjon.. ((Bognar Bence))
[2013-10-08 21:52] : Az olasz étterem pincéreket keres ((TS LCN tgf)).. ((Pete Patrik))
[2013-10-09 11:35] : Az Olasz étterem pincéreket keres((Lcn tgf szoba)).. ((Pete Patrik))
[2013-10-09 11:46] : Az Olasz étterem pincéreket keres((Lcn tgf szoba)).. ((Pete Patrik))
[2013-10-09 13:13] : Az Olasz étterem pincéreket keres((Lcn tgf szoba)).. ((Pete Patrik))
[2013-10-09 13:29] : Az Olasz étterem pincéreket keres((Lcn tgf szoba)).. ((Pete Patrik))
[2013-10-09 14:04] : Az Olasz étterem pincéreket keres((Lcn tgf szoba)).. ((Pete Patrik))
[2013-10-09 14:31] : Önkormanyzat felvetert tart ((TS3)).. ((Kaffai Andras))
[2013-10-09 14:56] : Az Olasz étterem pincéreket keres((Lcn tgf szoba)).. ((Pete Patrik))
[2013-10-09 15:06] : Az Olasz étterem pincéreket keres((Lcn tgf szoba)).. ((Pete Patrik))
[2013-10-09 15:37] : Luxus Autót Vennék!.. ((Curtis Vercetti))
[2013-10-09 15:40] : Renault eladó olcsón.778658.. ((Gabriel Anderson))
[2013-10-09 15:41] : Luxus Autót Vennék!.. ((Curtis Vercetti))
[2013-10-09 15:46] : tuningolt lada elado hivj 541006.. ((David Backhem))
[2013-10-09 15:55] : tuningolt lada elado hivj 541006.. ((David Backhem))
[2013-10-09 16:05] : Hummert vennék!.. ((Curtis Vercetti))
[2013-10-09 16:44] : Ház sűrgősen eladó !!!.. ((Milan Fernandez))
[2013-10-09 16:46] : Ház sürgősen eladó.. ((Milan Fernandez))
[2013-10-09 16:50] : ház sürgősen eladó.. ((Milan Fernandez))
[2013-10-09 16:59] : Az Olasz étterem pincéreket keres((Lcn tgf szoba)).. ((Pete Patrik))
[2013-10-09 17:05] : Los Surenos kosás labda csapat felvételt tart a városháza előtt.((TS+Mikrofon)).. ((Alex Costa))
[2013-10-09 17:06] : Az Olasz étterem pincéreket keres((Lcn tgf szoba)).. ((Pete Patrik))
[2013-10-09 17:09] : Elraboltunk egy embert.A rendőrség hívja ezt a számod : 453690.. ((Johnson Morgan))
[2013-10-09 17:17] : elraboltunk egy embert.A rendőrség hívja ezt a számot: 453690.. ((Johnson Morgan))
[2013-10-09 17:23] : elado M3.. ((Rudolf Hess))
[2013-10-09 17:54] : Olasz étterem pincéreket keres ((TS-Tgf)).. ((Pete Patrik))
[2013-10-09 17:55] : Eladó Full tuning Lada.Tel:778658.. ((Gabriel Anderson))
[2013-10-09 18:08] : Fehér BMW 540i jól tuningolva eladó: Telefon:357710.. ((Johnson Morgan))
[2013-10-09 19:10] : Porschet veszek!.. ((Taylor Kurt))
[2013-10-09 20:02] : Városházán hotdogot árulunk és nagyon finom gyertek sokan!.. ((Label Johnson))
[2013-10-09 20:05] : Lambo-t veszek.467263.. ((Jason Black))
[2013-10-09 20:20] : Eladó NRG-500.467263.. ((Jason Black))
[2013-10-09 20:26] : Magi fűszer eladó!!! Tel.: 746670.. ((Big Steve))
[2013-10-09 20:29] : A Ballas nevü kosárcsapat tgf et hirdet (( TS3 Ballas tgf )).. ((Matthew D Dawis))
[2013-10-09 20:47] : Hummert vennék!.. ((Curtis Vercetti))
[2013-10-09 20:49] : Tuning találkozo a Los Santosi reptéren. Mindenkit szeretettel várunk!.. ((Alex Costa))
[2013-10-09 21:08] : Tuning találkozo a los santosi reptéren. Mindenkit szivessen látunk.. ((Alex Costa))
[2013-10-09 21:18] : Los Surenos kézilabda csapad felvételt hirdet.. ((Alex Costa))
[2013-10-09 21:35] : Olasz étterem pincéreket keres ((TS-Tgf)).. ((Pete Patrik))
[2013-10-09 21:55] : Olasz étterem pincéreket keres Jelentkezni Honlapon:((TS-TGF)).. ((Pete Patrik))
[2013-10-09 22:00] : Olasz étterem pincéreket keres Jelentkezni Honlapon:((TS-TGF)).. ((Pete Patrik))
[2013-10-09 22:03] : Barney Ross hivjon!.. ((Morris Monroe))
[2013-10-10 14:02] : Cheetah-t veszek!.. ((Label Johnson))
[2013-10-10 14:40] : BMW 540I ELADÓ TEL 858616.. ((Armany Attila))
[2013-10-10 14:59] : Lada Eladó!Érd.:Tel.. ((Nicki Santo))
[2013-10-10 15:21] : Ház eladó.. ((Milan Fernandez))
[2013-10-10 15:23] : Ház eladó.. ((Milan Fernandez))
[2013-10-10 15:25] : Ház eladó.. ((Milan Fernandez))
[2013-10-10 15:28] : Ház Eladó.. ((Milan Fernandez))
[2013-10-10 15:36] : Ház eladó !.. ((Milan Fernandez))
[2013-10-10 15:40] : Ház eladó !.. ((Milan Fernandez))
[2013-10-10 15:42] : Ház olcsón eladó !.. ((Milan Fernandez))
[2013-10-10 15:45] : Ház olcsón eladó.. ((Milan Fernandez))
[2013-10-10 15:46] : Cheethat veszek !!!.. ((Label Johnson))
[2013-10-10 16:19] : Toyota eladó! Tel.:397102.. ((Carlo Gambion))
[2013-10-10 16:30] : Tuningolt Lada 715275.. ((John Trevor))
[2013-10-10 16:33] : Tuningolt LAda eladó 715275.. ((John Trevor))
[2013-10-10 16:34] : Camarot veszek!.. ((Taylor Kurt))
[2013-10-10 17:08] : Eladó M3 és NRG-500.467263.. ((Jason Black))
[2013-10-10 17:13] : Megsérült? Hívja a 104-et!.. ((Kovacs Laszlo Zoltan))
[2013-10-10 17:27] : kocsit veszek 3misiig!.. ((Sarkadi Kristof))
[2013-10-10 17:47] : Toyota gépjármű eladó! Tel.:397102.. ((Carlo Gambion))
[2013-10-10 18:12] : Olasz étterem pincéreket keres ((TS-Tgf)).. ((Pete Patrik))
[2013-10-10 18:14] : Olasz étterem pincéreket keres ((TS-Tgf)).. ((Pete Patrik))
[2013-10-10 18:19] : Preparált fegyverek eladóak.. ((Pete Patrik))
[2013-10-10 18:21] : Gazdagnegyedi ház medencével és Mercedes eladó 662952.. ((Henry Domelson))
[2013-10-10 18:23] : Gzdagnegyedi ház medencével és Mercedes eladó (pm)!.. ((Henry Domelson))
[2013-10-10 18:25] : Gazdagnegyedi ház medencével és Mercedes eladó(pm)!.. ((Henry Domelson))
[2013-10-10 18:32] : Eladó NRG-500.467263.. ((Jason Black))
[2013-10-10 18:41] : Gni ház medencével és Merci eladó(pm)!.. ((Henry Domelson))
[2013-10-10 18:45] : Eladó gyorsulási motor.467263.. ((Jason Black))
[2013-10-10 18:52] : kocsit veszek!.. ((Alex Bodnar))
[2013-10-10 18:53] : bmw540i veszek.. ((Alex Bodnar))
[2013-10-10 18:53] : BMW M3 eladó!.. ((Morris Monroe))
[2013-10-10 18:54] : lada eladó.. ((Alex Bodnar))
[2013-10-10 18:55] : M3 Eladó!.. ((Morris Monroe))
[2013-10-10 19:00] : Gni ház medencével és Merci eladó!.. ((Henry Domelson))
[2013-10-10 19:03] : Gni-ház medencével és Merci eladó.. ((Henry Domelson))
[2013-10-10 19:05] : Lada eladó.. ((John Hancock))
[2013-10-10 19:17] : Lada eladó.. ((John Hancock))
[2013-10-10 19:37] : Eladó M3.. ((Morris Monroe))
[2013-10-10 19:38] : Olasz étterem pincéreket keres ((TS-Tgf)).. ((Pete Patrik))
[2013-10-10 19:42] : Lada eladó.. ((John Hancock))
[2013-10-10 20:02] : Lada vagy Chopper eladó tel 503678.. ((Daniel Mcoy))
[2013-10-10 20:37] : Ház eladó !.. ((Milan Fernandez))
[2013-10-10 20:38] : Ház eladó !.. ((Milan Fernandez))
[2013-10-10 20:39] : Mercedest Vennék!.. ((Curtis Vercetti))
[2013-10-10 20:40] : Ház eladó !.. ((Milan Fernandez))
[2013-10-10 20:41] : Ház eladó !.. ((Milan Fernandez))
[2013-10-10 20:43] : Mercedest Vennék!.. ((Curtis Vercetti))
[2013-10-10 20:50] : Ház eladó !.. ((Milan Fernandez))
[2013-10-10 20:53] : Ház eladó !.. ((Milan Fernandez))
[2013-10-10 21:17] : Eladó gyorsulási motor.467263.. ((Jason Black))
[2013-10-10 21:20] : jó csajok hivjanak fel.. ((Barney Ross))
[2013-10-10 21:22] : Gni ház eladó4.. ((Morris Monroe))
[2013-10-10 21:23] : Lada elad=.. ((Milan Fernandez))
[2013-10-10 21:24] : Lada eladó.. ((Milan Fernandez))
[2013-10-10 21:28] : Rossz fiukat keresek rossz dolgokra.. ((Julia Ramsey))
[2013-10-10 22:13] : M3 eladó !.. ((Sarkadi Kristof))
[2013-10-10 22:43] : eladó airsoft olcsón.. ((Istenes Vendel))
[2013-10-11 10:21] : eladó ház.. ((Istenes Vendel))
[2013-10-11 10:22] : eladó ház 4milla.. ((Istenes Vendel))
[2013-10-11 10:53] : Bmw M3 Eladó!!!.. ((Biro Peter))
[2013-10-11 11:38] : szerelot keresek surgosen.. ((Istenes Vendel))
[2013-10-11 12:05] : szerelot keresek surgosen.. ((Istenes Vendel))
[2013-10-11 12:20] : surgosen szerelot keresek.. ((Istenes Vendel))
[2013-10-11 13:03] : Lada 1600 Eladó!Full tuning.. ((Szabo Marton))
[2013-10-11 13:38] : eladu audiA6 5millió.. ((Istenes Vendel))
[2013-10-11 13:44] : eladó audiA6 5mllió.. ((Istenes Vendel))
[2013-10-11 14:13] : Elado BMW 540i Renault Lada Tuningoltak Varos haza mogot.. ((Kaffai Andras))
[2013-10-11 14:15] : Elado Bmw54i,Renault,Lada, Tuning Varos haza mogot.. ((Kaffai Andras))
[2013-10-11 14:27] : Kocsit veszek 6millaig!.. ((Morris Monroe))
[2013-10-11 14:34] : 659152 Fűszer eladő!.. ((Ton Jones))
[2013-10-11 14:35] : 659152 Fűszer eladó olcsón.. ((Ton Jones))
[2013-10-11 14:52] : Lada eladó! 447844.. ((Nicki Santo))
[2013-10-11 15:02] : Renault Eladó!Tel:778658.. ((Gabriel Anderson))
[2013-10-11 15:03] : Kocsit veszek 7misiig.. ((Morris Monroe))
[2013-10-11 15:04] : mini cooper eladó.. ((Joe Papa))
[2013-10-11 15:05] : Renault eladó.778658.. ((Gabriel Anderson))
[2013-10-11 15:05] : mini cooper eladó.. ((Joe Papa))
[2013-10-11 15:35] : autot veszek lehetőleg 540i.. ((Barney Ross))
[2013-10-11 15:49] : Ház eladó!.. ((Biro Peter))
[2013-10-11 16:12] : Eladó NRG-500.467263.. ((Jason Black))
[2013-10-11 16:43] : Gyorsulási motor leadó.467263.. ((Jason Black))
[2013-10-11 16:43] : A ballas kézilabda csapatot hirdet!.. ((Vajda Daniel))
[2013-10-11 16:47] : A Ballas kézilabda csapata tagfelvételt hirdet ((ts3)) )).. ((Vajda Daniel))
[2013-10-11 17:00] : A ballas kézilabda csapata felvételt tart ((ts3)).. ((Vajda Daniel))
[2013-10-11 17:02] : eladó renault.407938.. ((Nagy Attila))
[2013-10-11 17:26] : Opel,Lada,540i eladó.. ((Nagy Andris))
[2013-10-11 17:36] : Kék színű BMW 540i jól tuningolva kiváló állapotban eladó.Tel:357710.. ((Johnson Morgan))
[2013-10-11 17:46] : Camaro-t veszek.. ((Marcus Rollin))
[2013-10-11 18:35] : Ház eladó!.. ((Roberts Akos))
[2013-10-11 18:39] : Ház eladó!.. ((Roberts Akos))
[2013-10-11 18:42] : Toyota&BMWM3 Eladó Vh-n.. ((Jim Beam))
[2013-10-11 18:46] : Toyota&BMWM3 Eladó Vh-n.. ((Jim Beam))
[2013-10-11 18:46] : Ház eladó!.. ((Roberts Akos))
[2013-10-11 18:53] : Toyota&BMWM3 Eladó Vh-n.. ((Jim Beam))
[2013-10-11 18:53] : Eladó renault.407938.. ((Nagy Attila))
[2013-10-11 18:54] : Ház eladó!.. ((Roberts Akos))
[2013-10-11 19:01] : Ház eladó!.. ((Roberts Akos))
[2013-10-11 19:03] : NRG-500 eladó.467263.. ((Jason Black))
[2013-10-11 19:22] : Toyota&BMWM3 Eladó Vh-n.. ((Jim Beam))
[2013-10-11 19:35] : Eladó renault.407938.. ((Nagy Attila))
[2013-10-11 20:17] : Opel Eladó!!Tel:778658.. ((Gabriel Anderson))
[2013-10-11 20:18] : Opel Eladó!!Tel:778658.. ((Gabriel Anderson))
[2013-10-11 20:22] : eladó airsoft.. ((Istenes Vendel))
[2013-10-11 21:02] : ferrarit veszek PM.. ((Alessandro Ravanelli))
[2013-10-11 21:03] : ferrarit veszek.. ((Alessandro Ravanelli))
[2013-10-11 21:04] : ferrarit veszek.. ((Alessandro Ravanelli))
[2013-10-11 21:07] : ferrarit veszek.. ((Alessandro Ravanelli))
[2013-10-11 21:10] : ferrarit veszek.. ((Alessandro Ravanelli))
[2013-10-11 21:18] : ferrarit érdekel, mclaren eladó.. ((Alessandro Ravanelli))
[2013-10-11 21:23] : ferrarit veszek, McLaren eladó.. ((Alessandro Ravanelli))
[2013-10-11 21:49] : ferrári eladó.. ((Adam Jashon))
[2013-10-11 21:49] : (( Adam hívj fel )).. ((Alessandro Ravanelli))
[2013-10-11 21:57] : (( Adam újra hívj pls )).. ((Alessandro Ravanelli))
[2013-10-11 21:58] : Eladó dodge charger.. ((John Crookers))
[2013-10-11 22:01] : eladó dodge charger.. ((John Crookers))
[2013-10-11 22:05] : autót veszek.. ((John Crookers))
[2013-10-11 22:18] : maggi fűszer eladó.. ((Hernandez Erik))
[2013-10-11 22:39] : Ferrári eladó.. ((Adam Jashon))
[2013-10-11 22:39] : Mclaren eladó!.. ((Adam Jashon))
[2013-10-11 22:58] : Lada Eladó!Tuningolt!.. ((Szabo Marton))
[2013-10-11 23:00] : Kocsit veszek!.. ((Szabo Marton))
[2013-10-11 23:16] : Motort veszek!.. ((Taylor Kurt))
[2013-10-12 00:47] : Lada,540i eladó.. ((Pete Patrik))
[2013-10-12 07:37] : Mclaren eladó!.. ((Adam Jashon))
[2013-10-12 07:43] : Eladó mclaren olcsón!.. ((Adam Jashon))
[2013-10-12 08:10] : Skoda eladó vagy csere! 860585.. ((Carloz Andrew Martino))
[2013-10-12 08:11] : Hibás szám bocsánat:860985!.. ((Carloz Andrew Martino))
[2013-10-12 08:37] : szerelőt.. ((Alex Bodnar))
[2013-10-12 08:38] : Mclaren eladó!.. ((Adam Jashon))
[2013-10-12 08:46] : Mclaren eladó!.. ((Adam Jashon))
[2013-10-12 09:06] : Lada Eladó!.. ((Szabo Marton))
[2013-10-12 09:17] : A Vagos Banda Lowrider találkozot hirdet Ls Reptér.. ((Sadao Lorenzo))
[2013-10-12 09:18] : Mclaren eladó!.. ((Adam Jashon))
[2013-10-12 09:19] : LadaEladó!Tuningolt.. ((Szabo Marton))
[2013-10-12 09:24] : BMWM3-mast vennék!.. ((Szabo Marton))
[2013-10-12 09:39] : Autók eladók.. ((John Hancock))
[2013-10-12 10:14] : Ház eladó.. ((Roberts Akos))
[2013-10-12 12:16] : Eladó mclaren!.. ((Adam Jashon))
[2013-10-12 12:17] : Mclaren eladó.. ((Adam Jashon))
[2013-10-12 12:23] : Mclaren eladó.. ((Adam Jashon))
[2013-10-12 12:35] : BMW M3 eladó 662952.. ((Henry Domelson))
[2013-10-12 12:49] : Camaro eladó 15 millió.. ((Leslie Lawrence))
[2013-10-12 12:50] : BMW M3 eladó 662952.. ((Henry Domelson))
[2013-10-12 12:51] : Tuningolt Camaro eladó 15 millió Tel.:619581.. ((Leslie Lawrence))
[2013-10-12 12:51] : Ház eladó!.. ((Roberts Akos))
[2013-10-12 12:55] : A Ballas kosárlabda csapata embereket keres((Ts3)).. ((Hernandez Erik))
[2013-10-12 12:56] : BMW M3 eladó 662952.. ((Henry Domelson))
[2013-10-12 12:58] : Ház eladó.. ((Roberts Akos))
[2013-10-12 13:02] : Motort veszek!.. ((Taylor Kurt))
[2013-10-12 13:02] : Ház eladó.. ((Roberts Akos))
[2013-10-12 13:07] : Az olasz étteremmel szembeni klubban buli lesz 10 ezer a belépő ((LCN HQ)).. ((Pete Patrik))
[2013-10-12 13:07] : BMW M3 eladó 662952.. ((Henry Domelson))
[2013-10-12 13:09] : BMW M3 eladó 662952.. ((Henry Domelson))
[2013-10-12 13:09] : Olasz étteremmel szembeni klubban buli lesz 10 ezer a belépő ((LCN HQ)).. ((Pete Patrik))
[2013-10-12 13:10] : BMW M3 eladó 662952.. ((Henry Domelson))
[2013-10-12 13:11] : Ház eladó!.. ((Roberts Akos))
[2013-10-12 13:12] : Ház eladó.. ((Roberts Akos))
[2013-10-12 13:12] : BMW M3 eladó 662952.. ((Henry Domelson))
[2013-10-12 13:14] : Olasz étteremmel szembeni klubban Buli lesz 10 ezer a belépő ((LCN HQ)).. ((Pete Patrik))
[2013-10-12 13:14] : BMW M3 eladó 662952.. ((Henry Domelson))
[2013-10-12 13:14] : Ház eladó.. ((Roberts Akos))
[2013-10-12 13:16] : Buli lesz Olasz étteremmel szemben ((N.A.V Hq után egy utcával balra)).. ((Pete Patrik))
[2013-10-12 13:18] : Buli lesz Olasz étteremmel szemben((NAV HQ után 1 utcával Balra)).. ((Pete Patrik))
[2013-10-12 13:20] : házat veszek 5 misi körül.. ((Alessandro Ravanelli))
[2013-10-12 13:21] : BMW M3 eladó 662952.. ((Henry Domelson))
[2013-10-12 13:21] : Dodgecharger eladó.. ((John Crookers))
[2013-10-12 13:24] : házat veszek.. ((Alessandro Ravanelli))
[2013-10-12 13:26] : Buli lesz olasz étteremmel szemben ((NAV HQ UTÁN 1 utcával balra)).. ((Pete Patrik))
[2013-10-12 13:27] : Motort veszek!.. ((Taylor Kurt))
[2013-10-12 13:32] : Buli lesz olaszétteremnél ((NAV HQ UTÁN 1 utcával balra)).. ((Pete Patrik))
[2013-10-12 13:34] : Olasz étteremnél Bulivan ((NAV HQ Után 1 utcával balra)).. ((Pete Patrik))
[2013-10-12 13:39] : Olasz étteremnél bulivan ((NAVHQután1UTCÁVAL balra)).. ((Pete Patrik))
[2013-10-12 14:13] : Kocsit veszek 10misiig!.. ((Morris Monroe))
[2013-10-12 14:15] : Fuvarozást vállalok!!! tel:579172.. ((Mark Fain))
[2013-10-12 14:17] : Fuvarozást vállalok!! tel:579172.. ((Mark Fain))
[2013-10-12 14:20] : fuvarozást vállalok!! tel: 579172.. ((Mark Fain))
[2013-10-12 14:25] : házat veszek.. ((Alessandro Ravanelli))
[2013-10-12 14:27] : Bmw x6 veszek.. ((Biro Peter))
[2013-10-12 14:29] : Bmw x6-ost veszek.. ((Biro Peter))
[2013-10-12 14:37] : Bmw x6-ot vennék.. ((Biro Peter))
[2013-10-12 14:47] : airsoftot veszek.. ((Alessandro Ravanelli))
[2013-10-12 14:52] : Merci eladó.467263.. ((Jason Black))
[2013-10-12 14:54] : Elado GMC, házat veszek.. ((Barney Ross))
[2013-10-12 14:56] : Elado GMC.. ((Barney Ross))
[2013-10-12 15:08] : Eladó merci.467263.. ((Jason Black))
[2013-10-12 15:14] : Eladó renault.407938.. ((Nagy Attila))
[2013-10-12 15:14] : Taxi kel csak hivni kel 436929.. ((Sargareti Istvan))
[2013-10-12 15:16] : 659152 Használt Chopper veszek!.. ((Ton Jones))
[2013-10-12 15:19] : 659152 Használt Choppert veszek.. ((Ton Jones))
[2013-10-12 15:20] : Elado merci.467263.. ((Jason Black))
[2013-10-12 15:21] : Bmw x6 veszek.. ((Biro Peter))
[2013-10-12 15:23] : Lambo-t veszek.. ((Jason Black))
[2013-10-12 15:24] : Lambo-t veszek.467263.. ((Jason Black))
[2013-10-12 15:25] : Autó eladó!.. ((Biro Peter))
[2013-10-12 15:33] : Elado m3 cserélem házra.. ((Barney Ross))
[2013-10-12 15:34] : 659152 Használt Choppert veszek.. ((Ton Jones))
[2013-10-12 15:37] : Nissan terepjáró eladó.. ((Biro Peter))
[2013-10-12 15:39] : Peugeot-ot cserélnék valamire!.. ((Cserep Martin))
[2013-10-12 15:46] : Nissan eladó.. ((Biro Peter))
[2013-10-12 15:48] : Dágább fajta autót vennék.. ((Biro Peter))
[2013-10-12 15:50] : Gazdagn. ház olcsón!.. ((Morris Monroe))
[2013-10-12 15:51] : Telefon.. ((Morris Monroe))
[2013-10-12 15:54] : Buli lesz Olasz étteremnél ((NAVHQután1UTCÁVAL balra.. ((Pete Patrik))
[2013-10-12 15:55] : Kocsit veszek 12milláig4.. ((Morris Monroe))
[2013-10-12 15:58] : Buli lesz Olasz étteremnél((NAV hq után 1 utcával balra)).. ((Pete Patrik))
[2013-10-12 16:02] : Buli lesz!Olaszétteremnél ((NAVHQután1UTCÁVAL balra)).. ((Pete Patrik))
[2013-10-12 16:07] : Buli lesz!Olaszétteremnél ((NAVHQután1UTCÁVAL balra)).. ((Pete Patrik))
[2013-10-12 16:12] : Buli lesz!Olaszétteremnél ((NAVHQután1UTCÁVAL balra)).. ((Pete Patrik))
[2013-10-12 16:15] : Elado ház!!!.. ((Barney Ross))
[2013-10-12 16:17] : elado ház.. ((Barney Ross))
[2013-10-12 16:17] : Buli lesz!Olaszétteremnél ((NAVHQután1UTCÁVAL balra)).. ((Pete Patrik))
[2013-10-12 16:22] : Buli lesz!Olaszétteremnél ((NAVHQután1UTCÁVAL balra)).. ((Pete Patrik))
[2013-10-12 16:28] : Buli lesz!Olaszétteremnél ((NAVHQután1UTCÁVAL balra)).. ((Pete Patrik))
[2013-10-12 16:30] : Merci eladó.467263.. ((Jason Black))
[2013-10-12 16:34] : 659152 Használt Choppert veszek.. ((Ton Jones))
[2013-10-12 16:36] : Elado merci.467263.. ((Jason Black))
[2013-10-12 16:41] : Kocsi elado.467263.. ((Jason Black))
[2013-10-12 16:45] : Sűrgősen Elado ház.. ((Barney Ross))
[2013-10-12 16:55] : Kiváló állapotú,Kék színű full tuningos bmw 540i eladó.Tel.:357710.. ((Johnson Morgan))
[2013-10-12 17:08] : Hotel szoba eladó!Tel:778658!.. ((Gabriel Anderson))
[2013-10-12 17:11] : Eladó Spoileres lada.. ((Jonhy Brown))
[2013-10-12 17:13] : 659152 NRG-500-at vagy Choppert veszek.. ((Ton Jones))
[2013-10-12 17:24] : Rossz lányt keresek rossz dolgokra.. ((Barney Ross))
[2013-10-12 17:30] : 659152 NRG-500-at vagy Choppert veszek.. ((Ton Jones))
[2013-10-12 17:42] : elado ház.. ((Barney Ross))
[2013-10-12 17:44] : Kocsit vennék 2.700.000-ig.. ((John Trevor))
[2013-10-12 17:46] : Mercedesz eladó.. ((Marcus Rollin))
[2013-10-12 18:11] : Mercedes és Kisteherautó eladó.. ((Marcus Rollin))
[2013-10-12 18:16] : 659152 NRG-500-at vagy Choppert veszek.. ((Ton Jones))
[2013-10-12 18:34] : Gumipisztoly veszek 880052.. ((Zack Morrison))
[2013-10-12 18:35] : Gumipisztolyt veszek 880052.. ((Zack Morrison))
[2013-10-12 18:37] : Vizipisztolyt veszek 880052.. ((Zack Morrison))
[2013-10-12 18:41] : Kínai Susi Étterem Pincéreket keres Jelentkezni ((ts3 Traid TGF)).. ((Armany Attila))
[2013-10-12 18:42] : Fegyverek eladók tel:605383.. ((Elmondom Mark))
[2013-10-12 18:43] : Kínai Susi Étterelm Pincéreket Keres Jelentkezni ((ts3 Triad TGF)).. ((Armany Attila))
[2013-10-12 18:46] : 659152 Choppert veszek.. ((Ton Jones))
[2013-10-12 18:47] : Kínai Susi Étterem Pincéreket Keres Jelentkezni ((ts3 Triad TGF)).. ((Armany Attila))
[2013-10-12 18:48] : Elado merci.467263.. ((Jason Black))
[2013-10-12 18:49] : Ház eladó.. ((James Scott))
[2013-10-12 19:02] : Kínai Susi Étterem Pincéreket keres Jelentkezni ((ts3 Triad TGF)).. ((Armany Attila))
[2013-10-12 19:11] : M3 Eladó vagy Csere! 166km 850985!.. ((Carloz Andrew Martino))
[2013-10-12 19:12] : Kínai Susi Étterem Pincéreket Keres Jelentkezni ((ts3 Triad TGF)).. ((Armany Attila))
[2013-10-12 19:12] : Hibás szám:860985.. ((Carloz Andrew Martino))
[2013-10-12 19:20] : Kocsit veszek 12milláig!.. ((Morris Monroe))
[2013-10-12 19:20] : Camarot vennék.. ((Marcus Rollin))
[2013-10-12 19:31] : Audi A6 veszek!.. ((Morris Monroe))
[2013-10-12 19:32] : Elado motor.407938.. ((Jason Black))
[2013-10-12 19:50] : BMW M3 eladó 662952.. ((Henry Domelson))
[2013-10-12 19:54] : BMW M3 eladó 662952.. ((Henry Domelson))
[2013-10-12 19:57] : BMW M3 eladó 662952.. ((Henry Domelson))
[2013-10-12 20:00] : BMW M3 eladó 662952.. ((Henry Domelson))
[2013-10-12 20:04] : BMW M3 eladó 662952.. ((Henry Domelson))
[2013-10-12 20:06] : M3-t veszek.. ((Marcus Rollin))
[2013-10-12 20:07] : M3-at veszek ÉSSZERÜ áron.. ((Morris Monroe))
[2013-10-12 20:13] : Fűszert és gyogyszereket vennék.. ((Marcus Rollin))
[2013-10-12 20:18] : Ház eladó.. ((James Scott))
[2013-10-12 20:33] : Elado M3.467263.. ((Jason Black))
[2013-10-12 20:34] : A6-ot v M3-at veszek!.. ((Morris Monroe))
[2013-10-12 20:42] : M3 olcsón eladó!.. ((Morris Monroe))
[2013-10-12 20:43] : Kocsik eladóak!!!!i 715275.. ((John Trevor))
[2013-10-12 20:45] : Lada eladó.. ((Milan Fernandez))
[2013-10-12 20:46] : eladó m3.. ((John Crookers))
[2013-10-12 20:49] : 2 LAda és BMW 540i Eladó 715275.. ((John Trevor))
[2013-10-12 20:50] : eladó M3.. ((John Crookers))
[2013-10-12 20:56] : Eladó kocsi érd. 435540.. ((Jim Tom))
[2013-10-12 21:08] : M+ eladó!.. ((Sarkadi Kristof))
[2013-10-12 21:08] : M3 eladó!.. ((Sarkadi Kristof))
[2013-10-12 21:11] : M3 eladó.. ((Sarkadi Kristof))
[2013-10-12 21:19] : fekete hummer eladó.. ((John Crookers))
[2013-10-12 21:21] : Eladó fekete hummer.. ((John Crookers))
[2013-10-12 21:21] : M3 olcsón eladó!.. ((Morris Monroe))
[2013-10-12 21:35] : Eladó kocsi érd. 435540.. ((Jim Tom))
[2013-10-12 21:40] : Eladó kocsi érd. 435540.. ((Jim Tom))
[2013-10-12 21:43] : Eladó kocsi 435540.. ((Jim Tom))
[2013-10-12 21:51] : Dacia eladó.. ((Lakk Hugo))
[2013-10-12 22:03] : Eladó Gazdagnegy, ház és M3!.. ((Morris Monroe))
[2013-10-12 22:11] : Ház eladó.. ((James Scott))
[2013-10-12 22:17] : elado m3-as bmw.. ((Barney Ross))
[2013-10-12 22:17] : M3 eladó.. ((Sarkadi Kristof))
[2013-10-12 22:23] : A6-ot vennék4.. ((Morris Monroe))
[2013-10-12 22:23] : Eladom/cserélem m3-as bmw-m.. ((Barney Ross))
[2013-10-12 22:24] : M3 eladó.. ((Sarkadi Kristof))
[2013-10-12 22:39] : Eladom/cserélem m3-as bmw-m.. ((Barney Ross))
[2013-10-12 22:44] : Elado m3-om cserélem 540i-re.. ((Barney Ross))
[2013-10-12 22:53] : Audi A6-t veszek.. ((Marcus Rollin))
[2013-10-12 23:15] : Rossz fiukat keresek rossz dolgokra.. ((Julia Ramsey))
[2013-10-12 23:25] : Szerelés kell? Hivjon!.. ((Morris Monroe))
[2013-10-12 23:28] : Fuvar kell? Esetleg valami elszállítása? Hívj!.. ((Curtis Vercetti))
[2013-10-12 23:41] : A műhely még nyitva van.. ((Jason Black))
[2013-10-12 23:45] : Azonnali autómentés/ Szerelés! CSAK HÍVJON!.. ((Cserep Martin))
[2013-10-13 06:49] : Mercedes eladó! 860985.. ((Carloz Andrew Martino))
[2013-10-13 08:44] : 2db Lada tuningolt,BMW540i ELadóak 715275.. ((John Trevor))
[2013-10-13 08:46] : Kocsik eladó 715275.. ((John Trevor))
[2013-10-13 09:54] : kocsit veszek.. ((Bognar Bence))
[2013-10-13 10:06] : Eladó M3.. ((Morris Monroe))
[2013-10-13 10:42] : Shelby eladó.. ((Marcus Rollin))
[2013-10-13 10:46] : Shelby GT eladó.. ((Marcus Rollin))
[2013-10-13 11:12] : Hotel szoba eladó!!.. ((Gabriel Anderson))
[2013-10-13 11:19] : Hotel szoba 778658.. ((Gabriel Anderson))
[2013-10-13 11:26] : Lada eladó.. ((Roberts Akos))
[2013-10-13 11:27] : Lada eladó.. ((Roberts Akos))
[2013-10-13 11:28] : Ferrarit veszek Tel:381969.. ((George Lucas))
[2013-10-13 11:30] : BMW M3 eladó 662952.. ((Henry Domelson))
[2013-10-13 11:32] : BMW M3 eladó 662952.. ((Henry Domelson))
[2013-10-13 11:37] : BMW M3 eladó 662952.. ((Henry Domelson))
[2013-10-13 11:40] : BMW M3 eladó 662952.. ((Henry Domelson))
[2013-10-13 11:42] : A6 Eladó Tel 381969.. ((George Lucas))
[2013-10-13 11:43] : Tökéletes állapotú , jól tuningolt fehér színű bmw540i eladó.Tel: 357710.. ((Johnson Morgan))
[2013-10-13 11:44] : Eladó A6 381969.. ((George Lucas))
[2013-10-13 11:49] : BMW540i Eladó! 715275.. ((John Trevor))
[2013-10-13 11:57] : Lexus eladó.. ((Capro Attila))
[2013-10-13 12:00] : Lexus eladó,.. ((Capro Attila))
[2013-10-13 12:04] : Gni ház medencével és M3 eladó662952.. ((Henry Domelson))
[2013-10-13 12:05] : Ferrarit veszek381969.. ((George Lucas))
[2013-10-13 12:06] : Gni ház medencével és M3 eladó662952.. ((Henry Domelson))
[2013-10-13 12:06] : Bmw x6-ot veszek.. ((Biro Peter))
[2013-10-13 12:07] : Mercedes eladó/csere 860985.. ((Carloz Andrew Martino))
[2013-10-13 12:09] : 10 Millió körül autó érdekel.. ((Biro Peter))
[2013-10-13 12:09] : Gni ház medencével és M3 eladó662952.. ((Henry Domelson))
[2013-10-13 12:09] : Mercedes Eladó/Csere 860985.. ((Carloz Andrew Martino))
[2013-10-13 12:11] : Gni ház medencével és M3 eladó.. ((Henry Domelson))
[2013-10-13 12:12] : Lada eladó 715275.. ((John Trevor))
[2013-10-13 12:13] : Autót cserélek.. ((Biro Peter))
[2013-10-13 12:15] : Gni ház medencével és M3 eladó662952.. ((Henry Domelson))
[2013-10-13 12:19] : Gni ház medencével és M3 eladó662952.. ((Henry Domelson))
[2013-10-13 12:21] : 659152 Choppert vagy NRG-500 veszek.. ((Ton Jones))
[2013-10-13 12:24] : Gni ház medencével és M3 eladó662952.. ((Henry Domelson))
[2013-10-13 12:26] : 659152 Vizipisztoly eladó.. ((Ton Jones))
[2013-10-13 12:26] : Gni ház medencével és M3 eladó662952.. ((Henry Domelson))
[2013-10-13 12:28] : 659152 Choppert vagy NRG-500 veszek.. ((Ton Jones))
[2013-10-13 12:28] : Gni ház medencével és M3 eladó662952.. ((Henry Domelson))
[2013-10-13 12:39] : Gni ház medencével és M3 eladó662952.. ((Henry Domelson))
[2013-10-13 12:40] : 659152 Choppert vagy NRG-500 veszek.. ((Ton Jones))
[2013-10-13 12:41] : BMW 540I Eladó.. ((Mikhail Kalashnikov))
[2013-10-13 12:48] : BMW 540I Eladó.. ((Mikhail Kalashnikov))
[2013-10-13 13:04] : lada eladó kicsit tuningolt.. ((Robert Harison))
[2013-10-13 13:05] : Eladó kocsi érd. 435540.. ((Jim Tom))
[2013-10-13 13:08] : Eladó kocsi érd. 435540.. ((Jim Tom))
[2013-10-13 13:17] : Eladó Audi A6!.. ((Morris Monroe))
[2013-10-13 13:23] : Eladó A6 keves kmrel!.. ((Morris Monroe))
[2013-10-13 13:26] : Kocsit veszek 5 misi alatt.. ((Edward Collin))
[2013-10-13 13:31] : 5 misi alatt bármilyen kocsit veszek.. ((Edward Collin))
[2013-10-13 13:33] : Eladó Tuning M3.. ((Morris Monroe))
[2013-10-13 13:40] : merci eladó olcson.. ((Edward Collin))
[2013-10-13 13:42] : Buli lesz!Olaszétteremnél ((NAVHQután1UTCÁVAL balra)).. ((Pete Patrik))
[2013-10-13 13:44] : Eladó kocsi érd. 435540.. ((Jim Tom))
[2013-10-13 13:44] : 3 misiig kocsit veszek! 860985!.. ((Vincenzo Capuletto))
[2013-10-13 13:46] : Eladó kocsi érd. 435540.. ((Jim Tom))
[2013-10-13 13:50] : Buli lesz!Olaszétteremnél ((NAVHQután1UTCÁVAL balra)).. ((Pete Patrik))
[2013-10-13 13:54] : Buli lesz!Olaszétteremnél ((NAVHQután1UTCÁVAL balra)).. ((Pete Patrik))
[2013-10-13 13:56] : Kocsit veszek 3 milióig! 860985.. ((Vincenzo Capuletto))
[2013-10-13 13:58] : Buli lesz!Olaszétteremnél ((NAVHQután1UTCÁVAL balra)).. ((Pete Patrik))
[2013-10-13 14:01] : Full tuning M3 eladó!.. ((Morris Monroe))
[2013-10-13 14:04] : Buli lesz!Olaszétteremnél ((NAVHQután1UTCÁVAL balra)).. ((Pete Patrik))
[2013-10-13 14:10] : Buli lesz!Olaszétteremnél ((NAVHQután1UTCÁVAL balra)).. ((Pete Patrik))
[2013-10-13 14:11] : Lexus eladó.. ((Biro Peter))
[2013-10-13 14:12] : Ház eladó/csere.. ((James Scott))
[2013-10-13 14:15] : Eladó kocsi érd. 435540.. ((Jim Tom))
[2013-10-13 14:16] : Eladó kocsi.. ((Jim Tom))
[2013-10-13 14:18] : Eladó kocsi.. ((Jim Tom))
[2013-10-13 14:20] : Eladó Lexus.. ((Biro Peter))
[2013-10-13 14:20] : Eladó kocsi.. ((Jim Tom))
[2013-10-13 14:23] : Eladó kocsi.. ((Jim Tom))
[2013-10-13 14:26] : Eladó kocsi.. ((Jim Tom))
[2013-10-13 14:31] : Eladó kocsi.. ((Jim Tom))
[2013-10-13 14:31] : Bmw x6 veszek.. ((Biro Peter))
[2013-10-13 14:38] : Eladó kocsi.. ((Jim Tom))
[2013-10-13 14:41] : Eladó kocsi.. ((Jim Tom))
[2013-10-13 14:43] : Eladó kocsi.. ((Jim Tom))
[2013-10-13 14:45] : Eladó kocsi.. ((Jim Tom))
[2013-10-13 14:57] : Eladó kocsi.. ((Jim Tom))
[2013-10-13 15:02] : Ladát veszek 100 ezer ért.. ((Varga Csaba))
[2013-10-13 15:02] : Ház eladó/csere.. ((James Scott))
[2013-10-13 15:25] : 659152 Choppert vagy NRG-500 veszek.. ((Ton Jones))
[2013-10-13 15:26] : Kocsit veszek 2misiig!! Sürgősen! 860985!.. ((Vincenzo Capuletto))
[2013-10-13 15:28] : Azonnali szerelés / Autómentés! CSAK HÍVJON!.. ((Cserep Martin))
[2013-10-13 15:35] : Ladát veszek 80 ezerért számom 453690.. ((Varga Csaba))
[2013-10-13 15:36] : Kocsit veszek 2 misiig!! Sürgős!! 860985.. ((Vincenzo Capuletto))
[2013-10-13 15:41] : vizípisztoly eladó.. ((Daniel Wrigther))
[2013-10-13 15:43] : Kocsit veszek 2 misiig! 860985! Mindent meghalgatok!.. ((Vincenzo Capuletto))
[2013-10-13 15:43] : elado bmw540 mustang 677510.. ((Kalman Krisztian))
[2013-10-13 15:45] : Aki előbb erőől a számről küldött sms-t:397102 hivjon fel:860985.. ((Vincenzo Capuletto))
[2013-10-13 15:47] : McLaren eladó.. ((Jhony Alvarez))
[2013-10-13 15:48] : Vizipisztoly eladó.. ((Daniel Wrigther))
[2013-10-13 15:49] : McLaren eladó.. ((Jhony Alvarez))
[2013-10-13 15:49] : Vizipisztoly eladó.. ((Daniel Wrigther))
[2013-10-13 15:50] : 368068 Vizipisztoly eladó.. ((Daniel Wrigther))
[2013-10-13 15:52] : 328068 Choppert vagy nrg 500 veszek.. ((Daniel Wrigther))
[2013-10-13 15:53] : Ladát veszek 100k-ért.. ((Fernando Vincenzo))
[2013-10-13 15:53] : tel 360326.. ((Fernando Vincenzo))
[2013-10-13 15:58] : Ház eladó!.. ((Nagy Attila))
[2013-10-13 16:00] : Ház eladó!.. ((Nagy Attila))
[2013-10-13 16:17] : Szállítás kell megbízható sofőrrel? Hívj!.. ((Curtis Vercetti))
[2013-10-13 16:17] : 659152 Choppert vagy NRG-500 veszek.. ((Ton Jones))
[2013-10-13 16:49] : Ladát veszek 150 K ért Számom:453690.. ((Varga Csaba))
[2013-10-13 16:52] : Bmw M3 eladó!.. ((Morris Monroe))
[2013-10-13 17:10] : Eladó kocsi.. ((Jim Tom))
[2013-10-13 17:12] : Eladó kocsi.. ((Jim Tom))
[2013-10-13 17:15] : Eladó kocsi.. ((Jim Tom))
[2013-10-13 17:18] : Eladó kocsi.. ((Jim Tom))
[2013-10-13 17:22] : Eladó kocsi.. ((Jim Tom))
[2013-10-13 17:22] : Alhambra diszko bullit szervez az autós oktató mellett.. ((Dorina Cross))
[2013-10-13 17:23] : Eladó kocsi.. ((Jim Tom))
[2013-10-13 17:24] : Eladó kocsi.. ((Jim Tom))
[2013-10-13 17:26] : Eladó kocsi.. ((Jim Tom))
[2013-10-13 17:28] : Eladó kocsi.. ((Jim Tom))
[2013-10-13 17:30] : Ferrarit veszek 38969.. ((George Lucas))
[2013-10-13 17:31] : Eladó kocsi.. ((Jim Tom))
[2013-10-13 17:32] : Dacia eladó kevés km-rel jó állapotban. Érd:720694.. ((Lakk Hugo))
[2013-10-13 17:33] : Eladó kocsi.. ((Jim Tom))
[2013-10-13 17:33] : Eladó gazdagnegyedi ház 525620.. ((Meyer Lansky))
[2013-10-13 17:34] : Ferrarit veszek 381969.. ((George Lucas))
[2013-10-13 17:34] : Eladó gazdagnegyedi ház 525620.. ((Meyer Lansky))
[2013-10-13 17:35] : Eladó gazdagnegyedi ház 525620.. ((Meyer Lansky))
[2013-10-13 17:35] : Eladó gazdagnegyedi ház 525620.. ((Meyer Lansky))
[2013-10-13 17:35] : burrito,sultan eladó.. ((Jhony Alvarez))
[2013-10-13 17:36] : Eladó gazdagnegyedi ház 525620.. ((Meyer Lansky))
[2013-10-13 17:36] : burrito,sultan eladó.. ((Jhony Alvarez))
[2013-10-13 17:37] : Eladó gazdagnegyedi ház 525620.. ((Meyer Lansky))
[2013-10-13 17:38] : Eladó gazdagnegyedi ház 525620.. ((Meyer Lansky))
[2013-10-13 17:38] : Eladó gazdagnegyedi ház 525620.. ((Meyer Lansky))
[2013-10-13 17:52] : A Déli benzinkút melletti Autókereskedés várja szerettetel vendégeit.. ((Jackson Alvarez))
[2013-10-13 17:54] : Ferari érd.. ((Jim Tom))
[2013-10-13 17:55] : Ferari érd.. ((Jim Tom))
[2013-10-13 17:57] : ((Teszt)).. ((George Lucas))
[2013-10-13 17:58] : Ferari érd.. ((Jim Tom))
[2013-10-13 17:59] : Ferari érd.. ((Jim Tom))
[2013-10-13 18:00] : Ferari érd.. ((Jim Tom))
[2013-10-13 18:01] : Eladó gazdagnegyedi ház 525620.. ((Meyer Lansky))
[2013-10-13 18:01] : Eladó gazdagnegyedi ház 525620.. ((Meyer Lansky))
[2013-10-13 18:01] : Ferari érd.. ((Jim Tom))
[2013-10-13 18:01] : Elado Hummer.. ((Jason Black))
[2013-10-13 18:02] : Ferari érd.. ((Jim Tom))
[2013-10-13 18:05] : Kiváló állapotú fehér bmw540i jól tuningolva eladó.Tel.:357710.. ((Johnson Morgan))
[2013-10-13 18:06] : Eladó gazdagnegyedi ház 525620.. ((Meyer Lansky))
[2013-10-13 18:06] : Ferari érd.. ((Jim Tom))
[2013-10-13 18:08] : Ferari érd.. ((Jim Tom))
[2013-10-13 18:12] : Ferari érd.. ((Jim Tom))
[2013-10-13 18:13] : Ferari érd.. ((Jim Tom))
[2013-10-13 18:28] : Eladó gazdagnegyedi ház 525620.. ((Meyer Lansky))
[2013-10-13 18:30] : Ferari érd.. ((Jim Tom))
[2013-10-13 18:33] : Ferari érd.. ((Jim Tom))
[2013-10-13 18:36] : Hummer elado.. ((Jason Black))
[2013-10-13 18:36] : Ferari érd.. ((Jim Tom))
[2013-10-13 18:39] : Ferari érd.. ((Jim Tom))
[2013-10-13 18:40] : Eladó gazdagnegyedi ház 525620.. ((Meyer Lansky))
[2013-10-13 18:53] : Ferari érd.. ((Jim Tom))
[2013-10-13 18:54] : Ferari érd.. ((Jim Tom))
[2013-10-13 18:57] : Ferari érd.. ((Jim Tom))
[2013-10-13 18:57] : Ferari érd.. ((Jim Tom))
[2013-10-13 19:26] : 659152 NRG-500 vagy Choppert veszek.. ((Ton Jones))
[2013-10-13 19:38] : 659152 Choppert vagy NRG-500 veszek.. ((Ton Jones))
[2013-10-13 20:14] : Eladó gazdagnegyedi ház 525620.. ((Meyer Lansky))
[2013-10-13 20:19] : Eladó gazdagnegyedi ház 525620.. ((Meyer Lansky))
[2013-10-13 20:21] : Eladó gazdagnegyedi ház 525620.. ((Meyer Lansky))
[2013-10-13 20:25] : Eladó gazdagnegyedi ház 525620.. ((Meyer Lansky))
[2013-10-13 20:28] : Eladó gazdagnegyedi ház 525620.. ((Meyer Lansky))
[2013-10-13 20:28] : Eladó gazdagnegyedi ház 525620.. ((Meyer Lansky))
[2013-10-13 20:32] : Eladó gazdagnegyedi ház 525620.. ((Meyer Lansky))
[2013-10-13 20:35] : Eladó gazdagnegyedi ház 525620.. ((Meyer Lansky))
[2013-10-13 20:36] : Eladó gazdagnegyedi ház 525620.. ((Meyer Lansky))
[2013-10-13 20:56] : Airsoftot és fűszert vennék.. ((Jim Tom))
[2013-10-13 20:57] : Fűszert és airsoftot vennék.. ((Jim Tom))
[2013-10-13 20:59] : Airsoft eladó.. ((Alex Costa))
[2013-10-13 21:00] : Fűszert és airsofot vennék.. ((Jim Tom))
[2013-10-13 21:01] : Ferari érd.. ((Jim Tom))
[2013-10-13 21:05] : Eladó gazdagnegyedi ház 525620.. ((Meyer Lansky))
[2013-10-13 21:07] : Ferari érd.. ((Jim Tom))
[2013-10-13 21:07] : Eladó gazdagnegyedi ház 525620.. ((Meyer Lansky))
[2013-10-13 21:08] : Eladó gazdagnegyedi ház 525620.. ((Meyer Lansky))
[2013-10-13 21:08] : Eladó gazdagnegyedi ház 525620.. ((Meyer Lansky))
[2013-10-13 21:09] : Ferari érd.. ((Jim Tom))
[2013-10-13 21:10] : Ferari érd.. ((Jim Tom))
[2013-10-13 21:12] : Eladó gazdagnegyedi ház 525620.. ((Meyer Lansky))
[2013-10-13 21:13] : Ferari érd.. ((Jim Tom))
[2013-10-13 21:14] : Eladó gazdagnegyedi ház 525620.. ((Meyer Lansky))
[2013-10-13 21:14] : Japán kasszinó pincéreket keres.((TS+TGF)).. ((Alex Costa))
[2013-10-13 21:16] : Ferari érd.. ((Jim Tom))
[2013-10-13 21:17] : Ferari érd.. ((Jim Tom))
[2013-10-13 21:18] : Ferari érd.. ((Jim Tom))
[2013-10-13 21:20] : Ferari érd.. ((Jim Tom))
[2013-10-13 21:24] : Ferari érd.. ((Jim Tom))
[2013-10-14 14:04] : Autók eladók.. ((James Scott))
[2013-10-14 14:15] : Olasz étterem bulit szervez. gnocchi utcában.. ((Tupac Busta))
[2013-10-14 14:29] : Buli lessz az Olasz étterem melletti klubban NAVHQ utánni utcáa balra.. ((Kalman Krisztian))
[2013-10-14 14:31] : Eladó gazdagnegyedi ház 525620.. ((Meyer Lansky))
[2013-10-14 14:33] : Eladó gazdagnegyedi ház 525620.. ((Meyer Lansky))
[2013-10-14 14:35] : Eladó gazdagnegyedi ház 525620.. ((Meyer Lansky))
[2013-10-14 14:36] : Eladó gazdagnegyedi ház 525620.. ((Meyer Lansky))
[2013-10-14 14:40] : Eladó gazdagnegyedi ház 525620.. ((Meyer Lansky))
[2013-10-14 14:44] : Eladó gazdagnegyedi ház 525620.. ((Meyer Lansky))
[2013-10-14 14:57] : BMW eladó/csere Tel.:860357.. ((Nagy Mark))
[2013-10-14 15:05] : BMW Eladó/Csere Tel.:860357.. ((Nagy Mark))
[2013-10-14 15:12] : Tökéletes állapotú fehér BMW540i jól tuninglva eladó.Tel.:357710.. ((Johnson Morgan))
[2013-10-14 15:15] : Eladó gazdagnegyedi ház 525620.. ((Meyer Lansky))
[2013-10-14 15:16] : Eladó gazdagnegyedi ház 525620.. ((Meyer Lansky))
[2013-10-14 15:16] : Eladó gazdagnegyedi ház 525620.. ((Meyer Lansky))
[2013-10-14 15:18] : Eladó gazdagnegyedi ház 525620.. ((Meyer Lansky))
[2013-10-14 15:58] : Audit veszek olcsón! Tel.:397102.. ((Carlo Gambion))
[2013-10-14 16:19] : Kocsit veszek 15misiig!.. ((Morris Monroe))
[2013-10-14 16:26] : Eladó gazdagnegyedi ház 525620.. ((Meyer Lansky))
[2013-10-14 16:27] : Eladó gazdagnegyedi ház 525620.. ((Meyer Lansky))
[2013-10-14 16:28] : Kocsikat veszek! MAx 2misiig!.. ((Morris Monroe))
[2013-10-14 16:28] : Eladó gazdagnegyedi ház 525620.. ((Meyer Lansky))
[2013-10-14 16:30] : Eladó gazdagnegyedi ház 525620.. ((Meyer Lansky))
[2013-10-14 16:32] : Eladó gazdagnegyedi ház 525620.. ((Meyer Lansky))
[2013-10-14 16:33] : Eladó gazdagnegyedi ház 525620.. ((Meyer Lansky))
[2013-10-14 16:36] : A Japán Étterem pincéreket keres.((TS+Yakuza TGF room)).. ((Alex Costa))
[2013-10-14 17:41] : Kocsikat veszek max 2millióig!.. ((Morris Monroe))
[2013-10-14 17:45] : Mclaren eladó.. ((James Scott))
[2013-10-14 17:58] : Kocsit veszek 12.5milláig!.. ((Morris Monroe))
[2013-10-14 18:19] : Eladó gazdagnegyedi ház 525620.. ((Meyer Lansky))
[2013-10-14 18:20] : Gazdag. ház olcsón!.. ((Morris Monroe))
[2013-10-14 18:21] : Eladó gazdagnegyedi ház 525620.. ((Meyer Lansky))
[2013-10-14 18:21] : 18:30-kor szentmise a Los Santosi templomban! Mindenkit várunk.. ((John Hancock))
[2013-10-14 18:24] : Eladó gazdagnegyedi ház 525620.. ((Meyer Lansky))
[2013-10-14 18:25] : Eladó gazdagnegyedi ház 525620.. ((Meyer Lansky))
[2013-10-14 18:28] : Bmw x6 eladó vagy csere.. ((Biro Peter))
[2013-10-14 18:48] : Eladó gazdagnegyedi ház 525620.. ((Meyer Lansky))
[2013-10-14 18:50] : Eladó gazdagnegyedi ház 525620.. ((Meyer Lansky))
[2013-10-14 18:50] : Eladó gazdagnegyedi ház 525620.. ((Meyer Lansky))
[2013-10-14 19:00] : Eladó gazdagnegyedi ház 525620.. ((Meyer Lansky))
[2013-10-14 19:01] : Eladó gazdagnegyedi ház 525620.. ((Meyer Lansky))
[2013-10-14 19:02] : Eladó gazdagnegyedi ház 525620.. ((Meyer Lansky))
[2013-10-14 19:05] : Magántaxi szolgálatban! Olcsó, megbízható!.. ((Roberts Akos))
[2013-10-14 19:06] : Eladó gazdagnegyedi ház 525620.. ((Meyer Lansky))
[2013-10-14 19:07] : Eladó gazdagnegyedi ház 525620.. ((Meyer Lansky))
[2013-10-14 19:08] : Eladó gazdagnegyedi ház 525620.. ((Meyer Lansky))
[2013-10-14 19:08] : Kocsikat veszek 3misiig!.. ((Morris Monroe))
[2013-10-14 19:08] : Eladó gazdagnegyedi ház 525620.. ((Meyer Lansky))
[2013-10-14 19:10] : Eladó gazdagnegyedi ház 525620.. ((Meyer Lansky))
[2013-10-14 19:10] : Eladó gazdagnegyedi ház 525620.. ((Meyer Lansky))
[2013-10-14 19:10] : Eladó gazdagnegyedi ház 525620.. ((Meyer Lansky))
[2013-10-14 19:10] : Eladó gazdagnegyedi ház 525620.. ((Meyer Lansky))
[2013-10-14 19:10] : Eladó gazdagnegyedi ház 525620.. ((Meyer Lansky))
[2013-10-14 19:10] : Eladó gazdagnegyedi ház 525620.. ((Meyer Lansky))
[2013-10-14 19:10] : Eladó gazdagnegyedi ház 525620.. ((Meyer Lansky))
[2013-10-14 19:11] : BMW Eladó.. ((Mikhail Kalashnikov))
[2013-10-14 19:11] : Bmw eladó.. ((Mikhail Kalashnikov))
[2013-10-14 19:13] : Cross motort vagy gyorsulási motort veszek max 1,3 misiért. Tel: 720694.. ((Lakk Hugo))
[2013-10-14 19:18] : BMW 540I Eladó.. ((Mikhail Kalashnikov))
[2013-10-14 19:26] : Eladó gazdagnegyedi ház 525620.. ((Sammy Gravano))
[2013-10-14 19:27] : Eladó gazdagnegyedi ház 525620.. ((Sammy Gravano))
[2013-10-14 19:29] : Eladó gazdagnegyedi ház 525620.. ((Sammy Gravano))
[2013-10-14 19:29] : ház csere kocsi.. ((Sammy Gravano))
[2013-10-14 19:29] : Eladó gazdagnegyedi ház 525620.. ((Sammy Gravano))
[2013-10-14 19:37] : Eladó gazdagnegyedi ház 525620.. ((Sammy Gravano))
[2013-10-14 19:44] : burrito,sultan eladó.. ((Jhony Alvarez))
[2013-10-14 19:45] : McLaren eladó.. ((Jhony Alvarez))
[2013-10-14 19:56] : Eladó gazdagnegyedi ház 525620.. ((Sammy Gravano))
[2013-10-14 19:57] : olcso ház 525620.. ((Sammy Gravano))
[2013-10-14 19:57] : Eladó gazdagnegyedi ház 525620.. ((Sammy Gravano))
[2013-10-14 19:59] : Tuningolt bmw 540i eladó 326488.. ((Dani Devenyi))
[2013-10-14 20:01] : Eladó gazdagnegyedi ház 525620.. ((Sammy Gravano))
[2013-10-14 20:01] : olcso haz 525620.. ((Sammy Gravano))
[2013-10-14 20:04] : oclso ház 525620.. ((Sammy Gravano))
[2013-10-14 20:05] : tuningolt bmw 540i eladó 326488.. ((Dani Devenyi))
[2013-10-14 20:13] : olcso ház 525620.. ((Sammy Gravano))
[2013-10-14 20:15] : olcso haz 525620.. ((Sammy Gravano))
[2013-10-14 20:16] : olcso haz 525620.. ((Sammy Gravano))
[2013-10-14 20:17] : ház 525620.. ((Sammy Gravano))
[2013-10-14 21:03] : Kocsit veszek! Celica előnyben!.. ((Morris Monroe))
[2013-10-15 12:07] : valaki elvinne?.. ((Jerry Green))
[2013-10-15 12:08] : szerelőHQ-n vagyok.. ((Jerry Green))
