[2013-10-03 13:51] [PD/TICKET] Huan_Paulo_Alexander gave Troy Adam a ticket. Amount: Ft200000 Reason: Rendöri munka akadályozása
[2013-10-03 13:52] [PD/TICKET] Armany_Attila gave Hartmann Dzsino Daniel a ticket. Amount: Ft200000 Reason: Gyorshajtás Agresszív ellenálás
[2013-10-03 14:21] [PD/TICKET] Georg_Wilhelm gave Troy Adam a ticket. Amount: Ft100000 Reason: utcai verekedés
[2013-10-03 15:29] [PD/TICKET] Kolompar_Jozsef gave Zack Morrison a ticket. Amount: Ft45000 Reason: Gondatlan vezetés
[2013-10-03 15:59] [PD/ARREST] Légi Tizedes Kolompar_Jozsefletartóztatott egy bűnözőt, neve: Taylor Kurt-t ennyi időre:20 perc. Bűncselekmény oka: Rendőri munka akadályozása XXX
[2013-10-03 16:00] [PD/TICKET] Armany_Attila gave Hartmann Dzsino Daniel a ticket. Amount: Ft10000 Reason: Nem parkolóhely
[2013-10-03 16:24] [PD/TICKET] Szabo_Marton gave Kris Junior a ticket. Amount: Ft1000000 Reason: Bankrablás
[2013-10-03 19:06] [PD/TICKET] Molgi_Aladar gave Thomas Hill a ticket. Amount: Ft100000 Reason: Nem állt félre és nincs irata
[2013-10-03 19:30] [PD/TICKET] Kordik_Zsolt gave Gabriel Anderson a ticket. Amount: Ft45000 Reason: Elsősegély csomag hiánya!
[2013-10-03 19:44] [PD/TICKET] Cserep_Martin gave David Maxy a ticket. Amount: Ft20000 Reason: Rendőr ócsárolásért
[2013-10-03 19:48] [PD/TICKET] James_Banderas gave Beke Sandor a ticket. Amount: Ft25000 Reason: Felelőtlen vezetés.
[2013-10-03 21:06] [PD/TICKET] Kordik_Zsolt gave Vajda Daniel a ticket. Amount: Ft50000 Reason: Gyorshajtás!
[2013-10-04 14:19] [PD/TICKET] Curtis_Vercetti gave Taylor Kurt a ticket. Amount: Ft90000 Reason: Gondatlan vezetés.
[2013-10-04 15:41] [PD/TICKET] Henry_Domelson gave Pete Patrik a ticket. Amount: Ft500 Reason: Tartozás
[2013-10-04 15:43] [PD/TICKET] Rudolf_Hess gave Dani Devenyi a ticket. Amount: Ft200000 Reason: rendöri munka akadályozása
[2013-10-04 15:54] [PD/TICKET] Armany_Attila gave Bolvari Attila a ticket. Amount: Ft50000 Reason: Csak elméleti van meg.
[2013-10-04 16:13] [PD/ARREST] TEK Százados  George_Richardeletartóztatott egy bűnözőt, neve: Jonny Clein-t ennyi időre:60 perc. Bűncselekmény oka: Emberablás
[2013-10-04 16:29] [PD/TICKET] Huan_Paulo_Alexander gave Daniel Cortez a ticket. Amount: Ft45000 Reason: Gondatlan vezetés
[2013-10-04 16:30] [PD/TICKET] Jason_Separd gave Dada Koki a ticket. Amount: Ft590000 Reason: töröt auto+ illegális tárgy birtoklás
[2013-10-04 19:03] [PD/TICKET] Arnold_Lincoln gave Daniel Soprano a ticket. Amount: Ft500000 Reason: bankrab bünrészeség
[2013-10-04 19:06] [PD/TICKET] Armany_Attila gave Nick Denis a ticket. Amount: Ft45000 Reason: Gyorshajtás
[2013-10-04 19:15] [PD/TICKET] Kordik_Zsolt gave Magyar Laszlo a ticket. Amount: Ft30000 Reason: Piros lámoán valo áthajtás!
[2013-10-04 19:30] [PD/TICKET] Georg_Wilhelm gave Steavans Egal Cortez a ticket. Amount: Ft200000 Reason: gondatlan vezetés,tötörr autó,járőt szidása
[2013-10-04 20:22] [PD/TICKET] Jason_Separd gave Dani Devenyi a ticket. Amount: Ft500000 Reason: aggresziv ellenálás közszolgálati munka akadályozása
[2013-10-04 23:13] [PD/TICKET] Csak_Janos gave Thomas Ramsey a ticket. Amount: Ft1000000 Reason: bankrablásban való részvétele
[2013-10-05 08:54] [PD/TICKET] Santa_Szabolcs gave Solti David a ticket. Amount: Ft50000 Reason: gázmaszk
[2013-10-05 09:24] [PD/TICKET] Armany_Attila gave William G Rodriguez a ticket. Amount: Ft30000 Reason: Agresszív ellenálás
[2013-10-05 09:36] [PD/TICKET] David_Backhem gave Lakatos Szilveszter a ticket. Amount: Ft150000 Reason: agressziv ellenállás fegyvertartási
[2013-10-05 10:50] [PD/TICKET] Santa_Szabolcs gave Nagy Kristof a ticket. Amount: Ft20000 Reason: bilincs
[2013-10-05 11:04] [PD/TICKET] Armany_Attila gave Phil McOnel a ticket. Amount: Ft450000 Reason: Illegális tárgy birtoklás
[2013-10-05 11:30] [PD/TICKET] Divany_Zsolt gave Johhny Fallen a ticket. Amount: Ft90000 Reason: törött autó
[2013-10-05 11:31] [PD/TICKET] Bahil_Patrik gave Kalman Krisztian a ticket. Amount: Ft5000 Reason: gondatlan vezetés
[2013-10-05 11:36] [PD/TICKET] Kolompar_Jozsef gave Mikhail Kalashnikov a ticket. Amount: Ft45000 Reason: gyorshajtás
[2013-10-05 12:12] [PD/TICKET] Molgi_Aladar gave Jhonny Ricko a ticket. Amount: Ft100000 Reason: Irat hiány
[2013-10-05 12:13] [PD/TICKET] Armany_Attila gave Ton Jones a ticket. Amount: Ft300000 Reason: Agresszív Ellenállás
[2013-10-05 12:15] [PD/TICKET] Armany_Attila gave Ton Jones a ticket. Amount: Ft20000 Reason: Rendőr provokálása
[2013-10-05 13:02] [PD/TICKET] Cserep_Martin gave Gabor Kyosuke a ticket. Amount: Ft45000 Reason: gondatlan vezetés miatt
[2013-10-05 13:12] [PD/TICKET] Cserep_Martin gave Taylor Kurt a ticket. Amount: Ft145000 Reason: elsősegély csomag hiánya + gondatlan vezetés + törött autó
[2013-10-05 13:36] [PD/TICKET] Fogarasi_Gergo gave Hartmann Dzsino Daniel a ticket. Amount: Ft1500000 Reason: Bankrablás, Rendőr elleni erőszak
[2013-10-05 14:40] [PD/TICKET] Armany_Attila gave Norbi Qarison a ticket. Amount: Ft30000 Reason: Rendőr Sértegetés
[2013-10-05 15:04] [PD/TICKET] Csak_Janos gave Kalman Krisztian a ticket. Amount: Ft40000 Reason: veszélyeztette a forgalmat
[2013-10-05 15:10] [PD/TICKET] Csak_Janos gave Don Marco a ticket. Amount: Ft20000 Reason: táblák figyelmen hagyása végett
[2013-10-05 16:00] [PD/TICKET] Armany_Attila gave Tornyosi Oliver a ticket. Amount: Ft15000 Reason: Rendőr Sértegetés
[2013-10-05 16:32] [PD/TICKET] Curtis_Vercetti gave Gyori Laszlo a ticket. Amount: Ft30000 Reason: Gyorshajtás.
[2013-10-05 18:53] [PD/TICKET] Santa_Szabolcs gave Phil McOnel a ticket. Amount: Ft10000 Reason: gyorshajtás
[2013-10-05 18:56] [PD/TICKET] Santa_Szabolcs gave William G Rodriguez a ticket. Amount: Ft10000 Reason: gyorshajtás
[2013-10-05 20:15] [PD/TICKET] David_Backhem gave Tornyosi Oliver a ticket. Amount: Ft1000000 Reason: bankrablás
[2013-10-05 23:50] [PD/ARREST] TEK Százados  George_Richardeletartóztatott egy bűnözőt, neve: Hudak Patrik-t ennyi időre:30 perc. Bűncselekmény oka: Agressziv ellenálás
[2013-10-06 12:57] [PD/TICKET] Huan_Paulo_Alexander gave Robert Harison a ticket. Amount: Ft500000 Reason: Bankrablás gyanuja
[2013-10-06 13:29] [PD/TICKET] Huan_Paulo_Alexander gave Hudak Patrik a ticket. Amount: Ft45000 Reason: Gondatlan vezetés
[2013-10-06 13:51] [PD/TICKET] Tray_Rooney gave Mark Fain a ticket. Amount: Ft500000 Reason: Illegális fegyver birtoklása.
[2013-10-06 19:46] [PD/TICKET] Santa_Szabolcs gave Daniel Wrigther a ticket. Amount: Ft100000 Reason: agresszív ellenállás , gyorshajtás
[2013-10-06 20:08] [PD/TICKET] Molgi_Aladar gave Gyori Noel a ticket. Amount: Ft50000 Reason: Gondatlan vezetés
[2013-10-06 20:38] [PD/ARREST] TEK Tiszt  Chris_Darbinletartóztatott egy bűnözőt, neve: Aaron Smith-t ennyi időre:20 perc. Bűncselekmény oka: Csóportos garázdaság
[2013-10-06 21:27] [PD/TICKET] Kordik_Zsolt gave Hartmann Dzsino Daniel a ticket. Amount: Ft1000000 Reason: Bankrablás!
[2013-10-06 21:33] [PD/ARREST] TEK Tiszt  Kordik_Zsoltletartóztatott egy bűnözőt, neve: Hartmann Dzsino Daniel-t ennyi időre:30 perc. Bűncselekmény oka: Illegális tárgy birtoklás
[2013-10-06 21:44] [PD/TICKET] Henry_Domelson gave Alex Costa a ticket. Amount: Ft200000 Reason: Tiszteletlenség és rendőri munka akadájozása.
[2013-10-07 18:41] [PD/TICKET] Molgi_Aladar gave Bognar Bence a ticket. Amount: Ft50000 Reason: Gyorshajtás plusz első segély csomag hiámy
[2013-10-07 19:09] [PD/TICKET] Molgi_Aladar gave Gyory Daniel a ticket. Amount: Ft45000 Reason: Gondatlan vezetés
[2013-10-07 19:18] [PD/TICKET] Santa_Szabolcs gave Nagy Uranus a ticket. Amount: Ft300000 Reason: agresszív ellenállás
[2013-10-07 20:04] [PD/TICKET] Molgi_Aladar gave Hartmann Dzsino Daniel a ticket. Amount: Ft10000 Reason: Gyorshajtás
[2013-10-07 22:50] [PD/TICKET] Curtis_Vercetti gave Csak Janos a ticket. Amount: Ft50000 Reason: asd
[2013-10-07 22:51] [PD/TICKET] Curtis_Vercetti gave Curtis Vercetti a ticket. Amount: Ft10000 Reason: teszt
[2013-10-07 22:52] [PD/TICKET] Curtis_Vercetti gave Curtis Vercetti a ticket. Amount: Ft10000 Reason: teszt
[2013-10-08 16:51] [PD/TICKET] Ryan_Lewis gave Giorgio Ferrari a ticket. Amount: Ft50000 Reason: Balesetokozása
[2013-10-08 16:57] [PD/ARREST] Légi Tizedes Divany_Zsoltletartóztatott egy bűnözőt, neve: Hartmann Dzsino Daniel-t ennyi időre:20 perc. Bűncselekmény oka: nyilt utcán való lövöldözés
[2013-10-08 17:02] [PD/TICKET] Ryan_Lewis gave Tornyosi Oliver a ticket. Amount: Ft3000 Reason: Rendörtisztelszembeni tiszteletlenség.
[2013-10-08 17:28] [PD/TICKET] Santa_Szabolcs gave Curtis Jr Jackson a ticket. Amount: Ft500000 Reason: illegális tárgy birtoklás
[2013-10-08 17:57] [PD/TICKET] Divany_Zsolt gave Brack Ryan a ticket. Amount: Ft45000 Reason: gondatlan vezetés
[2013-10-08 18:04] [PD/TICKET] Santa_Szabolcs gave Gabriel Anderson a ticket. Amount: Ft45000 Reason: gondatlan vezetés
[2013-10-08 21:22] [PD/TICKET] Jim_Tom gave Hartmann Dzsino Daniel a ticket. Amount: Ft1000000 Reason: bankrabláson részvétel
[2013-10-08 21:23] [PD/TICKET] Kalman_Krisztian gave Hartmann Dzsino Daniel a ticket. Amount: Ft1000000 Reason: Bankrablás
[2013-10-09 14:48] [PD/ARREST] TEK Tiszt  Georg_Wilhelmletartóztatott egy bűnözőt, neve: Hartmann Dzsino Daniel-t ennyi időre:45 perc. Bűncselekmény oka: Bankrablás
[2013-10-09 18:54] [PD/TICKET] Molgi_Aladar gave Marcell Cortez a ticket. Amount: Ft50000 Reason: Gyorshajtás
[2013-10-09 18:55] [PD/TICKET] Huan_Paulo_Alexander gave Edward Kenway a ticket. Amount: Ft1000000 Reason: Bankrablás
[2013-10-09 18:58] [PD/ARREST] TEK Tiszt  Huan_Paulo_Alexanderletartóztatott egy bűnözőt, neve: Gregorio Hernandez-t ennyi időre:1 perc. Bűncselekmény oka: Proba
[2013-10-09 19:00] [PD/ARREST] TEK Tiszt  Huan_Paulo_Alexanderletartóztatott egy bűnözőt, neve: Huan Paulo Alexander-t ennyi időre:1 perc. Bűncselekmény oka: Proba
[2013-10-09 19:05] [PD/TICKET] Molgi_Aladar gave David El Gracia a ticket. Amount: Ft45000 Reason: Gyorshajtás
[2013-10-09 19:22] [PD/TICKET] Molgi_Aladar gave Phil McOnel a ticket. Amount: Ft45000 Reason: Gyorshajtás
[2013-10-09 20:17] [PD/TICKET] Kolompar_Jozsef gave Gabriel Anderson a ticket. Amount: Ft95000 Reason: gondatlan vezetés,elsősegély csomag hiánya
[2013-10-09 20:32] [PD/TICKET] Rudolf_Hess gave Phil McOnel a ticket. Amount: Ft300000 Reason: agressziv ellenálás, menekülés
[2013-10-09 20:39] [PD/TICKET] Rudolf_Hess gave Alex Costa a ticket. Amount: Ft50000 Reason: gyorshajtás
[2013-10-10 07:18] [PD/TICKET] Huan_Paulo_Alexander gave Huan Paulo Alexander a ticket. Amount: Ft1 Reason: proba
[2013-10-10 16:27] [PD/TICKET] Gregorio_Hernandez gave Johnson Morgan a ticket. Amount: Ft1000000 Reason: Bankrablás
[2013-10-10 16:31] [PD/TICKET] Csak_Janos gave Joe Maxy a ticket. Amount: Ft1000000 Reason: Bankrablásban rész vett
[2013-10-10 16:31] [PD/ARREST] TEK Százados  Gregorio_Hernandezletartóztatott egy bűnözőt, neve: Johnson Morgan-t ennyi időre:60 perc. Bűncselekmény oka: Bankrablás
[2013-10-10 17:18] [PD/TICKET] David_Backhem gave Matthew D Dawis a ticket. Amount: Ft150000 Reason: agressziv vezetés
[2013-10-10 18:29] [PD/ARREST] ORFK Vezérezredes Csak_Janosletartóztatott egy bűnözőt, neve: Mester Benjamin-t ennyi időre:30 perc. Bűncselekmény oka: Illegállis fegyver birtoklása és rendöri munka akadályozása
[2013-10-10 18:42] [PD/TICKET] Biro_Peter gave John Trevor a ticket. Amount: Ft45000 Reason: Gondatlan vezetés
[2013-10-10 18:50] [PD/TICKET] Bognar_Bence gave John Trevor a ticket. Amount: Ft20000 Reason: Gyorshajtás
[2013-10-10 22:23] [PD/TICKET] John_Crookers gave Istenes Vendel a ticket. Amount: Ft90000 Reason: ütközés
[2013-10-11 11:55] [PD/TICKET] Thomas_Edison gave Jhon Gergolla a ticket. Amount: Ft300000 Reason: Emberölés
[2013-10-11 15:05] [PD/TICKET] Biro_Peter gave Gabor Kyosuke a ticket. Amount: Ft10000 Reason: Gyorshajtás
[2013-10-11 15:56] [PD/TICKET] Santa_Szabolcs gave Gabor Kyosuke a ticket. Amount: Ft10000 Reason: gyorhajtás
[2013-10-11 19:19] [PD/TICKET] Pasztor_Gaborka gave Nemeth Istvan a ticket. Amount: Ft1500000 Reason: Szokszori figyelmeztetés
[2013-10-11 20:46] [PD/TICKET] Pasztor_Gaborka gave Gyori Noel a ticket. Amount: Ft150000 Reason: Fegyvered van fegyvertartás nélkül
[2013-10-11 20:56] [PD/TICKET] Csak_Janos gave Don Marco a ticket. Amount: Ft1000000 Reason: civilnek adta ki magát de közben kiderült hogy bankrablo
[2013-10-11 20:58] [PD/ARREST] ORFK Vezérezredes Csak_Janosletartóztatott egy bűnözőt, neve: Don Marco-t ennyi időre:45 perc. Bűncselekmény oka: civilnek adta ki magát és több körzetben körözik
[2013-10-11 21:07] [PD/TICKET] Jason_Cruz gave Joe Maxy a ticket. Amount: Ft350000 Reason: Gyorshajtás,Táblák figyelmen kívül hagyása,Menekülés(Enyhítve)
[2013-10-12 09:31] [PD/TICKET] Jason_Cruz gave John Trevor a ticket. Amount: Ft15000 Reason: Táblák figyelmen kívül hagyása,Indexhiány,Szabálytalan sávhasználat(Figyelmezte
[2013-10-12 09:37] [PD/TICKET] Santa_Szabolcs gave Gondos Krisztofer a ticket. Amount: Ft20000 Reason: gondatlan vezetés
[2013-10-12 09:45] [PD/TICKET] Santa_Szabolcs gave Marcell Cortez a ticket. Amount: Ft20000 Reason: gyorhajtás
[2013-10-12 12:12] [PD/TICKET] Jason_Cruz gave Jason Cruz a ticket. Amount: Ft450000 Reason: Köztulajdon rongálás,Táblák figyelmen kíül hagyása,Indexhiány
[2013-10-12 12:17] [PD/TICKET] Jason_Cruz gave Jack Waterson a ticket. Amount: Ft750000 Reason: Közmunka akadályozása,Köztulajdon rongálás,Táblák figyelmen kívül hagyása
[2013-10-12 12:39] [PD/TICKET] John_Crookers gave Daniel Vincenzo a ticket. Amount: Ft500000 Reason: fegyver
[2013-10-12 13:14] [PD/TICKET] Molgi_Aladar gave Star Attila a ticket. Amount: Ft100000 Reason: Gyorshajtás plussz illegális fegyver
[2013-10-12 13:43] [PD/TICKET] Molgi_Aladar gave Kiss Zoltan a ticket. Amount: Ft45000 Reason: Gyorshajtás
[2013-10-12 17:31] [PD/TICKET] Jason_Cruz gave Lucas Hes a ticket. Amount: Ft950000 Reason: Menekülés,Szabálytalan sávhasználat/Piroson áthajtás stb...
[2013-10-12 19:01] [PD/TICKET] Jason_Cruz gave Carloz Andrew Martino a ticket. Amount: Ft220000 Reason: Szabálytalan sávhasználat,Táblák figyelmen kívül hagyása,Piroson áthajtás
[2013-10-12 19:02] [PD/TICKET] Jason_Cruz gave Carloz Andrew Martino a ticket. Amount: Ft240000 Reason: Szabálytalan sávhasználat,táblák figyelmen kívül hagyása
[2013-10-12 19:37] [PD/TICKET] Molgi_Aladar gave Sebastiano Volz a ticket. Amount: Ft20000 Reason: Gyorshajtás
[2013-10-12 22:15] [PD/TICKET] Jason_Cruz gave George Lucas a ticket. Amount: Ft2000000 Reason: Sulyos indokok felsorolva ((OOC-IC))
[2013-10-12 22:23] [PD/ARREST] TEK Tizedes Kordik_Zsoltletartóztatott egy bűnözőt, neve: George Lucas-t ennyi időre:30 perc. Bűncselekmény oka: Cserbenhagyás,stb.....
[2013-10-13 00:04] [PD/TICKET] Csak_Janos gave Tony Adams a ticket. Amount: Ft300000 Reason: Állami tulajdon megsértése
[2013-10-13 08:08] [PD/TICKET] Jason_Cruz gave Jamrik Ozzy a ticket. Amount: Ft975000 Reason: Menekülés,Közszolgálati személy megsebesítés,Köztulajdon...
[2013-10-13 13:26] [PD/TICKET] Jason_Cruz gave Lorenzo Esteban a ticket. Amount: Ft55000 Reason: Gyorshajtás
[2013-10-13 14:09] [PD/TICKET] Jason_Cruz gave Molnar Benjamin a ticket. Amount: Ft1000000 Reason: Közszemély megsértése,Menekülés,Köztulajdon,stb....
[2013-10-13 16:32] [PD/TICKET] Molgi_Aladar gave Joe Maxy a ticket. Amount: Ft500000 Reason: Illegális tárgy birtoklása
[2013-10-13 17:26] [PD/TICKET] Rudolf_Hess gave William Toretto a ticket. Amount: Ft1000000 Reason: bankrablás
[2013-10-13 18:46] [PD/TICKET] Szabo_Marton gave Alex Bodnar a ticket. Amount: Ft20000 Reason: Gyorshajtás
[2013-10-13 19:14] [PD/TICKET] Molgi_Aladar gave Joe Mason a ticket. Amount: Ft45000 Reason: Közuti baleset okozás
[2013-10-13 19:20] [PD/ARREST] TEK Tizedes Santa_Szabolcsletartóztatott egy bűnözőt, neve: Sadao Lorenzo-t ennyi időre:30 perc. Bűncselekmény oka: Bűnrészesség + Nincs Jogosítvány
[2013-10-13 22:32] [PD/TICKET] Thomas_Edison gave Buzas Ilona a ticket. Amount: Ft20000 Reason: Lámpa hiánya
[2013-10-14 15:53] [PD/TICKET] Szabo_Marton gave Robert Harison a ticket. Amount: Ft10000 Reason: Gyórshajtás
[2013-10-14 18:40] [PD/TICKET] Szabo_Marton gave Kovacs Rajmund a ticket. Amount: Ft300000 Reason: Iratok nincsenek rendben+Fegyver birtoklása
[2013-10-14 19:11] [PD/TICKET] Szabo_Marton gave Georg Wilhelm a ticket. Amount: Ft500000 Reason: Illegális fegyver birtoklása
[2013-10-14 19:26] [PD/ARREST] TEK Tizedes Santa_Szabolcsletartóztatott egy bűnözőt, neve: Sebastiano Volz-t ennyi időre:15 perc. Bűncselekmény oka: tömegverekedés + rendőri munka akadályozása
