[2013-10-04 18:01] [LSES Death] davidka240900/Mikhail_Kalashnikov lost 1x item 35
[2013-10-04 18:01] [LSES Death] davidka240900/Mikhail_Kalashnikov lost 1x item 38
[2013-10-05 01:18] [LSES Death] Pistaa/Pete_Patrik lost 2x item 34
[2013-10-05 01:18] [LSES Death] Pistaa/Pete_Patrik lost 1x item 34
[2013-10-05 01:18] [LSES Death] Pistaa/Pete_Patrik lost 1x item 38
[2013-10-05 01:19] [LSES Death] jadra14/Huan_Paulo_Alexander lost 19x item 34
[2013-10-05 01:19] [LSES Death] jadra14/Huan_Paulo_Alexander lost 18x item 34
[2013-10-05 01:19] [LSES Death] jadra14/Huan_Paulo_Alexander lost 17x item 34
[2013-10-05 01:19] [LSES Death] jadra14/Huan_Paulo_Alexander lost 16x item 34
[2013-10-05 01:19] [LSES Death] jadra14/Huan_Paulo_Alexander lost 15x item 34
[2013-10-05 01:19] [LSES Death] jadra14/Huan_Paulo_Alexander lost 14x item 34
[2013-10-05 01:19] [LSES Death] jadra14/Huan_Paulo_Alexander lost 13x item 34
[2013-10-05 01:19] [LSES Death] jadra14/Huan_Paulo_Alexander lost 12x item 34
[2013-10-05 01:19] [LSES Death] jadra14/Huan_Paulo_Alexander lost 11x item 34
[2013-10-05 01:19] [LSES Death] jadra14/Huan_Paulo_Alexander lost 10x item 34
[2013-10-05 01:19] [LSES Death] jadra14/Huan_Paulo_Alexander lost 9x item 34
[2013-10-05 01:19] [LSES Death] jadra14/Huan_Paulo_Alexander lost 8x item 34
[2013-10-05 01:19] [LSES Death] jadra14/Huan_Paulo_Alexander lost 7x item 34
[2013-10-05 01:19] [LSES Death] jadra14/Huan_Paulo_Alexander lost 6x item 34
[2013-10-05 01:19] [LSES Death] jadra14/Huan_Paulo_Alexander lost 5x item 34
[2013-10-05 01:19] [LSES Death] jadra14/Huan_Paulo_Alexander lost 4x item 34
[2013-10-05 01:19] [LSES Death] jadra14/Huan_Paulo_Alexander lost 3x item 34
[2013-10-05 01:19] [LSES Death] jadra14/Huan_Paulo_Alexander lost 2x item 34
[2013-10-05 01:19] [LSES Death] jadra14/Huan_Paulo_Alexander lost 1x item 34
[2013-10-05 01:19] [LSES Death] jadra14/Huan_Paulo_Alexander lost 10x item 38
[2013-10-05 01:19] [LSES Death] jadra14/Huan_Paulo_Alexander lost 9x item 38
[2013-10-05 01:19] [LSES Death] jadra14/Huan_Paulo_Alexander lost 8x item 38
[2013-10-05 01:19] [LSES Death] jadra14/Huan_Paulo_Alexander lost 7x item 38
[2013-10-05 01:19] [LSES Death] jadra14/Huan_Paulo_Alexander lost 6x item 38
[2013-10-05 01:19] [LSES Death] jadra14/Huan_Paulo_Alexander lost 5x item 38
[2013-10-05 01:19] [LSES Death] jadra14/Huan_Paulo_Alexander lost 4x item 38
[2013-10-05 01:19] [LSES Death] jadra14/Huan_Paulo_Alexander lost 3x item 38
[2013-10-05 01:19] [LSES Death] jadra14/Huan_Paulo_Alexander lost 2x item 38
[2013-10-05 01:19] [LSES Death] jadra14/Huan_Paulo_Alexander lost 1x item 38
[2013-10-05 02:08] [LSES Death] Pistaa/Pete_Patrik lost 5x item 34
[2013-10-05 02:08] [LSES Death] Pistaa/Pete_Patrik lost 4x item 34
[2013-10-05 02:08] [LSES Death] Pistaa/Pete_Patrik lost 3x item 34
[2013-10-05 02:08] [LSES Death] Pistaa/Pete_Patrik lost 2x item 34
[2013-10-05 02:08] [LSES Death] Pistaa/Pete_Patrik lost 1x item 34
[2013-10-05 02:22] [LSES Death] alex0098/Jason_Separd lost 1x item 34
[2013-10-05 02:22] [LSES Death] alex0098/Jason_Separd lost 1x item 35
[2013-10-05 14:23] [LSES Death] Curtis/Curtis_Vercetti lost 1x item 38
[2013-10-05 14:40] [LSES Death] hatosvillamos/Kolompar_Jozsef lost 1x item 38
[2013-10-05 22:44] [LSES Death] mark99/Nico_Bellic lost 2x item 38
[2013-10-05 22:44] [LSES Death] mark99/Nico_Bellic lost 1x item 38
[2013-10-06 02:43] [LSES Death] faker4e/Skaffer_Peter lost 2x item 38
[2013-10-06 02:43] [LSES Death] faker4e/Skaffer_Peter lost 1x item 38
[2013-10-06 08:11] [LSES Death] domcsacsa77/Carloz_Andrew_Martino lost 1x item 38
[2013-10-06 10:27] [LSES Death] Daniel Provenzano/Daniel_Soprano lost 1x item 38
[2013-10-06 12:32] [LSES Death] Daniel Provenzano/Daniel_Soprano lost 1x item 38
[2013-10-06 14:04] [LSES Death] alex1/Connor_Darbin lost 1x item 34
[2013-10-06 18:11] [LSES Death] asdasd00/Biro_Peter lost 1x item 34
[2013-10-06 18:11] [LSES Death] asdasd00/Biro_Peter lost 1x item 35
[2013-10-06 18:11] [LSES Death] asdasd00/Biro_Peter lost 1x item 38
[2013-10-07 14:43] [LSES Death] edward/Jason_Statham lost 1x item 34
[2013-10-07 14:43] [LSES Death] edward/Jason_Statham lost 1x item 35
[2013-10-08 07:33] [LSES Death] alex1/Connor_Darbin lost 1x item 34
[2013-10-08 07:33] [LSES Death] alex1/Connor_Darbin lost 1x item 38
[2013-10-08 10:57] [LSES Death] paradicsom123/Endy_Clarkson lost 1x item 34
[2013-10-08 15:10] [LSES Death] Daniel Provenzano/Daniel_Soprano lost 1x item 38
[2013-10-11 20:03] [LSES Death] Michael Howard/Michael_Howard lost 1x item 34
[2013-10-12 12:08] [LSES Death] Pistaa/Pete_Patrik lost 2x item 34
[2013-10-12 12:08] [LSES Death] Pistaa/Pete_Patrik lost 1x item 34
[2013-10-12 12:22] [LSES Death] Jacki/Matthew_D_Dawis lost 9x item 34
[2013-10-12 12:22] [LSES Death] Jacki/Matthew_D_Dawis lost 8x item 34
[2013-10-12 12:22] [LSES Death] Jacki/Matthew_D_Dawis lost 7x item 34
[2013-10-12 12:22] [LSES Death] Jacki/Matthew_D_Dawis lost 6x item 34
[2013-10-12 12:22] [LSES Death] Jacki/Matthew_D_Dawis lost 5x item 34
[2013-10-12 12:22] [LSES Death] Jacki/Matthew_D_Dawis lost 4x item 34
[2013-10-12 12:22] [LSES Death] Jacki/Matthew_D_Dawis lost 3x item 34
[2013-10-12 12:22] [LSES Death] Jacki/Matthew_D_Dawis lost 2x item 34
[2013-10-12 12:22] [LSES Death] Jacki/Matthew_D_Dawis lost 1x item 34
[2013-10-12 12:22] [LSES Death] Jacki/Matthew_D_Dawis lost 7x item 38
[2013-10-12 12:22] [LSES Death] Jacki/Matthew_D_Dawis lost 6x item 38
[2013-10-12 12:22] [LSES Death] Jacki/Matthew_D_Dawis lost 5x item 38
[2013-10-12 12:22] [LSES Death] Jacki/Matthew_D_Dawis lost 4x item 38
[2013-10-12 12:22] [LSES Death] Jacki/Matthew_D_Dawis lost 3x item 38
[2013-10-12 12:22] [LSES Death] Jacki/Matthew_D_Dawis lost 2x item 38
[2013-10-12 12:22] [LSES Death] Jacki/Matthew_D_Dawis lost 1x item 38
[2013-10-13 00:37] [LSES Death] adamszkia/Marcus_Rollin lost 1x item 35
[2013-10-13 21:39] [LSES Death] Konicsek/George_Lucas lost 1x item 35
