[2013-07-07 23:17] [TOW] Hector_Goldman started towing vehicle #-34, owned by false, from Julius Thruway West (pos = 1203.6396484375, 2206.7060546875, 7.3333764076233, rot = 359.35180664063, 359.87915039063, 271.38977050781, health = 1000.2442626953)
[2013-07-08 00:11] [TOW] Hector_Goldman started towing vehicle #-42, owned by false, from Las Venturas Airport (pos = 1484.4951171875, 1797.55078125, 11.263484954834, rot = 359.6923828125, 359.79125976563, 79.552001953125, health = 1000.2442626953)
[2013-07-08 00:13] [TOW] Hector_Goldman started towing vehicle #-52, owned by false, from Las Venturas Airport (pos = 1453.91796875, 1696.6552734375, 10.879450798035, rot = 359.13757324219, 0.6866455078125, 145.810546875, health = 1000.2442626953)
[2013-07-08 00:13] [TOW STOP] Hector_Goldman stopped towing vehicle #-52, owned by false, in Las Venturas Airport (pos = 1454.2236328125, 1693.701171875, 11.152460098267, rot = 19.275512695313, 4.306640625, 186.064453125, health = 1000.2442626953)
[2013-07-08 00:13] [TOW] Hector_Goldman started towing vehicle #-50, owned by false, from Las Venturas Airport (pos = 1460.6982421875, 1707.9130859375, 10.864059448242, rot = 1.8511962890625, 359.65393066406, 139.24072265625, health = 1000.2442626953)
[2013-08-31 11:06] [TOW] Steven_Gomez started towing vehicle #-17, owned by false, from Ganton (pos = 2487.6416015625, -1680.9521484375, 13.155379295349, rot = 0.615234375, 351.54052734375, 274.63623046875, health = 719.90234375)
[2013-08-31 11:06] [TOW STOP] Steven_Gomez stopped towing vehicle #-17, owned by false, in Ganton (pos = 2347.96875, -1653.8583984375, 13.677224159241, rot = 1.505126953125, 45.302124023438, 28.108520507812, health = 719.90234375)
[2013-10-03 07:02] [TOW] Thomas_Ramsey started towing vehicle #132, owned by Skaffer Peter, from Richman (pos = 255.0986328125, -1359.990234375, 53.332244873047, rot = 359.75830078125, 0.50537109375, 277.98706054688, health = 993.40661621094)
[2013-10-03 07:02] [TOW STOP] Thomas_Ramsey stopped towing vehicle #132, owned by Skaffer Peter, in Richman (pos = 284.498046875, -1318.5830078125, 54.14404296875, rot = 0.186767578125, 358.70910644531, 113.61511230469, health = 993.40661621094)
[2013-10-03 15:40] [TOW] Barney_Ross started towing vehicle #547, owned by John Clarkson, from Santa Maria Beach (pos = 338.69140625, -1801.62109375, 4.4493107795715, rot = 358.09936523438, 0.604248046875, 186.59729003906, health = 362.8815612793)
[2013-10-03 15:40] [TOW STOP] Barney_Ross stopped towing vehicle #547, owned by John Clarkson, in Santa Maria Beach (pos = 338.69140625, -1801.62109375, 4.4493107795715, rot = 358.09936523438, 0.604248046875, 186.59729003906, health = 362.8815612793)
[2013-10-03 19:41] [TOW] Jason_Black started towing vehicle #211, owned by Marcus Rollin, from Santa Maria Beach (pos = 353.416015625, -1747.6884765625, 4.5565247535706, rot = 8.4320068359375, 345.41564941406, 320.70739746094, health = 677.89990234375)
[2013-10-03 19:41] [TOW STOP] Jason_Black stopped towing vehicle #211, owned by Marcus Rollin, in Santa Maria Beach (pos = 332.3125, -1778.763671875, 4.6875815391541, rot = 7.130126953125, 0.274658203125, 2.581787109375, health = 677.89990234375)
[2013-10-03 19:42] [TOW] Jason_Black started towing vehicle #211, owned by Marcus Rollin, from Santa Maria Beach (pos = 341.55859375, -1782.2919921875, 4.8048310279846, rot = 3.603515625, 353.2763671875, 349.57397460938, health = 673.99267578125)
[2013-10-03 19:42] [TOW STOP] Jason_Black stopped towing vehicle #211, owned by Marcus Rollin, in Santa Maria Beach (pos = 343.4580078125, -1762.9609375, 4.5832991600037, rot = 359.42321777344, 351.06811523438, 296.92199707031, health = 673.99267578125)
[2013-10-04 12:59] [TOW] Ton_Jones started towing vehicle #516, owned by Fabricio Garcia, from Santa Maria Beach (pos = 646.6044921875, -1774.859375, 12.076805114746, rot = 355.75378417969, 9.755859375, 171.85913085938, health = 299.87789916992)
[2013-10-04 12:59] [TOW STOP] Ton_Jones stopped towing vehicle #516, owned by Fabricio Garcia, in Santa Maria Beach (pos = 559.6708984375, -1789.431640625, 7.3251662254333, rot = 274.30114746094, 47.845458984375, 23.104248046875, health = 299.87789916992)
[2013-10-04 12:59] [TOW] Ton_Jones started towing vehicle #516, owned by Fabricio Garcia, from Santa Maria Beach (pos = 551.7626953125, -1790.7451171875, 5.691545009613, rot = 0.0714111328125, 0.560302734375, 93.372802734375, health = 299.87789916992)
[2013-10-04 13:00] [TOW STOP] Ton_Jones stopped towing vehicle #516, owned by Fabricio Garcia, in Santa Maria Beach (pos = 334.751953125, -1800.4365234375, 4.4942631721497, rot = 358.85192871094, 359.14306640625, 120.94848632812, health = 299.87789916992)
[2013-10-04 16:01] [TOW] Ryan_Lewis started towing vehicle #581, owned by Don Marco, from El Corona (pos = 1827.8583984375, -2020.0419921875, 13.06674861908, rot = 358.63220214844, 5.6744384765625, 168.72802734375, health = 1000.2442016602)
[2013-10-04 16:03] [TOW STOP] Ryan_Lewis stopped towing vehicle #581, owned by Don Marco, in Santa Maria Beach (pos = 327.8095703125, -1823.66015625, 4.303994178772, rot = 359.52758789062, 0.0933837890625, 112.46154785156, health = 1000.2442016602)
[2013-10-04 17:14] [TOW] Jason_Black started towing vehicle #574, owned by Daniel Cortez, from Santa Maria Beach (pos = 332.619140625, -1808.26171875, 4.100998878479, rot = 357.3193359375, 0.098876953125, 173.408203125, health = 503.05249023438)
[2013-10-04 17:14] [TOW STOP] Jason_Black stopped towing vehicle #574, owned by Daniel Cortez, in Santa Maria Beach (pos = 350.0205078125, -1771.673828125, 4.8023166656494, rot = 0.120849609375, 358.39599609375, 355.90209960938, health = 503.05249023438)
[2013-10-04 17:18] [TOW] Nagy_Attila started towing vehicle #22, owned by false, from Santa Maria Beach (pos = 350.10546875, -1808.767578125, 4.6030259132385, rot = 1.021728515625, 0.0384521484375, 359.55505371094, health = 1000.2442016602)
[2013-10-04 17:18] [TOW STOP] Nagy_Attila stopped towing vehicle #22, owned by false, in Santa Maria Beach (pos = 350.10546875, -1808.767578125, 4.6030259132385, rot = 1.021728515625, 0.0384521484375, 359.55505371094, health = 1000.2442016602)
[2013-10-04 17:19] [TOW] Nagy_Attila started towing vehicle #22, owned by false, from Santa Maria Beach (pos = 350.2744140625, -1809.0908203125, 4.6153512001038, rot = 2.362060546875, 0.1153564453125, 2.0709228515625, health = 996.82537841797)
[2013-10-04 17:19] [TOW STOP] Nagy_Attila stopped towing vehicle #22, owned by false, in Santa Maria Beach (pos = 349.900390625, -1797.15625, 5.0597896575928, rot = 0.560302734375, 346.16821289062, 109.68200683594, health = 996.82537841797)
[2013-10-04 17:19] [TOW] Nagy_Attila started towing vehicle #22, owned by false, from Santa Maria Beach (pos = 349.6494140625, -1796.9921875, 4.9395823478699, rot = 359.96154785156, 358.89038085938, 110.25329589844, health = 996.82537841797)
[2013-10-04 17:20] [TOW] Nagy_Attila started towing vehicle #23, owned by false, from Santa Maria Beach (pos = 341.283203125, -1799.9150390625, 4.8038187026978, rot = 358.83544921875, 359.84619140625, 116.04858398438, health = 989.98779296875)
[2013-10-04 17:20] [TOW STOP] Nagy_Attila stopped towing vehicle #23, owned by false, in Santa Maria Beach (pos = 339.244140625, -1794.8642578125, 4.8759016990662, rot = 0.17578125, 0.736083984375, 286.50695800781, health = 989.98779296875)
[2013-10-04 17:21] [TOW] Nagy_Attila started towing vehicle #23, owned by false, from Santa Maria Beach (pos = 340.30078125, -1794.98046875, 4.8906965255737, rot = 1.1260986328125, 0.5438232421875, 277.53112792969, health = 982.17340087891)
[2013-10-04 17:25] [TOW STOP] Nagy_Attila stopped towing vehicle #23, owned by false, in Idlewood (pos = 1947.5029296875, -1790.1865234375, 13.444336891174, rot = 359.74731445312, 0.0274658203125, 273.4716796875, health = 982.17340087891)
[2013-10-04 17:25] [TOW STOP] Nagy_Attila stopped towing vehicle #22, owned by false, in Idlewood (pos = 1940.658203125, -1789.3310546875, 13.442805290222, rot = 359.30786132812, 0.1922607421875, 228.08715820312, health = 996.82537841797)
[2013-10-04 17:31] [TOW] Nagy_Attila started towing vehicle #22, owned by false, from Idlewood (pos = 1940.228515625, -1790.0380859375, 13.472988128662, rot = 359.87915039062, 0.02197265625, 232.61352539062, health = 996.82537841797)
[2013-10-04 17:31] [TOW] Nagy_Attila started towing vehicle #23, owned by false, from Idlewood (pos = 1946.384765625, -1790.8310546875, 13.439101219177, rot = 359.76928710938, 0.8184814453125, 285.88623046875, health = 982.17340087891)
[2013-10-04 17:31] [TOW STOP] Nagy_Attila stopped towing vehicle #23, owned by false, in Idlewood (pos = 1946.1650390625, -1790.8349609375, 13.442828178406, rot = 359.29138183594, 0.054931640625, 287.89672851562, health = 982.17340087891)
[2013-10-04 17:31] [TOW] Nagy_Attila started towing vehicle #23, owned by false, from Idlewood (pos = 1946.5302734375, -1791.037109375, 13.437507629395, rot = 359.41223144531, 359.59899902344, 288.48999023438, health = 982.17340087891)
[2013-10-04 17:36] [TOW] Nagy_Attila started towing vehicle #22, owned by false, from Santa Maria Beach (pos = 330.498046875, -1797.2041015625, 4.784411907196, rot = 358.13781738281, 359.19250488281, 157.90649414062, health = 994.38342285156)
[2013-10-04 17:36] [TOW STOP] Nagy_Attila stopped towing vehicle #22, owned by false, in Santa Maria Beach (pos = 329.25390625, -1797.212890625, 4.9526810646057, rot = 358.64318847656, 20.006103515625, 137.13684082031, health = 994.38342285156)
[2013-10-04 17:41] [TOW] Nagy_Attila started towing vehicle #19, owned by false, from Santa Maria Beach (pos = 356.2607421875, -1809.2314453125, 5.2056708335876, rot = 1.2689208984375, 359.83520507812, 0.3955078125, health = 1000.2442016602)
[2013-10-04 17:41] [TOW STOP] Nagy_Attila stopped towing vehicle #19, owned by false, in Santa Maria Beach (pos = 356.2607421875, -1809.2314453125, 5.2056708335876, rot = 1.2689208984375, 359.83520507812, 0.3955078125, health = 1000.2442016602)
[2013-10-04 17:41] [TOW] Nagy_Attila started towing vehicle #19, owned by false, from Santa Maria Beach (pos = 356.189453125, -1809.3701171875, 5.1857810020447, rot = 0.9283447265625, 0.4888916015625, 2.7301025390625, health = 1000.2442016602)
[2013-10-04 17:42] [TOW] Nagy_Attila started towing vehicle #23, owned by false, from Santa Maria Beach (pos = 354.2294921875, -1799.9423828125, 4.8488163948059, rot = 0.6317138671875, 359.77478027344, 21.73095703125, health = 981.68499755859)
[2013-10-04 17:42] [TOW] Nagy_Attila started towing vehicle #21, owned by false, from Santa Maria Beach (pos = 352.8603515625, -1792.8935546875, 5.0943479537964, rot = 3.8177490234375, 358.57727050781, 8.59130859375, health = 987.05737304688)
[2013-10-04 17:53] [TOW STOP] Nagy_Attila stopped towing vehicle #21, owned by false, in Santa Maria Beach (pos = 337.4228515625, -1794.57421875, 5.0136704444885, rot = 5.152587890625, 1.2139892578125, 40.770263671875, health = 987.05737304688)
[2013-10-04 17:54] [TOW] Nagy_Attila started towing vehicle #21, owned by false, from Santa Maria Beach (pos = 470.3173828125, -1777.8212890625, 5.8883028030396, rot = 353.4521484375, 7.18505859375, 115.6640625, health = 944.078125)
[2013-10-04 17:54] [TOW STOP] Nagy_Attila stopped towing vehicle #21, owned by false, in Santa Maria Beach (pos = 385.3505859375, -1776.6953125, 5.5752186775208, rot = 2.779541015625, 357.4951171875, 156.65405273438, health = 944.078125)
[2013-10-04 17:55] [TOW] Nagy_Attila started towing vehicle #21, owned by false, from Santa Maria Beach (pos = 388.4482421875, -1774.6044921875, 5.4965963363647, rot = 0.098876953125, 358.89587402344, 158.89526367188, health = 913.79730224609)
[2013-10-04 17:55] [TOW STOP] Nagy_Attila stopped towing vehicle #21, owned by false, in Santa Maria Beach (pos = 327.271484375, -1801.08203125, 4.7422280311584, rot = 0.68115234375, 6.6082763671875, 354.88037109375, health = 913.79730224609)
[2013-10-04 22:15] [TOW] Jason_Black started towing vehicle #15, owned by false, from Santa Maria Beach (pos = 430.9912109375, -1771.4775390625, 4.9344534873962, rot = 359.46716308594, 358.52233886719, 101.94763183594, health = 1000.2442016602)
[2013-10-04 22:17] [TOW STOP] Jason_Black stopped towing vehicle #15, owned by false, in Commerce (pos = 1431.6484375, -1735.19140625, 13.084468841553, rot = 1.6864013671875, 0.0494384765625, 272.48291015625, health = 1000.2442016602)
[2013-10-05 09:27] [TOW] Marcus_Rollin started towing vehicle #582, owned by Vander John, from Santa Maria Beach (pos = 319.068359375, -1818.515625, 4.1428670883179, rot = 0.9832763671875, 352.95776367188, 269.03869628906, health = 901.09887695312)
[2013-10-05 09:28] [TOW STOP] Marcus_Rollin stopped towing vehicle #582, owned by Vander John, in Santa Maria Beach (pos = 332.6171875, -1815.09375, 3.8457975387573, rot = 1.6973876953125, 356.58874511719, 241.32568359375, health = 901.09887695312)
[2013-10-05 09:32] [TOW] Marcus_Rollin started towing vehicle #245, owned by Hartmann Dzsino Daniel, from Las Colinas (pos = 2028.060546875, -960.5615234375, 40.153770446777, rot = 0.3240966796875, 14.644775390625, 186.73461914062, health = 1000.2442016602)
[2013-10-05 09:35] [TOW STOP] Marcus_Rollin stopped towing vehicle #245, owned by Hartmann Dzsino Daniel, in Santa Maria Beach (pos = 333.3203125, -1810.357421875, 4.2875151634216, rot = 358.78601074219, 0.0714111328125, 182.548828125, health = 1000.2442016602)
[2013-10-05 09:37] [TOW] Ton_Jones started towing vehicle #217, owned by Giorgio Ferrari, from Idlewood (pos = 1829.4404296875, -1717.181640625, 13.346786499023, rot = 358.79699707031, 359.94506835938, 169.95300292969, health = 299.87789916992)
[2013-10-05 09:39] [TOW STOP] Ton_Jones stopped towing vehicle #217, owned by Giorgio Ferrari, in Santa Maria Beach (pos = 330.5986328125, -1797.806640625, 4.5498633384705, rot = 359.0771484375, 358.80798339844, 91.224975585938, health = 299.87789916992)
[2013-10-05 14:49] [TOW] Nagy_Attila started towing vehicle #22, owned by false, from Santa Maria Beach (pos = 351.2490234375, -1807.2978515625, 4.6561059951782, rot = 1.812744140625, 0.3131103515625, 4.317626953125, health = 1000.2442016602)
[2013-10-05 14:50] [TOW] Nagy_Attila started towing vehicle #21, owned by false, from Santa Maria Beach (pos = 312.59765625, -1792.0966796875, 4.6600408554077, rot = 359.52758789062, 1.1590576171875, 203.09875488281, health = 1000.2442016602)
[2013-10-05 14:50] [TOW STOP] Nagy_Attila stopped towing vehicle #21, owned by false, in Santa Maria Beach (pos = 312.59765625, -1792.0966796875, 4.6600408554077, rot = 359.52758789062, 1.1590576171875, 203.09875488281, health = 1000.2442016602)
[2013-10-05 14:50] [TOW] Nagy_Attila started towing vehicle #21, owned by false, from Santa Maria Beach (pos = 313.8994140625, -1794.38671875, 4.6443853378296, rot = 0.6591796875, 0.6756591796875, 209.38293457031, health = 998.77899169922)
[2013-10-05 14:56] [TOW] Nagy_Attila started towing vehicle #23, owned by false, from Santa Maria Beach (pos = 349.26171875, -1786.4951171875, 5.2945666313171, rot = 4.02099609375, 359.55505371094, 351.17248535156, health = 994.38342285156)
[2013-10-05 16:53] [TOW] Matthew_D_Dawis started towing vehicle #583, owned by Nico Bellic, from Dillimore (pos = 798.484375, -509.5107421875, 16.824117660522, rot = 357.63244628906, 357.55554199219, 150.74890136719, health = 1000.2442016602)
[2013-10-05 16:56] [TOW STOP] Matthew_D_Dawis stopped towing vehicle #583, owned by Nico Bellic, in Santa Maria Beach (pos = 343.5859375, -1790.767578125, 4.5033440589905, rot = 358.30810546875, 0.0274658203125, 159.42260742188, health = 1000.2442016602)
[2013-10-05 17:10] [TOW] Matthew_D_Dawis started towing vehicle #460, owned by Curtis Jr Jackson, from Commerce (pos = 1416.1064453125, -1724.9443359375, 13.333397865295, rot = 359.14855957031, 359.96154785156, 81.688842773438, health = 1000.2442016602)
[2013-10-05 17:11] [TOW STOP] Matthew_D_Dawis stopped towing vehicle #460, owned by Curtis Jr Jackson, in Santa Maria Beach (pos = 341.345703125, -1790.251953125, 4.7001714706421, rot = 357.57202148438, 359.70336914062, 140.91613769531, health = 1000.2442016602)
[2013-10-05 19:18] [TOW] Jason_Black started towing vehicle #513, owned by Jonhy Brown, from Santa Maria Beach (pos = 335.744140625, -1816.6171875, 4.2441124916077, rot = 6.0699462890625, 356.572265625, 151.80358886719, health = 619.78021240234)
[2013-10-05 19:18] [TOW STOP] Jason_Black stopped towing vehicle #513, owned by Jonhy Brown, in Santa Maria Beach (pos = 338.6845703125, -1846.10546875, 4.3961315155029, rot = 1.285400390625, 354.65515136719, 266.16027832031, health = 619.78021240234)
[2013-10-05 19:49] [TOW] Jason_Black started towing vehicle #547, owned by John Clarkson, from Market (pos = 1118.591796875, -1286.9345703125, 13.373236656189, rot = 359.96704101562, 359.86267089844, 271.37878417969, health = 1000.2442016602)
[2013-10-05 19:51] [TOW STOP] Jason_Black stopped towing vehicle #547, owned by John Clarkson, in Santa Maria Beach (pos = 335.5556640625, -1843.130859375, 4.4461741447449, rot = 359.24743652344, 359.9560546875, 248.29650878906, health = 1000.2442016602)
[2013-10-05 20:10] [TOW] Jason_Black started towing vehicle #513, owned by Jonhy Brown, from Santa Maria Beach (pos = 331.041015625, -1848.970703125, 4.3940472602844, rot = 359.79125976562, 359.3408203125, 6.4654541015625, health = 746.27593994141)
[2013-10-05 20:10] [TOW STOP] Jason_Black stopped towing vehicle #513, owned by Jonhy Brown, in Santa Maria Beach (pos = 345.3359375, -1781.9775390625, 5.1649856567383, rot = 5.8502197265625, 358.9013671875, 99.607543945312, health = 740.90356445312)
[2013-10-05 20:11] [TOW] Jason_Black started towing vehicle #513, owned by Jonhy Brown, from Santa Maria Beach (pos = 349.47265625, -1794.1591796875, 4.6576118469238, rot = 358.681640625, 359.560546875, 115.8837890625, health = 299.87789916992)
[2013-10-05 20:11] [TOW STOP] Jason_Black stopped towing vehicle #513, owned by Jonhy Brown, in Santa Maria Beach (pos = 333.486328125, -1809.1376953125, 4.2650985717773, rot = 358.06640625, 0.120849609375, 185.21850585938, health = 299.87789916992)
[2013-10-05 20:28] [TOW] Jason_Black started towing vehicle #547, owned by John Clarkson, from Santa Maria Beach (pos = 334.2548828125, -1790.228515625, 4.6684412956238, rot = 357.12158203125, 0.2691650390625, 178.60473632812, health = 1000.2442016602)
[2013-10-05 20:28] [TOW STOP] Jason_Black stopped towing vehicle #547, owned by John Clarkson, in Santa Maria Beach (pos = 205.7373046875, -1780.6025390625, 3.5085983276367, rot = 358.22021484375, 2.04345703125, 116.32873535156, health = 1000.2442016602)
[2013-10-05 21:01] [TOW] Jason_Black started towing vehicle #15, owned by false, from Santa Maria Beach (pos = 314.1279296875, -1803.7041015625, 4.2511672973633, rot = 2.5323486328125, 358.9013671875, 296.96594238281, health = 1000.2442016602)
[2013-10-05 21:01] [TOW STOP] Jason_Black stopped towing vehicle #15, owned by false, in Santa Maria Beach (pos = 293.369140625, -1772.6328125, 4.3116774559021, rot = 2.8564453125, 2.603759765625, 125.29357910156, health = 1000.2442016602)
[2013-10-05 22:43] [TOW] Jason_Black started towing vehicle #599, owned by Kaffai Andras, from Commerce (pos = 1471.4345703125, -1829.931640625, 13.283484458923, rot = 0.9942626953125, 359.76928710938, 186.86096191406, health = 781.92919921875)
[2013-10-05 22:43] [TOW STOP] Jason_Black stopped towing vehicle #599, owned by Kaffai Andras, in Commerce (pos = 1471.876953125, -1833.8701171875, 13.270813941956, rot = 359.7802734375, 0.0274658203125, 189.36584472656, health = 781.92919921875)
[2013-10-06 12:36] [TOW] Matthew_D_Dawis started towing vehicle #601, owned by Skaffer Peter, from Richman (pos = 268.0400390625, -1360.72265625, 53.385417938232, rot = 0.3460693359375, 1.16455078125, 28.712768554688, health = 1000.2442016602)
[2013-10-06 12:37] [TOW STOP] Matthew_D_Dawis stopped towing vehicle #601, owned by Skaffer Peter, in Richman (pos = 268.0400390625, -1360.72265625, 53.385417938232, rot = 0.3460693359375, 1.16455078125, 28.712768554688, health = 1000.2442016602)
[2013-10-06 12:37] [TOW] Matthew_D_Dawis started towing vehicle #601, owned by Skaffer Peter, from Richman (pos = 268.037109375, -1360.7138671875, 53.283142089844, rot = 359.95056152344, 1.23046875, 28.71826171875, health = 1000.2442016602)
[2013-10-06 12:38] [TOW STOP] Matthew_D_Dawis stopped towing vehicle #601, owned by Skaffer Peter, in Rodeo (pos = 486.7900390625, -1248.4482421875, 18.25510597229, rot = 13.2275390625, 355.86364746094, 123.76098632812, health = 1000.2442016602)
[2013-10-06 12:38] [TOW] Matthew_D_Dawis started towing vehicle #601, owned by Skaffer Peter, from Rodeo (pos = 486.087890625, -1251.7685546875, 17.776561737061, rot = 348.64562988281, 1.0546875, 228.77380371094, health = 1000.2442016602)
[2013-10-06 12:39] [TOW STOP] Matthew_D_Dawis stopped towing vehicle #601, owned by Skaffer Peter, in Rodeo (pos = 487.0234375, -1252.603515625, 17.54905128479, rot = 348.81042480469, 0.9228515625, 228.14208984375, health = 1000.2442016602)
[2013-10-06 12:39] [TOW] Matthew_D_Dawis started towing vehicle #601, owned by Skaffer Peter, from Rodeo (pos = 488.0078125, -1253.2158203125, 17.260173797607, rot = 346.84387207031, 2.384033203125, 237.43103027344, health = 1000.2442016602)
[2013-10-06 12:39] [TOW STOP] Matthew_D_Dawis stopped towing vehicle #601, owned by Skaffer Peter, in Santa Maria Beach (pos = 340.4521484375, -1796.9501953125, 4.8787775039673, rot = 358.00048828125, 359.50012207031, 148.14514160156, health = 1000.2442016602)
[2013-10-06 15:22] [TOW] Matthew_D_Dawis started towing vehicle #604, owned by Lakk Hugo, from Verdant Bluffs (pos = 1477.287109375, -1845.7373046875, 13.341060638428, rot = 0.1043701171875, 0.3350830078125, 83.880615234375, health = 299.87789916992)
[2013-10-06 15:23] [TOW STOP] Matthew_D_Dawis stopped towing vehicle #604, owned by Lakk Hugo, in Santa Maria Beach (pos = 339.228515625, -1792.4267578125, 4.6867709159851, rot = 358.9892578125, 359.14855957031, 120.27282714844, health = 299.87789916992)
[2013-10-06 16:09] [TOW] Jason_Black started towing vehicle #571, owned by Adam Jashon, from Santa Maria Beach (pos = 245.751953125, -1697.7685546875, 8.9230995178223, rot = 2.493896484375, 358.3740234375, 65.555419921875, health = 673.01586914062)
[2013-10-06 16:12] [TOW STOP] Jason_Black stopped towing vehicle #571, owned by Adam Jashon, in Santa Maria Beach (pos = 332.837890625, -1808.5947265625, 4.2523965835571, rot = 3.27392578125, 0.98876953125, 256.904296875, health = 673.01586914062)
[2013-10-06 16:38] [TOW] Jason_Black started towing vehicle #302, owned by Nagy Attila, from Santa Maria Beach (pos = 324.53125, -1789.75390625, 4.2299904823303, rot = 0.0054931640625, 0.9832763671875, 182.89489746094, health = 894.26129150391)
[2013-10-06 16:38] [TOW STOP] Jason_Black stopped towing vehicle #302, owned by Nagy Attila, in Santa Maria Beach (pos = 324.53125, -1789.75390625, 4.2299904823303, rot = 0.0054931640625, 0.9832763671875, 182.89489746094, health = 894.26129150391)
[2013-10-06 16:48] [TOW] Jason_Black started towing vehicle #460, owned by Curtis Jr Jackson, from Commerce (pos = 1407.9736328125, -1725.115234375, 13.316955566406, rot = 359.07165527344, 359.97253417969, 237.35412597656, health = 1000.2442016602)
[2013-10-06 16:51] [TOW STOP] Jason_Black stopped towing vehicle #460, owned by Curtis Jr Jackson, in Santa Maria Beach (pos = 340.193359375, -1849.1865234375, 4.4517736434937, rot = 359.17053222656, 0.120849609375, 234.25598144531, health = 1000.2442016602)
[2013-10-06 18:05] [TOW] Jason_Black started towing vehicle #513, owned by Jonhy Brown, from Santa Maria Beach (pos = 330.134765625, -1809.857421875, 4.2421708106995, rot = 359.23645019531, 358.91235351562, 117.7734375, health = 1000.2442016602)
[2013-10-06 18:05] [TOW STOP] Jason_Black stopped towing vehicle #513, owned by Jonhy Brown, in Santa Maria Beach (pos = 330.1220703125, -1810.0185546875, 4.2384204864502, rot = 359.22546386719, 359.32983398438, 122.39868164062, health = 1000.2442016602)
[2013-10-06 18:30] [TOW] Jason_Black started towing vehicle #513, owned by Jonhy Brown, from Santa Maria Beach (pos = 320.4189453125, -1820.689453125, 4.4071311950684, rot = 359.29138183594, 359.85717773438, 234.87121582031, health = 1000.2442016602)
[2013-10-06 18:31] [TOW STOP] Jason_Black stopped towing vehicle #513, owned by Jonhy Brown, in Santa Maria Beach (pos = 330.3212890625, -1792.126953125, 4.6042113304138, rot = 358.04443359375, 0.02197265625, 181.61499023438, health = 1000.2442016602)
[2013-10-06 18:31] [TOW] Jason_Black started towing vehicle #513, owned by Jonhy Brown, from Santa Maria Beach (pos = 330.3447265625, -1792.2705078125, 4.5902934074402, rot = 357.275390625, 359.84069824219, 182.6806640625, health = 1000.2442016602)
[2013-10-06 18:31] [TOW STOP] Jason_Black stopped towing vehicle #513, owned by Jonhy Brown, in Santa Maria Beach (pos = 330.283203125, -1790.0703125, 4.6411852836609, rot = 358.18725585938, 0.3021240234375, 179.33532714844, health = 1000.2442016602)
[2013-10-06 19:19] [TOW] Nagy_Attila started towing vehicle #577, owned by Wolf Carter, from Santa Maria Beach (pos = 459.6552734375, -1737.9853515625, 8.8753414154053, rot = 351.00769042969, 11.00830078125, 219.90783691406, health = 1000.2442016602)
[2013-10-06 19:20] [TOW] Jason_Black started towing vehicle #579, owned by Alex Bodnar, from Idlewood (pos = 1887.1923828125, -1810.8349609375, 13.326736450195, rot = 359.208984375, 359.96704101562, 26.597900390625, health = 1000.2442016602)
[2013-10-06 19:20] [TOW STOP] Jason_Black stopped towing vehicle #579, owned by Alex Bodnar, in Idlewood (pos = 1887.1923828125, -1810.8349609375, 13.326736450195, rot = 359.208984375, 359.96704101562, 26.597900390625, health = 1000.2442016602)
[2013-10-06 19:20] [TOW STOP] Nagy_Attila stopped towing vehicle #577, owned by Wolf Carter, in Santa Maria Beach (pos = 335.2958984375, -1810.21875, 4.217716217041, rot = 358.7255859375, 359.98901367188, 169.26635742188, health = 1000.2442016602)
[2013-10-06 19:20] [TOW] Jason_Black started towing vehicle #579, owned by Alex Bodnar, from Idlewood (pos = 1886.92578125, -1810.8330078125, 13.263337135315, rot = 0.032958984375, 0.3240966796875, 28.800659179688, health = 1000.2442016602)
[2013-10-06 19:24] [TOW] Jason_Black started towing vehicle #579, owned by Alex Bodnar, from Santa Maria Beach (pos = 352.1123046875, -1786.9423828125, 5.0211405754089, rot = 2.4334716796875, 1.58203125, 320.69091796875, health = 992.42980957031)
[2013-10-06 19:24] [TOW STOP] Jason_Black stopped towing vehicle #579, owned by Alex Bodnar, in Santa Maria Beach (pos = 356.0830078125, -1738.404296875, 5.5464973449707, rot = 0.87890625, 346.21765136719, 356.56127929688, health = 992.42980957031)
[2013-10-06 19:24] [TOW] Jason_Black started towing vehicle #527, owned by Skaffer Peter, from Santa Maria Beach (pos = 344.494140625, -1790.1669921875, 5.0643057823181, rot = 2.3785400390625, 1.0107421875, 326.23352050781, health = 1000.2442016602)
[2013-10-06 19:24] [TOW STOP] Jason_Black stopped towing vehicle #527, owned by Skaffer Peter, in Santa Maria Beach (pos = 354.9736328125, -1746.7197265625, 5.4082522392273, rot = 2.9058837890625, 350.58471679688, 358.5498046875, health = 1000.2442016602)
[2013-10-06 19:24] [TOW] Jason_Black started towing vehicle #179, owned by Al Alahamar, from Santa Maria Beach (pos = 362.9375, -1769.3916015625, 5.3822407722473, rot = 357.94555664062, 359.98352050781, 97.761840820312, health = 299.87789916992)
[2013-10-06 19:25] [TOW STOP] Jason_Black stopped towing vehicle #179, owned by Al Alahamar, in Santa Maria Beach (pos = 329.486328125, -1797.5927734375, 4.8172659873962, rot = 359.52209472656, 358.92333984375, 83.95751953125, health = 299.87789916992)
[2013-10-06 21:04] [TOW] Zack_Morrison started towing vehicle #133, owned by Kelly Belic, from Idlewood (pos = 2069.0224609375, -1688.0390625, 13.459089279175, rot = 1.0162353515625, 359.71984863281, 276.82800292969, health = 880.09765625)
[2013-10-06 21:05] [TOW STOP] Zack_Morrison stopped towing vehicle #133, owned by Kelly Belic, in Idlewood (pos = 2081.150390625, -1691.6201171875, 13.344895362854, rot = 3.922119140625, 1.4117431640625, 72.383422851562, health = 880.09765625)
[2013-10-06 21:06] [TOW] Zack_Morrison started towing vehicle #295, owned by Benacs Milan, from Idlewood (pos = 2068.646484375, -1685.4541015625, 13.254548072815, rot = 1.0491943359375, 0.0054931640625, 270.10986328125, health = 1000.2442016602)
[2013-10-06 21:08] [TOW STOP] Zack_Morrison stopped towing vehicle #295, owned by Benacs Milan, in Santa Maria Beach (pos = 338.9033203125, -1796.494140625, 4.5317053794861, rot = 359.82971191406, 359.44519042969, 137.66967773438, health = 1000.2442016602)
[2013-10-07 15:12] [TOW] Nicki_Santo started towing vehicle #341, owned by Tornyosi Oliver, from Idlewood (pos = 2059.2802734375, -1695.224609375, 13.167194366455, rot = 359.29138183594, 359.92309570312, 269.63195800781, health = 1000.2442016602)
[2013-10-07 15:15] [TOW] Nicki_Santo started towing vehicle #341, owned by Tornyosi Oliver, from Commerce (pos = 1475.6630859375, -1730.2802734375, 13.012734413147, rot = 358.2421875, 359.033203125, 84.182739257812, health = 1000.2442016602)
[2013-10-07 15:16] [TOW STOP] Nicki_Santo stopped towing vehicle #341, owned by Tornyosi Oliver, in Santa Maria Beach (pos = 340.46484375, -1800.2890625, 4.3497347831726, rot = 358.26965332031, 359.92858886719, 156.92321777344, health = 1000.2442016602)
[2013-10-07 18:43] [TOW] Jason_Black started towing vehicle #245, owned by Hartmann Dzsino Daniel, from Market (pos = 1200.7421875, -1330.9130859375, 13.062356948853, rot = 0.5657958984375, 345.50903320312, 176.49536132812, health = 760.92797851562)
[2013-10-07 18:48] [TOW STOP] Jason_Black stopped towing vehicle #245, owned by Hartmann Dzsino Daniel, in Santa Maria Beach (pos = 338.388671875, -1845.8056640625, 4.3319635391235, rot = 0.494384765625, 345.322265625, 202.8076171875, health = 760.92797851562)
[2013-10-07 18:53] [TOW] Armany_Attila started towing vehicle #4, owned by false, from Santa Maria Beach (pos = 337.0205078125, -1808.91796875, 4.2639093399048, rot = 356.41296386719, 359.96154785156, 182.27416992188, health = 999.26739501953)
[2013-10-07 18:53] [TOW STOP] Armany_Attila stopped towing vehicle #4, owned by false, in Santa Maria Beach (pos = 335.908203125, -1804.54296875, 4.5213265419006, rot = 6.328125, 0.9173583984375, 297.35046386719, health = 999.26739501953)
[2013-10-07 18:53] [TOW] Armany_Attila started towing vehicle #4, owned by false, from Santa Maria Beach (pos = 338.9736328125, -1803.4375, 4.4464955329895, rot = 359.79125976562, 358.46740722656, 77.722778320312, health = 996.82537841797)
[2013-10-07 18:53] [TOW STOP] Armany_Attila stopped towing vehicle #4, owned by false, in Santa Maria Beach (pos = 355.6787109375, -1751.1826171875, 5.1027956008911, rot = 4.4219970703125, 351.39770507812, 350.40893554688, health = 996.82537841797)
[2013-10-07 19:19] [TOW] Jason_Black started towing vehicle #15, owned by false, from Santa Maria Beach (pos = 351.7119140625, -1776.958984375, 4.9078454971313, rot = 4.5703125, 0.494384765625, 127.85339355469, health = 1000.2442016602)
[2013-10-07 19:19] [TOW STOP] Jason_Black stopped towing vehicle #15, owned by false, in Santa Maria Beach (pos = 352.8408203125, -1719.1328125, 6.405620098114, rot = 0.8843994140625, 358.75854492188, 8.4539794921875, health = 1000.2442016602)
[2013-10-07 19:20] [TOW] Jason_Black started towing vehicle #4, owned by false, from Santa Maria Beach (pos = 348.060546875, -1753.384765625, 4.3805537223816, rot = 1.1151123046875, 4.010009765625, 158.64807128906, health = 980.70819091797)
[2013-10-07 19:20] [TOW STOP] Jason_Black stopped towing vehicle #4, owned by false, in Santa Maria Beach (pos = 354.5546875, -1734.07421875, 5.6019830703735, rot = 2.8289794921875, 357.099609375, 19.7314453125, health = 980.70819091797)
[2013-10-07 21:02] [TOW] Matthew_D_Dawis started towing vehicle #198, owned by Jerry Green, from Ganton (pos = 2229.2998046875, -1644.0498046875, 15.344118118286, rot = 0.50537109375, 0.1483154296875, 283.86474609375, health = 299.87789916992)
[2013-10-07 21:05] [TOW STOP] Matthew_D_Dawis stopped towing vehicle #198, owned by Jerry Green, in Santa Maria Beach (pos = 336.234375, -1808.236328125, 4.3681697845459, rot = 358.5498046875, 0.076904296875, 163.85559082031, health = 299.87789916992)
[2013-10-08 15:24] [TOW] Nicki_Santo started towing vehicle #512, owned by Szabo Marton, from Santa Maria Beach (pos = 574.4111328125, -1723.0263671875, 13.001830101013, rot = 0.3460693359375, 1.3348388671875, 278.46496582031, health = 299.87789916992)
[2013-10-08 15:25] [TOW STOP] Nicki_Santo stopped towing vehicle #512, owned by Szabo Marton, in Santa Maria Beach (pos = 329.0419921875, -1842.16015625, 4.4466671943665, rot = 359.23095703125, 0.0164794921875, 250.13671875, health = 299.87789916992)
[2013-10-08 15:32] [TOW] Nicki_Santo started towing vehicle #245, owned by Hartmann Dzsino Daniel, from Santa Maria Beach (pos = 353.330078125, -1793.2626953125, 4.7532382011414, rot = 358.25317382812, 359.00573730469, 106.81457519531, health = 896.70330810547)
[2013-10-08 15:33] [TOW STOP] Nicki_Santo stopped towing vehicle #245, owned by Hartmann Dzsino Daniel, in Richman (pos = 160.9130859375, -1390.830078125, 48.225299835205, rot = 7.6904296875, 355.53955078125, 29.657592773438, health = 896.70330810547)
[2013-10-08 17:20] [TOW] Dani_Devenyi started towing vehicle #534, owned by Dani Devenyi, from Santa Maria Beach (pos = 331.177734375, -1791.0341796875, 4.566264629364, rot = 359.08264160156, 0.186767578125, 182.44445800781, health = 745.78753662109)
[2013-10-08 17:21] [TOW STOP] Dani_Devenyi stopped towing vehicle #534, owned by Dani Devenyi, in Santa Maria Beach (pos = 331.173828125, -1790.98046875, 4.5919876098633, rot = 359.02221679688, 0.252685546875, 182.92236328125, health = 745.78753662109)
[2013-10-08 19:49] [TOW] Dani_Devenyi started towing vehicle #534, owned by Dani Devenyi, from Willowfield (pos = 2006.8515625, -2167.6787109375, 13.11509513855, rot = 358.98376464844, 359.68139648438, 83.820190429688, health = 722.34429931641)
[2013-10-08 19:49] [TOW STOP] Dani_Devenyi stopped towing vehicle #534, owned by Dani Devenyi, in El Corona (pos = 1940.0556640625, -2164.8935546875, 13.132326126099, rot = 359.9560546875, 0.2801513671875, 94.19677734375, health = 722.34429931641)
[2013-10-08 19:49] [TOW] Dani_Devenyi started towing vehicle #534, owned by Dani Devenyi, from El Corona (pos = 1927.0263671875, -2165.8349609375, 13.11680316925, rot = 359.208984375, 0.142822265625, 93.609008789062, health = 722.34429931641)
[2013-10-08 19:49] [TOW STOP] Dani_Devenyi stopped towing vehicle #534, owned by Dani Devenyi, in El Corona (pos = 1781.4736328125, -2166.2666015625, 13.12769985199, rot = 0.0714111328125, 0.010986328125, 90.439453125, health = 722.34429931641)
[2013-10-08 19:49] [TOW] Dani_Devenyi started towing vehicle #534, owned by Dani Devenyi, from El Corona (pos = 1777.4443359375, -2166.2958984375, 13.12423324585, rot = 0.0494384765625, 0.1812744140625, 90.433959960938, health = 722.34429931641)
[2013-10-08 19:50] [TOW] Jason_Black started towing vehicle #85, owned by false, from Santa Maria Beach (pos = 341.1337890625, -1763.8203125, 4.6350688934326, rot = 359.23645019531, 0.0933837890625, 177.02819824219, health = 880.58605957031)
[2013-10-08 19:50] [TOW STOP] Jason_Black stopped towing vehicle #85, owned by false, in Santa Maria Beach (pos = 304.0771484375, -1722.2421875, 6.1073355674744, rot = 359.11010742188, 344.38842773438, 82.139282226562, health = 880.58605957031)
[2013-10-08 19:51] [TOW STOP] Dani_Devenyi stopped towing vehicle #534, owned by Dani Devenyi, in Santa Maria Beach (pos = 349.138671875, -1784.150390625, 5.0636863708496, rot = 0.263671875, 2.032470703125, 201.9287109375, health = 722.34429931641)
[2013-10-08 19:51] [TOW] Jason_Black started towing vehicle #87, owned by false, from Santa Maria Beach (pos = 335.8017578125, -1742.640625, 4.0525631904602, rot = 357.56652832031, 359.98901367188, 14.6337890625, health = 908.42492675781)
[2013-10-08 19:52] [TOW STOP] Jason_Black stopped towing vehicle #87, owned by false, in Santa Maria Beach (pos = 299.5244140625, -1725.970703125, 4.8991146087646, rot = 359.08813476562, 342.96020507812, 80.700073242188, health = 908.42492675781)
[2013-10-08 19:52] [TOW] Dani_Devenyi started towing vehicle #534, owned by Dani Devenyi, from Santa Maria Beach (pos = 117.01171875, -1693.8369140625, 9.1628284454346, rot = 359.00573730469, 0.15380859375, 193.94714355469, health = 722.34429931641)
[2013-10-08 19:52] [TOW STOP] Dani_Devenyi stopped towing vehicle #534, owned by Dani Devenyi, in Santa Maria Beach (pos = 121.5, -1707.169921875, 8.7136335372925, rot = 357.03369140625, 0.2362060546875, 199.3359375, health = 722.34429931641)
[2013-10-08 19:52] [TOW] Dani_Devenyi started towing vehicle #534, owned by Dani Devenyi, from Santa Maria Beach (pos = 122.119140625, -1708.8525390625, 8.6324806213379, rot = 357.44567871094, 359.55505371094, 199.423828125, health = 722.34429931641)
[2013-10-08 19:52] [TOW STOP] Dani_Devenyi stopped towing vehicle #534, owned by Dani Devenyi, in Santa Maria Beach (pos = 349.580078125, -1786.1142578125, 5.0128517150879, rot = 357.84118652344, 1.461181640625, 187.15209960938, health = 722.34429931641)
[2013-10-08 19:57] [TOW] Dani_Devenyi started towing vehicle #2, owned by false, from Ocean Docks (pos = 2414.0830078125, -2147.1162109375, 13.380933761597, rot = 0.90087890625, 359.9560546875, 60.397338867188, health = 299.87789916992)
[2013-10-08 19:57] [TOW STOP] Dani_Devenyi stopped towing vehicle #2, owned by false, in Ocean Docks (pos = 2398.787109375, -2157.890625, 13.377736091614, rot = 0.9063720703125, 0.02197265625, 139.50988769531, health = 299.87789916992)
[2013-10-08 21:12] [TOW] Jason_Black started towing vehicle #638, owned by Marcell Cortez, from Idlewood (pos = 1960.8271484375, -1682.0751953125, 15.53621673584, rot = 358.70910644531, 0.1702880859375, 353.98498535156, health = 299.87789916992)
[2013-10-08 21:12] [TOW STOP] Jason_Black stopped towing vehicle #638, owned by Marcell Cortez, in Idlewood (pos = 1949.1982421875, -1672.1552734375, 14.850575447083, rot = 267.38525390625, 51.882934570312, 107.87475585938, health = 299.87789916992)
[2013-10-08 21:14] [TOW] Jason_Black started towing vehicle #638, owned by Marcell Cortez, from Idlewood (pos = 1948.3515625, -1664.763671875, 13.096096992493, rot = 0.5218505859375, 2.4664306640625, 220.56701660156, health = 299.87789916992)
[2013-10-08 21:16] [TOW STOP] Jason_Black stopped towing vehicle #638, owned by Marcell Cortez, in Santa Maria Beach (pos = 329.11328125, -1842.1953125, 4.2433705329895, rot = 359.54406738281, 0, 253.14147949219, health = 299.87789916992)
[2013-10-09 14:47] [TOW] Dani_Devenyi started towing vehicle #88, owned by false, from Santa Maria Beach (pos = 489.5849609375, -1725.0439453125, 10.928762435913, rot = 356.64916992188, 359.20349121094, 117.74597167969, health = 299.87789916992)
[2013-10-09 14:47] [TOW STOP] Dani_Devenyi stopped towing vehicle #88, owned by false, in Santa Maria Beach (pos = 430.8662109375, -1726.3056640625, 9.2011117935181, rot = 357.11608886719, 359.11010742188, 87.0556640625, health = 299.87789916992)
[2013-10-09 19:17] [TOW] Dani_Devenyi started towing vehicle #579, owned by Alex Bodnar, from Los Santos International (pos = 1871.3916015625, -2511.4462890625, 13.353034973145, rot = 358.43994140625, 0.3680419921875, 327.32666015625, health = 299.87789916992)
[2013-10-09 19:20] [TOW STOP] Dani_Devenyi stopped towing vehicle #579, owned by Alex Bodnar, in Santa Maria Beach (pos = 349.341796875, -1796.654296875, 4.6325554847717, rot = 357.79724121094, 0.6207275390625, 182.20825195312, health = 299.87789916992)
[2013-10-09 19:21] [TOW] Jason_Black started towing vehicle #244, owned by Marcell Cortez, from Rodeo (pos = 114.8388671875, -1667.6025390625, 9.6148729324341, rot = 359.11560058594, 0.10986328125, 348.49182128906, health = 299.87789916992)
[2013-10-09 19:23] [TOW STOP] Jason_Black stopped towing vehicle #244, owned by Marcell Cortez, in Santa Maria Beach (pos = 336.09765625, -1845.5400390625, 4.4666314125061, rot = 359.21447753906, 0.0054931640625, 232.36083984375, health = 299.87789916992)
[2013-10-09 19:23] [TOW] Jason_Black started towing vehicle #244, owned by Marcell Cortez, from Santa Maria Beach (pos = 324.0126953125, -1824.8603515625, 4.4434571266174, rot = 359.11010742188, 0, 110.23681640625, health = 299.87789916992)
[2013-10-09 19:23] [TOW STOP] Jason_Black stopped towing vehicle #244, owned by Marcell Cortez, in Santa Maria Beach (pos = 336.1845703125, -1846.0498046875, 4.4667282104492, rot = 359.21447753906, 359.99450683594, 231.25671386719, health = 299.87789916992)
[2013-10-09 19:45] [TOW] Jason_Black started towing vehicle #177, owned by Jason Black, from Santa Maria Beach (pos = 317.7783203125, -1791.072265625, 4.4613928794861, rot = 0.3350830078125, 1.142578125, 181.04370117188, health = 1000.2442016602)
[2013-10-09 19:45] [TOW STOP] Jason_Black stopped towing vehicle #177, owned by Jason Black, in Santa Maria Beach (pos = 228.9560546875, -1727.470703125, 4.0642199516296, rot = 0.7855224609375, 353.28735351562, 94.910888671875, health = 1000.2442016602)
[2013-10-09 22:19] [TOW] Jason_Black started towing vehicle #466, owned by false, from Santa Maria Beach (pos = 355.8349609375, -1783.0341796875, 5.0762085914612, rot = 355.81420898438, 352.17224121094, 111.80786132812, health = 516.23931884766)
[2013-10-09 22:19] [TOW STOP] Jason_Black stopped towing vehicle #466, owned by false, in Santa Maria Beach (pos = 270.5849609375, -1794.7822265625, 4.0403099060059, rot = 357.72583007812, 351.27136230469, 109.41833496094, health = 516.23931884766)
[2013-10-10 14:08] [TOW] Armany_Attila started towing vehicle #349, owned by Joe Gargen, from Marina (pos = 685.982421875, -1753.2998046875, 13.074502944946, rot = 0.0604248046875, 0.1043701171875, 68.153686523438, health = 299.87789916992)
[2013-10-10 14:08] [TOW STOP] Armany_Attila stopped towing vehicle #349, owned by Joe Gargen, in Marina (pos = 685.982421875, -1753.2998046875, 13.074502944946, rot = 0.0604248046875, 0.1043701171875, 68.153686523438, health = 299.87789916992)
[2013-10-10 14:09] [TOW] Armany_Attila started towing vehicle #349, owned by Joe Gargen, from Marina (pos = 686.04296875, -1753.41015625, 13.067352294922, rot = 0.274658203125, 359.85168457031, 73.207397460938, health = 299.87789916992)
[2013-10-10 14:09] [TOW STOP] Armany_Attila stopped towing vehicle #349, owned by Joe Gargen, in Santa Maria Beach (pos = 337.978515625, -1794.4169921875, 4.4485206604004, rot = 358.35754394531, 359.57702636719, 138.20251464844, health = 299.87789916992)
[2013-10-10 15:32] [TOW] Paul_Walker started towing vehicle #296, owned by Edward Collin, from Santa Maria Beach (pos = 325.38671875, -1797.6806640625, 4.5406708717346, rot = 0.5438232421875, 358.84643554688, 60.858764648438, health = 749.69476318359)
[2013-10-10 15:32] [TOW STOP] Paul_Walker stopped towing vehicle #296, owned by Edward Collin, in Santa Maria Beach (pos = 324.4912109375, -1776.5419921875, 4.7122287750244, rot = 358.87939453125, 358.08837890625, 81.18896484375, health = 749.69476318359)
[2013-10-10 17:14] [TOW] Dani_Devenyi started towing vehicle #638, owned by Marcell Cortez, from Rodeo (pos = 589.869140625, -1490.8603515625, 15.032155990601, rot = 358.86840820312, 0.2142333984375, 265.36926269531, health = 299.87789916992)
[2013-10-10 17:16] [TOW STOP] Dani_Devenyi stopped towing vehicle #638, owned by Marcell Cortez, in Santa Maria Beach (pos = 329.888671875, -1842.9326171875, 4.2743258476257, rot = 1.60400390625, 355.37475585938, 251.26281738281, health = 299.87789916992)
[2013-10-10 17:20] [TOW] Jason_Black started towing vehicle #506, owned by Matthew Tyler, from Santa Maria Beach (pos = 336.494140625, -1815.759765625, 4.166916847229, rot = 355.52307128906, 359.62646484375, 340.42236328125, health = 1000.2442016602)
[2013-10-10 17:20] [TOW STOP] Jason_Black stopped towing vehicle #506, owned by Matthew Tyler, in Santa Maria Beach (pos = 337.6064453125, -1808.9443359375, 4.1507549285889, rot = 0.8294677734375, 359.82421875, 1.395263671875, health = 1000.2442016602)
[2013-10-10 17:20] [TOW] Jason_Black started towing vehicle #167, owned by Matthew Tyler, from Santa Maria Beach (pos = 341.47265625, -1817.7890625, 4.4224944114685, rot = 356.21520996094, 0.15380859375, 1.42822265625, health = 1000.2442016602)
[2013-10-10 17:21] [TOW STOP] Jason_Black stopped towing vehicle #167, owned by Matthew Tyler, in Santa Maria Beach (pos = 340.580078125, -1809.7744140625, 4.3981108665466, rot = 1.746826171875, 359.82971191406, 4.2791748046875, health = 1000.2442016602)
[2013-10-10 17:21] [TOW] Jason_Black started towing vehicle #20, owned by false, from Santa Maria Beach (pos = 344.1982421875, -1809.08984375, 5.1969790458679, rot = 1.285400390625, 359.93408203125, 356.91833496094, health = 998.77899169922)
[2013-10-10 17:21] [TOW STOP] Jason_Black stopped towing vehicle #20, owned by false, in Santa Maria Beach (pos = 344.1982421875, -1809.08984375, 5.1969790458679, rot = 1.285400390625, 359.93408203125, 356.91833496094, health = 998.77899169922)
[2013-10-10 17:21] [TOW] Jason_Black started towing vehicle #138, owned by Lil Cardwell, from Santa Maria Beach (pos = 333.5283203125, -1810.9736328125, 4.2883315086365, rot = 357.31384277344, 359.96154785156, 179.00573730469, health = 299.87789916992)
[2013-10-10 17:21] [TOW STOP] Jason_Black stopped towing vehicle #138, owned by Lil Cardwell, in Santa Maria Beach (pos = 330.51171875, -1800.4091796875, 4.5475130081177, rot = 0.252685546875, 0.384521484375, 309.06188964844, health = 299.87789916992)
[2013-10-10 17:22] [TOW] Jason_Black started towing vehicle #138, owned by Lil Cardwell, from Santa Maria Beach (pos = 336.91015625, -1801.7275390625, 4.5180654525757, rot = 0.5108642578125, 358.78051757812, 44.269409179688, health = 299.87789916992)
[2013-10-10 17:22] [TOW STOP] Jason_Black stopped towing vehicle #138, owned by Lil Cardwell, in Santa Maria Beach (pos = 287.267578125, -1782.0751953125, 4.1940326690674, rot = 359.39575195312, 0.63720703125, 96.075439453125, health = 299.87789916992)
[2013-10-10 20:44] [TOW] Jason_Black started towing vehicle #654, owned by Leslie Lawrence, from Market (pos = 1088.4365234375, -1377.3916015625, 13.592920303345, rot = 359.9560546875, 0, 161.78466796875, health = 299.87789916992)
[2013-10-10 20:45] [TOW STOP] Jason_Black stopped towing vehicle #654, owned by Leslie Lawrence, in Market (pos = 1088.48046875, -1377.2236328125, 13.603909492493, rot = 359.96154785156, 359.98901367188, 163.17443847656, health = 299.87789916992)
[2013-10-10 20:45] [TOW] Jason_Black started towing vehicle #654, owned by Leslie Lawrence, from Market (pos = 1088.5078125, -1377.27734375, 13.666500091553, rot = 3.1695556640625, 0.1812744140625, 165.68481445312, health = 299.87789916992)
[2013-10-10 20:45] [TOW STOP] Jason_Black stopped towing vehicle #654, owned by Leslie Lawrence, in Market (pos = 1088.8212890625, -1376.0380859375, 13.603945732117, rot = 359.96154785156, 359.98901367188, 156.52221679688, health = 299.87789916992)
[2013-10-11 14:17] [TOW] Dani_Devenyi started towing vehicle #574, owned by Daniel Cortez, from Santa Maria Beach (pos = 329.9228515625, -1825.521484375, 4.313597202301, rot = 0.120849609375, 0.0439453125, 106.72119140625, health = 1000.2442016602)
[2013-10-11 14:17] [TOW STOP] Dani_Devenyi stopped towing vehicle #574, owned by Daniel Cortez, in Santa Maria Beach (pos = 332.0029296875, -1842.6328125, 4.3216800689697, rot = 0.032958984375, 359.89013671875, 250.61462402344, health = 1000.2442016602)
[2013-10-11 17:22] [TOW] Nagy_Attila started towing vehicle #448, owned by Johnson Morgan, from Mulholland Intersection (pos = 1521.0537109375, -813.69921875, 70.730270385742, rot = 2.8839111328125, 8.514404296875, 275.33935546875, health = 1000.2442016602)
[2013-10-11 17:24] [TOW STOP] Nagy_Attila stopped towing vehicle #448, owned by Johnson Morgan, in Santa Maria Beach (pos = 329.0166015625, -1839.0107421875, 4.3823547363281, rot = 0.0054931640625, 0.3570556640625, 260.41442871094, health = 1000.2442016602)
[2013-10-11 17:43] [TOW] Dani_Devenyi started towing vehicle #84, owned by false, from Santa Maria Beach (pos = 358.326171875, -1773.60546875, 4.8612008094788, rot = 359.37377929688, 0.406494140625, 289.92919921875, health = 645.66546630859)
[2013-10-11 17:43] [TOW STOP] Dani_Devenyi stopped towing vehicle #84, owned by false, in Santa Maria Beach (pos = 369.4970703125, -1771.2265625, 4.9469904899597, rot = 359.53857421875, 359.97253417969, 276.44348144531, health = 645.66546630859)
[2013-10-11 18:55] [TOW] Jason_Black started towing vehicle #229, owned by Corados Garcia, from Richman (pos = 273.9736328125, -1210.6962890625, 74.832977294922, rot = 357.64892578125, 358.58276367188, 126.37573242188, health = 1000.2442016602)
[2013-10-11 18:55] [TOW STOP] Jason_Black stopped towing vehicle #229, owned by Corados Garcia, in Richman (pos = 273.9736328125, -1210.6962890625, 74.832977294922, rot = 357.64892578125, 358.58276367188, 126.37573242188, health = 1000.2442016602)
[2013-10-11 18:56] [TOW] Jason_Black started towing vehicle #229, owned by Corados Garcia, from Richman (pos = 274.1884765625, -1210.5390625, 74.805076599121, rot = 357.65441894531, 358.75854492188, 126.76574707031, health = 1000.2442016602)
[2013-10-11 18:56] [TOW STOP] Jason_Black stopped towing vehicle #229, owned by Corados Garcia, in Richman (pos = 267.5322265625, -1215.50390625, 74.770484924316, rot = 359.24743652344, 356.33605957031, 129.64965820312, health = 1000.2442016602)
[2013-10-11 18:56] [TOW] Jason_Black started towing vehicle #229, owned by Corados Garcia, from Richman (pos = 267.494140625, -1215.5078125, 74.831443786621, rot = 2.4224853515625, 356.40197753906, 128.35876464844, health = 1000.2442016602)
[2013-10-11 18:58] [TOW STOP] Jason_Black stopped towing vehicle #229, owned by Corados Garcia, in Santa Maria Beach (pos = 330.44921875, -1842.8857421875, 4.3061895370483, rot = 359.58251953125, 359.85717773438, 260.24963378906, health = 1000.2442016602)
[2013-10-11 20:04] [TOW] Jason_Black started towing vehicle #91, owned by false, from Santa Maria Beach (pos = 346.81640625, -1791.4150390625, 4.996190071106, rot = 2.406005859375, 7.5091552734375, 143.12438964844, health = 993.40661621094)
[2013-10-11 20:04] [TOW STOP] Jason_Black stopped towing vehicle #91, owned by false, in Santa Maria Beach (pos = 347.7177734375, -1798.6806640625, 4.8940649032593, rot = 6.273193359375, 11.162109375, 338.83483886719, health = 993.40661621094)
[2013-10-11 20:04] [TOW] Jason_Black started towing vehicle #91, owned by false, from Santa Maria Beach (pos = 339.4599609375, -1798.6787109375, 4.7100749015808, rot = 1.3018798828125, 8.32763671875, 112.40112304688, health = 992.91821289062)
[2013-10-11 20:05] [TOW STOP] Jason_Black stopped towing vehicle #91, owned by false, in Santa Maria Beach (pos = 452.5537109375, -1779.0673828125, 5.5122046470642, rot = 2.0819091796875, 11.2060546875, 259.82116699219, health = 992.91821289062)
[2013-10-11 21:25] [TOW] Jason_Black started towing vehicle #168, owned by false, from Santa Maria Beach (pos = 333.7294921875, -1824.42578125, 4.4459357261658, rot = 357.65991210938, 359.56604003906, 121.11328125, health = 646.64227294922)
[2013-10-11 21:25] [TOW STOP] Jason_Black stopped towing vehicle #168, owned by false, in Santa Maria Beach (pos = 333.87890625, -1824.333984375, 4.4589681625366, rot = 357.83020019531, 359.59350585938, 121.11328125, health = 646.64227294922)
[2013-10-11 21:25] [TOW] Jason_Black started towing vehicle #168, owned by false, from Santa Maria Beach (pos = 333.587890625, -1824.5556640625, 4.448718547821, rot = 0.4833984375, 359.92309570312, 123.36547851562, health = 646.64227294922)
[2013-10-11 21:26] [TOW STOP] Jason_Black stopped towing vehicle #168, owned by false, in Santa Maria Beach (pos = 335.7568359375, -1800.453125, 4.5675859451294, rot = 2.2796630859375, 2.032470703125, 144.73937988281, health = 646.64227294922)
[2013-10-11 21:26] [TOW] Jason_Black started towing vehicle #168, owned by false, from Santa Maria Beach (pos = 336.0185546875, -1808.0576171875, 4.2815685272217, rot = 1.219482421875, 359.43420410156, 0.6646728515625, health = 641.75823974609)
[2013-10-11 21:26] [TOW STOP] Jason_Black stopped towing vehicle #168, owned by false, in Santa Maria Beach (pos = 257.6884765625, -1781.6982421875, 3.9885659217834, rot = 359.01672363281, 0.955810546875, 91.378784179688, health = 641.75823974609)
[2013-10-12 09:13] [TOW] Barney_Ross started towing vehicle #200, owned by Robert Harison, from Commerce (pos = 1537.87890625, -1726.0517578125, 13.252292633057, rot = 2.5927734375, 3.3453369140625, 274.90539550781, health = 1000.2442016602)
[2013-10-12 09:14] [TOW STOP] Barney_Ross stopped towing vehicle #200, owned by Robert Harison, in Commerce (pos = 1566.3994140625, -1743.6123046875, 13.052966117859, rot = 0.999755859375, 359.97253417969, 183.40026855469, health = 1000.2442016602)
[2013-10-12 09:14] [TOW] Barney_Ross started towing vehicle #200, owned by Robert Harison, from Commerce (pos = 1566.3994140625, -1743.6005859375, 13.08181476593, rot = 0.9503173828125, 359.98901367188, 183.12561035156, health = 1000.2442016602)
[2013-10-12 09:16] [TOW STOP] Barney_Ross stopped towing vehicle #200, owned by Robert Harison, in Verdant Bluffs (pos = 1468.359375, -1869.7822265625, 15.600393295288, rot = 56.27197265625, 347.85461425781, 119.78393554688, health = 1000.2442016602)
[2013-10-12 09:16] [TOW] Barney_Ross started towing vehicle #200, owned by Robert Harison, from Verdant Bluffs (pos = 1470.8310546875, -1867.6484375, 13.098091125488, rot = 359.40673828125, 357.41271972656, 106.3037109375, health = 1000.2442016602)
[2013-10-12 09:19] [TOW STOP] Barney_Ross stopped towing vehicle #200, owned by Robert Harison, in Santa Maria Beach (pos = 405.177734375, -1704.7451171875, 8.5628051757812, rot = 357.91259765625, 359.296875, 89.291381835938, health = 1000.2442016602)
[2013-10-12 09:19] [TOW] Barney_Ross started towing vehicle #200, owned by Robert Harison, from Santa Maria Beach (pos = 404.8857421875, -1702.5634765625, 8.561637878418, rot = 358.96728515625, 2.8729248046875, 146.09619140625, health = 1000.2442016602)
[2013-10-12 09:21] [TOW STOP] Barney_Ross stopped towing vehicle #200, owned by Robert Harison, in Santa Maria Beach (pos = 327.669921875, -1809.6796875, 4.1456832885742, rot = 2.186279296875, 359.93408203125, 0.90087890625, health = 1000.2442016602)
[2013-10-12 09:25] [TOW] Barney_Ross started towing vehicle #638, owned by Marcell Cortez, from Market (pos = 1312.8466796875, -1536.7802734375, 13.046678543091, rot = 358.77502441406, 359.57702636719, 348.43139648438, health = 299.87789916992)
[2013-10-12 09:34] [TOW STOP] Barney_Ross stopped towing vehicle #638, owned by Marcell Cortez, in Santa Maria Beach (pos = 517.037109375, -1711.8095703125, 11.982041358948, rot = 357.03918457031, 358.24768066406, 82.754516601562, health = 299.87789916992)
[2013-10-12 09:34] [TOW] Barney_Ross started towing vehicle #638, owned by Marcell Cortez, from Santa Maria Beach (pos = 517.0185546875, -1711.9013671875, 11.994878768921, rot = 357.13256835938, 358.42346191406, 83.040161132812, health = 299.87789916992)
[2013-10-12 09:36] [TOW STOP] Barney_Ross stopped towing vehicle #638, owned by Marcell Cortez, in Santa Maria Beach (pos = 330.8134765625, -1809.2802734375, 4.1497654914856, rot = 0.1153564453125, 359.912109375, 2.7410888671875, health = 299.87789916992)
[2013-10-12 12:44] [TOW] Nagy_Attila started towing vehicle #661, owned by Sebastiano Volz, from Playa del Seville (pos = 2804.806640625, -1995.6025390625, 13.281591415405, rot = 0.15380859375, 359.92858886719, 96.17431640625, health = 1000.2442016602)
[2013-10-12 12:48] [TOW STOP] Nagy_Attila stopped towing vehicle #661, owned by Sebastiano Volz, in Santa Maria Beach (pos = 321.955078125, -1839.658203125, 4.4173793792725, rot = 359.95056152344, 0.0164794921875, 213.91479492188, health = 1000.2442016602)
[2013-10-12 15:57] [TOW] Matthew_Tyler started towing vehicle #571, owned by Alessandro Ravanelli, from Conference Center (pos = 1320.296875, -1740.78125, 13.215188980103, rot = 358.89038085938, 359.99450683594, 180.46142578125, health = 299.87789916992)
[2013-10-12 15:57] [TOW STOP] Matthew_Tyler stopped towing vehicle #571, owned by Alessandro Ravanelli, in Conference Center (pos = 1320.296875, -1740.765625, 13.211538314819, rot = 358.96179199219, 359.99450683594, 180.47790527344, health = 299.87789916992)
[2013-10-12 15:57] [TOW] Matthew_Tyler started towing vehicle #571, owned by Alessandro Ravanelli, from Conference Center (pos = 1320.484375, -1740.763671875, 13.183824539185, rot = 358.9453125, 359.68688964844, 179.58801269531, health = 299.87789916992)
[2013-10-12 15:59] [TOW STOP] Matthew_Tyler stopped towing vehicle #571, owned by Alessandro Ravanelli, in Santa Maria Beach (pos = 327.7822265625, -1841.8896484375, 4.3353562355042, rot = 358.96728515625, 359.98352050781, 249.68078613281, health = 299.87789916992)
[2013-10-12 15:59] [TOW] Matthew_Tyler started towing vehicle #571, owned by Alessandro Ravanelli, from Santa Maria Beach (pos = 390.6005859375, -1770.2001953125, 5.027449131012, rot = 359.11010742188, 355.98999023438, 79.661865234375, health = 299.87789916992)
[2013-10-12 15:59] [TOW STOP] Matthew_Tyler stopped towing vehicle #571, owned by Alessandro Ravanelli, in Santa Maria Beach (pos = 391.4794921875, -1770.2099609375, 5.0485134124756, rot = 359.28039550781, 0.1043701171875, 65.989379882812, health = 299.87789916992)
[2013-10-12 15:59] [TOW] Matthew_Tyler started towing vehicle #571, owned by Alessandro Ravanelli, from Santa Maria Beach (pos = 391.583984375, -1770.2626953125, 5.0224175453186, rot = 359.07165527344, 0.15380859375, 64.09423828125, health = 299.87789916992)
[2013-10-12 16:02] [TOW STOP] Matthew_Tyler stopped towing vehicle #571, owned by Alessandro Ravanelli, in Santa Maria Beach (pos = 333.5830078125, -1842.640625, 4.335292339325, rot = 358.96179199219, 0, 232.35534667969, health = 749.69476318359)
[2013-10-12 16:04] [TOW] Jason_Black started towing vehicle #441, owned by Barney Ross, from Market (pos = 1213.1591796875, -1387.8681640625, 13.151538848877, rot = 1.2469482421875, 359.40124511719, 349.09606933594, health = 793.16241455078)
[2013-10-12 16:04] [TOW STOP] Jason_Black stopped towing vehicle #441, owned by Barney Ross, in Market (pos = 1212.814453125, -1381.1826171875, 13.257961273193, rot = 0.362548828125, 0.318603515625, 1.845703125, health = 793.16241455078)
[2013-10-12 18:55] [TOW] Nagy_Attila started towing vehicle #302, owned by Nagy Attila, from Santa Maria Beach (pos = 325.0166015625, -1790.1669921875, 4.2363839149475, rot = 359.98352050781, 0.9832763671875, 181.53259277344, health = 889.37731933594)
[2013-10-12 18:55] [TOW STOP] Nagy_Attila stopped towing vehicle #302, owned by Nagy Attila, in Santa Maria Beach (pos = 325.0166015625, -1790.1669921875, 4.2363839149475, rot = 359.98352050781, 0.9832763671875, 181.53259277344, health = 889.37731933594)
[2013-10-12 19:39] [TOW] Jason_Black started towing vehicle #581, owned by Don Marco, from Los Santos International (pos = 1966.93359375, -2322.83203125, 13.185437202454, rot = 359.75830078125, 359.82971191406, 302.04162597656, health = 299.87789916992)
[2013-10-12 22:20] [TOW] Don_Marco started towing vehicle #553, owned by Don Marco, from Idlewood (pos = 1971.986328125, -1737.9189453125, 15.70695400238, rot = 0.087890625, 0.0054931640625, 321.13037109375, health = 1000.2442016602)
[2013-10-12 22:24] [TOW STOP] Don_Marco stopped towing vehicle #553, owned by Don Marco, in Santa Maria Beach (pos = 344.7294921875, -1792.3818359375, 4.6497468948364, rot = 358.86840820312, 359.7802734375, 148.09020996094, health = 1000.2442016602)
[2013-10-12 23:39] [TOW] Cserep_Martin started towing vehicle #100, owned by Thomas Smecker, from Market Station (pos = 864.21484375, -1365.4423828125, 13.796746253967, rot = 359.63195800781, 0.5987548828125, 329.00207519531, health = 998.77899169922)
[2013-10-12 23:40] [TOW STOP] Cserep_Martin stopped towing vehicle #100, owned by Thomas Smecker, in Verdant Bluffs (pos = 1081.1396484375, -1854.080078125, 13.611112594604, rot = 359.75830078125, 359.87365722656, 267.96203613281, health = 998.77899169922)
[2013-10-12 23:53] [TOW] Jason_Black started towing vehicle #223, owned by Kaiser Mucsacso, from Santa Maria Beach (pos = 329.697265625, -1793.947265625, 4.5523128509521, rot = 358.56628417969, 359.20349121094, 146.81030273438, health = 888.88891601562)
[2013-10-12 23:53] [TOW STOP] Jason_Black stopped towing vehicle #223, owned by Kaiser Mucsacso, in Santa Maria Beach (pos = 296.6748046875, -1782.56640625, 4.1238303184509, rot = 359.58801269531, 0.6591796875, 97.2509765625, health = 888.88891601562)
[2013-10-12 23:53] [TOW] Jason_Black started towing vehicle #534, owned by Dani Devenyi, from Santa Maria Beach (pos = 328.5751953125, -1790.2822265625, 4.591646194458, rot = 359.50561523438, 0.7635498046875, 173.05114746094, health = 843.9560546875)
[2013-10-12 23:53] [TOW STOP] Jason_Black stopped towing vehicle #534, owned by Dani Devenyi, in Santa Maria Beach (pos = 297.369140625, -1786.193359375, 4.1426701545715, rot = 359.5166015625, 0.3515625, 106.50146484375, health = 843.9560546875)
[2013-10-12 23:53] [TOW] Jason_Black started towing vehicle #553, owned by Don Marco, from Santa Maria Beach (pos = 324.5380859375, -1790.876953125, 4.5151696205139, rot = 359.82421875, 0.933837890625, 179.89013671875, health = 1000.2442016602)
[2013-10-12 23:53] [TOW STOP] Jason_Black stopped towing vehicle #553, owned by Don Marco, in Santa Maria Beach (pos = 324.5380859375, -1790.876953125, 4.5151696205139, rot = 359.82421875, 0.933837890625, 179.89013671875, health = 1000.2442016602)
[2013-10-12 23:53] [TOW] Jason_Black started towing vehicle #302, owned by Nagy Attila, from Santa Maria Beach (pos = 326.11328125, -1788.681640625, 4.8198852539062, rot = 349.20593261719, 315.00549316406, 193.56811523438, health = 730.15875244141)
[2013-10-12 23:54] [TOW STOP] Jason_Black stopped towing vehicle #302, owned by Nagy Attila, in Santa Maria Beach (pos = 340.3583984375, -1809.4228515625, 3.9664216041565, rot = 1.8951416015625, 359.98901367188, 358.47839355469, health = 730.15875244141)
[2013-10-12 23:54] [TOW] Jason_Black started towing vehicle #302, owned by Nagy Attila, from Santa Maria Beach (pos = 341.927734375, -1803.4130859375, 4.1534156799316, rot = 0.6536865234375, 0.4888916015625, 355.88012695312, health = 730.15875244141)
[2013-10-12 23:55] [TOW STOP] Jason_Black stopped towing vehicle #302, owned by Nagy Attila, in Santa Maria Beach (pos = 340.25, -1809.2626953125, 3.9720318317413, rot = 1.944580078125, 359.82421875, 358.41796875, health = 730.15875244141)
[2013-10-12 23:55] [TOW] Jason_Black started towing vehicle #403, owned by Dorina Cross, from Santa Maria Beach (pos = 318.39453125, -1791.9306640625, 4.3026905059814, rot = 359.22546386719, 0.8184814453125, 187.59704589844, health = 820.0244140625)
[2013-10-12 23:56] [TOW STOP] Jason_Black stopped towing vehicle #403, owned by Dorina Cross, in Santa Maria Beach (pos = 295.3916015625, -1778.99609375, 4.033570766449, rot = 358.56079101562, 359.88464355469, 96.542358398438, health = 820.0244140625)
[2013-10-13 00:15] [TOW] Cserep_Martin started towing vehicle #669, owned by Trevalt Hamika, from Jefferson (pos = 2107.623046875, -1294.0283203125, 23.90558052063, rot = 359.54956054688, 359.91760253906, 241.21032714844, health = 299.87789916992)
[2013-10-13 00:15] [TOW STOP] Cserep_Martin stopped towing vehicle #669, owned by Trevalt Hamika, in Jefferson (pos = 2107.62109375, -1294.02734375, 23.912830352783, rot = 359.62097167969, 359.91760253906, 241.21032714844, health = 299.87789916992)
[2013-10-13 00:15] [TOW] Cserep_Martin started towing vehicle #669, owned by Trevalt Hamika, from Jefferson (pos = 2107.1845703125, -1293.7978515625, 23.892545700073, rot = 356.49536132812, 359.6923828125, 239.72717285156, health = 299.87789916992)
[2013-10-13 09:31] [TOW] Dani_Devenyi started towing vehicle #35, owned by false, from El Corona (pos = 1802.921875, -1866.853515625, 13.140261650085, rot = 358.98376464844, 359.8681640625, 359.02770996094, health = 1000.2442016602)
[2013-10-13 09:31] [TOW STOP] Dani_Devenyi stopped towing vehicle #35, owned by false, in El Corona (pos = 1802.921875, -1866.853515625, 13.140261650085, rot = 358.98376464844, 359.8681640625, 359.02770996094, health = 1000.2442016602)
[2013-10-13 11:14] [TOW] Nagy_Attila started towing vehicle #673, owned by Lorenzo Esteban, from Verona Beach (pos = 1052.5419921875, -1839.0166015625, 13.339999198914, rot = 358.32458496094, 0.24169921875, 293.06030273438, health = 299.87789916992)
[2013-10-13 11:15] [TOW STOP] Nagy_Attila stopped towing vehicle #673, owned by Lorenzo Esteban, in Santa Maria Beach (pos = 349.76953125, -1776.2490234375, 4.9805827140808, rot = 2.724609375, 1.0162353515625, 152.08374023438, health = 299.87789916992)
[2013-10-13 11:17] [TOW] Nagy_Attila started towing vehicle #673, owned by Lorenzo Esteban, from Santa Maria Beach (pos = 351.5625, -1773.1484375, 4.8845200538635, rot = 359.65942382812, 0.7745361328125, 147.3486328125, health = 299.87789916992)
[2013-10-13 11:17] [TOW STOP] Nagy_Attila stopped towing vehicle #673, owned by Lorenzo Esteban, in Santa Maria Beach (pos = 324.8447265625, -1841.369140625, 4.413637638092, rot = 0.06591796875, 0.054931640625, 234.78881835938, health = 299.87789916992)
[2013-10-13 12:03] [TOW] Nagy_Attila started towing vehicle #673, owned by Lorenzo Esteban, from Verdant Bluffs (pos = 1459.625, -1846.4501953125, 13.30326461792, rot = 359.90661621094, 359.99450683594, 278.17932128906, health = 271.06225585938)
[2013-10-13 12:05] [TOW STOP] Nagy_Attila stopped towing vehicle #673, owned by Lorenzo Esteban, in Santa Maria Beach (pos = 324.1611328125, -1820.7314453125, 4.4140195846558, rot = 0.087890625, 359.97253417969, 97.459716796875, health = 271.06225585938)
[2013-10-13 14:19] [TOW] Don_Marco started towing vehicle #495, owned by Big Steve, from Rodeo (pos = 254.537109375, -1672.349609375, 9.4854030609131, rot = 5.0152587890625, 0.911865234375, 44.549560546875, health = 299.87789916992)
[2013-10-13 14:21] [TOW] Jason_Black started towing vehicle #351, owned by Thomas Edison, from Fallen Tree (pos = -659.2861328125, -485.984375, 38.3034324646, rot = 1.2249755859375, 3.856201171875, 219.55078125, health = 299.87789916992)
[2013-10-13 14:21] [TOW] Don_Marco started towing vehicle #495, owned by Big Steve, from Santa Maria Beach (pos = 340.3291015625, -1751.2734375, 4.3388047218323, rot = 0.823974609375, 359.89013671875, 192.27172851562, health = 299.87789916992)
[2013-10-13 14:22] [TOW STOP] Don_Marco stopped towing vehicle #495, owned by Big Steve, in Santa Maria Beach (pos = 335.2734375, -1844.3671875, 4.5858607292175, rot = 0.4779052734375, 359.90661621094, 237.96936035156, health = 299.87789916992)
[2013-10-13 14:25] [TOW STOP] Jason_Black stopped towing vehicle #351, owned by Thomas Edison, in Santa Maria Beach (pos = 350.021484375, -1809.7451171875, 4.1474227905273, rot = 357.81372070312, 0.0823974609375, 181.03271484375, health = 299.87789916992)
[2013-10-13 19:23] [TOW] Dani_Devenyi started towing vehicle #85, owned by false, from Santa Maria Beach (pos = 462.880859375, -1732.2939453125, 9.8449001312256, rot = 354.95727539062, 7.00927734375, 204.48852539062, health = 770.20758056641)
[2013-10-13 19:23] [TOW STOP] Dani_Devenyi stopped towing vehicle #85, owned by false, in Santa Maria Beach (pos = 462.880859375, -1732.2939453125, 9.8449001312256, rot = 354.95727539062, 7.00927734375, 204.48852539062, health = 770.20758056641)
[2013-10-14 20:54] [TOW] Dani_Devenyi started towing vehicle #534, owned by Dani Devenyi, from Los Santos International (pos = 1544.5322265625, -2312.7705078125, 13.295121192932, rot = 359.81323242188, 359.17602539062, 257.81066894531, health = 720.39074707031)
[2013-10-14 20:56] [TOW STOP] Dani_Devenyi stopped towing vehicle #534, owned by Dani Devenyi, in Santa Maria Beach (pos = 345.6171875, -1783.8818359375, 4.9867219924927, rot = 359.00024414062, 0.736083984375, 152.3583984375, health = 720.39074707031)
