[2013-06-11 11:19] [MAKEVEH] Charles_Mardel created car #1 (Elegant) - Owner: Charles_Mardel
[2013-06-11 11:55] [MAKEVEH] Charles_Mardel created car #2 (Hotring Racer 2) - Owner: Charles_Mardel
[2013-06-11 11:58] [MAKEVEH] Charles_Mardel created car #3 (Mesa) - Owner: Charles_Mardel
[2013-06-14 17:25] [MAKEVEH] Charles_Mardel created car #4 (Previon) - Faction #1
[2013-06-14 17:27] [AVEHPOS] Charles_Mardel parked car #4 at 1452.9873046875, -1730.193359375, 13.148844718933
[2013-06-27 11:49] [MAKEVEH] Charles_Mardel created car #2 (Maverick) - Faction #1
[2013-06-27 11:50] [MAKEVEH] Charles_Mardel created car #3 (Police Maverick) - Faction #1
[2013-07-29 20:02] [MAKEVEH] Charles_Mardel created car #9 (DFT-30) - Owner: Charles_Mardel
[2013-07-30 18:45] [MAKEVEH] Charles_Mardel created car #10 (Elegant) - Owner: Charles_Mardel
[2013-08-02 12:22] [MAKECIVVEH] Charles_Mardel created car #12 (Manana)
[2013-08-02 12:28] [AVEHPOS] Charles_Mardel parked car #12 at 1249.294921875, -1822.9423828125, 13.065249443054
[2013-08-03 11:29] [MAKEVEH] Charles_Mardel created car #12 (Police LS) - Faction #1
[2013-08-27 22:32] [MAKEVEH] Charles_Mardel csinalt egy kocsit 36 (Hotring Racer 2) - Tulajdonos: Charles_Mardel
[2013-08-29 08:47] [MAKEVEH] Dwight_Vince csinalt egy kocsit 37 (Savanna) - Tulajdonos: Dwight_Vince
[2013-08-29 17:09] [AVEHPOS] Fornel_Mardel parked car #-4 at 1219.6533203125, -939.326171875, 42.470687866211
[2013-08-29 17:23] [MAKEVEH] Charles_Mardel csinalt egy kocsit 38 (DFT-30) - Tulajdonos: Charles_Mardel
[2013-08-29 17:35] [MAKEVEH] Fornel_Mardel csinalt egy kocsit 39 (Buffalo) - Tulajdonos: Fornel_Mardel
[2013-08-29 17:35] [MAKEVEH] Charles_Mardel csinalt egy kocsit 40 (Buffalo) - Tulajdonos: Fornel_Mardel
[2013-08-29 19:17] [MAKEVEH] Charles_Mardel csinalt egy kocsit 42 (Elegant) - Tulajdonos: Charles_Mardel
[2013-08-30 15:53] [MAKEVEH] Hank_Schrader csinalt egy kocsit 45 (Elegant) - Tulajdonos: Hank_Schrader
[2013-08-30 16:08] [MAKEVEH] Hank_Schrader csinalt egy kocsit 47 (Elegant) - Tulajdonos: Steven_Gomez
[2013-08-30 16:10] [MAKEVEH] Steven_Gomez csinalt egy kocsit 48 (Blista Compact) - Tulajdonos: Steven_Gomez
[2013-08-30 16:19] [DELVEH] Hank Schrader deleted vehicle #48
[2013-08-30 16:19] [MAKECIVVEH] Hank_Schrader created car #49 (Sultan)
[2013-08-30 17:52] [MAKEVEH] Hank_Schrader csinalt egy kocsit 50 (Elegant) - Tulajdonos: Hank_Schrader
[2013-08-30 18:10] [MAKEVEH] Hank_Schrader csinalt egy kocsit 51 (Infernus) - Tulajdonos: Hank_Schrader
[2013-08-30 18:10] [MAKEVEH] Hank_Schrader csinalt egy kocsit 52 (Premier) - Tulajdonos: Hank_Schrader
[2013-08-30 18:54] [MAKEVEH] Steven_Gomez csinalt egy kocsit 53 (Dodo) - Tulajdonos: Steven_Gomez
[2013-08-30 19:01] [MAKEVEH] David_Vince csinalt egy kocsit 54 (Comet) - Tulajdonos: David_Vince
[2013-08-30 19:12] [MAKEVEH] Dwayne_Vince csinalt egy kocsit 55 (Buffalo) - Frakció: 1
[2013-08-30 19:13] [MAKEVEH] Hank_Schrader csinalt egy kocsit 56 (DFT-30) - Tulajdonos: Hank_Schrader
[2013-08-30 19:20] [MAKEVEH] Steven_Gomez csinalt egy kocsit 57 (Bullet) - Tulajdonos: Steven_Gomez
[2013-08-30 19:22] [MAKEVEH] Steven_Gomez csinalt egy kocsit 58 (Premier) - Tulajdonos: Steven_Gomez
[2013-08-30 19:26] [MAKEVEH] Steven_Gomez csinalt egy kocsit 59 (Buffalo) - Tulajdonos: Steven_Gomez
[2013-08-30 19:39] [MAKEVEH] Dwayne_Vince csinalt egy kocsit 60 (Buffalo) - Tulajdonos: Dwayne_Vince
[2013-08-30 19:40] [MAKEVEH] Steven_Gomez csinalt egy kocsit 61 (Bullet) - Frakció: 1
[2013-08-30 19:45] [MAKEVEH] Steven_Gomez csinalt egy kocsit 62 (Elegant) - Frakció: 1
[2013-08-30 19:53] [MAKEVEH] Steven_Gomez csinalt egy kocsit 63 (Police Maverick) - Frakció: 1
[2013-08-30 20:33] [MAKEVEH] Fornel_Mardel csinalt egy kocsit 64 (Bus) - Tulajdonos: Fornel_Mardel
[2013-08-30 20:44] [MAKEVEH] Fornel_Mardel csinalt egy kocsit 65 (Buffalo) - Tulajdonos: Fornel_Mardel
[2013-08-30 20:44] [MAKEVEH] Fornel_Mardel csinalt egy kocsit 66 (Cheetah) - Tulajdonos: Fornel_Mardel
[2013-08-30 20:47] [DELVEH] Fornel Mardel deleted vehicle #65
[2013-08-30 20:47] [DELVEH] Fornel Mardel deleted vehicle #66
[2013-08-30 21:08] [MAKEVEH] Fornel_Mardel csinalt egy kocsit 67 (Elegant) - Tulajdonos: Fornel_Mardel
[2013-08-30 21:09] [MAKECIVVEH] Fornel_Mardel created car #68 (Buffalo)
[2013-08-30 21:23] [MAKEVEH] Steven_Gomez csinalt egy kocsit 69 (Elegant) - Frakció: 1
[2013-08-30 21:34] [MAKEVEH] Steven_Gomez csinalt egy kocsit 70 (Police LS) - Tulajdonos: Dwayne_Vince
[2013-08-30 21:35] [MAKEVEH] Dwayne_Vince csinalt egy kocsit 71 (Buffalo) - Tulajdonos: Dwayne_Vince
[2013-08-30 21:47] [MAKEVEH] Dwayne_Vince csinalt egy kocsit 72 (Police LS) - Tulajdonos: Dwayne_Vince
[2013-08-30 21:47] [DELVEH] Dwayne Vince deleted vehicle #72
[2013-08-30 21:47] [DELVEH] Dwayne Vince deleted vehicle #70
[2013-08-31 11:03] [DELVEH] Steven Gomez deleted vehicle #57
[2013-08-31 11:04] [DELVEH] Steven Gomez deleted vehicle #58
[2013-08-31 11:04] [DELVEH] Steven Gomez deleted vehicle #51
[2013-08-31 11:04] [DELVEH] Steven Gomez deleted vehicle #62
[2013-08-31 11:38] [MAKECIVVEH] David_Vince created car #73 (Taxi)
[2013-08-31 11:50] [AVEHPOS] Hank_Schrader parked car #-23 at 2531.0810546875, -1730.93359375, 13.04074382782
[2013-08-31 11:51] [AVEHPOS] David_Vince parked car #73 at 1790.24609375, -1859.7841796875, 13.269854545593
[2013-08-31 14:38] [MAKEVEH] Steven_Gomez csinalt egy kocsit 74 (Police LS) - Tulajdonos: Charles_Mardel
[2013-08-31 14:38] [MAKEVEH] Steven_Gomez csinalt egy kocsit 75 (Police Maverick) - Frakció: 1
[2013-08-31 14:44] [MAKEVEH] Steven_Gomez csinalt egy kocsit 76 (Bandito) - Frakció: 1
[2013-08-31 14:47] [MAKEVEH] Steven_Gomez csinalt egy kocsit 77 (Sanchez) - Frakció: 1
[2013-08-31 14:49] [DELVEH] Steven Gomez deleted vehicle #77
[2013-08-31 14:55] [MAKEVEH] Charles_Mardel csinalt egy kocsit 78 (Bandito) - Tulajdonos: Charles_Mardel
[2013-08-31 14:55] [MAKEVEH] Steven_Gomez csinalt egy kocsit 79 (Bandito) - Frakció: 1
[2013-08-31 14:56] [MAKEVEH] Charles_Mardel csinalt egy kocsit 80 (Bandito) - Tulajdonos: Charles_Mardel
[2013-08-31 22:03] [DELVEH] Steven Gomez deleted vehicle #59
[2013-09-01 17:34] [AVEHPOS] Johnny_Krause parked car #82 at 1062.1748046875, -1766.8017578125, 13.220846176147
[2013-09-04 19:03] [MAKEVEH] Charles_Mardel csinalt egy kocsit 83 (Elegant) - Tulajdonos: Charles_Mardel
[2013-09-04 19:32] [MAKEVEH] Charles_Mardel csinalt egy kocsit 84 (DFT-30) - Tulajdonos: Charles_Mardel
[2013-10-03 02:14] [AVEHPOS] Sziki_Morrison parked car #233 at 580.5244140625, -1424.1982421875, 14.286615371704
[2013-10-03 02:14] [AVEHPOS] Sziki_Morrison parked car #233 at 580.5244140625, -1424.1982421875, 14.286615371704
[2013-10-03 14:16] [SELL] car #583 was sold from Nico Bellic to Zack Morrison
[2013-10-03 14:16] [SELL] car #583 was sold from Zack Morrison to Nico Bellic
[2013-10-03 14:34] [SELL] car #287 was sold from Eduardo Rodriguez to Daniel Cortez
[2013-10-03 15:50] [SELL] car #539 was sold from Tyson Mountain to Daniel Cortez
[2013-10-03 16:05] [SELL] car #475 was sold from Szabo Marton to Daniel Cortez
[2013-10-03 16:53] [SELL] car #523 was sold from Curtis Vercetti to Marcus Rollin
[2013-10-03 16:53] [SELL] car #211 was sold from Curtis Vercetti to Marcus Rollin
[2013-10-03 16:53] [SELL] car #144 was sold from Marcus Rollin to Curtis Vercetti
[2013-10-03 19:02] [AVEHPOS] Curtis_Vercetti parked car #293 at 1691.6806640625, 1449.1298828125, 10.549253463745
[2013-10-03 19:09] [SELL] car #245 was sold from Zack Morrison to Hartmann Dzsino Daniel
[2013-10-03 19:31] [AVEHPOS] Curtis_Vercetti parked car #523 at 358.3642578125, -1752.0625, 5.8933057785034
[2013-10-03 20:58] [SELL] car #374 was sold from Zack Morrison to Tornyosi Oliver
[2013-10-03 21:02] [MAKEVEH] Jack_G_Cassini created car #585 (Previon) - Owner: Jack_G_Cassini
[2013-10-03 21:02] [MAKEVEH] Jack_G_Cassini created car #586 (Sentinel) - Owner: Jack_G_Cassini
[2013-10-03 21:06] [SELL] car #164 was sold from Huan Paulo Alexander to Zack Morrison
[2013-10-03 22:11] [SELL] car #211 was sold from Marcus Rollin to Nigel Taylor
[2013-10-03 22:12] [AVEHPOS] Sziki_Morrison parked car #60 at 908.111328125, -933.6474609375, 42.793796539307
[2013-10-03 22:44] [SELL] car #211 was sold from Sziki Morrison to Marcus Rollin
[2013-10-04 09:39] [SELL] car #291 was sold from Chris Darbin to Taylor Kurt
[2013-10-04 14:11] [AVEHPOS] Curtis_Vercetti parked car #438 at 1049.9072265625, -1288.26953125, 13.199530601501
[2013-10-04 14:12] [AVEHPOS] Curtis_Vercetti parked car #120 at 1049.50390625, -1294.5078125, 12.684992790222
[2013-10-04 14:33] [SELL] car #589 was sold from Georg Wilhelm to Bolvari Attila
[2013-10-04 16:25] [SELL] car #302 was sold from Henry Domelson to Steavans Egal Cortez
[2013-10-04 16:25] [SELL] car #405 was sold from Steavans Egal Cortez to Henry Domelson
[2013-10-04 17:39] [SELL] car #448 was sold from Giorgio Ferrari to Johnson Morgan
[2013-10-04 17:39] [SELL] car #372 was sold from Giorgio Armando to William Escobar
[2013-10-04 17:40] [SELL] car #591 was sold from Vander John to Szucs Martin Andras
[2013-10-04 17:55] [SELL] car #175 was sold from Szucs Martin Andras to Valuska Peter
[2013-10-04 18:09] [SELL] car #217 was sold from Engi David to Giorgio Ferrari
[2013-10-04 19:13] [SELL] car #423 was sold from Nick Denis to Steavans Egal Cortez
[2013-10-04 19:13] [SELL] car #302 was sold from Steavans Egal Cortez to Nick Denis
[2013-10-04 19:19] [SELL] car #572 was sold from Csorba Andrea to Joe Green
[2013-10-04 19:28] [SELL] car #572 was sold from Joe Green to Edlman Martin
[2013-10-04 20:43] [SELL] car #452 was sold from Giorgio Armando to Giorgio Armando
[2013-10-04 20:43] [SELL] car #452 was sold from Giorgio Armando to Label Johnson
[2013-10-04 22:11] [SELL] car #164 was sold from Zack Morrison to Nico Bellic
[2013-10-04 22:11] [SELL] car #164 was sold from Nico Bellic to Zack Morrison
[2013-10-04 22:13] [SELL] car #487 was sold from Nico Bellic to Zack Morrison
[2013-10-04 22:13] [SELL] car #487 was sold from Zack Morrison to Nico Bellic
[2013-10-04 22:22] [SELL] car #220 was sold from Vajda Daniel to Gyori Laszlo
[2013-10-04 22:41] [SELL] car #460 was sold from Elmondom Mark to Curtis Jr Jackson
[2013-10-05 01:35] [MAKEVEH] Sziki_Morrison created car #596 (Hotdog) - Owner: Sziki_Morrison
[2013-10-05 10:31] [SELL] car #295 was sold from Carl Jhonson to Tornyosi Oliver
[2013-10-05 10:42] [SELL] car #444 was sold from Anthony Dinozzo to Nagy Kristof
[2013-10-05 10:43] [SELL] car #290 was sold from Nagy Kristof to Anthony Dinozzo
[2013-10-05 11:02] [SELL] car #315 was sold from Vladimir Makarov to Valuska Peter
[2013-10-05 11:10] [AVEHPOS] Adam_Hauward parked car #590 at 2147.740234375, -1137.1171875, 25.462881088257
[2013-10-05 11:20] [SELL] car #565 was sold from Mikhail Kalashnikov to John Trevor
[2013-10-05 11:30] [SELL] car #302 was sold from Nick Denis to Taylor Kurt
[2013-10-05 11:33] [SELL] car #510 was sold from Nick Denis to Taylor Kurt
[2013-10-05 15:03] [AVEHPOS] Adam_Hauward parked car #255 at 1104.65234375, -1194.4833984375, 17.759716033936
[2013-10-05 15:03] [AVEHPOS] Adam_Hauward parked car #225 at 1097.1923828125, -1183.42578125, 18.101476669312
[2013-10-05 15:39] [SELL] car #226 was sold from Molnar Benjamin to Curtis Vercetti
[2013-10-05 15:43] [AVEHPOS] Curtis_Vercetti parked car #226 at 2854.9169921875, -1332.6826171875, 10.869060516357
[2013-10-05 15:58] [SELL] car #513 was sold from Morris Monroe to Jonhy Brown
[2013-10-05 16:04] [SELL] car #291 was sold from Taylor Kurt to Jim Beam
[2013-10-05 16:07] [SELL] car #510 was sold from Taylor Kurt to Pete Patrik
[2013-10-05 16:55] [SELL] car #515 was sold from Ryan Lewis to Barney Ross
[2013-10-05 16:56] [SELL] car #437 was sold from Barney Ross to Ryan Lewis
[2013-10-05 19:03] [SELL] car #510 was sold from Pete Patrik to Gyori Daniel
[2013-10-05 19:14] [SELL] car #475 was sold from Daniel Cortez to Tyson Mountain
[2013-10-05 19:28] [SELL] car #295 was sold from Tornyosi Oliver to Hernandez Erik
[2013-10-05 19:46] [SELL] car #425 was sold from Hernandez Erik to Nagy Kristof
[2013-10-05 19:46] [SELL] car #444 was sold from Nagy Kristof to Hernandez Erik
[2013-10-05 21:11] [SELL] car #576 was sold from Curtis Vercetti to Morris Monroe
[2013-10-05 21:22] [SELL] car #144 was sold from Curtis Vercetti to Kalman Krisztian
[2013-10-05 22:00] [SELL] car #516 was sold from Fabricio Garcia to George Lucas
[2013-10-05 22:34] [SELL] car #403 was sold from Giorgio Armando to Endy Clarkson
[2013-10-05 22:41] [SELL] car #579 was sold from Giorgio Armando to Alex Bodnar
[2013-10-05 23:09] [AVEHPOS] Henry_Domelson parked car #566 at 500.91015625, -1313.666015625, 15.546132087708
[2013-10-05 23:34] [SELL] car #587 was sold from Jack G Cassini to Curtis Vercetti
[2013-10-05 23:58] [AVEHPOS] Curtis_Vercetti parked car #241 at 1569.505859375, -1693.0380859375, 6.1243124008179
[2013-10-06 00:27] [SELL] car #226 was sold from Curtis Vercetti to Vin Diesel
[2013-10-06 10:25] [SELL] car #501 was sold from Adam Jashon to Don Marco
[2013-10-06 11:13] [SELL] car #512 was sold from Jim Beam to Szabo Marton
[2013-10-06 11:16] [SELL] car #459 was sold from Carloz Andrew Martino to Daniel Wrigther
[2013-10-06 11:17] [SELL] car #598 was sold from Carloz Andrew Martino to Daniel Wrigther
[2013-10-06 11:20] [AVEHPOS] Henry_Domelson parked car #147 at 1104.95703125, -1219.27734375, 17.734199523926
[2013-10-06 11:32] [SELL] car #475 was sold from Tyson Mountain to Nick Denis
[2013-10-06 11:32] [SELL] car #538 was sold from Nick Denis to Tyson Mountain
[2013-10-06 11:38] [SELL] car #477 was sold from Gabor Kyosuke to Divany Zsolt
[2013-10-06 11:49] [SELL] car #232 was sold from Danieel Craig to Vin Diesel
[2013-10-06 11:50] [SELL] car #282 was sold from Danieel Craig to Vin Diesel
[2013-10-06 12:11] [SELL] car #225 was sold from Vin Diesel to Vin Diesel
[2013-10-06 12:14] [AVEHPOS] Henry_Domelson parked car #596 at 1111.2529296875, -638.17578125, 111.29777526855
[2013-10-06 12:55] [SELL] car #527 was sold from Nagy Andris to Skaffer Peter
[2013-10-06 12:56] [SELL] car #255 was sold from Giorgio Armando to Pete Patrik
[2013-10-06 13:28] [SELL] car #302 was sold from Taylor Kurt to Nagy Attila
[2013-10-06 13:30] [SELL] car #435 was sold from Joe Gargen to Huan Paulo Alexander
[2013-10-06 15:27] [SELL] car #582 was sold from Vander John to Gyori Laszlo
[2013-10-06 15:28] [SELL] car #595 was sold from Vander John to Gyori Laszlo
[2013-10-06 15:45] [SELL] car #535 was sold from Gyori Laszlo to Steve Frewen
[2013-10-06 15:54] [SELL] car #226 was sold from Vin Diesel to Gabor Kyosuke
[2013-10-06 16:45] [SELL] car #437 was sold from Ryan Lewis to Nagy Kristof
[2013-10-06 16:45] [SELL] car #425 was sold from Nagy Kristof to Ryan Lewis
[2013-10-06 16:52] [SELL] car #220 was sold from Gyori Laszlo to Jhonny Ricko
[2013-10-06 17:23] [MAKEVEH] Jack_G_Cassini created car #605 (Comet) - Owner: Marko_Sanchez
[2013-10-06 17:27] [SELL] car #538 was sold from Tyson Mountain to David Bachkam
[2013-10-06 17:32] [MAKEVEH] Jack_G_Cassini created car #606 (Comet) - Owner: Jack_G_Cassini
[2013-10-06 17:33] [SELL] car #606 was sold from Jack G Cassini to Marko Sanchez
[2013-10-06 17:40] [SELL] car #220 was sold from Jhonny Ricko to Gyori Laszlo
[2013-10-06 17:53] [MAKEVEH] Sziki_Morrison created car #607 (Hotdog) - Owner: Henry_Domelson
[2013-10-06 18:18] [MAKEVEH] James_Cover created car #609 (Infernus) - Owner: Adam_Jashon
[2013-10-06 18:30] [SELL] car #538 was sold from David Bachkam to Nagy Kristof
[2013-10-06 18:46] [SELL] car #521 was sold from Giorgio Armando to Rudolf Hess
[2013-10-06 18:49] [SELL] car #491 was sold from Giorgio Armando to Johnny CreW
[2013-10-06 18:51] [SELL] car #220 was sold from Gyori Laszlo to Jhonny Ricko
[2013-10-06 19:02] [SELL] car #520 was sold from Muki Alehandro to Fabricio Garcia
[2013-10-06 19:04] [SELL] car #124 was sold from Alex Costa to Vajda Daniel
[2013-10-06 19:10] [SELL] car #547 was sold from John Clarkson to Matthew D Dawis
[2013-10-06 19:34] [SELL] car #577 was sold from Wolf Carter to Mikhail Kalashnikov
[2013-10-06 19:36] [SELL] car #525 was sold from Curtis Vercetti to Curtis Vercetti
[2013-10-06 19:39] [AVEHPOS] Henry_Domelson parked car #333 at 1102.9072265625, -1218.291015625, 17.548166275024
[2013-10-06 19:40] [AVEHPOS] Henry_Domelson parked car #147 at 1112.09765625, -1214.421875, 17.736413955688
[2013-10-06 19:52] [SELL] car #538 was sold from Nagy Kristof to Tyson Mountain
[2013-10-06 19:54] [MAKEVEH] Jack_G_Cassini created car #610 (Comet) - Owner: Jack_G_Cassini
[2013-10-06 19:54] [SELL] car #538 was sold from Tyson Mountain to Nagy Kristof
[2013-10-06 19:54] [SELL] car #538 was sold from Nagy Kristof to David Bachkam
[2013-10-06 19:55] [MAKEVEH] Jack_G_Cassini created car #611 (Bullet) - Owner: Jack_G_Cassini
[2013-10-06 19:59] [SELL] car #538 was sold from David Bachkam to Tyson Mountain
[2013-10-06 20:06] [SELL] car #538 was sold from Tyson Mountain to Gabriel Anderson
[2013-10-06 20:07] [SELL] car #595 was sold from Gyori Laszlo to Kaffai Andras
[2013-10-06 20:14] [AVEHPOS] Adam_Hauward parked car #600 at 2130.8515625, -1149.6533203125, 24.009782791138
[2013-10-06 20:26] [SELL] car #525 was sold from Curtis Vercetti to Adam Hauward
[2013-10-06 20:28] [SELL] car #427 was sold from Curtis Vercetti to Curtis Vercetti
[2013-10-06 20:28] [SELL] car #525 was sold from Adam Hauward to Curtis Vercetti
[2013-10-06 20:30] [SELL] car #403 was sold from Adam Hauward to Adam Hauward
[2013-10-06 20:33] [SELL] car #295 was sold from Hernandez Erik to Benacs Milan
[2013-10-06 20:39] [MAKEVEH] James_Cover created car #613 (Police LV) - Owner: James_Cover
[2013-10-06 20:57] [MAKEVEH] James_Cover created car #614 (Hotdog) - Owner: Fabricio_Garcia
[2013-10-06 21:00] [SELL] car #520 was sold from Fabricio Garcia to James Cover
[2013-10-06 21:00] [SELL] car #602 was sold from Fabricio Garcia to James Cover
[2013-10-06 21:02] [SELL] car #592 was sold from Hudak Patrik to John Hancock
[2013-10-06 21:51] [SELL] car #525 was sold from Curtis Vercetti to Zack Morrison
[2013-10-06 21:55] [SELL] car #427 was sold from Curtis Vercetti to Endy Clarkson
[2013-10-06 21:56] [SELL] car #427 was sold from Endy Clarkson to Curtis Vercetti
[2013-10-06 21:56] [SELL] car #506 was sold from Curtis Vercetti to Endy Clarkson
[2013-10-06 21:56] [SELL] car #483 was sold from Endy Clarkson to Curtis Vercetti
[2013-10-07 12:40] [SELL] car #566 was sold from Desimir Romanovic to Jeferson Overy
[2013-10-07 12:41] [SELL] car #556 was sold from Desimir Romanovic to Milan Fernandez
[2013-10-07 13:55] [SELL] car #594 was sold from Thomas Ramsey to Milan Fernandez
[2013-10-07 13:56] [SELL] car #556 was sold from Milan Fernandez to Thomas Ramsey
[2013-10-07 14:25] [MAKEVEH] Danieel_Craig created car #615 (Sentinel) - Owner: Danieel_Craig
[2013-10-07 15:48] [SELL] car #478 was sold from Bill Moris to Richard Alfonso
[2013-10-07 16:04] [SELL] car #427 was sold from Curtis Vercetti to Sziki Morrison
[2013-10-07 18:13] [MAKEVEH] Kyosuke_Hirino created car #617 (Faggio) - Owner: Nagy_Mate
[2013-10-07 18:21] [MAKEVEH] Vin_Diesel created car #618 (Cheetah) - Owner: Vin_Diesel
[2013-10-07 18:21] [SELL] car #618 was sold from Vin Diesel to Bognar Bence
[2013-10-07 18:25] [SELL] car #430 was sold from Tupac Busta to Edward Collin
[2013-10-07 18:25] [SELL] car #430 was sold from Edward Collin to Tupac Busta
[2013-10-07 18:27] [SELL] car #378 was sold from Vin Diesel to Ivanics Aron
[2013-10-07 18:34] [MAKEVEH] Kyosuke_Hirino created car #619 (Cheetah) - Owner: Orlando_Capreto
[2013-10-07 18:35] [SELL] car #615 was sold from Danieel Craig to Jason Cruz
[2013-10-07 18:39] [MAKEVEH] Danieel_Craig created car #620 (Landstalker) - Owner: Jason_Cruz
[2013-10-07 18:40] [MAKEVEH] Danieel_Craig created car #621 (Dumper) - Owner: Danieel_Craig
[2013-10-07 18:53] [MAKEVEH] Vin_Diesel created car #622 (Majestic) - Owner: Vin_Diesel
[2013-10-07 18:53] [SELL] car #622 was sold from Vin Diesel to Smilanszki Istvan
[2013-10-07 18:56] [MAKEVEH] Vin_Diesel created car #623 (Patriot) - Owner: Vin_Diesel
[2013-10-07 18:57] [SELL] car #623 was sold from Vin Diesel to Tamassy David
[2013-10-07 18:58] [SELL] car #343 was sold from Vin Diesel to Cserep Martin
[2013-10-07 19:01] [MAKEVEH] Vin_Diesel created car #624 (Sultan) - Owner: Vin_Diesel
[2013-10-07 19:03] [SELL] car #624 was sold from Vin Diesel to Gyori Szabolcss
[2013-10-07 19:11] [SELL] car #94 was sold from Adam Hauward to Tyson Mountain
[2013-10-07 19:13] [SELL] car #324 was sold from David Bachkam to Tyson Mountain
[2013-10-07 19:14] [SELL] car #94 was sold from Tyson Mountain to David Bachkam
[2013-10-07 20:47] [MAKEVEH] Kyosuke_Hirino created car #627 (Barracks) - Owner: Elmondom_Mark
[2013-10-07 20:49] [MAKEVEH] Kyosuke_Hirino created car #628 (Barracks) - Owner: Elmondom_Mark
[2013-10-07 20:49] [MAKEVEH] Kyosuke_Hirino created car #629 (Barracks) - Owner: Elmondom_Mark
[2013-10-07 20:51] [MAKEVEH] Kyosuke_Hirino created car #630 (Patriot) - Owner: Elmondom_Mark
[2013-10-07 20:51] [MAKEVEH] Sziki_Morrison created car #631 (Cargobob) - Owner: Sziki_Morrison
[2013-10-07 20:51] [MAKEVEH] Kyosuke_Hirino created car #632 (Patriot) - Owner: Elmondom_Mark
[2013-10-07 20:51] [MAKEVEH] Kyosuke_Hirino created car #633 (Patriot) - Owner: Elmondom_Mark
[2013-10-07 20:53] [MAKEVEH] Sziki_Morrison created car #634 (Stretch) - Owner: Sziki_Morrison
[2013-10-07 20:57] [MAKEVEH] Sziki_Morrison created car #635 (Leviathan) - Owner: Sziki_Morrison
[2013-10-07 21:24] [SELL] car #198 was sold from Jerry Green to Zack Morrison
[2013-10-07 21:24] [SELL] car #164 was sold from Zack Morrison to Jerry Green
[2013-10-07 21:30] [SELL] car #459 was sold from Daniel Wrigther to Kaffai Andras
[2013-10-07 21:30] [SELL] car #598 was sold from Daniel Wrigther to Kaffai Andras
[2013-10-07 21:49] [SELL] car #374 was sold from Tornyosi Oliver to Daniel Mcoy
[2013-10-07 22:24] [SELL] car #595 was sold from Kaffai Andras to Jeferson Overy
[2013-10-08 06:38] [AVEHPOS] Kyosuke_Hirino parked car #619 at -497.2138671875, -555.1298828125, 25.308301925659
[2013-10-08 07:01] [SELL] car #452 was sold from Label Johnson to Mester Benjamin
[2013-10-08 09:26] [SELL] car #598 was sold from Kaffai Andras to Vander John
[2013-10-08 12:32] [SELL] car #506 was sold from Endy Clarkson to Matthew Tyler
[2013-10-08 15:18] [SELL] car #599 was sold from Kaffai Andras to Armany Attila
[2013-10-08 15:18] [SELL] car #459 was sold from Kaffai Andras to Nicki Santo
[2013-10-08 15:40] [SELL] car #217 was sold from Giorgio Ferrari to Kaffai Andras
[2013-10-08 15:47] [SELL] car #595 was sold from Jeferson Overy to Angel White
[2013-10-08 16:45] [SELL] car #255 was sold from Pete Patrik to Giorgio Ferrari
[2013-10-08 17:56] [MAKEVEH] Jack_G_Cassini created car #638 (Comet) - Owner: Marcell_Cortez
[2013-10-08 18:07] [MAKEVEH] Jack_G_Cassini created car #639 (Huntley) - Owner: Marcell_Cortez
[2013-10-08 18:44] [SELL] car #124 was sold from Vajda Daniel to Morris Monroe
[2013-10-08 18:45] [SELL] car #576 was sold from Morris Monroe to Vajda Daniel
[2013-10-08 18:59] [SELL] car #272 was sold from Nagy Attila to Hernandez Erik
[2013-10-08 19:49] [MAKEVEH] Vin_Diesel created car #640 (Patriot) - Owner: Vin_Diesel
[2013-10-08 19:53] [MAKEVEH] Vin_Diesel created car #641 (Patriot) - Owner: Vin_Diesel
[2013-10-08 20:18] [AVEHPOS] Giorgio_Armando parked car #290 at 1515.21875, -767.595703125, 79.994613647461
[2013-10-08 20:45] [SELL] car #374 was sold from Daniel Mcoy to Tornyosi Oliver
[2013-10-08 21:31] [SELL] car #566 was sold from Jeferson Overy to Marcell Cortez
[2013-10-08 22:11] [AVEHPOS] Henry_Domelson parked car #-10 at 749.27734375, -1356.0107421875, 13.305729866028
[2013-10-08 22:24] [SELL] car #483 was sold from Curtis Vercetti to Jason Statham
[2013-10-08 22:29] [SELL] car #322 was sold from Curtis Vercetti to Curtis Vercetti
[2013-10-09 13:10] [SELL] car #452 was sold from Mester Benjamin to Pete Patrik
[2013-10-09 13:40] [SELL] car #349 was sold from Curtis Vercetti to Curtis Vercetti
[2013-10-09 14:07] [SELL] car #437 was sold from Nagy Kristof to Hernandez Erik
[2013-10-09 14:07] [SELL] car #444 was sold from Hernandez Erik to Nagy Kristof
[2013-10-09 14:36] [SELL] car #244 was sold from Zack Smith to Marcell Cortez
[2013-10-09 15:17] [SELL] car #349 was sold from Curtis Vercetti to Ryan Lewis
[2013-10-09 15:35] [SELL] car #375 was sold from Curtis Vercetti to Ryan Lewis
[2013-10-09 15:35] [SELL] car #587 was sold from Curtis Vercetti to Jason Statham
[2013-10-09 15:40] [SELL] car #200 was sold from Kolompar Jozsef to David Backhem
[2013-10-09 15:41] [SELL] car #257 was sold from David Backhem to Kolompar Jozsef
[2013-10-09 15:43] [SELL] car #200 was sold from David Backhem to Divany Zsolt
[2013-10-09 15:44] [SELL] car #477 was sold from Divany Zsolt to David Backhem
[2013-10-09 15:45] [AVEHPOS] Jason_Statham parked car #451 at 971.240234375, -704.3193359375, 121.46640014648
[2013-10-09 16:06] [AVEHPOS] Curtis_Vercetti parked car #319 at 1402.54296875, -1772.251953125, 13.299244880676
[2013-10-09 18:01] [SELL] car #349 was sold from Ryan Lewis to Joe Gargen
[2013-10-09 18:08] [AVEHPOS] Edward_Collin parked car #144 at 2673.7421875, -1986.3642578125, 18.468990325928
[2013-10-09 18:09] [SELL] car #431 was sold from Chris Waynee to Ryan Lewis
[2013-10-09 20:34] [MAKEVEH] Danieel_Craig created car #650 (Landstalker) - Owner: Danieel_Craig
[2013-10-09 23:29] [SELL] car #649 was sold from Sziki Morrison to Sziki Morrison
[2013-10-09 23:30] [MAKEVEH] Sziki_Morrison created car #651 (Banshee) - Owner: Sziki_Morrison
[2013-10-09 23:30] [SELL] car #651 was sold from Sziki Morrison to Joe Maxy
[2013-10-10 07:54] [SELL] car #566 was sold from Marcell Cortez to Star Attila
[2013-10-10 08:13] [SELL] car #244 was sold from Marcell Cortez to Star Attila
[2013-10-10 12:41] [SELL] car #525 was sold from Zack Morrison to Daniel Mcoy
[2013-10-10 13:24] [AVEHPOS] Zack_Morrison parked car #583 at 760.80859375, -508.7822265625, 16.792446136475
[2013-10-10 13:25] [AVEHPOS] Zack_Morrison parked car #487 at 764.1875, -509.0185546875, 17.030765533447
[2013-10-10 13:56] [AVEHPOS] Zack_Morrison parked car #583 at 859.6953125, -1420.36328125, 12.277382850647
[2013-10-10 13:57] [AVEHPOS] Zack_Morrison parked car #530 at 864.314453125, -1420.927734375, 13.640429496765
[2013-10-10 15:02] [AVEHPOS] Danieel_Craig parked car #638 at 588.5810546875, -1490.67578125, 15.054912567139
[2013-10-10 15:03] [AVEHPOS] Danieel_Craig parked car #556 at 592.287109375, -1498.091796875, 15.205658912659
[2013-10-10 15:03] [AVEHPOS] Danieel_Craig parked car #651 at 592.9990234375, -1494.3916015625, 15.128269195557
[2013-10-10 15:04] [AVEHPOS] Danieel_Craig parked car #638 at 593.654296875, -1490.4296875, 14.929048538208
[2013-10-10 15:05] [AVEHPOS] Danieel_Craig parked car #410 at 608.7314453125, -1490.5068359375, 14.627361297607
[2013-10-10 15:06] [AVEHPOS] Danieel_Craig parked car #652 at 609.076171875, -1493.8212890625, 14.715103149414
[2013-10-10 15:08] [AVEHPOS] Danieel_Craig parked car #639 at 609.806640625, -1497.6298828125, 15.023950576782
[2013-10-10 15:35] [SELL] car #646 was sold from Jeferson Overy to Carlo Gambion
[2013-10-10 15:35] [SELL] car #648 was sold from Carlo Gambion to Jeferson Overy
[2013-10-10 15:39] [SELL] car #599 was sold from Paul Walker to Barney Ross
[2013-10-10 15:39] [SELL] car #515 was sold from Barney Ross to Paul Walker
[2013-10-10 15:47] [SELL] car #582 was sold from Gyori Laszlo to Kaffai Andras
[2013-10-10 16:22] [SELL] car #618 was sold from Bognar Bence to Label Johnson
[2013-10-10 17:06] [AVEHPOS] Henry_Domelson parked car #537 at 1050.041015625, -1282.34375, 13.205860137939
[2013-10-10 17:38] [SELL] car #177 was sold from Jason Black to Sarkadi Kristof
[2013-10-10 18:46] [SELL] car #642 was sold from Alex Costa to Kaffai Andras
[2013-10-10 18:48] [MAKEVEH] Danieel_Craig created car #654 (Euros) - Owner: Danieel_Craig
[2013-10-10 18:59] [SELL] car #272 was sold from Hernandez Erik to Trevalt Hamika
[2013-10-10 19:58] [SELL] car #579 was sold from Alex Bodnar to Kaffai Andras
[2013-10-10 20:01] [SELL] car #229 was sold from Danieel Craig to Corados Garcia
[2013-10-10 20:02] [SELL] car #621 was sold from Danieel Craig to Istenes Vendel
[2013-10-10 20:02] [SELL] car #654 was sold from Danieel Craig to Leslie Lawrence
[2013-10-10 20:35] [SELL] car #582 was sold from Kaffai Andras to Taylor Kurt
[2013-10-10 20:35] [SELL] car #565 was sold from John Trevor to Pete Patrik
[2013-10-10 20:48] [SELL] car #405 was sold from Henry Domelson to Curtis Vercetti
[2013-10-10 20:56] [SELL] car #655 was sold from Nagy Mate to Horvath Zsolt
[2013-10-10 21:12] [SELL] car #557 was sold from Daniel Mcoy to Milan Fernandez
[2013-10-10 22:05] [SELL] car #419 was sold from Georg Wilhelm to Gregorio Hernandez
[2013-10-10 22:10] [SELL] car #210 was sold from Henry Domelson to Joe Maxy
[2013-10-10 22:10] [SELL] car #651 was sold from Joe Maxy to Henry Domelson
[2013-10-11 09:50] [SELL] car #652 was sold from Marcell Cortez to Istenes Vendel
[2013-10-11 09:50] [SELL] car #621 was sold from Istenes Vendel to Marcell Cortez
[2013-10-11 10:12] [SELL] car #621 was sold from Marcell Cortez to Istenes Vendel
[2013-10-11 10:38] [SELL] car #210 was sold from Joe Maxy to Istenes Vendel
[2013-10-11 13:45] [SELL] car #226 was sold from Gabor Kyosuke to Daniel Mcoy
[2013-10-11 13:45] [SELL] car #525 was sold from Daniel Mcoy to Gabor Kyosuke
[2013-10-11 13:49] [SELL] car #621 was sold from Istenes Vendel to Armany Attila
[2013-10-11 13:50] [SELL] car #515 was sold from Armany Attila to Istenes Vendel
[2013-10-11 14:12] [SELL] car #124 was sold from Morris Monroe to Nicki Santo
[2013-10-11 14:36] [SELL] car #324 was sold from Tyson Mountain to Angel White
[2013-10-11 14:36] [SELL] car #588 was sold from Gabriel Anderson to Nagy Andris
[2013-10-11 14:37] [SELL] car #637 was sold from Tyson Mountain to Angel White
[2013-10-11 14:39] [SELL] car #642 was sold from Kaffai Andras to Divany Zsolt
[2013-10-11 14:40] [SELL] car #200 was sold from Divany Zsolt to Kaffai Andras
[2013-10-11 15:00] [SELL] car #459 was sold from Nicki Santo to Hartmann Dzsino Daniel
[2013-10-11 15:10] [SELL] car #484 was sold from Star Attila to Daniel Mcoy
[2013-10-11 15:17] [SELL] car #195 was sold from Hartmann Dzsino Daniel to Gabriel Anderson
[2013-10-11 15:18] [SELL] car #538 was sold from Gabriel Anderson to Hartmann Dzsino Daniel
[2013-10-11 18:40] [AVEHPOS] Chris_Waynee parked car #573 at 756.3896484375, -1441.796875, 12.838384628296
[2013-10-11 18:42] [AVEHPOS] Chris_Waynee parked car #606 at 765.384765625, -1448.6552734375, 12.940954208374
[2013-10-11 19:32] [SELL] car #291 was sold from Jim Beam to Henry Domelson
[2013-10-11 19:32] [SELL] car #651 was sold from Henry Domelson to Jim Beam
[2013-10-11 19:33] [SELL] car #554 was sold from Jason Black to Hernandez Erik
[2013-10-11 19:33] [SELL] car #437 was sold from Hernandez Erik to Jason Black
[2013-10-11 19:53] [AVEHPOS] Henry_Domelson parked car #515 at 770.615234375, -1435.640625, 13.237830162048
[2013-10-11 19:53] [AVEHPOS] Henry_Domelson parked car #654 at 771.26171875, -1428.3525390625, 13.366574287415
[2013-10-11 19:55] [AVEHPOS] Henry_Domelson parked car #464 at 284.9228515625, -1809.05078125, 4.4232926368713
[2013-10-11 19:55] [AVEHPOS] Henry_Domelson parked car #495 at 771.958984375, -1423.0908203125, 13.457894325256
[2013-10-11 19:57] [AVEHPOS] Henry_Domelson parked car #453 at 767.2421875, -1434.708984375, 13.274964332581
[2013-10-11 19:59] [AVEHPOS] Henry_Domelson parked car #516 at 293.9228515625, -1806.77734375, 4.1591377258301
[2013-10-11 20:01] [AVEHPOS] Henry_Domelson parked car #260 at 298.4189453125, -1806.16015625, 4.1595892906189
[2013-10-11 20:03] [AVEHPOS] Henry_Domelson parked car #458 at 276.1376953125, -1810.0693359375, 4.0473809242249
[2013-10-11 20:04] [AVEHPOS] Henry_Domelson parked car #505 at 764.984375, -1434.650390625, 13.109444618225
[2013-10-11 20:04] [AVEHPOS] Henry_Domelson parked car #188 at 766.60546875, -1429.5068359375, 13.210773468018
[2013-10-11 20:13] [SELL] car #556 was sold from Alessandro Ravanelli to Gabriel Anderson
[2013-10-11 22:41] [SELL] car #410 was sold from Alessandro Ravanelli to Adam Jashon
[2013-10-11 22:41] [SELL] car #571 was sold from Adam Jashon to Alessandro Ravanelli
[2013-10-11 23:03] [SELL] car #195 was sold from Gabriel Anderson to Barney Ross
[2013-10-11 23:27] [SELL] car #195 was sold from Barney Ross to Csak Janos
[2013-10-11 23:47] [SELL] car #556 was sold from Gabriel Anderson to Barney Ross
[2013-10-12 00:09] [SELL] car #200 was sold from Kaffai Andras to Robert Harison
[2013-10-12 00:45] [SELL] car #217 was sold from Kaffai Andras to Cserep Martin
[2013-10-12 00:45] [SELL] car #579 was sold from Kaffai Andras to Cserep Martin
[2013-10-12 00:51] [SELL] car #210 was sold from Istenes Vendel to Leslie Lawrence
[2013-10-12 01:10] [SELL] car #556 was sold from Barney Ross to Kaffai Andras
[2013-10-12 01:20] [SELL] car #652 was sold from Istenes Vendel to Corados Garcia
[2013-10-12 01:31] [SELL] car #656 was sold from Barney Ross to Dominic Toretto
[2013-10-12 01:39] [SELL] car #267 was sold from Dominic Toretto to Barney Ross
[2013-10-12 01:48] [SELL] car #232 was sold from Dominic Toretto to Kaffai Andras
[2013-10-12 01:50] [SELL] car #658 was sold from Kaffai Andras to Dominic Toretto
[2013-10-12 01:51] [SELL] car #556 was sold from Kaffai Andras to Dominic Toretto
[2013-10-12 01:56] [SELL] car #221 was sold from Dominic Toretto to Kaffai Andras
[2013-10-12 02:04] [SELL] car #330 was sold from Dominic Toretto to Kaffai Andras
[2013-10-12 08:23] [SELL] car #663 was sold from Carloz Andrew Martino to Daniel Mcoy
[2013-10-12 08:27] [SELL] car #226 was sold from Daniel Mcoy to Carloz Andrew Martino
[2013-10-12 09:23] [AVEHPOS] Ryan_Lewis parked car #200 at 327.6357421875, -1809.73828125, 4.1535172462463
[2013-10-12 09:37] [AVEHPOS] Ryan_Lewis parked car #638 at 330.90234375, -1809.79296875, 4.1224660873413
[2013-10-12 09:53] [SELL] car #512 was sold from Szabo Marton to John Trevor
[2013-10-12 09:55] [MAKEVEH] Kyosuke_Hirino created car #664 (Banshee) - Owner: David_Campone
[2013-10-12 12:00] [SELL] car #343 was sold from Cserep Martin to Jonny Clein
[2013-10-12 12:02] [SELL] car #217 was sold from Cserep Martin to Jonny Clein
[2013-10-12 12:32] [SELL] car #566 was sold from Star Attila to Jason Black
[2013-10-12 12:32] [SELL] car #437 was sold from Jason Black to Star Attila
[2013-10-12 12:41] [SELL] car #272 was sold from Trevalt Hamika to Don Marco
[2013-10-12 13:05] [SELL] car #410 was sold from Adam Jashon to Jhony Alvarez
[2013-10-12 13:24] [SELL] car #620 was sold from Jason Cruz to Biro Peter
[2013-10-12 13:39] [SELL] car #505 was sold from Joe Papa to Taylor Kurt
[2013-10-12 13:48] [SELL] car #499 was sold from Kiss Zoltan to Wiliem Suliven
[2013-10-12 13:52] [SELL] car #499 was sold from Wiliem Suliven to Mario Hernandes
[2013-10-12 14:00] [SELL] car #210 was sold from Henry Domelson to Istenes Vendel
[2013-10-12 14:17] [SELL] car #652 was sold from Henry Domelson to Istenes Vendel
[2013-10-12 14:18] [AVEHPOS] Henry_Domelson parked car #515 at 2093.8857421875, -1284.85546875, 24.656267166138
[2013-10-12 14:46] [AVEHPOS] Edward_Collin parked car #-4 at 1438.1044921875, -1648.2255859375, 13.211891174316
[2013-10-12 14:54] [SELL] car #493 was sold from Ton Jones to Johnny CreW
[2013-10-12 15:07] [SELL] car #335 was sold from Barney Ross to Ton Jones
[2013-10-12 15:08] [SELL] car #441 was sold from Ton Jones to Barney Ross
[2013-10-12 15:08] [SELL] car #267 was sold from Barney Ross to Ton Jones
[2013-10-12 15:31] [SELL] car #288 was sold from Adam Hauward to Cserep Martin
[2013-10-12 16:08] [SELL] car #648 was sold from Jeferson Overy to Nagy Attila
[2013-10-12 16:09] [SELL] car #359 was sold from Nagy Attila to Jeferson Overy
[2013-10-12 16:28] [SELL] car #625 was sold from Carlo Gambion to Nagy Mark
[2013-10-12 16:29] [SELL] car #666 was sold from Kyosuke Hirino to Kyosuke Hirino
[2013-10-12 16:40] [SELL] car #452 was sold from Pete Patrik to Tupac Busta
[2013-10-12 16:40] [SELL] car #376 was sold from Santa Szabolcs to Nagy Peter
[2013-10-12 17:34] [SELL] car #647 was sold from Nagy Kristof to Edward Collin
[2013-10-12 17:36] [SELL] car #296 was sold from Edward Collin to Nagy Kristof
[2013-10-12 18:05] [SELL] car #599 was sold from Barney Ross to John Trevor
[2013-10-12 18:47] [SELL] car #188 was sold from Joe Papa to Daniel Mcoy
[2013-10-12 18:50] [AVEHPOS] Kyosuke_Hirino parked car #631 at -521.802734375, -490.4375, 50.692581176758
[2013-10-12 19:06] [SELL] car #244 was sold from Star Attila to Capro Attila
[2013-10-12 19:07] [SELL] car #437 was sold from Star Attila to Capro Attila
[2013-10-12 19:26] [SELL] car #226 was sold from Carloz Andrew Martino to Jason Black
[2013-10-12 19:26] [SELL] car #566 was sold from Jason Black to Carloz Andrew Martino
[2013-10-12 19:41] [SELL] car #264 was sold from Ryan Henry to Tray Rooney
[2013-10-12 19:59] [SELL] car #652 was sold from Danieel Craig to Danieel Craig
[2013-10-12 19:59] [SELL] car #210 was sold from Danieel Craig to Danieel Craig
[2013-10-12 19:59] [SELL] car #210 was sold from Danieel Craig to Istenes Vendel
[2013-10-12 20:34] [SELL] car #501 was sold from Don Marco to John Crookers
[2013-10-12 20:34] [SELL] car #495 was sold from John Crookers to Don Marco
[2013-10-12 20:39] [SELL] car #226 was sold from Jason Black to Morris Monroe
[2013-10-12 20:47] [SELL] car #551 was sold from Trevalt Hamika to Sadao Lorenzo
[2013-10-12 20:55] [SELL] car #553 was sold from Big Steve to Don Marco
[2013-10-12 20:55] [SELL] car #495 was sold from Don Marco to Big Steve
[2013-10-12 20:59] [SELL] car #667 was sold from Kevin Cortez to Adam Brockk
[2013-10-12 21:25] [SELL] car #518 was sold from Nagy Andris to Michael Howard
[2013-10-12 21:26] [SELL] car #501 was sold from John Crookers to Tamassy David
[2013-10-12 21:27] [SELL] car #623 was sold from Tamassy David to John Crookers
[2013-10-12 21:30] [SELL] car #623 was sold from John Crookers to Jason Black
[2013-10-12 21:38] [SELL] car #659 was sold from Gabriel Anderson to John Crookers
[2013-10-12 21:48] [SELL] car #659 was sold from John Crookers to Gabriel Anderson
[2013-10-12 21:52] [SELL] car #659 was sold from Gabriel Anderson to John Crookers
[2013-10-12 22:05] [SELL] car #659 was sold from John Crookers to Matthew Tyler
[2013-10-12 22:09] [SELL] car #648 was sold from Nagy Attila to Gabriel Anderson
[2013-10-12 22:20] [AVEHPOS] Zack_Morrison parked car #530 at 816.6064453125, -1383.9697265625, 23.098754882812
[2013-10-12 22:33] [SELL] car #403 was sold from Adam Hauward to Dorina Cross
[2013-10-12 22:49] [SELL] car #432 was sold from Nagy Andris to Barney Ross
[2013-10-12 22:49] [SELL] car #441 was sold from Barney Ross to Nagy Andris
[2013-10-13 00:11] [SELL] car #363 was sold from Jason Statham to Marcus Rollin
[2013-10-13 00:15] [SELL] car #523 was sold from Marcus Rollin to Jason Statham
[2013-10-13 09:05] [SELL] car #648 was sold from Gabriel Anderson to John Trevor
[2013-10-13 10:14] [AVEHPOS] Danieel_Craig parked car #452 at 607.57421875, -1490.7275390625, 14.61598110199
[2013-10-13 10:59] [MAKEVEH] Kyosuke_Hirino created car #674 (Cheetah) - Owner: James_Scott
[2013-10-13 11:52] [SELL] car #260 was sold from George Lucas to Marcell Cortez
[2013-10-13 11:56] [SELL] car #260 was sold from Marcell Cortez to George Lucas
[2013-10-13 11:58] [SELL] car #200 was sold from Robert Harison to Roberts Akos
[2013-10-13 11:58] [SELL] car #511 was sold from Roberts Akos to Robert Harison
[2013-10-13 12:11] [SELL] car #599 was sold from John Trevor to James Scott
[2013-10-13 12:20] [SELL] car #244 was sold from Capro Attila to Biro Peter
[2013-10-13 12:21] [SELL] car #260 was sold from George Lucas to Marcell Cortez
[2013-10-13 12:21] [SELL] car #260 was sold from Marcell Cortez to Petrik James
[2013-10-13 12:26] [SELL] car #639 was sold from Marcell Cortez to Petrik James
[2013-10-13 12:29] [SELL] car #675 was sold from Capro Attila to Roberto Castiel
[2013-10-13 12:33] [SELL] car #638 was sold from Marcell Cortez to Petrik James
[2013-10-13 12:40] [SELL] car #638 was sold from Chris Waynee to George Lucas
[2013-10-13 13:09] [SELL] car #430 was sold from Tupac Busta to Edward Collin
[2013-10-13 13:11] [SELL] car #615 was sold from Jason Cruz to Morris Monroe
[2013-10-13 13:22] [SELL] car #430 was sold from Edward Collin to Pablo Escobar
[2013-10-13 13:31] [SELL] car #351 was sold from Jim Tom to Thomas Edison
[2013-10-13 13:33] [SELL] car #615 was sold from Morris Monroe to Mikhail Kalashnikov
[2013-10-13 13:36] [SELL] car #676 was sold from Roberts Akos to Lorenzo Esteban
[2013-10-13 13:36] [SELL] car #566 was sold from Vincenzo Capuletto to Edward Collin
[2013-10-13 14:07] [SELL] car #255 was sold from Giorgio Ferrari to Vincenzo Capuletto
[2013-10-13 14:21] [SELL] car #673 was sold from Lorenzo Esteban to Joe Papa
[2013-10-13 14:36] [SELL] car #677 was sold from Lorenzo Esteban to Joe Papa
[2013-10-13 14:36] [SELL] car #673 was sold from Joe Papa to Lorenzo Esteban
[2013-10-13 14:43] [SELL] car #620 was sold from Biro Peter to Dominic Toretto
[2013-10-13 14:43] [SELL] car #244 was sold from Biro Peter to Dominic Toretto
[2013-10-13 14:44] [SELL] car #282 was sold from Dominic Toretto to Biro Peter
[2013-10-13 16:03] [SELL] car #646 was sold from Carlo Gambion to Vincenzo Capuletto
[2013-10-13 16:12] [SELL] car #210 was sold from Dominic Toretto to Joe Maxy
[2013-10-13 16:33] [MAKEVEH] Kyosuke_Hirino created car #679 (Huntley) - Owner: John_Crookers
[2013-10-13 16:34] [MAKEVEH] Kyosuke_Hirino created car #680 (Sentinel) - Owner: John_Crookers
[2013-10-13 16:34] [MAKEVEH] Kyosuke_Hirino created car #681 (Sultan) - Owner: John_Crookers
[2013-10-13 16:35] [MAKEVEH] Kyosuke_Hirino created car #682 (Stretch) - Owner: John_Crookers
[2013-10-13 16:36] [MAKEVEH] Kyosuke_Hirino created car #683 (Sentinel) - Owner: John_Crookers
[2013-10-13 16:36] [MAKEVEH] Kyosuke_Hirino created car #684 (Huntley) - Owner: John_Crookers
[2013-10-13 16:41] [AVEHPOS] Jason_Statham parked car #428 at 2408.2392578125, -1768.755859375, 13.204939842224
[2013-10-13 17:03] [SELL] car #226 was sold from Morris Monroe to Jerry Green
[2013-10-13 17:06] [SELL] car #685 was sold from Adam Hauward to Dorina Cross
[2013-10-13 17:37] [AVEHPOS] Johnny_CreW parked car #625 at 1898.234375, -1797.3125, 13.290184020996
[2013-10-13 17:38] [AVEHPOS] Johnny_CreW parked car #161 at 1897.228515625, -1795.0244140625, 13.319219589233
[2013-10-13 17:38] [AVEHPOS] Jhony_Alvarez parked car #491 at 1867.3505859375, -1806.341796875, 13.584266662598
[2013-10-13 17:38] [AVEHPOS] Johnny_CreW parked car #414 at 1897.2353515625, -1792.8984375, 13.290548324585
[2013-10-13 17:39] [AVEHPOS] Johnny_CreW parked car #134 at 1872.2587890625, -1807.3486328125, 13.370984077454
[2013-10-13 17:44] [AVEHPOS] Jhony_Alvarez parked car #593 at 1891.5, -1811.2490234375, 13.196242332458
[2013-10-13 17:44] [AVEHPOS] Johnny_CreW parked car #286 at 1898.2294921875, -1811.224609375, 13.192274093628
[2013-10-13 17:45] [AVEHPOS] Johnny_CreW parked car #331 at 1899.1044921875, -1810.4423828125, 13.18789768219
[2013-10-13 17:48] [SELL] car #219 was sold from Jim Tom to Dominic Toretto
[2013-10-13 17:48] [SELL] car #488 was sold from Jim Tom to Dominic Toretto
[2013-10-13 17:51] [AVEHPOS] Zack_Morrison parked car #583 at 880.23046875, -1421.755859375, 14.049375534058
[2013-10-13 18:08] [AVEHPOS] Johnny_CreW parked car #296 at 1815.0654296875, -1791.8173828125, 13.370502471924
[2013-10-13 18:30] [SELL] car #673 was sold from Lorenzo Esteban to Jonhy Brown
[2013-10-13 18:41] [SELL] car #500 was sold from Kalman Krisztian to John Crookers
[2013-10-13 19:52] [SELL] car #554 was sold from Hernandez Erik to Ton Jones
[2013-10-13 22:09] [SELL] car #220 was sold from Jhonny Ricko to Robert Harison
[2013-10-13 22:11] [SELL] car #511 was sold from Robert Harison to Jhonny Ricko
[2013-10-13 22:26] [AVEHPOS] Henry_Domelson parked car #222 at 1112.880859375, -676.8271484375, 114.03143310547
[2013-10-13 22:35] [SELL] car #270 was sold from Endy Clarkson to Wiliem Carter
[2013-10-14 14:15] [SELL] car #97 was sold from James Scott to Hernandez Erik
[2013-10-14 14:29] [SELL] car #643 was sold from Curtis Vercetti to Jason Cruz
[2013-10-14 14:38] [SELL] car #512 was sold from John Trevor to William Toretto
[2013-10-14 15:10] [SELL] car #648 was sold from John Trevor to Jim Beam
[2013-10-14 19:36] [AVEHPOS] Curtis_Vercetti parked car #244 at 1252.498046875, -2.576171875, 1000.826171875
[2013-10-14 19:36] [AVEHPOS] Curtis_Vercetti parked car #219 at 1252.5029296875, 1.39453125, 1000.826171875
[2013-10-14 19:36] [AVEHPOS] Curtis_Vercetti parked car #658 at 1252.310546875, -9.44140625, 1000.4867553711
[2013-10-14 19:37] [AVEHPOS] Curtis_Vercetti parked car #404 at 1252.6123046875, 5.6748046875, 1000.8266601562
[2013-10-14 19:37] [AVEHPOS] Curtis_Vercetti parked car #339 at 1251.5185546875, -12.6767578125, 1000.7825927734
[2013-10-14 19:37] [AVEHPOS] Curtis_Vercetti parked car #463 at 1251.986328125, -15.4853515625, 1000.9161987305
[2013-10-14 19:38] [AVEHPOS] Curtis_Vercetti parked car #620 at 1251.5908203125, -19.0927734375, 1001.0717163086
[2013-10-14 19:38] [AVEHPOS] Curtis_Vercetti parked car #488 at 1251.3681640625, -23.1708984375, 1001.1744995117
[2013-10-14 19:39] [AVEHPOS] Curtis_Vercetti parked car #556 at 1263.064453125, 5.765625, 1000.9294433594
[2013-10-14 19:39] [AVEHPOS] Curtis_Vercetti parked car #486 at 1263.998046875, 2.2880859375, 1000.9057006836
[2013-10-14 19:40] [AVEHPOS] Curtis_Vercetti parked car #656 at 1263.7197265625, -0.7666015625, 1000.7993164062
[2013-10-14 19:40] [AVEHPOS] Curtis_Vercetti parked car #317 at 1264.55859375, -3.8935546875, 1000.6917114258
[2013-10-14 19:40] [AVEHPOS] Curtis_Vercetti parked car #277 at 1251.8349609375, -26.41796875, 1000.9309082031
[2013-10-14 19:41] [AVEHPOS] Curtis_Vercetti parked car #261 at 1251.8408203125, -29.45703125, 1000.9310302734
[2013-10-14 19:42] [AVEHPOS] Curtis_Vercetti parked car #375 at 1272.2138671875, -51.5205078125, 1001.7315673828
[2013-10-14 20:13] [SELL] car #513 was sold from Jonhy Brown to Curtis Vercetti
[2013-10-14 20:18] [SELL] car #537 was sold from Magyar Laszlo to Joe Flash
[2013-10-14 21:40] [SELL] car #636 was sold from Endy Clarkson to Morris Monroe
[2013-10-14 21:51] [SELL] car #226 was sold from Jerry Green to Sammy Gravano
[2013-10-14 21:57] [SELL] car #275 was sold from Jerry Green to Sammy Gravano
[2013-10-14 22:02] [AVEHPOS] Henry_Domelson parked car #437 at 756.521484375, -1485.12109375, 12.709717750549
[2013-10-14 22:03] [SELL] car #275 was sold from Sammy Gravano to David Miliano
[2013-10-14 22:14] [AVEHPOS] Dominic_Toretto parked car #636 at 1265.7197265625, -18.615234375, 1001.2476196289
